#
# A fatal error has been detected by the Java Runtime Environment:
#
#  Internal Error (./src/hotspot/share/oops/methodData.cpp:1079), pid=10000, tid=9208
#  Error: ShouldNotReachHere()
#
# JRE version: OpenJDK Runtime Environment (11.0.8+10) (build 11.0.8+10-b944.6842174)
# Java VM: OpenJDK 64-Bit Server VM (11.0.8+10-b944.6842174, mixed mode, tiered, compressed oops, g1 gc, windows-amd64)
# No core dump will be written. Minidumps are not enabled by default on client versions of Windows
#
# If you would like to submit a bug report, please visit:
#   https://bugreport.java.com/bugreport/crash.jsp
#

---------------  S U M M A R Y ------------

Command Line: --add-opens=java.base/java.util=ALL-UNNAMED --add-opens=java.base/java.lang=ALL-UNNAMED --add-opens=java.base/java.lang.invoke=ALL-UNNAMED --add-opens=java.prefs/java.util.prefs=ALL-UNNAMED -Xmx2048m -Dfile.encoding=UTF-8 -Duser.country=RU -Duser.language=ru -Duser.variant org.gradle.launcher.daemon.bootstrap.GradleDaemon 6.7.1

Host: Intel(R) Pentium(R) Gold G5420 CPU @ 3.80GHz, 4 cores, 5G,  Windows 10 , 64 bit Build 19041 (10.0.19041.1151)
Time: Thu Sep  2 13:30:31 2021 Пакистан (зима) elapsed time: 1105 seconds (0d 0h 18m 25s)

---------------  T H R E A D  ---------------

Current thread (0x000002519db4c000):  GCTaskThread "GC Thread#3" [stack: 0x000000bc24900000,0x000000bc24a00000] [id=9208]

Stack: [0x000000bc24900000,0x000000bc24a00000]
[error occurred during error reporting (printing stack bounds), id 0xc0000005, EXCEPTION_ACCESS_VIOLATION (0xc0000005) at pc=0x0000025184dd0dbd]

Native frames: (J=compiled Java code, j=interpreted, Vv=VM code, C=native code)
V  [jvm.dll+0x5de50a]
V  [jvm.dll+0x7122f5]
V  [jvm.dll+0x71384d]
V  [jvm.dll+0x713e65]
V  [jvm.dll+0x713e1b]
V  [jvm.dll+0x5dd958]
V  [jvm.dll+0x5de0f8]
C  [ntdll.dll+0xa217f]
C  [ntdll.dll+0x51454]
C  [ntdll.dll+0xa0cae]
C  0x0000025184dd0dbd


---------------  P R O C E S S  ---------------

Threads class SMR info:
_java_thread_list=0x00000251a5fb2fe0, length=164, elements={
0x000002518142a000, 0x000002519b661000, 0x000002519b664800, 0x000002519b67f800,
0x000002519b681800, 0x000002519b683800, 0x000002519b685800, 0x000002519bfbe800,
0x000002519c14e800, 0x000002519c183000, 0x000002519d43c000, 0x000002519d159000,
0x000002519ec0d800, 0x000002519d838000, 0x000002519d839000, 0x000002519d83a000,
0x00000251a00c2800, 0x00000251a00c3000, 0x000002519e834000, 0x000002519ecf3000,
0x000002519ecf9800, 0x000002519ecfb800, 0x000002519ecf6800, 0x000002519ecf7800,
0x000002519ecfa800, 0x000002519ecf5800, 0x000002519ecf8000, 0x000002519ecfc000,
0x000002519ecfe000, 0x000002519ecfe800, 0x000002519ecf9000, 0x000002519d67c000,
0x000002519ecff800, 0x000002519ed02000, 0x000002519ecfd000, 0x000002519ed00800,
0x000002519ed01000, 0x000002519e836800, 0x000002519e837800, 0x000002519e835000,
0x000002519e832800, 0x000002519e839000, 0x000002519e833000, 0x000002519e835800,
0x000002519d83a800, 0x000002519d83c000, 0x000002519d83b800, 0x000002519d83d000,
0x000002519d837800, 0x000002519d83e000, 0x00000251a00c5800, 0x00000251a00c1800,
0x00000251a00c5000, 0x00000251a00c7800, 0x00000251a00c6800, 0x000002519eda7000,
0x000002519eda6800, 0x000002519eda5000, 0x000002519eda8000, 0x000002519eda5800,
0x000002519eda9000, 0x000002519eda3000, 0x000002519eda9800, 0x000002519eda4000,
0x00000251a30b6000, 0x00000251a30b8800, 0x00000251a30b2800, 0x00000251a30b7000,
0x00000251a30b5000, 0x00000251a30b7800, 0x00000251a30b9000, 0x00000251a30b3800,
0x00000251a30ba000, 0x00000251a30b4800, 0x00000251a30bc800, 0x00000251a30bf000,
0x00000251a30bd800, 0x00000251a30be000, 0x00000251a30c0000, 0x00000251a30c0800,
0x00000251a30bb000, 0x00000251a30c1800, 0x00000251a30bb800, 0x00000251a3a29000,
0x00000251a3a2b800, 0x00000251a3a2a000, 0x00000251a3a2e800, 0x00000251a3a2c800,
0x00000251a3a2a800, 0x00000251a3a33000, 0x00000251a3a2d000, 0x00000251a3a33800,
0x00000251a3a2e000, 0x00000251a3a34800, 0x00000251a3a35800, 0x00000251a3a2f800,
0x00000251a3a36000, 0x00000251a3a30800, 0x00000251a3a37000, 0x00000251a3a31000,
0x00000251a3a37800, 0x00000251a3a32000, 0x00000251a2f5f000, 0x00000251a2f61000,
0x00000251a2f61800, 0x00000251a2f5d800, 0x00000251a2f5e800, 0x00000251a2f60000,
0x00000251a2f5c000, 0x00000251a2f62800, 0x00000251a2f5c800, 0x00000251a2f64000,
0x00000251a2f67800, 0x00000251a2f65000, 0x00000251a2f66800, 0x00000251a2f65800,
0x00000251a2f68000, 0x00000251a2f69000, 0x00000251a2f63000, 0x00000251a2f69800,
0x00000251a2f6a800, 0x000002519ce18800, 0x000002519ce1b000, 0x000002519ce1c000,
0x000002519ce1a000, 0x000002519ce1c800, 0x000002519ce1d800, 0x000002519ce17800,
0x000002519ce19800, 0x000002519ce20800, 0x000002519ce23000, 0x000002519ce24000,
0x000002519ce1e000, 0x000002519ce20000, 0x000002519ce24800, 0x000002519ce21800,
0x000002519ce22800, 0x000002519ce1f000, 0x000002519ce26800, 0x000002519ce25800,
0x000002519ec35800, 0x000002519ec37800, 0x000002519ec39800, 0x000002519ec3c000,
0x000002519ec38000, 0x000002519ec36800, 0x000002519ec3d000, 0x000002519ec3e000,
0x000002519ec3a800, 0x000002519ec39000, 0x000002519ec41000, 0x000002519ec3e800,
0x000002519ec3f800, 0x000002519ec40000, 0x000002519ec3b800, 0x000002519ec43800,
0x000002519ec42000, 0x000002519f859800, 0x000002519f85a800, 0x000002519f85b800,
0x000002519f857800, 0x000002519f85c000, 0x000002519f85d000, 0x000002519f85e000
}

Java Threads: ( => current thread )
  0x000002518142a000 JavaThread "main" [_thread_blocked, id=8860, stack(0x000000bc22900000,0x000000bc22a00000)]
  0x000002519b661000 JavaThread "Reference Handler" daemon [_thread_blocked, id=10288, stack(0x000000bc23000000,0x000000bc23100000)]
  0x000002519b664800 JavaThread "Finalizer" daemon [_thread_blocked, id=9244, stack(0x000000bc23100000,0x000000bc23200000)]
  0x000002519b67f800 JavaThread "Signal Dispatcher" daemon [_thread_blocked, id=2032, stack(0x000000bc23200000,0x000000bc23300000)]
  0x000002519b681800 JavaThread "Attach Listener" daemon [_thread_blocked, id=6096, stack(0x000000bc23300000,0x000000bc23400000)]
  0x000002519b683800 JavaThread "C2 CompilerThread0" daemon [_thread_blocked, id=4612, stack(0x000000bc23400000,0x000000bc23500000)]
  0x000002519b685800 JavaThread "C1 CompilerThread0" daemon [_thread_blocked, id=4760, stack(0x000000bc23500000,0x000000bc23600000)]
  0x000002519bfbe800 JavaThread "Sweeper thread" daemon [_thread_blocked, id=6332, stack(0x000000bc23600000,0x000000bc23700000)]
  0x000002519c14e800 JavaThread "Common-Cleaner" daemon [_thread_blocked, id=10128, stack(0x000000bc23700000,0x000000bc23800000)]
  0x000002519c183000 JavaThread "Service Thread" daemon [_thread_blocked, id=4128, stack(0x000000bc23800000,0x000000bc23900000)]
  0x000002519d43c000 JavaThread "Daemon health stats" [_thread_blocked, id=6768, stack(0x000000bc23c00000,0x000000bc23d00000)]
  0x000002519d159000 JavaThread "Incoming local TCP Connector on port 54964" [_thread_in_native, id=1960, stack(0x000000bc23f00000,0x000000bc24000000)]
  0x000002519ec0d800 JavaThread "Daemon periodic checks" [_thread_blocked, id=7772, stack(0x000000bc24000000,0x000000bc24100000)]
  0x000002519d838000 JavaThread "Cache worker for file hash cache (C:\Users\User\.gradle\caches\6.7.1\fileHashes)" [_thread_blocked, id=11228, stack(0x000000bc24a00000,0x000000bc24b00000)]
  0x000002519d839000 JavaThread "File lock request listener" [_thread_in_native, id=8044, stack(0x000000bc24b00000,0x000000bc24c00000)]
  0x000002519d83a000 JavaThread "Cache worker for journal cache (C:\Users\User\.gradle\caches\journal-1)" [_thread_blocked, id=8492, stack(0x000000bc23a00000,0x000000bc23b00000)]
  0x00000251a00c2800 JavaThread "Cache worker for execution history cache (C:\Users\User\.gradle\caches\6.7.1\executionHistory)" [_thread_blocked, id=1824, stack(0x000000bc25800000,0x000000bc25900000)]
  0x00000251a00c3000 JavaThread "Cache worker for file content cache (C:\Users\User\.gradle\caches\6.7.1\fileContent)" [_thread_blocked, id=10808, stack(0x000000bc25900000,0x000000bc25a00000)]
  0x000002519e834000 JavaThread "Memory manager" [_thread_blocked, id=9480, stack(0x000000bc2d100000,0x000000bc2d200000)]
  0x000002519ecf3000 JavaThread "Daemon Thread 2" [_thread_blocked, id=10368, stack(0x000000bc22600000,0x000000bc22700000)]
  0x000002519ecf9800 JavaThread "Handler for socket connection from /127.0.0.1:54964 to /127.0.0.1:54970" [_thread_in_native, id=11020, stack(0x000000bc22700000,0x000000bc22800000)]
  0x000002519ecfb800 JavaThread "Cancel handler" [_thread_blocked, id=4544, stack(0x000000bc22800000,0x000000bc22900000)]
  0x000002519ecf6800 JavaThread "Daemon worker Thread 2" [_thread_blocked, id=8660, stack(0x000000bc23d00000,0x000000bc23e00000)]
  0x000002519ecf7800 JavaThread "Asynchronous log dispatcher for DefaultDaemonConnection: socket connection from /127.0.0.1:54964 to /127.0.0.1:54970" [_thread_blocked, id=5724, stack(0x000000bc23e00000,0x000000bc23f00000)]
  0x000002519ecfa800 JavaThread "Stdin handler" [_thread_blocked, id=6428, stack(0x000000bc24100000,0x000000bc24200000)]
  0x000002519ecf5800 JavaThread "Thread-150" [_thread_blocked, id=9072, stack(0x000000bc24200000,0x000000bc24300000)]
  0x000002519ecf8000 JavaThread "Cache worker for file hash cache (C:\Users\User\AndroidStudioProjects\EisenkTest\.gradle\6.7.1\fileHashes)" [_thread_blocked, id=9580, stack(0x000000bc24300000,0x000000bc24400000)]
  0x000002519ecfc000 JavaThread "Cache worker for checksums cache (C:\Users\User\AndroidStudioProjects\EisenkTest\.gradle\checksums)" [_thread_blocked, id=8724, stack(0x000000bc24400000,0x000000bc24500000)]
  0x000002519ecfe000 JavaThread "Cache worker for cache directory md-supplier (C:\Users\User\.gradle\caches\6.7.1\md-supplier)" [_thread_blocked, id=1276, stack(0x000000bc24500000,0x000000bc24600000)]
  0x000002519ecfe800 JavaThread "Cache worker for cache directory md-rule (C:\Users\User\.gradle\caches\6.7.1\md-rule)" [_thread_blocked, id=7776, stack(0x000000bc24600000,0x000000bc24700000)]
  0x000002519ecf9000 JavaThread "Cache worker for Build Output Cleanup Cache (C:\Users\User\AndroidStudioProjects\EisenkTest\.gradle\buildOutputCleanup)" [_thread_blocked, id=3092, stack(0x000000bc24700000,0x000000bc24800000)]
  0x000002519d67c000 JavaThread "C2 CompilerThread1" daemon [_thread_in_native, id=10528, stack(0x000000bc24c00000,0x000000bc24d00000)]
  0x000002519ecff800 JavaThread "Build operations" [_thread_blocked, id=5084, stack(0x000000bc24d00000,0x000000bc24e00000)]
  0x000002519ed02000 JavaThread "Build operations Thread 2" [_thread_blocked, id=2984, stack(0x000000bc24e00000,0x000000bc24f00000)]
  0x000002519ecfd000 JavaThread "Build operations Thread 3" [_thread_blocked, id=8868, stack(0x000000bc24f00000,0x000000bc25000000)]
  0x000002519ed00800 JavaThread "Build operations Thread 4" [_thread_blocked, id=4368, stack(0x000000bc25000000,0x000000bc25100000)]
  0x000002519ed01000 JavaThread "jar transforms Thread 122" [_thread_blocked, id=8484, stack(0x000000bc25100000,0x000000bc25200000)]
  0x000002519e836800 JavaThread "jar transforms Thread 123" [_thread_blocked, id=6912, stack(0x000000bc25200000,0x000000bc25300000)]
  0x000002519e837800 JavaThread "jar transforms Thread 124" [_thread_blocked, id=5868, stack(0x000000bc25300000,0x000000bc25400000)]
  0x000002519e835000 JavaThread "jar transforms Thread 125" [_thread_blocked, id=8392, stack(0x000000bc25400000,0x000000bc25500000)]
  0x000002519e832800 JavaThread "jar transforms Thread 126" [_thread_blocked, id=9412, stack(0x000000bc25500000,0x000000bc25600000)]
  0x000002519e839000 JavaThread "jar transforms Thread 127" [_thread_blocked, id=8520, stack(0x000000bc25600000,0x000000bc25700000)]
  0x000002519e833000 JavaThread "jar transforms Thread 128" [_thread_blocked, id=240, stack(0x000000bc25700000,0x000000bc25800000)]
  0x000002519e835800 JavaThread "jar transforms Thread 129" [_thread_blocked, id=2312, stack(0x000000bc25a00000,0x000000bc25b00000)]
  0x000002519d83a800 JavaThread "jar transforms Thread 130" [_thread_blocked, id=9148, stack(0x000000bc25b00000,0x000000bc25c00000)]
  0x000002519d83c000 JavaThread "jar transforms Thread 131" [_thread_blocked, id=9900, stack(0x000000bc25c00000,0x000000bc25d00000)]
  0x000002519d83b800 JavaThread "jar transforms Thread 132" [_thread_blocked, id=4644, stack(0x000000bc25d00000,0x000000bc25e00000)]
  0x000002519d83d000 JavaThread "jar transforms Thread 133" [_thread_blocked, id=7940, stack(0x000000bc25e00000,0x000000bc25f00000)]
  0x000002519d837800 JavaThread "jar transforms Thread 134" [_thread_blocked, id=1660, stack(0x000000bc25f00000,0x000000bc26000000)]
  0x000002519d83e000 JavaThread "jar transforms Thread 135" [_thread_blocked, id=10360, stack(0x000000bc26000000,0x000000bc26100000)]
  0x00000251a00c5800 JavaThread "jar transforms Thread 136" [_thread_blocked, id=1116, stack(0x000000bc26100000,0x000000bc26200000)]
  0x00000251a00c1800 JavaThread "jar transforms Thread 137" [_thread_blocked, id=11168, stack(0x000000bc26200000,0x000000bc26300000)]
  0x00000251a00c5000 JavaThread "jar transforms Thread 138" [_thread_blocked, id=3588, stack(0x000000bc26300000,0x000000bc26400000)]
  0x00000251a00c7800 JavaThread "jar transforms Thread 139" [_thread_blocked, id=4968, stack(0x000000bc26400000,0x000000bc26500000)]
  0x00000251a00c6800 JavaThread "jar transforms Thread 140" [_thread_blocked, id=3880, stack(0x000000bc26500000,0x000000bc26600000)]
  0x000002519eda7000 JavaThread "jar transforms Thread 141" [_thread_blocked, id=2720, stack(0x000000bc26600000,0x000000bc26700000)]
  0x000002519eda6800 JavaThread "jar transforms Thread 142" [_thread_blocked, id=10064, stack(0x000000bc26700000,0x000000bc26800000)]
  0x000002519eda5000 JavaThread "jar transforms Thread 143" [_thread_blocked, id=8180, stack(0x000000bc26800000,0x000000bc26900000)]
  0x000002519eda8000 JavaThread "jar transforms Thread 144" [_thread_blocked, id=9896, stack(0x000000bc26900000,0x000000bc26a00000)]
  0x000002519eda5800 JavaThread "jar transforms Thread 145" [_thread_blocked, id=9940, stack(0x000000bc26a00000,0x000000bc26b00000)]
  0x000002519eda9000 JavaThread "jar transforms Thread 146" [_thread_blocked, id=1980, stack(0x000000bc26b00000,0x000000bc26c00000)]
  0x000002519eda3000 JavaThread "jar transforms Thread 147" [_thread_blocked, id=120, stack(0x000000bc26c00000,0x000000bc26d00000)]
  0x000002519eda9800 JavaThread "jar transforms Thread 148" [_thread_blocked, id=6400, stack(0x000000bc26d00000,0x000000bc26e00000)]
  0x000002519eda4000 JavaThread "jar transforms Thread 149" [_thread_blocked, id=9668, stack(0x000000bc26e00000,0x000000bc26f00000)]
  0x00000251a30b6000 JavaThread "jar transforms Thread 150" [_thread_blocked, id=10448, stack(0x000000bc26f00000,0x000000bc27000000)]
  0x00000251a30b8800 JavaThread "jar transforms Thread 151" [_thread_blocked, id=8896, stack(0x000000bc27000000,0x000000bc27100000)]
  0x00000251a30b2800 JavaThread "jar transforms Thread 152" [_thread_blocked, id=3668, stack(0x000000bc27100000,0x000000bc27200000)]
  0x00000251a30b7000 JavaThread "jar transforms Thread 153" [_thread_blocked, id=7372, stack(0x000000bc27200000,0x000000bc27300000)]
  0x00000251a30b5000 JavaThread "jar transforms Thread 154" [_thread_blocked, id=10252, stack(0x000000bc27300000,0x000000bc27400000)]
  0x00000251a30b7800 JavaThread "jar transforms Thread 155" [_thread_blocked, id=1564, stack(0x000000bc27400000,0x000000bc27500000)]
  0x00000251a30b9000 JavaThread "jar transforms Thread 156" [_thread_blocked, id=9524, stack(0x000000bc27500000,0x000000bc27600000)]
  0x00000251a30b3800 JavaThread "jar transforms Thread 157" [_thread_blocked, id=11008, stack(0x000000bc27600000,0x000000bc27700000)]
  0x00000251a30ba000 JavaThread "jar transforms Thread 158" [_thread_blocked, id=9092, stack(0x000000bc27700000,0x000000bc27800000)]
  0x00000251a30b4800 JavaThread "jar transforms Thread 159" [_thread_blocked, id=7004, stack(0x000000bc27800000,0x000000bc27900000)]
  0x00000251a30bc800 JavaThread "jar transforms Thread 160" [_thread_blocked, id=10180, stack(0x000000bc27900000,0x000000bc27a00000)]
  0x00000251a30bf000 JavaThread "jar transforms Thread 161" [_thread_blocked, id=6064, stack(0x000000bc27a00000,0x000000bc27b00000)]
  0x00000251a30bd800 JavaThread "jar transforms Thread 162" [_thread_blocked, id=3432, stack(0x000000bc27b00000,0x000000bc27c00000)]
  0x00000251a30be000 JavaThread "jar transforms Thread 163" [_thread_blocked, id=4044, stack(0x000000bc27c00000,0x000000bc27d00000)]
  0x00000251a30c0000 JavaThread "jar transforms Thread 164" [_thread_blocked, id=10108, stack(0x000000bc27d00000,0x000000bc27e00000)]
  0x00000251a30c0800 JavaThread "jar transforms Thread 165" [_thread_blocked, id=6548, stack(0x000000bc27e00000,0x000000bc27f00000)]
  0x00000251a30bb000 JavaThread "jar transforms Thread 166" [_thread_blocked, id=9616, stack(0x000000bc27f00000,0x000000bc28000000)]
  0x00000251a30c1800 JavaThread "jar transforms Thread 167" [_thread_blocked, id=6164, stack(0x000000bc28000000,0x000000bc28100000)]
  0x00000251a30bb800 JavaThread "jar transforms Thread 168" [_thread_blocked, id=3300, stack(0x000000bc28100000,0x000000bc28200000)]
  0x00000251a3a29000 JavaThread "jar transforms Thread 169" [_thread_blocked, id=9700, stack(0x000000bc28200000,0x000000bc28300000)]
  0x00000251a3a2b800 JavaThread "jar transforms Thread 170" [_thread_blocked, id=6764, stack(0x000000bc28300000,0x000000bc28400000)]
  0x00000251a3a2a000 JavaThread "jar transforms Thread 171" [_thread_blocked, id=8872, stack(0x000000bc28400000,0x000000bc28500000)]
  0x00000251a3a2e800 JavaThread "jar transforms Thread 172" [_thread_blocked, id=2228, stack(0x000000bc28500000,0x000000bc28600000)]
  0x00000251a3a2c800 JavaThread "jar transforms Thread 173" [_thread_blocked, id=5072, stack(0x000000bc28600000,0x000000bc28700000)]
  0x00000251a3a2a800 JavaThread "jar transforms Thread 174" [_thread_blocked, id=7644, stack(0x000000bc28700000,0x000000bc28800000)]
  0x00000251a3a33000 JavaThread "jar transforms Thread 175" [_thread_blocked, id=2980, stack(0x000000bc28800000,0x000000bc28900000)]
  0x00000251a3a2d000 JavaThread "jar transforms Thread 176" [_thread_blocked, id=10440, stack(0x000000bc28900000,0x000000bc28a00000)]
  0x00000251a3a33800 JavaThread "jar transforms Thread 177" [_thread_blocked, id=7128, stack(0x000000bc28a00000,0x000000bc28b00000)]
  0x00000251a3a2e000 JavaThread "jar transforms Thread 178" [_thread_blocked, id=244, stack(0x000000bc28b00000,0x000000bc28c00000)]
  0x00000251a3a34800 JavaThread "jar transforms Thread 179" [_thread_blocked, id=10692, stack(0x000000bc28c00000,0x000000bc28d00000)]
  0x00000251a3a35800 JavaThread "jar transforms Thread 180" [_thread_blocked, id=11164, stack(0x000000bc28d00000,0x000000bc28e00000)]
  0x00000251a3a2f800 JavaThread "jar transforms Thread 181" [_thread_blocked, id=10584, stack(0x000000bc28e00000,0x000000bc28f00000)]
  0x00000251a3a36000 JavaThread "jar transforms Thread 182" [_thread_blocked, id=5412, stack(0x000000bc28f00000,0x000000bc29000000)]
  0x00000251a3a30800 JavaThread "jar transforms Thread 183" [_thread_blocked, id=10012, stack(0x000000bc29000000,0x000000bc29100000)]
  0x00000251a3a37000 JavaThread "jar transforms Thread 184" [_thread_blocked, id=10764, stack(0x000000bc29100000,0x000000bc29200000)]
  0x00000251a3a31000 JavaThread "jar transforms Thread 185" [_thread_blocked, id=5864, stack(0x000000bc29200000,0x000000bc29300000)]
  0x00000251a3a37800 JavaThread "jar transforms Thread 186" [_thread_blocked, id=6348, stack(0x000000bc29300000,0x000000bc29400000)]
  0x00000251a3a32000 JavaThread "jar transforms Thread 187" [_thread_blocked, id=6304, stack(0x000000bc29400000,0x000000bc29500000)]
  0x00000251a2f5f000 JavaThread "jar transforms Thread 188" [_thread_blocked, id=7044, stack(0x000000bc29500000,0x000000bc29600000)]
  0x00000251a2f61000 JavaThread "jar transforms Thread 189" [_thread_blocked, id=9960, stack(0x000000bc29600000,0x000000bc29700000)]
  0x00000251a2f61800 JavaThread "jar transforms Thread 190" [_thread_blocked, id=7816, stack(0x000000bc29700000,0x000000bc29800000)]
  0x00000251a2f5d800 JavaThread "jar transforms Thread 191" [_thread_blocked, id=2460, stack(0x000000bc29800000,0x000000bc29900000)]
  0x00000251a2f5e800 JavaThread "jar transforms Thread 192" [_thread_blocked, id=480, stack(0x000000bc29900000,0x000000bc29a00000)]
  0x00000251a2f60000 JavaThread "jar transforms Thread 193" [_thread_blocked, id=6236, stack(0x000000bc29a00000,0x000000bc29b00000)]
  0x00000251a2f5c000 JavaThread "jar transforms Thread 194" [_thread_blocked, id=400, stack(0x000000bc29b00000,0x000000bc29c00000)]
  0x00000251a2f62800 JavaThread "jar transforms Thread 195" [_thread_blocked, id=6796, stack(0x000000bc29c00000,0x000000bc29d00000)]
  0x00000251a2f5c800 JavaThread "jar transforms Thread 196" [_thread_blocked, id=5196, stack(0x000000bc29d00000,0x000000bc29e00000)]
  0x00000251a2f64000 JavaThread "jar transforms Thread 197" [_thread_blocked, id=10364, stack(0x000000bc29e00000,0x000000bc29f00000)]
  0x00000251a2f67800 JavaThread "jar transforms Thread 198" [_thread_blocked, id=2264, stack(0x000000bc29f00000,0x000000bc2a000000)]
  0x00000251a2f65000 JavaThread "jar transforms Thread 199" [_thread_blocked, id=8448, stack(0x000000bc2a000000,0x000000bc2a100000)]
  0x00000251a2f66800 JavaThread "jar transforms Thread 200" [_thread_blocked, id=10832, stack(0x000000bc2a100000,0x000000bc2a200000)]
  0x00000251a2f65800 JavaThread "jar transforms Thread 201" [_thread_blocked, id=9932, stack(0x000000bc2a200000,0x000000bc2a300000)]
  0x00000251a2f68000 JavaThread "jar transforms Thread 202" [_thread_blocked, id=3544, stack(0x000000bc2a300000,0x000000bc2a400000)]
  0x00000251a2f69000 JavaThread "jar transforms Thread 203" [_thread_blocked, id=9984, stack(0x000000bc2a400000,0x000000bc2a500000)]
  0x00000251a2f63000 JavaThread "jar transforms Thread 204" [_thread_blocked, id=10392, stack(0x000000bc2a500000,0x000000bc2a600000)]
  0x00000251a2f69800 JavaThread "jar transforms Thread 205" [_thread_blocked, id=10236, stack(0x000000bc2a600000,0x000000bc2a700000)]
  0x00000251a2f6a800 JavaThread "jar transforms Thread 206" [_thread_blocked, id=4396, stack(0x000000bc2a700000,0x000000bc2a800000)]
  0x000002519ce18800 JavaThread "jar transforms Thread 207" [_thread_blocked, id=10356, stack(0x000000bc2a800000,0x000000bc2a900000)]
  0x000002519ce1b000 JavaThread "jar transforms Thread 208" [_thread_blocked, id=4216, stack(0x000000bc2a900000,0x000000bc2aa00000)]
  0x000002519ce1c000 JavaThread "jar transforms Thread 209" [_thread_blocked, id=6672, stack(0x000000bc2aa00000,0x000000bc2ab00000)]
  0x000002519ce1a000 JavaThread "jar transforms Thread 210" [_thread_blocked, id=10460, stack(0x000000bc2ab00000,0x000000bc2ac00000)]
  0x000002519ce1c800 JavaThread "jar transforms Thread 211" [_thread_blocked, id=2912, stack(0x000000bc2ac00000,0x000000bc2ad00000)]
  0x000002519ce1d800 JavaThread "jar transforms Thread 212" [_thread_blocked, id=5612, stack(0x000000bc2ad00000,0x000000bc2ae00000)]
  0x000002519ce17800 JavaThread "jar transforms Thread 213" [_thread_blocked, id=4772, stack(0x000000bc2ae00000,0x000000bc2af00000)]
  0x000002519ce19800 JavaThread "jar transforms Thread 214" [_thread_blocked, id=9204, stack(0x000000bc2af00000,0x000000bc2b000000)]
  0x000002519ce20800 JavaThread "jar transforms Thread 215" [_thread_blocked, id=5208, stack(0x000000bc2b000000,0x000000bc2b100000)]
  0x000002519ce23000 JavaThread "jar transforms Thread 216" [_thread_blocked, id=8384, stack(0x000000bc2b100000,0x000000bc2b200000)]
  0x000002519ce24000 JavaThread "jar transforms Thread 217" [_thread_blocked, id=9040, stack(0x000000bc2b200000,0x000000bc2b300000)]
  0x000002519ce1e000 JavaThread "jar transforms Thread 218" [_thread_blocked, id=9120, stack(0x000000bc2b300000,0x000000bc2b400000)]
  0x000002519ce20000 JavaThread "jar transforms Thread 219" [_thread_blocked, id=4164, stack(0x000000bc2b400000,0x000000bc2b500000)]
  0x000002519ce24800 JavaThread "jar transforms Thread 220" [_thread_blocked, id=5092, stack(0x000000bc2b500000,0x000000bc2b600000)]
  0x000002519ce21800 JavaThread "jar transforms Thread 221" [_thread_blocked, id=1928, stack(0x000000bc2b600000,0x000000bc2b700000)]
  0x000002519ce22800 JavaThread "jar transforms Thread 222" [_thread_blocked, id=5348, stack(0x000000bc2b700000,0x000000bc2b800000)]
  0x000002519ce1f000 JavaThread "jar transforms Thread 223" [_thread_blocked, id=9228, stack(0x000000bc2b800000,0x000000bc2b900000)]
  0x000002519ce26800 JavaThread "jar transforms Thread 224" [_thread_blocked, id=9904, stack(0x000000bc2b900000,0x000000bc2ba00000)]
  0x000002519ce25800 JavaThread "jar transforms Thread 225" [_thread_blocked, id=5416, stack(0x000000bc2ba00000,0x000000bc2bb00000)]
  0x000002519ec35800 JavaThread "jar transforms Thread 226" [_thread_blocked, id=5112, stack(0x000000bc2bb00000,0x000000bc2bc00000)]
  0x000002519ec37800 JavaThread "jar transforms Thread 227" [_thread_blocked, id=2464, stack(0x000000bc2bc00000,0x000000bc2bd00000)]
  0x000002519ec39800 JavaThread "jar transforms Thread 228" [_thread_blocked, id=3520, stack(0x000000bc2bd00000,0x000000bc2be00000)]
  0x000002519ec3c000 JavaThread "jar transforms Thread 229" [_thread_blocked, id=1880, stack(0x000000bc2be00000,0x000000bc2bf00000)]
  0x000002519ec38000 JavaThread "jar transforms Thread 230" [_thread_blocked, id=4908, stack(0x000000bc2bf00000,0x000000bc2c000000)]
  0x000002519ec36800 JavaThread "jar transforms Thread 231" [_thread_blocked, id=4440, stack(0x000000bc2c000000,0x000000bc2c100000)]
  0x000002519ec3d000 JavaThread "jar transforms Thread 232" [_thread_blocked, id=6984, stack(0x000000bc2c100000,0x000000bc2c200000)]
  0x000002519ec3e000 JavaThread "jar transforms Thread 233" [_thread_blocked, id=9872, stack(0x000000bc2c200000,0x000000bc2c300000)]
  0x000002519ec3a800 JavaThread "jar transforms Thread 234" [_thread_blocked, id=1412, stack(0x000000bc2c300000,0x000000bc2c400000)]
  0x000002519ec39000 JavaThread "jar transforms Thread 235" [_thread_blocked, id=3548, stack(0x000000bc2c400000,0x000000bc2c500000)]
  0x000002519ec41000 JavaThread "jar transforms Thread 236" [_thread_blocked, id=4896, stack(0x000000bc2c500000,0x000000bc2c600000)]
  0x000002519ec3e800 JavaThread "jar transforms Thread 237" [_thread_blocked, id=8732, stack(0x000000bc2c600000,0x000000bc2c700000)]
  0x000002519ec3f800 JavaThread "jar transforms Thread 238" [_thread_blocked, id=10704, stack(0x000000bc2c700000,0x000000bc2c800000)]
  0x000002519ec40000 JavaThread "jar transforms Thread 239" [_thread_blocked, id=7300, stack(0x000000bc2c800000,0x000000bc2c900000)]
  0x000002519ec3b800 JavaThread "jar transforms Thread 240" [_thread_blocked, id=1160, stack(0x000000bc2c900000,0x000000bc2ca00000)]
  0x000002519ec43800 JavaThread "jar transforms Thread 241" [_thread_blocked, id=10232, stack(0x000000bc2ca00000,0x000000bc2cb00000)]
  0x000002519ec42000 JavaThread "jar transforms Thread 242" [_thread_blocked, id=992, stack(0x000000bc2cb00000,0x000000bc2cc00000)]
  0x000002519f859800 JavaThread "build event listener" [_thread_blocked, id=3904, stack(0x000000bc2cc00000,0x000000bc2cd00000)]
  0x000002519f85a800 JavaThread "build event listener" [_thread_blocked, id=5576, stack(0x000000bc2cd00000,0x000000bc2ce00000)]
  0x000002519f85b800 JavaThread "Execution worker for ':'" [_thread_blocked, id=9344, stack(0x000000bc2ce00000,0x000000bc2cf00000)]
  0x000002519f857800 JavaThread "Execution worker for ':' Thread 2" [_thread_blocked, id=10928, stack(0x000000bc2cf00000,0x000000bc2d000000)]
  0x000002519f85c000 JavaThread "Execution worker for ':' Thread 3" [_thread_blocked, id=5704, stack(0x000000bc2d000000,0x000000bc2d100000)]
  0x000002519f85d000 JavaThread "Cache worker for execution history cache (C:\Users\User\AndroidStudioProjects\EisenkTest\.gradle\6.7.1\executionHistory)" [_thread_blocked, id=7676, stack(0x000000bc2d200000,0x000000bc2d300000)]
  0x000002519f85e000 JavaThread "WorkerExecutor Queue" [_thread_blocked, id=11172, stack(0x000000bc2d300000,0x000000bc2d400000)]

Other Threads:
  0x000002519b659000 VMThread "VM Thread" [stack: 0x000000bc22f00000,0x000000bc23000000] [id=812]
  0x000002519c183800 WatcherThread [stack: 0x000000bc23900000,0x000000bc23a00000] [id=9820]
  0x0000025181442800 GCTaskThread "GC Thread#0" [stack: 0x000000bc22a00000,0x000000bc22b00000] [id=8412]
  0x000002519c35a800 GCTaskThread "GC Thread#1" [stack: 0x000000bc23b00000,0x000000bc23c00000] [id=2796]
  0x000002519db4b800 GCTaskThread "GC Thread#2" [stack: 0x000000bc24800000,0x000000bc24900000] [id=1580]
=>0x000002519db4c000 GCTaskThread "GC Thread#3" [stack: 0x000000bc24900000,0x000000bc24a00000] [id=9208]
  0x0000025181473800 ConcurrentGCThread "G1 Main Marker" [stack: 0x000000bc22b00000,0x000000bc22c00000] [id=5016]
  0x0000025181476000 ConcurrentGCThread "G1 Conc#0" [stack: 0x000000bc22c00000,0x000000bc22d00000] [id=4948]
  0x000002519b497800 ConcurrentGCThread "G1 Refine#0" [stack: 0x000000bc22d00000,0x000000bc22e00000] [id=4264]
  0x000002519b498000 ConcurrentGCThread "G1 Young RemSet Sampling" [stack: 0x000000bc22e00000,0x000000bc22f00000] [id=1336]

Threads with active compile tasks:
C2 CompilerThread01105357 10321 % !   4       com.android.ide.common.resources.DataMerger::mergeData @ 88 (611 bytes)
C2 CompilerThread11105358 10592       4       com.android.utils.XmlUtils::append (647 bytes)

VM state:at safepoint (normal execution)

VM Mutex/Monitor currently owned by a thread:  ([mutex/lock_event])
[0x0000025181426f70] Threads_lock - owner thread: 0x000002519b659000
[0x0000025181427000] Heap_lock - owner thread: 0x0000025181473800

Heap address: 0x0000000080000000, size: 2048 MB, Compressed Oops mode: 32-bit
Narrow klass base: 0x0000000000000000, Narrow klass shift: 3
Compressed class space size: 1073741824 Address: 0x0000000100000000

Heap:
 garbage-first heap   total 164864K, used 115671K [0x0000000080000000, 0x0000000100000000)
  region size 1024K, 12 young (12288K), 7 survivors (7168K)
 Metaspace       used 89347K, capacity 91443K, committed 91600K, reserved 1128448K
  class space    used 11254K, capacity 11991K, committed 12032K, reserved 1048576K
Heap Regions: E=young(eden), S=young(survivor), O=old, HS=humongous(starts), HC=humongous(continues), CS=collection set, F=free, A=archive, TAMS=top-at-mark-start (previous, next)
|   0|0x0000000080000000, 0x0000000080100000, 0x0000000080100000|100%| O|  |TAMS 0x0000000080100000, 0x0000000080100000| Untracked 
|   1|0x0000000080100000, 0x0000000080200000, 0x0000000080200000|100%| O|  |TAMS 0x0000000080200000, 0x0000000080200000| Untracked 
|   2|0x0000000080200000, 0x0000000080300000, 0x0000000080300000|100%| O|  |TAMS 0x0000000080300000, 0x0000000080300000| Untracked 
|   3|0x0000000080300000, 0x0000000080400000, 0x0000000080400000|100%|HS|  |TAMS 0x0000000080400000, 0x0000000080400000| Complete 
|   4|0x0000000080400000, 0x0000000080500000, 0x0000000080500000|100%|HC|  |TAMS 0x0000000080500000, 0x0000000080500000| Complete 
|   5|0x0000000080500000, 0x0000000080600000, 0x0000000080600000|100%|HC|  |TAMS 0x0000000080600000, 0x0000000080600000| Complete 
|   6|0x0000000080600000, 0x0000000080700000, 0x0000000080700000|100%| O|  |TAMS 0x0000000080700000, 0x0000000080700000| Untracked 
|   7|0x0000000080700000, 0x0000000080800000, 0x0000000080800000|100%| O|  |TAMS 0x0000000080800000, 0x0000000080800000| Untracked 
|   8|0x0000000080800000, 0x0000000080900000, 0x0000000080900000|100%| O|  |TAMS 0x0000000080900000, 0x0000000080900000| Untracked 
|   9|0x0000000080900000, 0x0000000080a00000, 0x0000000080a00000|100%| O|  |TAMS 0x0000000080a00000, 0x0000000080a00000| Untracked 
|  10|0x0000000080a00000, 0x0000000080b00000, 0x0000000080b00000|100%| O|  |TAMS 0x0000000080b00000, 0x0000000080b00000| Untracked 
|  11|0x0000000080b00000, 0x0000000080c00000, 0x0000000080c00000|100%| O|  |TAMS 0x0000000080c00000, 0x0000000080c00000| Untracked 
|  12|0x0000000080c00000, 0x0000000080d00000, 0x0000000080d00000|100%| O|  |TAMS 0x0000000080d00000, 0x0000000080d00000| Untracked 
|  13|0x0000000080d00000, 0x0000000080e00000, 0x0000000080e00000|100%| O|  |TAMS 0x0000000080e00000, 0x0000000080e00000| Untracked 
|  14|0x0000000080e00000, 0x0000000080f00000, 0x0000000080f00000|100%| O|  |TAMS 0x0000000080f00000, 0x0000000080f00000| Untracked 
|  15|0x0000000080f00000, 0x0000000081000000, 0x0000000081000000|100%| O|  |TAMS 0x0000000081000000, 0x0000000081000000| Untracked 
|  16|0x0000000081000000, 0x0000000081100000, 0x0000000081100000|100%|HS|  |TAMS 0x0000000081100000, 0x0000000081100000| Complete 
|  17|0x0000000081100000, 0x0000000081200000, 0x0000000081200000|100%|HC|  |TAMS 0x0000000081200000, 0x0000000081200000| Complete 
|  18|0x0000000081200000, 0x0000000081300000, 0x0000000081300000|100%|HS|  |TAMS 0x0000000081300000, 0x0000000081300000| Complete 
|  19|0x0000000081300000, 0x0000000081400000, 0x0000000081400000|100%|HC|  |TAMS 0x0000000081400000, 0x0000000081400000| Complete 
|  20|0x0000000081400000, 0x0000000081500000, 0x0000000081500000|100%|HC|  |TAMS 0x0000000081500000, 0x0000000081500000| Complete 
|  21|0x0000000081500000, 0x0000000081600000, 0x0000000081600000|100%| O|  |TAMS 0x0000000081600000, 0x0000000081600000| Untracked 
|  22|0x0000000081600000, 0x0000000081700000, 0x0000000081700000|100%| O|  |TAMS 0x0000000081700000, 0x0000000081700000| Untracked 
|  23|0x0000000081700000, 0x0000000081800000, 0x0000000081800000|100%|HS|  |TAMS 0x0000000081800000, 0x0000000081800000| Complete 
|  24|0x0000000081800000, 0x0000000081900000, 0x0000000081900000|100%|HS|  |TAMS 0x0000000081900000, 0x0000000081900000| Complete 
|  25|0x0000000081900000, 0x0000000081a00000, 0x0000000081a00000|100%|HC|  |TAMS 0x0000000081a00000, 0x0000000081a00000| Complete 
|  26|0x0000000081a00000, 0x0000000081b00000, 0x0000000081b00000|100%|HC|  |TAMS 0x0000000081b00000, 0x0000000081b00000| Complete 
|  27|0x0000000081b00000, 0x0000000081c00000, 0x0000000081c00000|100%| O|  |TAMS 0x0000000081c00000, 0x0000000081c00000| Untracked 
|  28|0x0000000081c00000, 0x0000000081d00000, 0x0000000081d00000|100%| O|  |TAMS 0x0000000081d00000, 0x0000000081d00000| Untracked 
|  29|0x0000000081d00000, 0x0000000081e00000, 0x0000000081e00000|100%| O|  |TAMS 0x0000000081e00000, 0x0000000081e00000| Untracked 
|  30|0x0000000081e00000, 0x0000000081f00000, 0x0000000081f00000|100%| O|  |TAMS 0x0000000081f00000, 0x0000000081f00000| Untracked 
|  31|0x0000000081f00000, 0x0000000082000000, 0x0000000082000000|100%|HS|  |TAMS 0x0000000082000000, 0x0000000082000000| Complete 
|  32|0x0000000082000000, 0x0000000082100000, 0x0000000082100000|100%|HC|  |TAMS 0x0000000082100000, 0x0000000082100000| Complete 
|  33|0x0000000082100000, 0x0000000082200000, 0x0000000082200000|100%| O|  |TAMS 0x0000000082200000, 0x0000000082200000| Untracked 
|  34|0x0000000082200000, 0x0000000082300000, 0x0000000082300000|100%| O|  |TAMS 0x0000000082300000, 0x0000000082300000| Untracked 
|  35|0x0000000082300000, 0x0000000082400000, 0x0000000082400000|100%| O|  |TAMS 0x0000000082400000, 0x0000000082400000| Untracked 
|  36|0x0000000082400000, 0x0000000082500000, 0x0000000082500000|100%| O|  |TAMS 0x0000000082500000, 0x0000000082500000| Untracked 
|  37|0x0000000082500000, 0x0000000082600000, 0x0000000082600000|100%| O|  |TAMS 0x0000000082600000, 0x0000000082600000| Untracked 
|  38|0x0000000082600000, 0x0000000082700000, 0x0000000082700000|100%| O|  |TAMS 0x0000000082700000, 0x0000000082700000| Untracked 
|  39|0x0000000082700000, 0x0000000082800000, 0x0000000082800000|100%| O|  |TAMS 0x0000000082800000, 0x0000000082800000| Untracked 
|  40|0x0000000082800000, 0x0000000082900000, 0x0000000082900000|100%| O|  |TAMS 0x0000000082900000, 0x0000000082900000| Untracked 
|  41|0x0000000082900000, 0x0000000082a00000, 0x0000000082a00000|100%| O|  |TAMS 0x0000000082a00000, 0x0000000082a00000| Untracked 
|  42|0x0000000082a00000, 0x0000000082b00000, 0x0000000082b00000|100%| O|  |TAMS 0x0000000082b00000, 0x0000000082b00000| Untracked 
|  43|0x0000000082b00000, 0x0000000082c00000, 0x0000000082c00000|100%| O|  |TAMS 0x0000000082c00000, 0x0000000082c00000| Untracked 
|  44|0x0000000082c00000, 0x0000000082d00000, 0x0000000082d00000|100%| O|  |TAMS 0x0000000082d00000, 0x0000000082d00000| Untracked 
|  45|0x0000000082d00000, 0x0000000082e00000, 0x0000000082e00000|100%| O|  |TAMS 0x0000000082e00000, 0x0000000082e00000| Untracked 
|  46|0x0000000082e00000, 0x0000000082f00000, 0x0000000082f00000|100%| O|  |TAMS 0x0000000082f00000, 0x0000000082f00000| Untracked 
|  47|0x0000000082f00000, 0x0000000083000000, 0x0000000083000000|100%| O|  |TAMS 0x0000000083000000, 0x0000000083000000| Untracked 
|  48|0x0000000083000000, 0x0000000083100000, 0x0000000083100000|100%| O|  |TAMS 0x0000000083100000, 0x0000000083100000| Untracked 
|  49|0x0000000083100000, 0x0000000083200000, 0x0000000083200000|100%| O|  |TAMS 0x0000000083100000, 0x0000000083200000| Untracked 
|  50|0x0000000083200000, 0x0000000083300000, 0x0000000083300000|100%| O|  |TAMS 0x0000000083300000, 0x0000000083300000| Untracked 
|  51|0x0000000083300000, 0x0000000083400000, 0x0000000083400000|100%| O|  |TAMS 0x0000000083400000, 0x0000000083400000| Untracked 
|  52|0x0000000083400000, 0x0000000083500000, 0x0000000083500000|100%| O|  |TAMS 0x0000000083500000, 0x0000000083500000| Untracked 
|  53|0x0000000083500000, 0x0000000083600000, 0x0000000083600000|100%| O|  |TAMS 0x00000000835f1000, 0x0000000083600000| Untracked 
|  54|0x0000000083600000, 0x0000000083700000, 0x0000000083700000|100%| O|  |TAMS 0x0000000083600000, 0x0000000083700000| Untracked 
|  55|0x0000000083700000, 0x0000000083800000, 0x0000000083800000|100%| O|  |TAMS 0x0000000083700000, 0x0000000083800000| Untracked 
|  56|0x0000000083800000, 0x0000000083900000, 0x0000000083900000|100%| O|  |TAMS 0x0000000083800000, 0x0000000083900000| Untracked 
|  57|0x0000000083900000, 0x0000000083a00000, 0x0000000083a00000|100%| O|  |TAMS 0x0000000083900000, 0x0000000083a00000| Untracked 
|  58|0x0000000083a00000, 0x0000000083b00000, 0x0000000083b00000|100%| O|  |TAMS 0x0000000083a00000, 0x0000000083b00000| Untracked 
|  59|0x0000000083b00000, 0x0000000083c00000, 0x0000000083c00000|100%| O|  |TAMS 0x0000000083b00000, 0x0000000083c00000| Untracked 
|  60|0x0000000083c00000, 0x0000000083d00000, 0x0000000083d00000|100%| O|  |TAMS 0x0000000083c00000, 0x0000000083d00000| Untracked 
|  61|0x0000000083d00000, 0x0000000083e00000, 0x0000000083e00000|100%| O|  |TAMS 0x0000000083d00000, 0x0000000083e00000| Untracked 
|  62|0x0000000083e00000, 0x0000000083f00000, 0x0000000083f00000|100%| O|  |TAMS 0x0000000083e00000, 0x0000000083f00000| Untracked 
|  63|0x0000000083f00000, 0x0000000084000000, 0x0000000084000000|100%| O|  |TAMS 0x0000000083f00000, 0x0000000084000000| Untracked 
|  64|0x0000000084000000, 0x0000000084100000, 0x0000000084100000|100%| O|  |TAMS 0x0000000084000000, 0x0000000084100000| Untracked 
|  65|0x0000000084100000, 0x0000000084200000, 0x0000000084200000|100%| O|  |TAMS 0x0000000084100000, 0x0000000084200000| Untracked 
|  66|0x0000000084200000, 0x0000000084300000, 0x0000000084300000|100%| O|  |TAMS 0x0000000084200000, 0x0000000084300000| Untracked 
|  67|0x0000000084300000, 0x0000000084400000, 0x0000000084400000|100%| O|  |TAMS 0x0000000084300000, 0x0000000084400000| Untracked 
|  68|0x0000000084400000, 0x0000000084500000, 0x0000000084500000|100%| O|  |TAMS 0x0000000084400000, 0x0000000084500000| Untracked 
|  69|0x0000000084500000, 0x0000000084600000, 0x0000000084600000|100%| O|  |TAMS 0x0000000084500000, 0x0000000084600000| Untracked 
|  70|0x0000000084600000, 0x0000000084700000, 0x0000000084700000|100%| O|  |TAMS 0x0000000084600000, 0x0000000084700000| Untracked 
|  71|0x0000000084700000, 0x0000000084800000, 0x0000000084800000|100%| O|  |TAMS 0x0000000084700000, 0x0000000084800000| Untracked 
|  72|0x0000000084800000, 0x0000000084900000, 0x0000000084900000|100%| O|  |TAMS 0x0000000084800000, 0x0000000084900000| Untracked 
|  73|0x0000000084900000, 0x0000000084a00000, 0x0000000084a00000|100%| O|  |TAMS 0x0000000084900000, 0x0000000084a00000| Untracked 
|  74|0x0000000084a00000, 0x0000000084b00000, 0x0000000084b00000|100%| O|  |TAMS 0x0000000084a00000, 0x0000000084b00000| Untracked 
|  75|0x0000000084b00000, 0x0000000084c00000, 0x0000000084c00000|100%| O|  |TAMS 0x0000000084b00000, 0x0000000084c00000| Untracked 
|  76|0x0000000084c00000, 0x0000000084d00000, 0x0000000084d00000|100%| O|  |TAMS 0x0000000084c00000, 0x0000000084d00000| Untracked 
|  77|0x0000000084d00000, 0x0000000084e00000, 0x0000000084e00000|100%| O|  |TAMS 0x0000000084d00000, 0x0000000084e00000| Untracked 
|  78|0x0000000084e00000, 0x0000000084f00000, 0x0000000084f00000|100%| O|  |TAMS 0x0000000084e00000, 0x0000000084f00000| Untracked 
|  79|0x0000000084f00000, 0x0000000085000000, 0x0000000085000000|100%| O|  |TAMS 0x0000000084f00000, 0x0000000085000000| Untracked 
|  80|0x0000000085000000, 0x0000000085100000, 0x0000000085100000|100%| O|  |TAMS 0x0000000085000000, 0x0000000085100000| Untracked 
|  81|0x0000000085100000, 0x0000000085200000, 0x0000000085200000|100%| O|  |TAMS 0x0000000085100000, 0x0000000085200000| Untracked 
|  82|0x0000000085200000, 0x0000000085300000, 0x0000000085300000|100%| O|  |TAMS 0x0000000085200000, 0x0000000085300000| Untracked 
|  83|0x0000000085300000, 0x0000000085400000, 0x0000000085400000|100%| O|  |TAMS 0x0000000085300000, 0x0000000085400000| Untracked 
|  84|0x0000000085400000, 0x0000000085500000, 0x0000000085500000|100%| O|  |TAMS 0x0000000085400000, 0x0000000085500000| Untracked 
|  85|0x0000000085500000, 0x0000000085600000, 0x0000000085600000|100%| O|  |TAMS 0x0000000085500000, 0x0000000085600000| Untracked 
|  86|0x0000000085600000, 0x0000000085700000, 0x0000000085700000|100%| O|  |TAMS 0x0000000085600000, 0x0000000085700000| Untracked 
|  87|0x0000000085700000, 0x00000000857f5c00, 0x0000000085800000| 95%| O|  |TAMS 0x0000000085700000, 0x00000000857f5c00| Untracked 
|  88|0x0000000085800000, 0x0000000085900000, 0x0000000085900000|100%|HS|  |TAMS 0x0000000085800000, 0x0000000085800000| Complete 
|  89|0x0000000085900000, 0x0000000085a00000, 0x0000000085a00000|100%|HS|  |TAMS 0x0000000085900000, 0x0000000085900000| Complete 
|  90|0x0000000085a00000, 0x0000000085b00000, 0x0000000085b00000|100%|HC|  |TAMS 0x0000000085a00000, 0x0000000085a00000| Complete 
|  91|0x0000000085b00000, 0x0000000085c00000, 0x0000000085c00000|100%|HS|  |TAMS 0x0000000085b00000, 0x0000000085b00000| Complete 
|  92|0x0000000085c00000, 0x0000000085d00000, 0x0000000085d00000|100%|HC|  |TAMS 0x0000000085c00000, 0x0000000085c00000| Complete 
|  93|0x0000000085d00000, 0x0000000085e00000, 0x0000000085e00000|100%|HC|  |TAMS 0x0000000085d00000, 0x0000000085d00000| Complete 
|  94|0x0000000085e00000, 0x0000000085f00000, 0x0000000085f00000|100%|HC|  |TAMS 0x0000000085e00000, 0x0000000085e00000| Complete 
|  95|0x0000000085f00000, 0x0000000086000000, 0x0000000086000000|100%|HS|  |TAMS 0x0000000085f00000, 0x0000000085f00000| Complete 
|  96|0x0000000086000000, 0x0000000086100000, 0x0000000086100000|100%|HC|  |TAMS 0x0000000086000000, 0x0000000086000000| Complete 
|  97|0x0000000086100000, 0x0000000086200000, 0x0000000086200000|100%|HS|  |TAMS 0x0000000086100000, 0x0000000086100000| Complete 
|  98|0x0000000086200000, 0x0000000086300000, 0x0000000086300000|100%|HC|  |TAMS 0x0000000086200000, 0x0000000086200000| Complete 
|  99|0x0000000086300000, 0x0000000086400000, 0x0000000086400000|100%|HC|  |TAMS 0x0000000086300000, 0x0000000086300000| Complete 
| 100|0x0000000086400000, 0x0000000086500000, 0x0000000086500000|100%|HS|  |TAMS 0x0000000086400000, 0x0000000086400000| Complete 
| 101|0x0000000086500000, 0x0000000086600000, 0x0000000086600000|100%|HC|  |TAMS 0x0000000086500000, 0x0000000086500000| Complete 
| 102|0x0000000086600000, 0x0000000086700000, 0x0000000086700000|100%|HC|  |TAMS 0x0000000086600000, 0x0000000086600000| Complete 
| 103|0x0000000086700000, 0x0000000086700000, 0x0000000086800000|  0%| F|  |TAMS 0x0000000086700000, 0x0000000086700000| Untracked 
| 104|0x0000000086800000, 0x0000000086800000, 0x0000000086900000|  0%| F|  |TAMS 0x0000000086800000, 0x0000000086800000| Untracked 
| 105|0x0000000086900000, 0x0000000086900000, 0x0000000086a00000|  0%| F|  |TAMS 0x0000000086900000, 0x0000000086900000| Untracked 
| 106|0x0000000086a00000, 0x0000000086a00000, 0x0000000086b00000|  0%| F|  |TAMS 0x0000000086a00000, 0x0000000086a00000| Untracked 
| 107|0x0000000086b00000, 0x0000000086b00000, 0x0000000086c00000|  0%| F|  |TAMS 0x0000000086b00000, 0x0000000086b00000| Untracked 
| 108|0x0000000086c00000, 0x0000000086c00000, 0x0000000086d00000|  0%| F|  |TAMS 0x0000000086c00000, 0x0000000086c00000| Untracked 
| 109|0x0000000086d00000, 0x0000000086d00000, 0x0000000086e00000|  0%| F|  |TAMS 0x0000000086d00000, 0x0000000086d00000| Untracked 
| 110|0x0000000086e00000, 0x0000000086e00000, 0x0000000086f00000|  0%| F|  |TAMS 0x0000000086e00000, 0x0000000086e00000| Untracked 
| 111|0x0000000086f00000, 0x0000000086f00000, 0x0000000087000000|  0%| F|  |TAMS 0x0000000086f00000, 0x0000000086f00000| Untracked 
| 112|0x0000000087000000, 0x0000000087000000, 0x0000000087100000|  0%| F|  |TAMS 0x0000000087000000, 0x0000000087000000| Untracked 
| 113|0x0000000087100000, 0x0000000087100000, 0x0000000087200000|  0%| F|  |TAMS 0x0000000087100000, 0x0000000087100000| Untracked 
| 114|0x0000000087200000, 0x0000000087200000, 0x0000000087300000|  0%| F|  |TAMS 0x0000000087200000, 0x0000000087200000| Untracked 
| 115|0x0000000087300000, 0x0000000087400000, 0x0000000087400000|100%| S|CS|TAMS 0x0000000087300000, 0x0000000087300000| Complete 
| 116|0x0000000087400000, 0x0000000087500000, 0x0000000087500000|100%| S|CS|TAMS 0x0000000087400000, 0x0000000087400000| Complete 
| 117|0x0000000087500000, 0x0000000087600000, 0x0000000087600000|100%| S|CS|TAMS 0x0000000087500000, 0x0000000087500000| Complete 
| 118|0x0000000087600000, 0x0000000087700000, 0x0000000087700000|100%| S|CS|TAMS 0x0000000087600000, 0x0000000087600000| Complete 
| 119|0x0000000087700000, 0x0000000087800000, 0x0000000087800000|100%| S|CS|TAMS 0x0000000087700000, 0x0000000087700000| Complete 
| 120|0x0000000087800000, 0x0000000087900000, 0x0000000087900000|100%| S|CS|TAMS 0x0000000087800000, 0x0000000087800000| Complete 
| 121|0x0000000087900000, 0x0000000087a00000, 0x0000000087a00000|100%| S|CS|TAMS 0x0000000087900000, 0x0000000087900000| Complete 
| 122|0x0000000087a00000, 0x0000000087a00000, 0x0000000087b00000|  0%| F|  |TAMS 0x0000000087a00000, 0x0000000087a00000| Untracked 
| 123|0x0000000087b00000, 0x0000000087b00000, 0x0000000087c00000|  0%| F|  |TAMS 0x0000000087b00000, 0x0000000087b00000| Untracked 
| 124|0x0000000087c00000, 0x0000000087c00000, 0x0000000087d00000|  0%| F|  |TAMS 0x0000000087c00000, 0x0000000087c00000| Untracked 
| 125|0x0000000087d00000, 0x0000000087d00000, 0x0000000087e00000|  0%| F|  |TAMS 0x0000000087d00000, 0x0000000087d00000| Untracked 
| 126|0x0000000087e00000, 0x0000000087e00000, 0x0000000087f00000|  0%| F|  |TAMS 0x0000000087e00000, 0x0000000087e00000| Untracked 
| 127|0x0000000087f00000, 0x0000000087f00000, 0x0000000088000000|  0%| F|  |TAMS 0x0000000087f00000, 0x0000000087f00000| Untracked 
| 128|0x0000000088000000, 0x0000000088000000, 0x0000000088100000|  0%| F|  |TAMS 0x0000000088000000, 0x0000000088000000| Untracked 
| 129|0x0000000088100000, 0x0000000088100000, 0x0000000088200000|  0%| F|  |TAMS 0x0000000088100000, 0x0000000088100000| Untracked 
| 130|0x0000000088200000, 0x0000000088200000, 0x0000000088300000|  0%| F|  |TAMS 0x0000000088200000, 0x0000000088200000| Untracked 
| 131|0x0000000088300000, 0x0000000088300000, 0x0000000088400000|  0%| F|  |TAMS 0x0000000088300000, 0x0000000088300000| Untracked 
| 132|0x0000000088400000, 0x0000000088400000, 0x0000000088500000|  0%| F|  |TAMS 0x0000000088400000, 0x0000000088400000| Untracked 
| 133|0x0000000088500000, 0x0000000088500000, 0x0000000088600000|  0%| F|  |TAMS 0x0000000088500000, 0x0000000088500000| Untracked 
| 134|0x0000000088600000, 0x0000000088600000, 0x0000000088700000|  0%| F|  |TAMS 0x0000000088600000, 0x0000000088600000| Untracked 
| 135|0x0000000088700000, 0x0000000088700000, 0x0000000088800000|  0%| F|  |TAMS 0x0000000088700000, 0x0000000088700000| Untracked 
| 136|0x0000000088800000, 0x0000000088800000, 0x0000000088900000|  0%| F|  |TAMS 0x0000000088800000, 0x0000000088800000| Untracked 
| 137|0x0000000088900000, 0x0000000088900000, 0x0000000088a00000|  0%| F|  |TAMS 0x0000000088900000, 0x0000000088900000| Untracked 
| 138|0x0000000088a00000, 0x0000000088a00000, 0x0000000088b00000|  0%| F|  |TAMS 0x0000000088a00000, 0x0000000088a00000| Untracked 
| 139|0x0000000088b00000, 0x0000000088b00000, 0x0000000088c00000|  0%| F|  |TAMS 0x0000000088b00000, 0x0000000088b00000| Untracked 
| 140|0x0000000088c00000, 0x0000000088c00000, 0x0000000088d00000|  0%| F|  |TAMS 0x0000000088c00000, 0x0000000088c00000| Untracked 
| 141|0x0000000088d00000, 0x0000000088d00000, 0x0000000088e00000|  0%| F|  |TAMS 0x0000000088d00000, 0x0000000088d00000| Untracked 
| 142|0x0000000088e00000, 0x0000000088e00000, 0x0000000088f00000|  0%| F|  |TAMS 0x0000000088e00000, 0x0000000088e00000| Untracked 
| 143|0x0000000088f00000, 0x0000000088f00000, 0x0000000089000000|  0%| F|  |TAMS 0x0000000088f00000, 0x0000000088f00000| Untracked 
| 144|0x0000000089000000, 0x0000000089000000, 0x0000000089100000|  0%| F|  |TAMS 0x0000000089000000, 0x0000000089000000| Untracked 
| 145|0x0000000089100000, 0x0000000089100000, 0x0000000089200000|  0%| F|  |TAMS 0x0000000089100000, 0x0000000089100000| Untracked 
| 146|0x0000000089200000, 0x0000000089200000, 0x0000000089300000|  0%| F|  |TAMS 0x0000000089200000, 0x0000000089200000| Untracked 
| 147|0x0000000089300000, 0x0000000089300000, 0x0000000089400000|  0%| F|  |TAMS 0x0000000089300000, 0x0000000089300000| Untracked 
| 148|0x0000000089400000, 0x0000000089400000, 0x0000000089500000|  0%| F|  |TAMS 0x0000000089400000, 0x0000000089400000| Untracked 
| 149|0x0000000089500000, 0x0000000089500000, 0x0000000089600000|  0%| F|  |TAMS 0x0000000089500000, 0x0000000089500000| Untracked 
| 150|0x0000000089600000, 0x0000000089600000, 0x0000000089700000|  0%| F|  |TAMS 0x0000000089600000, 0x0000000089600000| Untracked 
| 151|0x0000000089700000, 0x0000000089700000, 0x0000000089800000|  0%| F|  |TAMS 0x0000000089700000, 0x0000000089700000| Untracked 
| 152|0x0000000089800000, 0x0000000089800000, 0x0000000089900000|  0%| F|  |TAMS 0x0000000089800000, 0x0000000089800000| Untracked 
| 153|0x0000000089900000, 0x0000000089900000, 0x0000000089a00000|  0%| F|  |TAMS 0x0000000089900000, 0x0000000089900000| Untracked 
| 154|0x0000000089a00000, 0x0000000089a00000, 0x0000000089b00000|  0%| F|  |TAMS 0x0000000089a00000, 0x0000000089a00000| Untracked 
| 155|0x0000000089b00000, 0x0000000089b00000, 0x0000000089c00000|  0%| F|  |TAMS 0x0000000089b00000, 0x0000000089b00000| Untracked 
| 156|0x0000000089c00000, 0x0000000089c9cb28, 0x0000000089d00000| 61%| E|  |TAMS 0x0000000089c00000, 0x0000000089c00000| Complete 
| 157|0x0000000089d00000, 0x0000000089e00000, 0x0000000089e00000|100%| E|  |TAMS 0x0000000089d00000, 0x0000000089d00000| Complete 
| 158|0x0000000089e00000, 0x0000000089f00000, 0x0000000089f00000|100%| E|CS|TAMS 0x0000000089e00000, 0x0000000089e00000| Complete 
| 159|0x0000000089f00000, 0x000000008a000000, 0x000000008a000000|100%| E|CS|TAMS 0x0000000089f00000, 0x0000000089f00000| Complete 
| 160|0x000000008a000000, 0x000000008a100000, 0x000000008a100000|100%| E|CS|TAMS 0x000000008a000000, 0x000000008a000000| Complete 

Card table byte_map: [0x0000025194800000,0x0000025194c00000] _byte_map_base: 0x0000025194400000

Marking Bits (Prev, Next): (CMBitMap*) 0x000002518146ab20, (CMBitMap*) 0x000002518146aae8
 Prev Bits: [0x0000025197000000, 0x0000025199000000)
 Next Bits: [0x0000025195000000, 0x0000025197000000)

Polling page: 0x0000025181510000

Metaspace:

Usage:
  Non-class:     77.59 MB capacity,    76.26 MB ( 98%) used,     1.11 MB (  1%) free+waste,   221.63 KB ( <1%) overhead. 
      Class:     11.71 MB capacity,    10.99 MB ( 94%) used,   638.34 KB (  5%) free+waste,    98.50 KB ( <1%) overhead. 
       Both:     89.30 MB capacity,    87.25 MB ( 98%) used,     1.73 MB (  2%) free+waste,   320.13 KB ( <1%) overhead. 

Virtual space:
  Non-class space:       78.00 MB reserved,      77.70 MB (>99%) committed 
      Class space:        1.00 GB reserved,      11.75 MB (  1%) committed 
             Both:        1.08 GB reserved,      89.45 MB (  8%) committed 

Chunk freelists:
   Non-Class:  52.00 KB
       Class:  9.00 KB
        Both:  61.00 KB

MaxMetaspaceSize: 17179869184.00 GB
CompressedClassSpaceSize: 1.00 GB

CodeHeap 'non-profiled nmethods': size=120064Kb used=5775Kb max_used=5775Kb free=114288Kb
 bounds [0x000002518c890000, 0x000002518ce40000, 0x0000025193dd0000]
CodeHeap 'profiled nmethods': size=120000Kb used=22623Kb max_used=22623Kb free=97376Kb
 bounds [0x0000025185360000, 0x0000025186980000, 0x000002518c890000]
CodeHeap 'non-nmethods': size=5696Kb used=2262Kb max_used=2317Kb free=3433Kb
 bounds [0x0000025184dd0000, 0x0000025185040000, 0x0000025185360000]
 total_blobs=11144 nmethods=10270 adapters=786
 compilation: enabled
              stopped_count=0, restarted_count=0
 full_count=0

Compilation events (20 events):
Event: 1105.268 Thread 0x000002519b685800 10606       2       java.io.ObjectStreamClass$3::compare (13 bytes)
Event: 1105.268 Thread 0x000002519b685800 nmethod 10606 0x0000025186975690 code [0x0000025186975860, 0x0000025186975a08]
Event: 1105.275 Thread 0x000002519b685800 10607       2       java.lang.AbstractStringBuilder::append (55 bytes)
Event: 1105.275 Thread 0x000002519b685800 nmethod 10607 0x0000025186975b90 code [0x0000025186975d60, 0x0000025186975f58]
Event: 1105.277 Thread 0x000002519b685800 10608       2       java.io.ObjectOutputStream::writeNonProxyDesc (109 bytes)
Event: 1105.278 Thread 0x000002519b685800 nmethod 10608 0x0000025186976090 code [0x0000025186976320, 0x0000025186976968]
Event: 1105.287 Thread 0x000002519b685800 10609       2       org.gradle.api.internal.tasks.properties.PropertyVisitor$Adapter::<init> (5 bytes)
Event: 1105.287 Thread 0x000002519b685800 nmethod 10609 0x0000025186976e90 code [0x0000025186977040, 0x0000025186977138]
Event: 1105.289 Thread 0x000002519b685800 10611   !   2       java.io.ObjectOutputStream::writeSerialData (221 bytes)
Event: 1105.290 Thread 0x000002519b685800 nmethod 10611 0x0000025186977210 code [0x0000025186977460, 0x0000025186977dc8]
Event: 1105.298 Thread 0x000002519b685800 10612       2       java.io.Bits::getInt (43 bytes)
Event: 1105.298 Thread 0x000002519b685800 nmethod 10612 0x0000025186978390 code [0x0000025186978540, 0x00000251869786d8]
Event: 1105.298 Thread 0x000002519b685800 10613       1       java.io.ObjectStreamClass::getName (5 bytes)
Event: 1105.298 Thread 0x000002519b685800 nmethod 10613 0x000002518ce33b90 code [0x000002518ce33d40, 0x000002518ce33df8]
Event: 1105.298 Thread 0x000002519b685800 10614       2       java.io.ObjectInputStream::checkResolve (86 bytes)
Event: 1105.299 Thread 0x000002519b685800 nmethod 10614 0x0000025186978810 code [0x0000025186978a20, 0x0000025186978d58]
Event: 1105.299 Thread 0x000002519b685800 10615       2       java.io.ObjectInputStream::readString (117 bytes)
Event: 1105.300 Thread 0x000002519b685800 nmethod 10615 0x0000025186979010 code [0x00000251869792c0, 0x0000025186979b48]
Event: 1105.304 Thread 0x000002519b685800 10616       2       java.lang.reflect.Constructor::getDeclaredAnnotations (5 bytes)
Event: 1105.304 Thread 0x000002519b685800 nmethod 10616 0x000002518697a090 code [0x000002518697a260, 0x000002518697a408]

GC Heap History (20 events):
Event: 8.578 GC heap before
{Heap before GC invocations=13 (full 0):
 garbage-first heap   total 137216K, used 102472K [0x0000000080000000, 0x0000000100000000)
  region size 1024K, 60 young (61440K), 9 survivors (9216K)
 Metaspace       used 56511K, capacity 58030K, committed 58192K, reserved 1099776K
  class space    used 7197K, capacity 7712K, committed 7808K, reserved 1048576K
}
Event: 8.590 GC heap after
{Heap after GC invocations=14 (full 0):
 garbage-first heap   total 137216K, used 54152K [0x0000000080000000, 0x0000000100000000)
  region size 1024K, 4 young (4096K), 4 survivors (4096K)
 Metaspace       used 56511K, capacity 58030K, committed 58192K, reserved 1099776K
  class space    used 7197K, capacity 7712K, committed 7808K, reserved 1048576K
}
Event: 8.819 GC heap before
{Heap before GC invocations=14 (full 0):
 garbage-first heap   total 137216K, used 72584K [0x0000000080000000, 0x0000000100000000)
  region size 1024K, 22 young (22528K), 4 survivors (4096K)
 Metaspace       used 58640K, capacity 60110K, committed 60240K, reserved 1101824K
  class space    used 7423K, capacity 7952K, committed 8064K, reserved 1048576K
}
Event: 8.826 GC heap after
{Heap after GC invocations=15 (full 0):
 garbage-first heap   total 164864K, used 56260K [0x0000000080000000, 0x0000000100000000)
  region size 1024K, 2 young (2048K), 2 survivors (2048K)
 Metaspace       used 58640K, capacity 60110K, committed 60240K, reserved 1101824K
  class space    used 7423K, capacity 7952K, committed 8064K, reserved 1048576K
}
Event: 9.540 GC heap before
{Heap before GC invocations=16 (full 0):
 garbage-first heap   total 164864K, used 112580K [0x0000000080000000, 0x0000000100000000)
  region size 1024K, 57 young (58368K), 2 survivors (2048K)
 Metaspace       used 62340K, capacity 63883K, committed 63952K, reserved 1105920K
  class space    used 7876K, capacity 8397K, committed 8448K, reserved 1048576K
}
Event: 9.548 GC heap after
{Heap after GC invocations=17 (full 0):
 garbage-first heap   total 164864K, used 60016K [0x0000000080000000, 0x0000000100000000)
  region size 1024K, 6 young (6144K), 6 survivors (6144K)
 Metaspace       used 62340K, capacity 63883K, committed 63952K, reserved 1105920K
  class space    used 7876K, capacity 8397K, committed 8448K, reserved 1048576K
}
Event: 10.416 GC heap before
{Heap before GC invocations=17 (full 0):
 garbage-first heap   total 164864K, used 116336K [0x0000000080000000, 0x0000000100000000)
  region size 1024K, 61 young (62464K), 6 survivors (6144K)
 Metaspace       used 70465K, capacity 72090K, committed 72400K, reserved 1112064K
  class space    used 9016K, capacity 9609K, committed 9728K, reserved 1048576K
}
Event: 10.430 GC heap after
{Heap after GC invocations=18 (full 0):
 garbage-first heap   total 164864K, used 63753K [0x0000000080000000, 0x0000000100000000)
  region size 1024K, 4 young (4096K), 4 survivors (4096K)
 Metaspace       used 70465K, capacity 72090K, committed 72400K, reserved 1112064K
  class space    used 9016K, capacity 9609K, committed 9728K, reserved 1048576K
}
Event: 1100.920 GC heap before
{Heap before GC invocations=18 (full 0):
 garbage-first heap   total 164864K, used 119049K [0x0000000080000000, 0x0000000100000000)
  region size 1024K, 59 young (60416K), 4 survivors (4096K)
 Metaspace       used 75298K, capacity 77004K, committed 77136K, reserved 1116160K
  class space    used 9434K, capacity 10003K, committed 10112K, reserved 1048576K
}
Event: 1100.928 GC heap after
{Heap after GC invocations=19 (full 0):
 garbage-first heap   total 164864K, used 65643K [0x0000000080000000, 0x0000000100000000)
  region size 1024K, 6 young (6144K), 6 survivors (6144K)
 Metaspace       used 75298K, capacity 77004K, committed 77136K, reserved 1116160K
  class space    used 9434K, capacity 10003K, committed 10112K, reserved 1048576K
}
Event: 1101.857 GC heap before
{Heap before GC invocations=19 (full 0):
 garbage-first heap   total 164864K, used 122987K [0x0000000080000000, 0x0000000100000000)
  region size 1024K, 62 young (63488K), 6 survivors (6144K)
 Metaspace       used 78112K, capacity 79842K, committed 80080K, reserved 1118208K
  class space    used 9804K, capacity 10401K, committed 10496K, reserved 1048576K
}
Event: 1101.872 GC heap after
{Heap after GC invocations=20 (full 0):
 garbage-first heap   total 164864K, used 70223K [0x0000000080000000, 0x0000000100000000)
  region size 1024K, 7 young (7168K), 7 survivors (7168K)
 Metaspace       used 78112K, capacity 79842K, committed 80080K, reserved 1118208K
  class space    used 9804K, capacity 10401K, committed 10496K, reserved 1048576K
}
Event: 1102.698 GC heap before
{Heap before GC invocations=20 (full 0):
 garbage-first heap   total 164864K, used 131663K [0x0000000080000000, 0x0000000100000000)
  region size 1024K, 62 young (63488K), 7 survivors (7168K)
 Metaspace       used 82752K, capacity 84597K, committed 84816K, reserved 1122304K
  class space    used 10440K, capacity 11078K, committed 11136K, reserved 1048576K
}
Event: 1102.726 GC heap after
{Heap after GC invocations=21 (full 0):
 garbage-first heap   total 164864K, used 72955K [0x0000000080000000, 0x0000000100000000)
  region size 1024K, 4 young (4096K), 4 survivors (4096K)
 Metaspace       used 82752K, capacity 84597K, committed 84816K, reserved 1122304K
  class space    used 10440K, capacity 11078K, committed 11136K, reserved 1048576K
}
Event: 1103.781 GC heap before
{Heap before GC invocations=21 (full 0):
 garbage-first heap   total 164864K, used 128251K [0x0000000080000000, 0x0000000100000000)
  region size 1024K, 59 young (60416K), 4 survivors (4096K)
 Metaspace       used 85120K, capacity 87156K, committed 87248K, reserved 1124352K
  class space    used 10770K, capacity 11453K, committed 11520K, reserved 1048576K
}
Event: 1103.791 GC heap after
{Heap after GC invocations=22 (full 0):
 garbage-first heap   total 164864K, used 76930K [0x0000000080000000, 0x0000000100000000)
  region size 1024K, 8 young (8192K), 8 survivors (8192K)
 Metaspace       used 85120K, capacity 87156K, committed 87248K, reserved 1124352K
  class space    used 10770K, capacity 11453K, committed 11520K, reserved 1048576K
}
Event: 1104.598 GC heap before
{Heap before GC invocations=22 (full 0):
 garbage-first heap   total 164864K, used 133250K [0x0000000080000000, 0x0000000100000000)
  region size 1024K, 62 young (63488K), 8 survivors (8192K)
 Metaspace       used 86346K, capacity 88349K, committed 88656K, reserved 1126400K
  class space    used 10890K, capacity 11584K, committed 11648K, reserved 1048576K
}
Event: 1104.624 GC heap after
{Heap after GC invocations=23 (full 0):
 garbage-first heap   total 164864K, used 86333K [0x0000000080000000, 0x0000000100000000)
  region size 1024K, 8 young (8192K), 8 survivors (8192K)
 Metaspace       used 86346K, capacity 88349K, committed 88656K, reserved 1126400K
  class space    used 10890K, capacity 11584K, committed 11648K, reserved 1048576K
}
Event: 1105.041 GC heap before
{Heap before GC invocations=23 (full 0):
 garbage-first heap   total 164864K, used 125245K [0x0000000080000000, 0x0000000100000000)
  region size 1024K, 47 young (48128K), 8 survivors (8192K)
 Metaspace       used 88959K, capacity 90957K, committed 91088K, reserved 1128448K
  class space    used 11210K, capacity 11919K, committed 12032K, reserved 1048576K
}
Event: 1105.102 GC heap after
{Heap after GC invocations=24 (full 0):
 garbage-first heap   total 164864K, used 97239K [0x0000000080000000, 0x0000000100000000)
  region size 1024K, 7 young (7168K), 7 survivors (7168K)
 Metaspace       used 88959K, capacity 90957K, committed 91088K, reserved 1128448K
  class space    used 11210K, capacity 11919K, committed 12032K, reserved 1048576K
}

Deoptimization events (20 events):
Event: 1105.037 Thread 0x000002519ecf6800 DEOPT PACKING pc=0x000002518695b5d0 sp=0x000000bc23df70d0
Event: 1105.037 Thread 0x000002519ecf6800 DEOPT UNPACKING pc=0x0000025184df66bf sp=0x000000bc23df6600 mode 0
Event: 1105.117 Thread 0x000002519ecf6800 DEOPT PACKING pc=0x0000025186957dc1 sp=0x000000bc23df7520
Event: 1105.117 Thread 0x000002519ecf6800 DEOPT UNPACKING pc=0x0000025184df66bf sp=0x000000bc23df6ac0 mode 0
Event: 1105.120 Thread 0x000002519ecf6800 DEOPT PACKING pc=0x000002518695d944 sp=0x000000bc23df7260
Event: 1105.120 Thread 0x000002519ecf6800 DEOPT UNPACKING pc=0x0000025184df66bf sp=0x000000bc23df66f8 mode 0
Event: 1105.135 Thread 0x000002519ecf6800 Uncommon trap: trap_request=0xffffff4d fr.pc=0x000002518ce2f00c relative=0x000000000000052c
Event: 1105.135 Thread 0x000002519ecf6800 Uncommon trap: reason=unstable_if action=reinterpret pc=0x000002518ce2f00c method=com.android.utils.XmlUtils.toXmlAttributeValue(Ljava/lang/String;)Ljava/lang/String; @ 27 c2
Event: 1105.135 Thread 0x000002519ecf6800 DEOPT PACKING pc=0x000002518ce2f00c sp=0x000000bc23df74c0
Event: 1105.135 Thread 0x000002519ecf6800 DEOPT UNPACKING pc=0x0000025184df68a9 sp=0x000000bc23df7460 mode 2
Event: 1105.145 Thread 0x000002519ecf6800 DEOPT PACKING pc=0x00000251869618de sp=0x000000bc23df7260
Event: 1105.145 Thread 0x000002519ecf6800 DEOPT UNPACKING pc=0x0000025184df66bf sp=0x000000bc23df66f8 mode 0
Event: 1105.171 Thread 0x000002519ecf6800 Uncommon trap: trap_request=0xffffff4d fr.pc=0x000002518c8a46c8 relative=0x0000000000000208
Event: 1105.171 Thread 0x000002519ecf6800 Uncommon trap: reason=unstable_if action=reinterpret pc=0x000002518c8a46c8 method=java.lang.String.isLatin1()Z @ 10 c2
Event: 1105.171 Thread 0x000002519ecf6800 DEOPT PACKING pc=0x000002518c8a46c8 sp=0x000000bc23df7c00
Event: 1105.171 Thread 0x000002519ecf6800 DEOPT UNPACKING pc=0x0000025184df68a9 sp=0x000000bc23df7b60 mode 2
Event: 1105.264 Thread 0x000002519ecf6800 Uncommon trap: trap_request=0xffffff4d fr.pc=0x000002518c9aba08 relative=0x00000000000008a8
Event: 1105.264 Thread 0x000002519ecf6800 Uncommon trap: reason=unstable_if action=reinterpret pc=0x000002518c9aba08 method=java.lang.Integer.stringSize(I)I @ 19 c2
Event: 1105.264 Thread 0x000002519ecf6800 DEOPT PACKING pc=0x000002518c9aba08 sp=0x000000bc23df7ac0
Event: 1105.264 Thread 0x000002519ecf6800 DEOPT UNPACKING pc=0x0000025184df68a9 sp=0x000000bc23df7a18 mode 2

Classes redefined (0 events):
No events

Internal exceptions (20 events):
Event: 1102.916 Thread 0x000002519ecf5800 Exception <a 'java/lang/NoSuchMethodError'{0x0000000089983368}: <clinit>> (0x0000000089983368) thrown at [./src/hotspot/share/prims/jni.cpp, line 1362]
Event: 1102.917 Thread 0x000002519ecf5800 Exception <a 'java/lang/NoSuchMethodError'{0x000000008998cbf8}: <clinit>> (0x000000008998cbf8) thrown at [./src/hotspot/share/prims/jni.cpp, line 1362]
Event: 1102.922 Thread 0x000002519ecf5800 Exception <a 'java/lang/NoSuchMethodError'{0x0000000089997420}: <clinit>> (0x0000000089997420) thrown at [./src/hotspot/share/prims/jni.cpp, line 1362]
Event: 1102.923 Thread 0x000002519ecf6800 Exception <a 'java/lang/NoSuchMethodError'{0x000000008999fac8}: 'java.lang.Object java.lang.invoke.Invokers$Holder.linkToTargetMethod(java.lang.Object, java.lang.Object, java.lang.Object, java.lang.Object, java.lang.Object, java.lang.Object, java.lang.Object, java.lang.Object)'> (0x000000008999fac8) thrown at [./src/hotspot/share/interpreter/linkResolver.cpp, line 773]
Event: 1102.923 Thread 0x000002519ecf5800 Exception <a 'java/lang/NoSuchMethodError'{0x0000000089810778}: <clinit>> (0x0000000089810778) thrown at [./src/hotspot/share/prims/jni.cpp, line 1362]
Event: 1102.924 Thread 0x000002519ecf5800 Exception <a 'java/lang/NoSuchMethodError'{0x0000000089811a50}: <clinit>> (0x0000000089811a50) thrown at [./src/hotspot/share/prims/jni.cpp, line 1362]
Event: 1102.956 Thread 0x000002519f859800 Exception <a 'java/lang/NoSuchMethodError'{0x0000000089601a68}: <clinit>> (0x0000000089601a68) thrown at [./src/hotspot/share/prims/jni.cpp, line 1362]
Event: 1102.959 Thread 0x000002519f859800 Exception <a 'java/lang/NoSuchMethodError'{0x0000000089641428}: <clinit>> (0x0000000089641428) thrown at [./src/hotspot/share/prims/jni.cpp, line 1362]
Event: 1103.004 Thread 0x000002519ecf5800 Exception <a 'java/lang/NoSuchMethodError'{0x000000008948e398}: <clinit>> (0x000000008948e398) thrown at [./src/hotspot/share/prims/jni.cpp, line 1362]
Event: 1103.240 Thread 0x000002519ecf6800 Exception <a 'java/lang/NoSuchMethodError'{0x0000000088b98008}: 'java.lang.Object java.lang.invoke.Invokers$Holder.linkToTargetMethod(java.lang.Object, java.lang.Object, java.lang.Object, java.lang.Object, java.lang.Object, java.lang.Object, java.lang.Object)'> (0x0000000088b98008) thrown at [./src/hotspot/share/interpreter/linkResolver.cpp, line 773]
Event: 1103.273 Thread 0x000002519ed00800 Exception <a 'java/lang/NoSuchMethodError'{0x0000000088806640}: 'java.lang.Object java.lang.invoke.DirectMethodHandle$Holder.invokeSpecialIFC(java.lang.Object, java.lang.Object, java.lang.Object)'> (0x0000000088806640) thrown at [./src/hotspot/share/interpreter/linkResolver.cpp, line 773]
Event: 1103.273 Thread 0x000002519ed02000 Exception <a 'java/lang/NoSuchMethodError'{0x0000000088809338}: 'java.lang.Object java.lang.invoke.DirectMethodHandle$Holder.invokeSpecialIFC(java.lang.Object, java.lang.Object, java.lang.Object)'> (0x0000000088809338) thrown at [./src/hotspot/share/interpreter/linkResolver.cpp, line 773]
Event: 1103.951 Thread 0x000002519ecff800 Implicit null exception at 0x000002518cdc0209 to 0x000002518cdc0a34
Event: 1104.382 Thread 0x000002519ecf6800 Exception <a 'java/lang/NoSuchMethodError'{0x00000000878c4690}: 'java.lang.Object java.lang.invoke.DirectMethodHandle$Holder.invokeSpecial(java.lang.Object, java.lang.Object, int, java.lang.Object, java.lang.Object)'> (0x00000000878c4690) thrown at [./src/hotspot/share/interpreter/linkResolver.cpp, line 773]
Event: 1104.383 Thread 0x000002519ecf6800 Exception <a 'java/lang/NoSuchMethodError'{0x00000000878cd418}: 'java.lang.Object java.lang.invoke.DirectMethodHandle$Holder.invokeStatic(java.lang.Object, java.lang.Object, int, java.lang.Object)'> (0x00000000878cd418) thrown at [./src/hotspot/share/interpreter/linkResolver.cpp, line 773]
Event: 1104.384 Thread 0x000002519ecf6800 Exception <a 'java/lang/NoSuchMethodError'{0x00000000878d1908}: 'java.lang.Object java.lang.invoke.Invokers$Holder.linkToTargetMethod(java.lang.Object, int, java.lang.Object, java.lang.Object)'> (0x00000000878d1908) thrown at [./src/hotspot/share/interpreter/linkResolver.cpp, line 773]
Event: 1104.386 Thread 0x000002519ecf6800 Exception <a 'java/lang/NoSuchMethodError'{0x00000000878eaac8}: 'void java.lang.invoke.DirectMethodHandle$Holder.invokeVirtual(java.lang.Object, java.lang.Object)'> (0x00000000878eaac8) thrown at [./src/hotspot/share/interpreter/linkResolver.cpp, line 773]
Event: 1104.921 Thread 0x000002519ecf6800 Implicit null exception at 0x000002518cd01cad to 0x000002518cd052fc
Event: 1105.268 Thread 0x000002519ecf6800 Exception <a 'java/lang/NoSuchMethodError'{0x0000000089e8cb88}: <clinit>> (0x0000000089e8cb88) thrown at [./src/hotspot/share/prims/jni.cpp, line 1362]
Event: 1105.276 Thread 0x000002519ecf6800 Exception <a 'java/lang/NoSuchMethodError'{0x0000000089d15500}: <clinit>> (0x0000000089d15500) thrown at [./src/hotspot/share/prims/jni.cpp, line 1362]

Events (20 events):
Event: 1105.306 Executing coalesced safepoint VM operation: RevokeBias
Event: 1105.306 Executing coalesced safepoint VM operation: RevokeBias done
Event: 1105.306 Executing VM operation: RevokeBias done
Event: 1105.306 loading class com/android/aaptcompiler/ResourceCompilerOptions
Event: 1105.306 loading class com/android/aaptcompiler/ResourceCompilerOptions done
Event: 1105.306 Executing VM operation: RevokeBias
Event: 1105.307 Executing coalesced safepoint VM operation: RevokeBias
Event: 1105.307 Executing coalesced safepoint VM operation: RevokeBias done
Event: 1105.307 Executing VM operation: RevokeBias done
Event: 1105.307 Executing VM operation: RevokeBias
Event: 1105.307 Executing VM operation: RevokeBias done
Event: 1105.307 Executing VM operation: RevokeBias
Event: 1105.308 Executing VM operation: RevokeBias done
Event: 1105.308 loading class com/android/build/gradle/internal/res/Aapt2ErrorUtils
Event: 1105.308 loading class com/android/build/gradle/internal/res/Aapt2ErrorUtils done
Event: 1105.309 Executing VM operation: RevokeBias
Event: 1105.309 Executing VM operation: RevokeBias done
Event: 1105.310 loading class com/android/aaptcompiler/BlameLogger
Event: 1105.310 loading class com/android/aaptcompiler/BlameLogger done
Event: 1105.310 Executing VM operation: CGC_Operation


Dynamic libraries:
0x00007ff64f500000 - 0x00007ff64f50a000 	C:\Program Files\Android\Android Studio\jre\bin\java.exe
0x00007ff994330000 - 0x00007ff994525000 	C:\Windows\SYSTEM32\ntdll.dll
0x00007ff992420000 - 0x00007ff9924dd000 	C:\Windows\System32\KERNEL32.DLL
0x00007ff9920c0000 - 0x00007ff992389000 	C:\Windows\System32\KERNELBASE.dll
0x00007ff991e30000 - 0x00007ff991f30000 	C:\Windows\System32\ucrtbase.dll
0x00007ff970af0000 - 0x00007ff970b07000 	C:\Program Files\Android\Android Studio\jre\bin\VCRUNTIME140.dll
0x00007ff970a20000 - 0x00007ff970a39000 	C:\Program Files\Android\Android Studio\jre\bin\jli.dll
0x00007ff993290000 - 0x00007ff993430000 	C:\Windows\System32\USER32.dll
0x00007ff991a60000 - 0x00007ff991a82000 	C:\Windows\System32\win32u.dll
0x00007ff96aac0000 - 0x00007ff96ad5a000 	C:\Windows\WinSxS\amd64_microsoft.windows.common-controls_6595b64144ccf1df_6.0.19041.1110_none_60b5254171f9507e\COMCTL32.dll
0x00007ff993f90000 - 0x00007ff993fba000 	C:\Windows\System32\GDI32.dll
0x00007ff993440000 - 0x00007ff9934de000 	C:\Windows\System32\msvcrt.dll
0x00007ff991b40000 - 0x00007ff991c4b000 	C:\Windows\System32\gdi32full.dll
0x00007ff991d90000 - 0x00007ff991e2d000 	C:\Windows\System32\msvcp_win.dll
0x00007ff9942a0000 - 0x00007ff9942d0000 	C:\Windows\System32\IMM32.DLL
0x00007ff964eb0000 - 0x00007ff964f4d000 	C:\Program Files\Android\Android Studio\jre\bin\msvcp140.dll
0x00007ff93ef80000 - 0x00007ff93fa3c000 	C:\Program Files\Android\Android Studio\jre\bin\server\jvm.dll
0x00007ff9941f0000 - 0x00007ff99429c000 	C:\Windows\System32\ADVAPI32.dll
0x00007ff993190000 - 0x00007ff99322b000 	C:\Windows\System32\sechost.dll
0x00007ff992910000 - 0x00007ff992a3a000 	C:\Windows\System32\RPCRT4.dll
0x00007ff993430000 - 0x00007ff993438000 	C:\Windows\System32\PSAPI.DLL
0x00007ff98d500000 - 0x00007ff98d509000 	C:\Windows\SYSTEM32\WSOCK32.dll
0x00007ff98c740000 - 0x00007ff98c74a000 	C:\Windows\SYSTEM32\VERSION.dll
0x00007ff993ec0000 - 0x00007ff993f2b000 	C:\Windows\System32\WS2_32.dll
0x00007ff969bd0000 - 0x00007ff969bf7000 	C:\Windows\SYSTEM32\WINMM.dll
0x00007ff98f990000 - 0x00007ff98f9a2000 	C:\Windows\SYSTEM32\kernel.appcore.dll
0x00007ff970c90000 - 0x00007ff970ca1000 	C:\Program Files\Android\Android Studio\jre\bin\verify.dll
0x00007ff988d60000 - 0x00007ff988f44000 	C:\Windows\SYSTEM32\DBGHELP.DLL
0x00007ff988cc0000 - 0x00007ff988cec000 	C:\Windows\SYSTEM32\dbgcore.DLL
0x00007ff991c50000 - 0x00007ff991cd3000 	C:\Windows\System32\bcryptPrimitives.dll
0x00007ff96b310000 - 0x00007ff96b339000 	C:\Program Files\Android\Android Studio\jre\bin\java.dll
0x00007ff98ce10000 - 0x00007ff98ce1b000 	C:\Program Files\Android\Android Studio\jre\bin\jimage.dll
0x00007ff96a2d0000 - 0x00007ff96a2e8000 	C:\Program Files\Android\Android Studio\jre\bin\zip.dll
0x00007ff993770000 - 0x00007ff993eaf000 	C:\Windows\System32\SHELL32.dll
0x00007ff98fb90000 - 0x00007ff990320000 	C:\Windows\SYSTEM32\windows.storage.dll
0x00007ff9925b0000 - 0x00007ff992905000 	C:\Windows\System32\combase.dll
0x00007ff9913e0000 - 0x00007ff99140c000 	C:\Windows\SYSTEM32\Wldp.dll
0x00007ff9934e0000 - 0x00007ff99358e000 	C:\Windows\System32\SHCORE.dll
0x00007ff993f30000 - 0x00007ff993f85000 	C:\Windows\System32\shlwapi.dll
0x00007ff9919a0000 - 0x00007ff9919bf000 	C:\Windows\SYSTEM32\profapi.dll
0x00007ff969fb0000 - 0x00007ff969fca000 	C:\Program Files\Android\Android Studio\jre\bin\net.dll
0x00007ff976980000 - 0x00007ff976a88000 	C:\Windows\SYSTEM32\WINHTTP.dll
0x00007ff991150000 - 0x00007ff9911ba000 	C:\Windows\system32\mswsock.dll
0x00007ff969f90000 - 0x00007ff969fa4000 	C:\Program Files\Android\Android Studio\jre\bin\nio.dll
0x00007ff966e80000 - 0x00007ff966ea7000 	C:\Users\User\.gradle\native\fdc75f09e3144964f2cf3f50f0aa648679c211496f362492102eb8c894070792\windows-amd64\native-platform.dll
0x00007ff937590000 - 0x00007ff937726000 	C:\Users\User\.gradle\native\12488b8bf47d2d4c9fbf2f6322a914ad602e24e48041cd04a747c6da556b65c4\windows-amd64\native-platform-file-events.dll
0x00007ff973b90000 - 0x00007ff973b9a000 	C:\Program Files\Android\Android Studio\jre\bin\management.dll
0x00007ff970c80000 - 0x00007ff970c8c000 	C:\Program Files\Android\Android Studio\jre\bin\management_ext.dll
0x00007ff991340000 - 0x00007ff991358000 	C:\Windows\SYSTEM32\CRYPTSP.dll
0x00007ff990ad0000 - 0x00007ff990b04000 	C:\Windows\system32\rsaenh.dll
0x00007ff991f30000 - 0x00007ff991f57000 	C:\Windows\System32\bcrypt.dll
0x00007ff991960000 - 0x00007ff99198e000 	C:\Windows\SYSTEM32\USERENV.dll
0x00007ff9917c0000 - 0x00007ff9917cc000 	C:\Windows\SYSTEM32\CRYPTBASE.dll
0x00007ff990e40000 - 0x00007ff990e7b000 	C:\Windows\SYSTEM32\IPHLPAPI.DLL
0x00007ff993eb0000 - 0x00007ff993eb8000 	C:\Windows\System32\NSI.dll
0x00007ff98af20000 - 0x00007ff98af37000 	C:\Windows\SYSTEM32\dhcpcsvc6.DLL
0x00007ff98b0f0000 - 0x00007ff98b10d000 	C:\Windows\SYSTEM32\dhcpcsvc.DLL
0x00007ff990e80000 - 0x00007ff990f4c000 	C:\Windows\SYSTEM32\DNSAPI.dll
0x00007ff98b300000 - 0x00007ff98b30b000 	C:\Windows\SYSTEM32\WINNSI.DLL

dbghelp: loaded successfully - version: 4.0.5 - missing functions: none
symbol engine: initialized successfully - sym options: 0x614 - pdb path: .;C:\Program Files\Android\Android Studio\jre\bin;C:\Windows\SYSTEM32;C:\Windows\WinSxS\amd64_microsoft.windows.common-controls_6595b64144ccf1df_6.0.19041.1110_none_60b5254171f9507e;C:\Program Files\Android\Android Studio\jre\bin\server;C:\Users\User\.gradle\native\fdc75f09e3144964f2cf3f50f0aa648679c211496f362492102eb8c894070792\windows-amd64;C:\Users\User\.gradle\native\12488b8bf47d2d4c9fbf2f6322a914ad602e24e48041cd04a747c6da556b65c4\windows-amd64

VM Arguments:
jvm_args: --add-opens=java.base/java.util=ALL-UNNAMED --add-opens=java.base/java.lang=ALL-UNNAMED --add-opens=java.base/java.lang.invoke=ALL-UNNAMED --add-opens=java.prefs/java.util.prefs=ALL-UNNAMED -Xmx2048m -Dfile.encoding=UTF-8 -Duser.country=RU -Duser.language=ru -Duser.variant 
java_command: org.gradle.launcher.daemon.bootstrap.GradleDaemon 6.7.1
java_class_path (initial): C:\Users\User\.gradle\wrapper\dists\gradle-6.7.1-bin\bwlcbys1h7rz3272sye1xwiv6\gradle-6.7.1\lib\gradle-launcher-6.7.1.jar
Launcher Type: SUN_STANDARD

[Global flags]
     intx CICompilerCount                          = 3                                         {product} {ergonomic}
     uint ConcGCThreads                            = 1                                         {product} {ergonomic}
     uint G1ConcRefinementThreads                  = 4                                         {product} {ergonomic}
   size_t G1HeapRegionSize                         = 1048576                                   {product} {ergonomic}
    uintx GCDrainStackTargetSize                   = 64                                        {product} {ergonomic}
   size_t InitialHeapSize                          = 96468992                                  {product} {ergonomic}
   size_t MarkStackSize                            = 4194304                                   {product} {ergonomic}
   size_t MaxHeapSize                              = 2147483648                                {product} {command line}
   size_t MaxNewSize                               = 1287651328                                {product} {ergonomic}
   size_t MinHeapDeltaBytes                        = 1048576                                   {product} {ergonomic}
    uintx NonNMethodCodeHeapSize                   = 5830732                                {pd product} {ergonomic}
    uintx NonProfiledCodeHeapSize                  = 122913754                              {pd product} {ergonomic}
    uintx ProfiledCodeHeapSize                     = 122913754                              {pd product} {ergonomic}
    uintx ReservedCodeCacheSize                    = 251658240                              {pd product} {ergonomic}
     bool SegmentedCodeCache                       = true                                      {product} {ergonomic}
     bool UseCompressedClassPointers               = true                                 {lp64_product} {ergonomic}
     bool UseCompressedOops                        = true                                 {lp64_product} {ergonomic}
     bool UseG1GC                                  = true                                      {product} {ergonomic}
     bool UseLargePagesIndividualAllocation        = false                                  {pd product} {ergonomic}

Logging:
Log output configuration:
 #0: stdout all=warning uptime,level,tags
 #1: stderr all=off uptime,level,tags

Environment Variables:
PATH=C:\Program Files (x86)\Intel\Intel(R) Management Engine Components\iCLS\;C:\Program Files\Intel\Intel(R) Management Engine Components\iCLS\;C:\Windows\system32;C:\Windows;C:\Windows\System32\Wbem;C:\Windows\System32\WindowsPowerShell\v1.0\;C:\Windows\System32\OpenSSH\;C:\Program Files (x86)\Intel\Intel(R) Management Engine Components\DAL;C:\Program Files\Intel\Intel(R) Management Engine Components\DAL;C:\Program Files (x86)\Intel\Intel(R) Management Engine Components\IPT;C:\Program Files\Intel\Intel(R) Management Engine Components\IPT;C:\Program Files\Git\cmd;C:\Users\User\AppData\Local\Microsoft\WindowsApps;
USERNAME=User
OS=Windows_NT
PROCESSOR_IDENTIFIER=Intel64 Family 6 Model 158 Stepping 10, GenuineIntel



---------------  S Y S T E M  ---------------

OS: Windows 10 , 64 bit Build 19041 (10.0.19041.1151)
OS uptime: 0 days 21:19 hours

CPU:total 4 (initial active 4) (2 cores per cpu, 2 threads per core) family 6 model 158 stepping 10, cmov, cx8, fxsr, mmx, sse, sse2, sse3, ssse3, sse4.1, sse4.2, popcnt, aes, clmul, erms, 3dnowpref, lzcnt, ht, tsc, tscinvbit

Memory: 4k page, system-wide physical 5853M (1111M free)
TotalPageFile size 8285M (AvailPageFile size 2589M)
current process WorkingSet (physical memory assigned to process): 378M, peak: 387M
current process commit charge ("private bytes"): 448M, peak: 451M

vm_info: OpenJDK 64-Bit Server VM (11.0.8+10-b944.6842174) for windows-amd64 JRE (11.0.8+10-b944.6842174), built on Sep 19 2020 01:11:42 by "builder" with MS VC++ 14.0 (VS2015)

END.
