#
# A fatal error has been detected by the Java Runtime Environment:
#
#  EXCEPTION_ACCESS_VIOLATION (0xc0000005) at pc=0x00007ff9c93e054c, pid=5288, tid=8968
#
# JRE version: OpenJDK Runtime Environment (11.0.8+10) (build 11.0.8+10-b944.6842174)
# Java VM: OpenJDK 64-Bit Server VM (11.0.8+10-b944.6842174, mixed mode, tiered, compressed oops, g1 gc, windows-amd64)
# Problematic frame:
# V  [jvm.dll+0x30054c]
#
# No core dump will be written. Minidumps are not enabled by default on client versions of Windows
#
# If you would like to submit a bug report, please visit:
#   https://bugreport.java.com/bugreport/crash.jsp
#

---------------  S U M M A R Y ------------

Command Line: --add-opens=java.base/java.util=ALL-UNNAMED --add-opens=java.base/java.lang=ALL-UNNAMED --add-opens=java.base/java.lang.invoke=ALL-UNNAMED --add-opens=java.prefs/java.util.prefs=ALL-UNNAMED -Xmx2048m -Dfile.encoding=UTF-8 -Duser.country=RU -Duser.language=ru -Duser.variant org.gradle.launcher.daemon.bootstrap.GradleDaemon 6.7.1

Host: Intel(R) Pentium(R) Gold G5420 CPU @ 3.80GHz, 4 cores, 5G,  Windows 10 , 64 bit Build 19041 (10.0.19041.1151)
Time: Tue Aug 24 23:20:36 2021 Пакистан (зима) elapsed time: 781 seconds (0d 0h 13m 1s)

---------------  T H R E A D  ---------------

Current thread (0x000001a838ef8800):  GCTaskThread "GC Thread#2" [stack: 0x00000034dbb00000,0x00000034dbc00000] [id=8968]

Stack: [0x00000034dbb00000,0x00000034dbc00000],  sp=0x00000034dbbff3d8,  free space=1020k
Native frames: (J=compiled Java code, j=interpreted, Vv=VM code, C=native code)
V  [jvm.dll+0x30054c]


siginfo: EXCEPTION_ACCESS_VIOLATION (0xc0000005), reading address 0x00000000000000f8


Register to memory mapping:

RIP=0x00007ff9c93e054c jvm.dll
RAX=0x0 is NULL
RBX=0x0000000084208a44 is pointing into object: java.util.concurrent.locks.ReentrantLock$NonfairSync 
{0x0000000084208a38} - klass: 'java/util/concurrent/locks/ReentrantLock$NonfairSync'
RCX=0x000001a81dab2b00 points into unknown readable memory: 00 00 00 00 00 00 00 00
RDX=0x0 is NULL
RSP=0x00000034dbbff3d8 points into unknown readable memory: 5d 30 3e c9 f9 7f 00 00
RBP=0x00000034dbbff638 points into unknown readable memory: b0 2c 8f c9 f9 7f 00 00
RSI=0x000000010009d470 is pointing into metadata
RDI=0x0000000084208a48 is pointing into object: java.util.concurrent.locks.ReentrantLock$NonfairSync 
{0x0000000084208a38} - klass: 'java/util/concurrent/locks/ReentrantLock$NonfairSync'
R8 =0x000000000000f000 is an unknown value
R9 =0x000001a81b9ebba0 points into unknown readable memory: c0 c3 8e c9 f9 7f 00 00
R10=0x00000034dbbff638 points into unknown readable memory: b0 2c 8f c9 f9 7f 00 00
R11=0x0000000084208a44 is pointing into object: java.util.concurrent.locks.ReentrantLock$NonfairSync 
{0x0000000084208a38} - klass: 'java/util/concurrent/locks/ReentrantLock$NonfairSync'
R12=0x00000034dbbff4b0 points into unknown readable memory: 00 8a 20 84 00 00 00 00
R13=0x000001a81daca4d8 points into unknown readable memory: 00 00 00 80 00 00 00 00
R14=0x000000010009d480 is a pointer to class: 
java.util.concurrent.locks.AbstractQueuedSynchronizer$Node {0x000000010009d488}
R15=0x0000000084208a38 is an oop: java.util.concurrent.locks.ReentrantLock$NonfairSync 
{0x0000000084208a38} - klass: 'java/util/concurrent/locks/ReentrantLock$NonfairSync'


Registers:
RAX=0x0000000000000000, RBX=0x0000000084208a44, RCX=0x000001a81dab2b00, RDX=0x0000000000000000
RSP=0x00000034dbbff3d8, RBP=0x00000034dbbff638, RSI=0x000000010009d470, RDI=0x0000000084208a48
R8 =0x000000000000f000, R9 =0x000001a81b9ebba0, R10=0x00000034dbbff638, R11=0x0000000084208a44
R12=0x00000034dbbff4b0, R13=0x000001a81daca4d8, R14=0x000000010009d480, R15=0x0000000084208a38
RIP=0x00007ff9c93e054c, EFLAGS=0x0000000000010213

Top of Stack: (sp=0x00000034dbbff3d8)
0x00000034dbbff3d8:   00007ff9c93e305d 000001a81db18490
0x00000034dbbff3e8:   00007ff9c93e9c26 000000008421f608
0x00000034dbbff3f8:   000001a81db184e8 0000000084208a00
0x00000034dbbff408:   000001a81db18490 0000000084208a58
0x00000034dbbff418:   00007ff9c93e8e7c 0000000084208a38
0x00000034dbbff428:   00000034dbbff638 0000000084208c00
0x00000034dbbff438:   0000000084208c00 000000022a90057b
0x00000034dbbff448:   0000000000000000 0000000000000000
0x00000034dbbff458:   0000000000000100 0000000000000042
0x00000034dbbff468:   00000034dbbff638 0000000000000000
0x00000034dbbff478:   00000034dbbff601 0000000084208a00
0x00000034dbbff488:   00007ff9c93ea740 0000000000000004
0x00000034dbbff498:   0000000000000100 000001a81b9e7030
0x00000034dbbff4a8:   0000000000000001 0000000084208a00
0x00000034dbbff4b8:   0000000000000040 00000034dbbff610
0x00000034dbbff4c8:   000001a838d38878 00000034dbbff610 

Instructions: (pc=0x00007ff9c93e054c)
0x00007ff9c93e044c:   00 49 8b 82 e0 06 00 00 48 d3 ea 0f b6 04 02 84
0x00007ff9c93e045c:   c0 7e 0b 49 8b d1 49 8b cb e9 36 12 fd ff 8b 0d
0x00007ff9c93e046c:   a8 54 6e 00 49 8b d0 49 33 d1 48 d3 ea 48 85 d2
0x00007ff9c93e047c:   74 2a 3c ff 75 26 4d 2b 42 10 49 8b 82 88 04 00
0x00007ff9c93e048c:   00 49 d3 e8 41 8b c8 80 3c 08 00 74 0f c6 04 08
0x00007ff9c93e049c:   00 49 8b 82 d0 06 00 00 c6 04 01 00 c3 cc cc cc
0x00007ff9c93e04ac:   cc cc cc cc 8b 02 4c 8b da 4c 8b d1 85 c0 0f 84
0x00007ff9c93e04bc:   af 00 00 00 8b 0d c2 c5 69 00 44 8b c0 4d 8b 4a
0x00007ff9c93e04cc:   10 49 d3 e0 4c 03 05 a9 c5 69 00 49 8b d0 41 8b
0x00007ff9c93e04dc:   89 f0 06 00 00 49 8b 81 e0 06 00 00 48 d3 ea 0f
0x00007ff9c93e04ec:   b6 04 02 84 c0 7e 0b 49 8b d3 49 8b ca e9 a2 11
0x00007ff9c93e04fc:   fd ff 41 8b 89 c0 02 00 00 49 8b d0 48 d3 ea 49
0x00007ff9c93e050c:   8b 89 b0 02 00 00 48 8b 14 d1 49 39 52 20 74 53
0x00007ff9c93e051c:   3c ff 75 2c 4d 2b 41 10 8b 0d ee 53 6e 00 49 8b
0x00007ff9c93e052c:   81 88 04 00 00 49 d3 e8 41 8b c8 80 3c 08 00 74
0x00007ff9c93e053c:   0f c6 04 08 00 49 8b 81 d0 06 00 00 c6 04 01 00
0x00007ff9c93e054c:   48 8b 8a f8 00 00 00 83 b9 18 01 00 00 00 74 13
0x00007ff9c93e055c:   45 8b 42 28 48 81 c1 90 00 00 00 49 8b d3 e9 f1
0x00007ff9c93e056c:   95 04 00 c3 40 57 48 83 ec 20 48 8b fa 48 8b d1
0x00007ff9c93e057c:   4c 8b 0f 4d 85 c9 74 65 4c 8b 51 10 4d 8b c1 41
0x00007ff9c93e058c:   8b 8a f0 06 00 00 49 8b 82 e0 06 00 00 49 d3 e8
0x00007ff9c93e059c:   41 0f b6 04 00 84 c0 7e 4a 48 8b 42 18 48 8b d7
0x00007ff9c93e05ac:   48 89 5c 24 30 48 8b 58 10 48 8b cb e8 c3 8b fd
0x00007ff9c93e05bc:   ff 84 c0 75 23 48 8b 43 20 48 39 43 38 75 09 48
0x00007ff9c93e05cc:   8d 4b 18 e8 3c 59 08 00 48 8b 4b 38 48 8b 43 50
0x00007ff9c93e05dc:   48 89 3c c8 48 ff 43 38 48 8b 5c 24 30 48 83 c4
0x00007ff9c93e05ec:   20 5f c3 8b 0d 23 53 6e 00 49 8b d1 48 33 d7 48
0x00007ff9c93e05fc:   d3 ea 48 85 d2 74 e6 3c ff 75 e2 4d 2b 4a 10 49
0x00007ff9c93e060c:   8b 82 88 04 00 00 49 d3 e9 41 8b c9 80 3c 08 00
0x00007ff9c93e061c:   74 cb c6 04 08 00 49 8b 82 d0 06 00 00 c6 04 01
0x00007ff9c93e062c:   00 48 83 c4 20 5f c3 cc cc cc cc cc cc cc cc cc
0x00007ff9c93e063c:   cc cc cc cc 40 57 48 83 ec 20 4c 8b 12 48 8b fa 


Stack slot to memory mapping:
stack at sp + 0 slots: 0x00007ff9c93e305d jvm.dll
stack at sp + 1 slots: 0x000001a81db18490 points into unknown readable memory: f0 9c 8f c9 f9 7f 00 00
stack at sp + 2 slots: 0x00007ff9c93e9c26 jvm.dll
stack at sp + 3 slots: 0x000000008421f608 is pointing into object: java.util.HashMap$Node 
{0x000000008421f600} - klass: 'java/util/HashMap$Node'
stack at sp + 4 slots: 0x000001a81db184e8 points into unknown readable memory: 00 00 30 84 00 00 00 00
stack at sp + 5 slots: 0x0000000084208a00 is pointing into object: org.gradle.cache.internal.LockOnDemandCrossProcessCacheAccess 
{0x00000000842089d0} - klass: 'org/gradle/cache/internal/LockOnDemandCrossProcessCacheAccess'
stack at sp + 6 slots: 0x000001a81db18490 points into unknown readable memory: f0 9c 8f c9 f9 7f 00 00
stack at sp + 7 slots: 0x0000000084208a58 is an oop: org.gradle.cache.internal.DefaultCacheAccess$$Lambda$96/0x0000000100256840 
{0x0000000084208a58} - klass: 'org/gradle/cache/internal/DefaultCacheAccess$$Lambda$96'


---------------  P R O C E S S  ---------------

Threads class SMR info:
_java_thread_list=0x000001a83f144c60, length=37, elements={
0x000001a81da8e800, 0x000001a8374e3000, 0x000001a8374e4000, 0x000001a8374fe800,
0x000001a837502800, 0x000001a837503000, 0x000001a837507000, 0x000001a83751c000,
0x000001a837fc6000, 0x000001a837fd8800, 0x000001a83a29d000, 0x000001a839b74000,
0x000001a83987b000, 0x000001a83837c800, 0x000001a83837a800, 0x000001a838378000,
0x000001a83b4a8800, 0x000001a83b4a8000, 0x000001a839ae8000, 0x000001a8413ac800,
0x000001a8413ab000, 0x000001a8413a9000, 0x000001a8413ab800, 0x000001a84157f800,
0x000001a841580800, 0x000001a84157a800, 0x000001a84157c000, 0x000001a841581000,
0x000001a84157b800, 0x000001a841582800, 0x000001a84157e800, 0x000001a841582000,
0x000001a84157d000, 0x000001a841583800, 0x000001a841585000, 0x000001a841587000,
0x000001a843a7c800
}

Java Threads: ( => current thread )
  0x000001a81da8e800 JavaThread "main" [_thread_blocked, id=3608, stack(0x00000034d9d00000,0x00000034d9e00000)]
  0x000001a8374e3000 JavaThread "Reference Handler" daemon [_thread_blocked, id=6340, stack(0x00000034da400000,0x00000034da500000)]
  0x000001a8374e4000 JavaThread "Finalizer" daemon [_thread_blocked, id=8388, stack(0x00000034da500000,0x00000034da600000)]
  0x000001a8374fe800 JavaThread "Signal Dispatcher" daemon [_thread_blocked, id=8384, stack(0x00000034da600000,0x00000034da700000)]
  0x000001a837502800 JavaThread "Attach Listener" daemon [_thread_blocked, id=3140, stack(0x00000034da700000,0x00000034da800000)]
  0x000001a837503000 JavaThread "C2 CompilerThread0" daemon [_thread_in_native, id=8376, stack(0x00000034da800000,0x00000034da900000)]
  0x000001a837507000 JavaThread "C1 CompilerThread0" daemon [_thread_blocked, id=4044, stack(0x00000034da900000,0x00000034daa00000)]
  0x000001a83751c000 JavaThread "Sweeper thread" daemon [_thread_blocked, id=4024, stack(0x00000034daa00000,0x00000034dab00000)]
  0x000001a837fc6000 JavaThread "Common-Cleaner" daemon [_thread_blocked, id=4048, stack(0x00000034dab00000,0x00000034dac00000)]
  0x000001a837fd8800 JavaThread "Service Thread" daemon [_thread_blocked, id=3788, stack(0x00000034dac00000,0x00000034dad00000)]
  0x000001a83a29d000 JavaThread "Daemon health stats" [_thread_blocked, id=4132, stack(0x00000034db000000,0x00000034db100000)]
  0x000001a839b74000 JavaThread "Incoming local TCP Connector on port 49715" [_thread_in_native, id=988, stack(0x00000034db200000,0x00000034db300000)]
  0x000001a83987b000 JavaThread "Daemon periodic checks" [_thread_blocked, id=860, stack(0x00000034db300000,0x00000034db400000)]
  0x000001a83837c800 JavaThread "Cache worker for file hash cache (C:\Users\User\.gradle\caches\6.7.1\fileHashes)" [_thread_blocked, id=4556, stack(0x00000034dbd00000,0x00000034dbe00000)]
  0x000001a83837a800 JavaThread "File lock request listener" [_thread_in_native, id=3556, stack(0x00000034dbe00000,0x00000034dbf00000)]
  0x000001a838378000 JavaThread "Cache worker for journal cache (C:\Users\User\.gradle\caches\journal-1)" [_thread_blocked, id=7776, stack(0x00000034dbf00000,0x00000034dc000000)]
  0x000001a83b4a8800 JavaThread "Cache worker for execution history cache (C:\Users\User\.gradle\caches\6.7.1\executionHistory)" [_thread_blocked, id=3412, stack(0x00000034dcc00000,0x00000034dcd00000)]
  0x000001a83b4a8000 JavaThread "Cache worker for file content cache (C:\Users\User\.gradle\caches\6.7.1\fileContent)" [_thread_blocked, id=8588, stack(0x00000034dcd00000,0x00000034dce00000)]
  0x000001a839ae8000 JavaThread "Memory manager" [_thread_blocked, id=4508, stack(0x00000034e4500000,0x00000034e4600000)]
  0x000001a8413ac800 JavaThread "RMI Scheduler(0)" daemon [_thread_blocked, id=8584, stack(0x00000034dcf00000,0x00000034dd000000)]
  0x000001a8413ab000 JavaThread "RMI GC Daemon" daemon [_thread_blocked, id=1348, stack(0x00000034e4a00000,0x00000034e4b00000)]
  0x000001a8413a9000 JavaThread "RMI TCP Accept-0" daemon [_thread_in_native, id=6132, stack(0x00000034e4b00000,0x00000034e4c00000)]
  0x000001a8413ab800 JavaThread "RMI Reaper" [_thread_blocked, id=4912, stack(0x00000034e4c00000,0x00000034e4d00000)]
  0x000001a84157f800 JavaThread "ForkJoinPool.commonPool-worker-7" daemon [_thread_blocked, id=5568, stack(0x00000034e5600000,0x00000034e5700000)]
  0x000001a841580800 JavaThread "Daemon Thread 2" [_thread_blocked, id=8908, stack(0x00000034d9a00000,0x00000034d9b00000)]
  0x000001a84157a800 JavaThread "Handler for socket connection from /127.0.0.1:49715 to /127.0.0.1:49787" [_thread_in_native, id=5472, stack(0x00000034d9b00000,0x00000034d9c00000)]
  0x000001a84157c000 JavaThread "Cancel handler" [_thread_blocked, id=2556, stack(0x00000034d9c00000,0x00000034d9d00000)]
  0x000001a841581000 JavaThread "Daemon worker Thread 2" [_thread_blocked, id=1896, stack(0x00000034daf00000,0x00000034db000000)]
  0x000001a84157b800 JavaThread "Asynchronous log dispatcher for DefaultDaemonConnection: socket connection from /127.0.0.1:49715 to /127.0.0.1:49787" [_thread_blocked, id=2636, stack(0x00000034db100000,0x00000034db200000)]
  0x000001a841582800 JavaThread "Stdin handler" [_thread_blocked, id=5268, stack(0x00000034db400000,0x00000034db500000)]
  0x000001a84157e800 JavaThread "Thread-213" [_thread_blocked, id=1044, stack(0x00000034db500000,0x00000034db600000)]
  0x000001a841582000 JavaThread "Cache worker for file hash cache (C:\Users\User\AndroidStudioProjects\EisenkTest\.gradle\6.7.1\fileHashes)" [_thread_blocked, id=3044, stack(0x00000034db600000,0x00000034db700000)]
  0x000001a84157d000 JavaThread "Cache worker for checksums cache (C:\Users\User\AndroidStudioProjects\EisenkTest\.gradle\checksums)" [_thread_blocked, id=6484, stack(0x00000034db700000,0x00000034db800000)]
  0x000001a841583800 JavaThread "Cache worker for cache directory md-supplier (C:\Users\User\.gradle\caches\6.7.1\md-supplier)" [_thread_blocked, id=5100, stack(0x00000034db800000,0x00000034db900000)]
  0x000001a841585000 JavaThread "Cache worker for cache directory md-rule (C:\Users\User\.gradle\caches\6.7.1\md-rule)" [_thread_blocked, id=4596, stack(0x00000034db900000,0x00000034dba00000)]
  0x000001a841587000 JavaThread "Cache worker for Build Output Cleanup Cache (C:\Users\User\AndroidStudioProjects\EisenkTest\.gradle\buildOutputCleanup)" [_thread_blocked, id=1780, stack(0x00000034dba00000,0x00000034dbb00000)]
  0x000001a843a7c800 JavaThread "C2 CompilerThread1" daemon [_thread_blocked, id=456, stack(0x00000034dc000000,0x00000034dc100000)]

Other Threads:
  0x000001a8374dc800 VMThread "VM Thread" [stack: 0x00000034da300000,0x00000034da400000] [id=8996]
  0x000001a837fd9800 WatcherThread [stack: 0x00000034dad00000,0x00000034dae00000] [id=3604]
  0x000001a81daa2000 GCTaskThread "GC Thread#0" [stack: 0x00000034d9e00000,0x00000034d9f00000] [id=3580]
  0x000001a83825e800 GCTaskThread "GC Thread#1" [stack: 0x00000034dae00000,0x00000034daf00000] [id=4032]
=>0x000001a838ef8800 GCTaskThread "GC Thread#2" [stack: 0x00000034dbb00000,0x00000034dbc00000] [id=8968]
  0x000001a838380800 GCTaskThread "GC Thread#3" [stack: 0x00000034dbc00000,0x00000034dbd00000] [id=3408]
  0x000001a81dad3000 ConcurrentGCThread "G1 Main Marker" [stack: 0x00000034d9f00000,0x00000034da000000] [id=1228]
  0x000001a81dad5800 ConcurrentGCThread "G1 Conc#0" [stack: 0x00000034da000000,0x00000034da100000] [id=8380]
  0x000001a81db37800 ConcurrentGCThread "G1 Refine#0" [stack: 0x00000034da100000,0x00000034da200000] [id=8028]
  0x000001a81db38800 ConcurrentGCThread "G1 Young RemSet Sampling" [stack: 0x00000034da200000,0x00000034da300000] [id=3612]

Threads with active compile tasks:
C2 CompilerThread0 781808 15193       4       java.lang.reflect.Constructor::newInstance (76 bytes)
C2 CompilerThread1 781808 15202       4       org.gradle.api.internal.artifacts.ivyservice.resolveengine.result.DesugaredAttributeContainerSerializer::read (155 bytes)

VM state:at safepoint (normal execution)

VM Mutex/Monitor currently owned by a thread:  ([mutex/lock_event])
[0x000001a81da8bd20] Threads_lock - owner thread: 0x000001a8374dc800
[0x000001a81da8bc90] Heap_lock - owner thread: 0x000001a841581000

Heap address: 0x0000000080000000, size: 2048 MB, Compressed Oops mode: 32-bit
Narrow klass base: 0x0000000000000000, Narrow klass shift: 3
Compressed class space size: 1073741824 Address: 0x0000000100000000

Heap:
 garbage-first heap   total 198656K, used 177966K [0x0000000080000000, 0x0000000100000000)
  region size 1024K, 70 young (71680K), 7 survivors (7168K)
 Metaspace       used 107921K, capacity 110932K, committed 111012K, reserved 1144832K
  class space    used 13850K, capacity 14896K, committed 14976K, reserved 1048576K
Heap Regions: E=young(eden), S=young(survivor), O=old, HS=humongous(starts), HC=humongous(continues), CS=collection set, F=free, A=archive, TAMS=top-at-mark-start (previous, next)
|   0|0x0000000080000000, 0x0000000080100000, 0x0000000080100000|100%| O|  |TAMS 0x0000000080100000, 0x0000000080000000| Untracked 
|   1|0x0000000080100000, 0x0000000080200000, 0x0000000080200000|100%| O|  |TAMS 0x0000000080200000, 0x0000000080100000| Complete 
|   2|0x0000000080200000, 0x0000000080300000, 0x0000000080300000|100%| O|  |TAMS 0x0000000080300000, 0x0000000080200000| Untracked 
|   3|0x0000000080300000, 0x0000000080400000, 0x0000000080400000|100%|HS|  |TAMS 0x0000000080400000, 0x0000000080300000| Complete 
|   4|0x0000000080400000, 0x0000000080500000, 0x0000000080500000|100%|HC|  |TAMS 0x0000000080500000, 0x0000000080400000| Complete 
|   5|0x0000000080500000, 0x0000000080600000, 0x0000000080600000|100%|HC|  |TAMS 0x0000000080600000, 0x0000000080500000| Complete 
|   6|0x0000000080600000, 0x0000000080700000, 0x0000000080700000|100%| O|  |TAMS 0x0000000080700000, 0x0000000080600000| Untracked 
|   7|0x0000000080700000, 0x0000000080800000, 0x0000000080800000|100%| O|  |TAMS 0x0000000080800000, 0x0000000080700000| Untracked 
|   8|0x0000000080800000, 0x0000000080900000, 0x0000000080900000|100%| O|  |TAMS 0x0000000080900000, 0x0000000080800000| Untracked 
|   9|0x0000000080900000, 0x0000000080a00000, 0x0000000080a00000|100%| O|  |TAMS 0x0000000080a00000, 0x0000000080900000| Untracked 
|  10|0x0000000080a00000, 0x0000000080b00000, 0x0000000080b00000|100%| O|  |TAMS 0x0000000080b00000, 0x0000000080a00000| Untracked 
|  11|0x0000000080b00000, 0x0000000080c00000, 0x0000000080c00000|100%| O|  |TAMS 0x0000000080c00000, 0x0000000080b00000| Untracked 
|  12|0x0000000080c00000, 0x0000000080d00000, 0x0000000080d00000|100%| O|  |TAMS 0x0000000080d00000, 0x0000000080c00000| Untracked 
|  13|0x0000000080d00000, 0x0000000080e00000, 0x0000000080e00000|100%| O|  |TAMS 0x0000000080e00000, 0x0000000080d00000| Untracked 
|  14|0x0000000080e00000, 0x0000000080f00000, 0x0000000080f00000|100%| O|  |TAMS 0x0000000080f00000, 0x0000000080e00000| Untracked 
|  15|0x0000000080f00000, 0x0000000081000000, 0x0000000081000000|100%| O|  |TAMS 0x0000000081000000, 0x0000000080f00000| Untracked 
|  16|0x0000000081000000, 0x0000000081100000, 0x0000000081100000|100%|HS|  |TAMS 0x0000000081100000, 0x0000000081000000| Complete 
|  17|0x0000000081100000, 0x0000000081200000, 0x0000000081200000|100%|HC|  |TAMS 0x0000000081200000, 0x0000000081100000| Complete 
|  18|0x0000000081200000, 0x0000000081300000, 0x0000000081300000|100%|HS|  |TAMS 0x0000000081300000, 0x0000000081200000| Complete 
|  19|0x0000000081300000, 0x0000000081400000, 0x0000000081400000|100%|HC|  |TAMS 0x0000000081400000, 0x0000000081300000| Complete 
|  20|0x0000000081400000, 0x0000000081500000, 0x0000000081500000|100%|HC|  |TAMS 0x0000000081500000, 0x0000000081400000| Complete 
|  21|0x0000000081500000, 0x0000000081600000, 0x0000000081600000|100%| O|  |TAMS 0x0000000081600000, 0x0000000081500000| Untracked 
|  22|0x0000000081600000, 0x0000000081700000, 0x0000000081700000|100%| O|  |TAMS 0x0000000081700000, 0x0000000081600000| Complete 
|  23|0x0000000081700000, 0x0000000081800000, 0x0000000081800000|100%| O|  |TAMS 0x0000000081800000, 0x0000000081700000| Untracked 
|  24|0x0000000081800000, 0x0000000081900000, 0x0000000081900000|100%| O|  |TAMS 0x0000000081900000, 0x0000000081800000| Complete 
|  25|0x0000000081900000, 0x0000000081a00000, 0x0000000081a00000|100%| O|  |TAMS 0x0000000081a00000, 0x0000000081900000| Untracked 
|  26|0x0000000081a00000, 0x0000000081b00000, 0x0000000081b00000|100%| O|  |TAMS 0x0000000081b00000, 0x0000000081a00000| Untracked 
|  27|0x0000000081b00000, 0x0000000081c00000, 0x0000000081c00000|100%| O|  |TAMS 0x0000000081c00000, 0x0000000081b00000| Untracked 
|  28|0x0000000081c00000, 0x0000000081d00000, 0x0000000081d00000|100%| O|  |TAMS 0x0000000081d00000, 0x0000000081c00000| Complete 
|  29|0x0000000081d00000, 0x0000000081e00000, 0x0000000081e00000|100%| O|  |TAMS 0x0000000081e00000, 0x0000000081d00000| Untracked 
|  30|0x0000000081e00000, 0x0000000081f00000, 0x0000000081f00000|100%|HS|  |TAMS 0x0000000081f00000, 0x0000000081e00000| Complete 
|  31|0x0000000081f00000, 0x0000000082000000, 0x0000000082000000|100%|HS|  |TAMS 0x0000000082000000, 0x0000000081f00000| Complete 
|  32|0x0000000082000000, 0x0000000082100000, 0x0000000082100000|100%|HC|  |TAMS 0x0000000082100000, 0x0000000082000000| Complete 
|  33|0x0000000082100000, 0x0000000082200000, 0x0000000082200000|100%|HC|  |TAMS 0x0000000082200000, 0x0000000082100000| Complete 
|  34|0x0000000082200000, 0x0000000082300000, 0x0000000082300000|100%|HS|  |TAMS 0x0000000082300000, 0x0000000082200000| Complete 
|  35|0x0000000082300000, 0x0000000082400000, 0x0000000082400000|100%|HC|  |TAMS 0x0000000082400000, 0x0000000082300000| Complete 
|  36|0x0000000082400000, 0x0000000082500000, 0x0000000082500000|100%| O|  |TAMS 0x0000000082500000, 0x0000000082400000| Complete 
|  37|0x0000000082500000, 0x0000000082600000, 0x0000000082600000|100%| O|  |TAMS 0x0000000082600000, 0x0000000082500000| Untracked 
|  38|0x0000000082600000, 0x0000000082700000, 0x0000000082700000|100%| O|  |TAMS 0x0000000082700000, 0x0000000082600000| Complete 
|  39|0x0000000082700000, 0x0000000082800000, 0x0000000082800000|100%| O|  |TAMS 0x0000000082800000, 0x0000000082700000| Untracked 
|  40|0x0000000082800000, 0x0000000082900000, 0x0000000082900000|100%| O|  |TAMS 0x0000000082900000, 0x0000000082800000| Untracked 
|  41|0x0000000082900000, 0x0000000082a00000, 0x0000000082a00000|100%| O|  |TAMS 0x0000000082a00000, 0x0000000082900000| Complete 
|  42|0x0000000082a00000, 0x0000000082b00000, 0x0000000082b00000|100%| O|  |TAMS 0x0000000082b00000, 0x0000000082a00000| Untracked 
|  43|0x0000000082b00000, 0x0000000082c00000, 0x0000000082c00000|100%| O|  |TAMS 0x0000000082c00000, 0x0000000082b00000| Untracked 
|  44|0x0000000082c00000, 0x0000000082d00000, 0x0000000082d00000|100%| O|  |TAMS 0x0000000082d00000, 0x0000000082c00000| Untracked 
|  45|0x0000000082d00000, 0x0000000082e00000, 0x0000000082e00000|100%| O|  |TAMS 0x0000000082e00000, 0x0000000082d00000| Untracked 
|  46|0x0000000082e00000, 0x0000000082f00000, 0x0000000082f00000|100%| O|  |TAMS 0x0000000082f00000, 0x0000000082e00000| Untracked 
|  47|0x0000000082f00000, 0x0000000083000000, 0x0000000083000000|100%| O|  |TAMS 0x0000000083000000, 0x0000000082f00000| Complete 
|  48|0x0000000083000000, 0x0000000083100000, 0x0000000083100000|100%| O|  |TAMS 0x0000000083100000, 0x0000000083000000| Complete 
|  49|0x0000000083100000, 0x0000000083200000, 0x0000000083200000|100%| O|  |TAMS 0x0000000083200000, 0x0000000083100000| Complete 
|  50|0x0000000083200000, 0x0000000083300000, 0x0000000083300000|100%| O|  |TAMS 0x0000000083300000, 0x0000000083200000| Complete 
|  51|0x0000000083300000, 0x0000000083400000, 0x0000000083400000|100%| O|  |TAMS 0x0000000083400000, 0x0000000083300000| Complete 
|  52|0x0000000083400000, 0x0000000083500000, 0x0000000083500000|100%| O|  |TAMS 0x0000000083500000, 0x0000000083400000| Untracked 
|  53|0x0000000083500000, 0x0000000083600000, 0x0000000083600000|100%| O|  |TAMS 0x0000000083600000, 0x0000000083500000| Untracked 
|  54|0x0000000083600000, 0x0000000083700000, 0x0000000083700000|100%| O|  |TAMS 0x0000000083700000, 0x0000000083600000| Untracked 
|  55|0x0000000083700000, 0x0000000083800000, 0x0000000083800000|100%| O|  |TAMS 0x0000000083800000, 0x0000000083700000| Untracked 
|  56|0x0000000083800000, 0x0000000083900000, 0x0000000083900000|100%| O|  |TAMS 0x0000000083900000, 0x0000000083800000| Untracked 
|  57|0x0000000083900000, 0x0000000083a00000, 0x0000000083a00000|100%| O|  |TAMS 0x0000000083a00000, 0x0000000083900000| Untracked 
|  58|0x0000000083a00000, 0x0000000083b00000, 0x0000000083b00000|100%| O|  |TAMS 0x0000000083b00000, 0x0000000083a00000| Untracked 
|  59|0x0000000083b00000, 0x0000000083c00000, 0x0000000083c00000|100%| O|  |TAMS 0x0000000083c00000, 0x0000000083b00000| Complete 
|  60|0x0000000083c00000, 0x0000000083d00000, 0x0000000083d00000|100%| O|  |TAMS 0x0000000083d00000, 0x0000000083c00000| Untracked 
|  61|0x0000000083d00000, 0x0000000083e00000, 0x0000000083e00000|100%| O|  |TAMS 0x0000000083e00000, 0x0000000083d00000| Untracked 
|  62|0x0000000083e00000, 0x0000000083f00000, 0x0000000083f00000|100%| O|  |TAMS 0x0000000083f00000, 0x0000000083e00000| Untracked 
|  63|0x0000000083f00000, 0x0000000084000000, 0x0000000084000000|100%| O|  |TAMS 0x0000000084000000, 0x0000000083f00000| Untracked 
|  64|0x0000000084000000, 0x0000000084100000, 0x0000000084100000|100%| O|  |TAMS 0x0000000084100000, 0x0000000084000000| Untracked 
|  65|0x0000000084100000, 0x0000000084200000, 0x0000000084200000|100%| O|  |TAMS 0x0000000084200000, 0x0000000084100000| Complete 
|  66|0x0000000084200000, 0x0000000084300000, 0x0000000084300000|100%| O|  |TAMS 0x0000000084300000, 0x0000000084200000| Complete 
|  67|0x0000000084300000, 0x0000000084400000, 0x0000000084400000|100%| O|  |TAMS 0x0000000084400000, 0x0000000084300000| Complete 
|  68|0x0000000084400000, 0x0000000084500000, 0x0000000084500000|100%| O|  |TAMS 0x0000000084500000, 0x0000000084400000| Untracked 
|  69|0x0000000084500000, 0x0000000084600000, 0x0000000084600000|100%| O|  |TAMS 0x0000000084600000, 0x0000000084500000| Untracked 
|  70|0x0000000084600000, 0x0000000084700000, 0x0000000084700000|100%| O|  |TAMS 0x0000000084700000, 0x0000000084600000| Complete 
|  71|0x0000000084700000, 0x0000000084800000, 0x0000000084800000|100%| O|  |TAMS 0x0000000084800000, 0x0000000084700000| Complete 
|  72|0x0000000084800000, 0x0000000084900000, 0x0000000084900000|100%| O|  |TAMS 0x0000000084900000, 0x0000000084800000| Untracked 
|  73|0x0000000084900000, 0x0000000084a00000, 0x0000000084a00000|100%| O|  |TAMS 0x0000000084a00000, 0x0000000084900000| Complete 
|  74|0x0000000084a00000, 0x0000000084b00000, 0x0000000084b00000|100%| O|  |TAMS 0x0000000084b00000, 0x0000000084a00000| Complete 
|  75|0x0000000084b00000, 0x0000000084c00000, 0x0000000084c00000|100%| O|  |TAMS 0x0000000084c00000, 0x0000000084b00000| Complete 
|  76|0x0000000084c00000, 0x0000000084d00000, 0x0000000084d00000|100%| O|  |TAMS 0x0000000084d00000, 0x0000000084c00000| Complete 
|  77|0x0000000084d00000, 0x0000000084e00000, 0x0000000084e00000|100%| O|  |TAMS 0x0000000084e00000, 0x0000000084d00000| Complete 
|  78|0x0000000084e00000, 0x0000000084f00000, 0x0000000084f00000|100%| O|  |TAMS 0x0000000084f00000, 0x0000000084e00000| Complete 
|  79|0x0000000084f00000, 0x0000000085000000, 0x0000000085000000|100%| O|  |TAMS 0x0000000085000000, 0x0000000084f00000| Complete 
|  80|0x0000000085000000, 0x0000000085100000, 0x0000000085100000|100%| O|  |TAMS 0x0000000085100000, 0x0000000085000000| Complete 
|  81|0x0000000085100000, 0x0000000085200000, 0x0000000085200000|100%| O|  |TAMS 0x0000000085200000, 0x0000000085100000| Complete 
|  82|0x0000000085200000, 0x0000000085300000, 0x0000000085300000|100%| O|  |TAMS 0x0000000085300000, 0x0000000085200000| Untracked 
|  83|0x0000000085300000, 0x0000000085400000, 0x0000000085400000|100%| O|  |TAMS 0x0000000085400000, 0x0000000085300000| Untracked 
|  84|0x0000000085400000, 0x0000000085500000, 0x0000000085500000|100%| O|  |TAMS 0x0000000085500000, 0x0000000085400000| Untracked 
|  85|0x0000000085500000, 0x0000000085600000, 0x0000000085600000|100%| O|  |TAMS 0x0000000085600000, 0x0000000085500000| Complete 
|  86|0x0000000085600000, 0x0000000085700000, 0x0000000085700000|100%| O|  |TAMS 0x0000000085700000, 0x0000000085600000| Complete 
|  87|0x0000000085700000, 0x0000000085800000, 0x0000000085800000|100%| O|  |TAMS 0x0000000085800000, 0x0000000085700000| Complete 
|  88|0x0000000085800000, 0x0000000085900000, 0x0000000085900000|100%| O|  |TAMS 0x0000000085900000, 0x0000000085800000| Complete 
|  89|0x0000000085900000, 0x0000000085a00000, 0x0000000085a00000|100%|HS|  |TAMS 0x0000000085900000, 0x0000000085900000| Complete 
|  90|0x0000000085a00000, 0x0000000085b00000, 0x0000000085b00000|100%|HC|  |TAMS 0x0000000085a00000, 0x0000000085a00000| Complete 
|  91|0x0000000085b00000, 0x0000000085c00000, 0x0000000085c00000|100%| O|  |TAMS 0x0000000085c00000, 0x0000000085b00000| Complete 
|  92|0x0000000085c00000, 0x0000000085d00000, 0x0000000085d00000|100%|HS|  |TAMS 0x0000000085c00000, 0x0000000085c00000| Complete 
|  93|0x0000000085d00000, 0x0000000085e00000, 0x0000000085e00000|100%|HC|  |TAMS 0x0000000085d00000, 0x0000000085d00000| Complete 
|  94|0x0000000085e00000, 0x0000000085f00000, 0x0000000085f00000|100%|HS|  |TAMS 0x0000000085e00000, 0x0000000085e00000| Complete 
|  95|0x0000000085f00000, 0x0000000086000000, 0x0000000086000000|100%|HC|  |TAMS 0x0000000085f00000, 0x0000000085f00000| Complete 
|  96|0x0000000086000000, 0x0000000086000000, 0x0000000086100000|  0%| F|  |TAMS 0x0000000086000000, 0x0000000086000000| Untracked 
|  97|0x0000000086100000, 0x0000000086200000, 0x0000000086200000|100%| O|  |TAMS 0x0000000086200000, 0x0000000086100000| Complete 
|  98|0x0000000086200000, 0x0000000086300000, 0x0000000086300000|100%| O|  |TAMS 0x0000000086300000, 0x0000000086200000| Untracked 
|  99|0x0000000086300000, 0x0000000086400000, 0x0000000086400000|100%| O|  |TAMS 0x0000000086400000, 0x0000000086300000| Untracked 
| 100|0x0000000086400000, 0x0000000086500000, 0x0000000086500000|100%| O|  |TAMS 0x0000000086500000, 0x0000000086400000| Complete 
| 101|0x0000000086500000, 0x0000000086600000, 0x0000000086600000|100%|HS|  |TAMS 0x0000000086500000, 0x0000000086500000| Complete 
| 102|0x0000000086600000, 0x0000000086700000, 0x0000000086700000|100%|HC|  |TAMS 0x0000000086600000, 0x0000000086600000| Complete 
| 103|0x0000000086700000, 0x0000000086800000, 0x0000000086800000|100%|HS|  |TAMS 0x0000000086700000, 0x0000000086700000| Complete 
| 104|0x0000000086800000, 0x0000000086900000, 0x0000000086900000|100%|HC|  |TAMS 0x0000000086800000, 0x0000000086800000| Complete 
| 105|0x0000000086900000, 0x0000000086a00000, 0x0000000086a00000|100%|HS|  |TAMS 0x0000000086900000, 0x0000000086900000| Complete 
| 106|0x0000000086a00000, 0x0000000086b00000, 0x0000000086b00000|100%|HC|  |TAMS 0x0000000086a00000, 0x0000000086a00000| Complete 
| 107|0x0000000086b00000, 0x0000000086c00000, 0x0000000086c00000|100%|HS|  |TAMS 0x0000000086b00000, 0x0000000086b00000| Complete 
| 108|0x0000000086c00000, 0x0000000086d00000, 0x0000000086d00000|100%|HC|  |TAMS 0x0000000086c00000, 0x0000000086c00000| Complete 
| 109|0x0000000086d00000, 0x0000000086d00000, 0x0000000086e00000|  0%| F|  |TAMS 0x0000000086d00000, 0x0000000086d00000| Untracked 
| 110|0x0000000086e00000, 0x0000000086e00000, 0x0000000086f00000|  0%| F|  |TAMS 0x0000000086e00000, 0x0000000086e00000| Untracked 
| 111|0x0000000086f00000, 0x0000000086f00000, 0x0000000087000000|  0%| F|  |TAMS 0x0000000086f00000, 0x0000000086f00000| Untracked 
| 112|0x0000000087000000, 0x0000000087000000, 0x0000000087100000|  0%| F|  |TAMS 0x0000000087000000, 0x0000000087000000| Untracked 
| 113|0x0000000087100000, 0x0000000087100000, 0x0000000087200000|  0%| F|  |TAMS 0x0000000087100000, 0x0000000087100000| Untracked 
| 114|0x0000000087200000, 0x0000000087200000, 0x0000000087300000|  0%| F|  |TAMS 0x0000000087200000, 0x0000000087200000| Untracked 
| 115|0x0000000087300000, 0x0000000087300000, 0x0000000087400000|  0%| F|  |TAMS 0x0000000087300000, 0x0000000087300000| Untracked 
| 116|0x0000000087400000, 0x0000000087400000, 0x0000000087500000|  0%| F|  |TAMS 0x0000000087400000, 0x0000000087400000| Untracked 
| 117|0x0000000087500000, 0x0000000087500000, 0x0000000087600000|  0%| F|  |TAMS 0x0000000087500000, 0x0000000087500000| Untracked 
| 118|0x0000000087600000, 0x0000000087600000, 0x0000000087700000|  0%| F|  |TAMS 0x0000000087600000, 0x0000000087600000| Untracked 
| 119|0x0000000087700000, 0x0000000087700000, 0x0000000087800000|  0%| F|  |TAMS 0x0000000087700000, 0x0000000087700000| Untracked 
| 120|0x0000000087800000, 0x0000000087800000, 0x0000000087900000|  0%| F|  |TAMS 0x0000000087800000, 0x0000000087800000| Untracked 
| 121|0x0000000087900000, 0x000000008791af90, 0x0000000087a00000| 10%| S|  |TAMS 0x0000000087900000, 0x0000000087900000| Complete 
| 122|0x0000000087a00000, 0x0000000087b00000, 0x0000000087b00000|100%| S|  |TAMS 0x0000000087a00000, 0x0000000087a00000| Complete 
| 123|0x0000000087b00000, 0x0000000087c00000, 0x0000000087c00000|100%| S|  |TAMS 0x0000000087b00000, 0x0000000087b00000| Complete 
| 124|0x0000000087c00000, 0x0000000087d00000, 0x0000000087d00000|100%| S|  |TAMS 0x0000000087c00000, 0x0000000087c00000| Complete 
| 125|0x0000000087d00000, 0x0000000087e00000, 0x0000000087e00000|100%| S|  |TAMS 0x0000000087d00000, 0x0000000087d00000| Complete 
| 126|0x0000000087e00000, 0x0000000087f00000, 0x0000000087f00000|100%| S|  |TAMS 0x0000000087e00000, 0x0000000087e00000| Complete 
| 127|0x0000000087f00000, 0x0000000088000000, 0x0000000088000000|100%| S|  |TAMS 0x0000000087f00000, 0x0000000087f00000| Complete 
| 128|0x0000000088000000, 0x0000000088100000, 0x0000000088100000|100%| E|CS|TAMS 0x0000000088000000, 0x0000000088000000| Complete 
| 129|0x0000000088100000, 0x00000000881cb990, 0x0000000088200000| 79%| E|CS|TAMS 0x0000000088100000, 0x0000000088100000| Complete 
| 130|0x0000000088200000, 0x0000000088300000, 0x0000000088300000|100%| E|CS|TAMS 0x0000000088200000, 0x0000000088200000| Complete 
| 131|0x0000000088300000, 0x0000000088400000, 0x0000000088400000|100%| E|CS|TAMS 0x0000000088300000, 0x0000000088300000| Complete 
| 132|0x0000000088400000, 0x0000000088500000, 0x0000000088500000|100%| E|CS|TAMS 0x0000000088400000, 0x0000000088400000| Complete 
| 133|0x0000000088500000, 0x0000000088600000, 0x0000000088600000|100%| E|CS|TAMS 0x0000000088500000, 0x0000000088500000| Complete 
| 134|0x0000000088600000, 0x0000000088700000, 0x0000000088700000|100%| E|CS|TAMS 0x0000000088600000, 0x0000000088600000| Complete 
| 135|0x0000000088700000, 0x0000000088800000, 0x0000000088800000|100%| E|CS|TAMS 0x0000000088700000, 0x0000000088700000| Complete 
| 136|0x0000000088800000, 0x0000000088900000, 0x0000000088900000|100%| E|CS|TAMS 0x0000000088800000, 0x0000000088800000| Complete 
| 137|0x0000000088900000, 0x0000000088a00000, 0x0000000088a00000|100%| E|CS|TAMS 0x0000000088900000, 0x0000000088900000| Complete 
| 138|0x0000000088a00000, 0x0000000088b00000, 0x0000000088b00000|100%| E|CS|TAMS 0x0000000088a00000, 0x0000000088a00000| Complete 
| 139|0x0000000088b00000, 0x0000000088c00000, 0x0000000088c00000|100%| E|CS|TAMS 0x0000000088b00000, 0x0000000088b00000| Complete 
| 140|0x0000000088c00000, 0x0000000088d00000, 0x0000000088d00000|100%| E|CS|TAMS 0x0000000088c00000, 0x0000000088c00000| Complete 
| 141|0x0000000088d00000, 0x0000000088e00000, 0x0000000088e00000|100%| E|CS|TAMS 0x0000000088d00000, 0x0000000088d00000| Complete 
| 142|0x0000000088e00000, 0x0000000088f00000, 0x0000000088f00000|100%| E|CS|TAMS 0x0000000088e00000, 0x0000000088e00000| Complete 
| 143|0x0000000088f00000, 0x0000000089000000, 0x0000000089000000|100%| E|CS|TAMS 0x0000000088f00000, 0x0000000088f00000| Complete 
| 144|0x0000000089000000, 0x0000000089100000, 0x0000000089100000|100%| E|CS|TAMS 0x0000000089000000, 0x0000000089000000| Complete 
| 145|0x0000000089100000, 0x0000000089200000, 0x0000000089200000|100%| E|CS|TAMS 0x0000000089100000, 0x0000000089100000| Complete 
| 146|0x0000000089200000, 0x0000000089300000, 0x0000000089300000|100%| E|CS|TAMS 0x0000000089200000, 0x0000000089200000| Complete 
| 147|0x0000000089300000, 0x0000000089400000, 0x0000000089400000|100%| E|CS|TAMS 0x0000000089300000, 0x0000000089300000| Complete 
| 148|0x0000000089400000, 0x0000000089500000, 0x0000000089500000|100%| E|CS|TAMS 0x0000000089400000, 0x0000000089400000| Complete 
| 149|0x0000000089500000, 0x0000000089600000, 0x0000000089600000|100%| E|CS|TAMS 0x0000000089500000, 0x0000000089500000| Complete 
| 150|0x0000000089600000, 0x0000000089700000, 0x0000000089700000|100%| E|CS|TAMS 0x0000000089600000, 0x0000000089600000| Complete 
| 151|0x0000000089700000, 0x0000000089800000, 0x0000000089800000|100%| E|CS|TAMS 0x0000000089700000, 0x0000000089700000| Complete 
| 152|0x0000000089800000, 0x0000000089900000, 0x0000000089900000|100%| E|CS|TAMS 0x0000000089800000, 0x0000000089800000| Complete 
| 153|0x0000000089900000, 0x0000000089a00000, 0x0000000089a00000|100%| E|CS|TAMS 0x0000000089900000, 0x0000000089900000| Complete 
| 154|0x0000000089a00000, 0x0000000089b00000, 0x0000000089b00000|100%| E|CS|TAMS 0x0000000089a00000, 0x0000000089a00000| Complete 
| 155|0x0000000089b00000, 0x0000000089c00000, 0x0000000089c00000|100%| E|CS|TAMS 0x0000000089b00000, 0x0000000089b00000| Complete 
| 156|0x0000000089c00000, 0x0000000089d00000, 0x0000000089d00000|100%| E|CS|TAMS 0x0000000089c00000, 0x0000000089c00000| Complete 
| 157|0x0000000089d00000, 0x0000000089e00000, 0x0000000089e00000|100%| E|CS|TAMS 0x0000000089d00000, 0x0000000089d00000| Complete 
| 158|0x0000000089e00000, 0x0000000089f00000, 0x0000000089f00000|100%| E|CS|TAMS 0x0000000089e00000, 0x0000000089e00000| Complete 
| 159|0x0000000089f00000, 0x000000008a000000, 0x000000008a000000|100%| E|CS|TAMS 0x0000000089f00000, 0x0000000089f00000| Complete 
| 160|0x000000008a000000, 0x000000008a100000, 0x000000008a100000|100%| E|CS|TAMS 0x000000008a000000, 0x000000008a000000| Complete 
| 161|0x000000008a100000, 0x000000008a200000, 0x000000008a200000|100%| E|CS|TAMS 0x000000008a100000, 0x000000008a100000| Complete 
| 162|0x000000008a200000, 0x000000008a300000, 0x000000008a300000|100%| E|CS|TAMS 0x000000008a200000, 0x000000008a200000| Complete 
| 163|0x000000008a300000, 0x000000008a400000, 0x000000008a400000|100%| E|CS|TAMS 0x000000008a300000, 0x000000008a300000| Complete 
| 164|0x000000008a400000, 0x000000008a500000, 0x000000008a500000|100%| E|CS|TAMS 0x000000008a400000, 0x000000008a400000| Complete 
| 165|0x000000008a500000, 0x000000008a600000, 0x000000008a600000|100%| E|CS|TAMS 0x000000008a500000, 0x000000008a500000| Complete 
| 166|0x000000008a600000, 0x000000008a700000, 0x000000008a700000|100%| E|CS|TAMS 0x000000008a600000, 0x000000008a600000| Complete 
| 167|0x000000008a700000, 0x000000008a800000, 0x000000008a800000|100%| E|CS|TAMS 0x000000008a700000, 0x000000008a700000| Complete 
| 168|0x000000008a800000, 0x000000008a900000, 0x000000008a900000|100%| E|CS|TAMS 0x000000008a800000, 0x000000008a800000| Complete 
| 169|0x000000008a900000, 0x000000008aa00000, 0x000000008aa00000|100%| E|CS|TAMS 0x000000008a900000, 0x000000008a900000| Complete 
| 170|0x000000008aa00000, 0x000000008ab00000, 0x000000008ab00000|100%| E|CS|TAMS 0x000000008aa00000, 0x000000008aa00000| Complete 
| 171|0x000000008ab00000, 0x000000008ac00000, 0x000000008ac00000|100%| E|CS|TAMS 0x000000008ab00000, 0x000000008ab00000| Complete 
| 172|0x000000008ac00000, 0x000000008ad00000, 0x000000008ad00000|100%| E|CS|TAMS 0x000000008ac00000, 0x000000008ac00000| Complete 
| 173|0x000000008ad00000, 0x000000008ae00000, 0x000000008ae00000|100%| E|CS|TAMS 0x000000008ad00000, 0x000000008ad00000| Complete 
| 174|0x000000008ae00000, 0x000000008af00000, 0x000000008af00000|100%| E|CS|TAMS 0x000000008ae00000, 0x000000008ae00000| Complete 
| 175|0x000000008af00000, 0x000000008b000000, 0x000000008b000000|100%| E|CS|TAMS 0x000000008af00000, 0x000000008af00000| Complete 
| 176|0x000000008b000000, 0x000000008b100000, 0x000000008b100000|100%| E|CS|TAMS 0x000000008b000000, 0x000000008b000000| Complete 
| 177|0x000000008b100000, 0x000000008b200000, 0x000000008b200000|100%| E|CS|TAMS 0x000000008b100000, 0x000000008b100000| Complete 
| 178|0x000000008b200000, 0x000000008b300000, 0x000000008b300000|100%| E|CS|TAMS 0x000000008b200000, 0x000000008b200000| Complete 
| 179|0x000000008b300000, 0x000000008b400000, 0x000000008b400000|100%| E|CS|TAMS 0x000000008b300000, 0x000000008b300000| Complete 
| 180|0x000000008b400000, 0x000000008b500000, 0x000000008b500000|100%| E|CS|TAMS 0x000000008b400000, 0x000000008b400000| Complete 
| 181|0x000000008b500000, 0x000000008b600000, 0x000000008b600000|100%| E|CS|TAMS 0x000000008b500000, 0x000000008b500000| Complete 
| 182|0x000000008b600000, 0x000000008b700000, 0x000000008b700000|100%| E|CS|TAMS 0x000000008b600000, 0x000000008b600000| Complete 
| 183|0x000000008b700000, 0x000000008b800000, 0x000000008b800000|100%| E|CS|TAMS 0x000000008b700000, 0x000000008b700000| Complete 
| 184|0x000000008b800000, 0x000000008b900000, 0x000000008b900000|100%| E|CS|TAMS 0x000000008b800000, 0x000000008b800000| Complete 
| 185|0x000000008b900000, 0x000000008ba00000, 0x000000008ba00000|100%| E|CS|TAMS 0x000000008b900000, 0x000000008b900000| Complete 
| 186|0x000000008ba00000, 0x000000008bb00000, 0x000000008bb00000|100%| E|CS|TAMS 0x000000008ba00000, 0x000000008ba00000| Complete 
| 187|0x000000008bb00000, 0x000000008bc00000, 0x000000008bc00000|100%| E|CS|TAMS 0x000000008bb00000, 0x000000008bb00000| Complete 
| 188|0x000000008bc00000, 0x000000008bd00000, 0x000000008bd00000|100%| E|CS|TAMS 0x000000008bc00000, 0x000000008bc00000| Complete 
| 189|0x000000008bd00000, 0x000000008be00000, 0x000000008be00000|100%| E|CS|TAMS 0x000000008bd00000, 0x000000008bd00000| Complete 
| 190|0x000000008be00000, 0x000000008bf00000, 0x000000008bf00000|100%| E|CS|TAMS 0x000000008be00000, 0x000000008be00000| Complete 
| 191|0x000000008bf00000, 0x000000008c000000, 0x000000008c000000|100%| E|CS|TAMS 0x000000008bf00000, 0x000000008bf00000| Complete 
| 192|0x000000008c000000, 0x000000008c100000, 0x000000008c100000|100%| E|CS|TAMS 0x000000008c000000, 0x000000008c000000| Complete 
| 193|0x000000008c100000, 0x000000008c200000, 0x000000008c200000|100%| E|CS|TAMS 0x000000008c100000, 0x000000008c100000| Complete 

Card table byte_map: [0x000001a830810000,0x000001a830c10000] _byte_map_base: 0x000001a830410000

Marking Bits (Prev, Next): (CMBitMap*) 0x000001a81daca4d8, (CMBitMap*) 0x000001a81daca510
 Prev Bits: [0x000001a831010000, 0x000001a833010000)
 Next Bits: [0x000001a833010000, 0x000001a835010000)

Polling page: 0x000001a81d270000

Metaspace:

Usage:
  Non-class:     93.79 MB capacity,    91.87 MB ( 98%) used,     1.60 MB (  2%) free+waste,   329.25 KB ( <1%) overhead. 
      Class:     14.55 MB capacity,    13.53 MB ( 93%) used,   895.18 KB (  6%) free+waste,   150.25 KB (  1%) overhead. 
       Both:    108.33 MB capacity,   105.39 MB ( 97%) used,     2.47 MB (  2%) free+waste,   479.50 KB ( <1%) overhead. 

Virtual space:
  Non-class space:       94.00 MB reserved,      93.79 MB (>99%) committed 
      Class space:        1.00 GB reserved,      14.63 MB (  1%) committed 
             Both:        1.09 GB reserved,     108.41 MB ( 10%) committed 

Chunk freelists:
   Non-Class:  0 bytes
       Class:  0 bytes
        Both:  0 bytes

MaxMetaspaceSize: 17179869184.00 GB
CompressedClassSpaceSize: 1.00 GB

CodeHeap 'non-profiled nmethods': size=120064Kb used=10591Kb max_used=10591Kb free=109472Kb
 bounds [0x000001a828ed0000, 0x000001a829930000, 0x000001a830410000]
CodeHeap 'profiled nmethods': size=120000Kb used=32237Kb max_used=32237Kb free=87762Kb
 bounds [0x000001a8219a0000, 0x000001a823920000, 0x000001a828ed0000]
CodeHeap 'non-nmethods': size=5696Kb used=2328Kb max_used=2377Kb free=3367Kb
 bounds [0x000001a821410000, 0x000001a821680000, 0x000001a8219a0000]
 total_blobs=15745 nmethods=14782 adapters=872
 compilation: enabled
              stopped_count=0, restarted_count=0
 full_count=0

Compilation events (20 events):
Event: 781.693 Thread 0x000001a837507000 nmethod 15214 0x000001a82390a890 code [0x000001a82390aac0, 0x000001a82390b3d8]
Event: 781.694 Thread 0x000001a837507000 15215       3       org.gradle.api.internal.artifacts.ivyservice.resolveengine.graph.builder.DependencyGraphBuilder::toComponentId (31 bytes)
Event: 781.694 Thread 0x000001a837507000 nmethod 15215 0x000001a82390b610 code [0x000001a82390b820, 0x000001a82390bd88]
Event: 781.699 Thread 0x000001a837507000 15216       3       org.gradle.api.internal.artifacts.ivyservice.resolveengine.graph.builder.NodeState::visitOutgoingDependencies (152 bytes)
Event: 781.700 Thread 0x000001a837507000 nmethod 15216 0x000001a82390bf90 code [0x000001a82390c340, 0x000001a82390dc38]
Event: 781.701 Thread 0x000001a843a7c800 15202       4       org.gradle.api.internal.artifacts.ivyservice.resolveengine.result.DesugaredAttributeContainerSerializer::read (155 bytes)
Event: 781.706 Thread 0x000001a837507000 15219       3       org.gradle.api.internal.artifacts.ivyservice.ivyresolve.RepositoryChainComponentMetaDataResolver::resolveModule (277 bytes)
Event: 781.709 Thread 0x000001a837507000 nmethod 15219 0x000001a82390e390 code [0x000001a82390e9a0, 0x000001a8239125e8]
Event: 781.723 Thread 0x000001a837507000 15221       1       org.gradle.api.internal.artifacts.ivyservice.resolveengine.excludes.simple.DefaultModuleIdSetExclude::hashCode (5 bytes)
Event: 781.723 Thread 0x000001a837507000 nmethod 15221 0x000001a829927c10 code [0x000001a829927dc0, 0x000001a829927e78]
Event: 781.723 Thread 0x000001a837507000 15222       3       org.gradle.api.internal.artifacts.ivyservice.resolveengine.graph.builder.DependencyGraphBuilder::maybeDownloadMetadataInParallel (180 bytes)
Event: 781.726 Thread 0x000001a837507000 nmethod 15222 0x000001a823913890 code [0x000001a823913d60, 0x000001a823916808]
Event: 781.730 Thread 0x000001a837507000 15223       3       java.util.ArrayDeque::grow (165 bytes)
Event: 781.730 Thread 0x000001a837507000 nmethod 15223 0x000001a823917690 code [0x000001a8239178c0, 0x000001a823918028]
Event: 781.731 Thread 0x000001a837507000 15224       3       org.gradle.api.internal.artifacts.ivyservice.resolveengine.result.ComponentSelectionReasons$DefaultComponentSelectionReason::addCause (27 bytes)
Event: 781.732 Thread 0x000001a837507000 nmethod 15224 0x000001a823918310 code [0x000001a8239184e0, 0x000001a8239188b8]
Event: 781.733 Thread 0x000001a837507000 15225       3       org.gradle.api.internal.artifacts.ivyservice.resolveengine.graph.builder.SelectorState::addReasonsForSelector (329 bytes)
Event: 781.735 Thread 0x000001a837507000 nmethod 15225 0x000001a823918a10 code [0x000001a823918f80, 0x000001a82391c0a8]
Event: 781.735 Thread 0x000001a837507000 15226       3       org.gradle.api.internal.artifacts.ivyservice.resolveengine.graph.builder.ComponentState::getSelectionReason (122 bytes)
Event: 781.736 Thread 0x000001a837507000 nmethod 15226 0x000001a82391cf10 code [0x000001a82391d220, 0x000001a82391e5d8]

GC Heap History (20 events):
Event: 47.699 GC heap after
{Heap after GC invocations=51 (full 0):
 garbage-first heap   total 164864K, used 98101K [0x0000000080000000, 0x0000000100000000)
  region size 1024K, 3 young (3072K), 3 survivors (3072K)
 Metaspace       used 91530K, capacity 93545K, committed 93732K, reserved 1130496K
  class space    used 11485K, capacity 12183K, committed 12288K, reserved 1048576K
}
Event: 48.317 GC heap before
{Heap before GC invocations=52 (full 0):
 garbage-first heap   total 164864K, used 135989K [0x0000000080000000, 0x0000000100000000)
  region size 1024K, 40 young (40960K), 3 survivors (3072K)
 Metaspace       used 91609K, capacity 93684K, committed 93988K, reserved 1130496K
  class space    used 11487K, capacity 12186K, committed 12288K, reserved 1048576K
}
Event: 48.335 GC heap after
{Heap after GC invocations=53 (full 0):
 garbage-first heap   total 164864K, used 98498K [0x0000000080000000, 0x0000000100000000)
  region size 1024K, 4 young (4096K), 4 survivors (4096K)
 Metaspace       used 91609K, capacity 93684K, committed 93988K, reserved 1130496K
  class space    used 11487K, capacity 12186K, committed 12288K, reserved 1048576K
}
Event: 48.380 GC heap before
{Heap before GC invocations=53 (full 0):
 garbage-first heap   total 164864K, used 101570K [0x0000000080000000, 0x0000000100000000)
  region size 1024K, 8 young (8192K), 4 survivors (4096K)
 Metaspace       used 91609K, capacity 93684K, committed 93988K, reserved 1130496K
  class space    used 11487K, capacity 12186K, committed 12288K, reserved 1048576K
}
Event: 48.404 GC heap after
{Heap after GC invocations=54 (full 0):
 garbage-first heap   total 198656K, used 93440K [0x0000000080000000, 0x0000000100000000)
  region size 1024K, 1 young (1024K), 1 survivors (1024K)
 Metaspace       used 91609K, capacity 93684K, committed 93988K, reserved 1130496K
  class space    used 11487K, capacity 12186K, committed 12288K, reserved 1048576K
}
Event: 81.004 GC heap before
{Heap before GC invocations=54 (full 0):
 garbage-first heap   total 198656K, used 148736K [0x0000000080000000, 0x0000000100000000)
  region size 1024K, 56 young (57344K), 1 survivors (1024K)
 Metaspace       used 91833K, capacity 93918K, committed 94244K, reserved 1132544K
  class space    used 11499K, capacity 12209K, committed 12288K, reserved 1048576K
}
Event: 81.016 GC heap after
{Heap after GC invocations=55 (full 0):
 garbage-first heap   total 198656K, used 94218K [0x0000000080000000, 0x0000000100000000)
  region size 1024K, 2 young (2048K), 2 survivors (2048K)
 Metaspace       used 91833K, capacity 93918K, committed 94244K, reserved 1132544K
  class space    used 11499K, capacity 12209K, committed 12288K, reserved 1048576K
}
Event: 82.031 GC heap before
{Heap before GC invocations=56 (full 0):
 garbage-first heap   total 198656K, used 124938K [0x0000000080000000, 0x0000000100000000)
  region size 1024K, 34 young (34816K), 2 survivors (2048K)
 Metaspace       used 92015K, capacity 94121K, committed 94244K, reserved 1132544K
  class space    used 11507K, capacity 12223K, committed 12288K, reserved 1048576K
}
Event: 82.054 GC heap after
{Heap after GC invocations=57 (full 0):
 garbage-first heap   total 198656K, used 97716K [0x0000000080000000, 0x0000000100000000)
  region size 1024K, 5 young (5120K), 5 survivors (5120K)
 Metaspace       used 92015K, capacity 94121K, committed 94244K, reserved 1132544K
  class space    used 11507K, capacity 12223K, committed 12288K, reserved 1048576K
}
Event: 83.266 GC heap before
{Heap before GC invocations=58 (full 0):
 garbage-first heap   total 198656K, used 162228K [0x0000000080000000, 0x0000000100000000)
  region size 1024K, 63 young (64512K), 5 survivors (5120K)
 Metaspace       used 92148K, capacity 94204K, committed 94500K, reserved 1132544K
  class space    used 11509K, capacity 12227K, committed 12288K, reserved 1048576K
}
Event: 83.279 GC heap after
{Heap after GC invocations=59 (full 0):
 garbage-first heap   total 198656K, used 100131K [0x0000000080000000, 0x0000000100000000)
  region size 1024K, 6 young (6144K), 6 survivors (6144K)
 Metaspace       used 92148K, capacity 94204K, committed 94500K, reserved 1132544K
  class space    used 11509K, capacity 12227K, committed 12288K, reserved 1048576K
}
Event: 85.218 GC heap before
{Heap before GC invocations=59 (full 0):
 garbage-first heap   total 198656K, used 158499K [0x0000000080000000, 0x0000000100000000)
  region size 1024K, 64 young (65536K), 6 survivors (6144K)
 Metaspace       used 94764K, capacity 97075K, committed 97316K, reserved 1134592K
  class space    used 11920K, capacity 12760K, committed 12800K, reserved 1048576K
}
Event: 85.242 GC heap after
{Heap after GC invocations=60 (full 0):
 garbage-first heap   total 198656K, used 102815K [0x0000000080000000, 0x0000000100000000)
  region size 1024K, 6 young (6144K), 6 survivors (6144K)
 Metaspace       used 94764K, capacity 97075K, committed 97316K, reserved 1134592K
  class space    used 11920K, capacity 12760K, committed 12800K, reserved 1048576K
}
Event: 94.241 GC heap before
{Heap before GC invocations=61 (full 0):
 garbage-first heap   total 198656K, used 160159K [0x0000000080000000, 0x0000000100000000)
  region size 1024K, 63 young (64512K), 6 survivors (6144K)
 Metaspace       used 95132K, capacity 97558K, committed 97700K, reserved 1134592K
  class space    used 11970K, capacity 12826K, committed 12928K, reserved 1048576K
}
Event: 94.253 GC heap after
{Heap after GC invocations=62 (full 0):
 garbage-first heap   total 198656K, used 103288K [0x0000000080000000, 0x0000000100000000)
  region size 1024K, 4 young (4096K), 4 survivors (4096K)
 Metaspace       used 95132K, capacity 97558K, committed 97700K, reserved 1134592K
  class space    used 11970K, capacity 12826K, committed 12928K, reserved 1048576K
}
Event: 94.330 GC heap before
{Heap before GC invocations=62 (full 0):
 garbage-first heap   total 198656K, used 107384K [0x0000000080000000, 0x0000000100000000)
  region size 1024K, 9 young (9216K), 4 survivors (4096K)
 Metaspace       used 95138K, capacity 97560K, committed 97700K, reserved 1134592K
  class space    used 11971K, capacity 12827K, committed 12928K, reserved 1048576K
}
Event: 94.339 GC heap after
{Heap after GC invocations=63 (full 0):
 garbage-first heap   total 198656K, used 96778K [0x0000000080000000, 0x0000000100000000)
  region size 1024K, 1 young (1024K), 1 survivors (1024K)
 Metaspace       used 95138K, capacity 97560K, committed 97700K, reserved 1134592K
  class space    used 11971K, capacity 12827K, committed 12928K, reserved 1048576K
}
Event: 95.613 GC heap before
{Heap before GC invocations=63 (full 0):
 garbage-first heap   total 198656K, used 158218K [0x0000000080000000, 0x0000000100000000)
  region size 1024K, 62 young (63488K), 1 survivors (1024K)
 Metaspace       used 104533K, capacity 107330K, committed 107428K, reserved 1142784K
  class space    used 13389K, capacity 14387K, committed 14464K, reserved 1048576K
}
Event: 95.623 GC heap after
{Heap after GC invocations=64 (full 0):
 garbage-first heap   total 198656K, used 99118K [0x0000000080000000, 0x0000000100000000)
  region size 1024K, 3 young (3072K), 3 survivors (3072K)
 Metaspace       used 104533K, capacity 107330K, committed 107428K, reserved 1142784K
  class space    used 13389K, capacity 14387K, committed 14464K, reserved 1048576K
}
Event: 781.738 GC heap before
{Heap before GC invocations=65 (full 0):
 garbage-first heap   total 198656K, used 176942K [0x0000000080000000, 0x0000000100000000)
  region size 1024K, 66 young (67584K), 3 survivors (3072K)
 Metaspace       used 107921K, capacity 110932K, committed 111012K, reserved 1144832K
  class space    used 13850K, capacity 14896K, committed 14976K, reserved 1048576K
}

Deoptimization events (20 events):
Event: 512.378 Thread 0x000001a83a29d000 Uncommon trap: trap_request=0xffffffde fr.pc=0x000001a8299085a8 relative=0x0000000000000108
Event: 512.378 Thread 0x000001a83a29d000 Uncommon trap: reason=class_check action=maybe_recompile pc=0x000001a8299085a8 method=jdk.internal.misc.Unsafe.allocateUninitializedArray(Ljava/lang/Class;I)Ljava/lang/Object; @ 48 c2
Event: 512.378 Thread 0x000001a83a29d000 DEOPT PACKING pc=0x000001a8299085a8 sp=0x00000034db0fe640
Event: 512.378 Thread 0x000001a83a29d000 DEOPT UNPACKING pc=0x000001a8214368a9 sp=0x00000034db0fe5c8 mode 2
Event: 512.378 Thread 0x000001a83a29d000 Uncommon trap: trap_request=0xffffffde fr.pc=0x000001a8299085a8 relative=0x0000000000000108
Event: 512.378 Thread 0x000001a83a29d000 Uncommon trap: reason=class_check action=maybe_recompile pc=0x000001a8299085a8 method=jdk.internal.misc.Unsafe.allocateUninitializedArray(Ljava/lang/Class;I)Ljava/lang/Object; @ 48 c2
Event: 512.378 Thread 0x000001a83a29d000 DEOPT PACKING pc=0x000001a8299085a8 sp=0x00000034db0fe640
Event: 512.378 Thread 0x000001a83a29d000 DEOPT UNPACKING pc=0x000001a8214368a9 sp=0x00000034db0fe5c8 mode 2
Event: 512.378 Thread 0x000001a83a29d000 Uncommon trap: trap_request=0xffffffde fr.pc=0x000001a8299085a8 relative=0x0000000000000108
Event: 512.378 Thread 0x000001a83a29d000 Uncommon trap: reason=class_check action=maybe_recompile pc=0x000001a8299085a8 method=jdk.internal.misc.Unsafe.allocateUninitializedArray(Ljava/lang/Class;I)Ljava/lang/Object; @ 48 c2
Event: 512.378 Thread 0x000001a83a29d000 DEOPT PACKING pc=0x000001a8299085a8 sp=0x00000034db0fe640
Event: 512.378 Thread 0x000001a83a29d000 DEOPT UNPACKING pc=0x000001a8214368a9 sp=0x00000034db0fe5c8 mode 2
Event: 512.378 Thread 0x000001a83a29d000 Uncommon trap: trap_request=0xffffffde fr.pc=0x000001a8299085a8 relative=0x0000000000000108
Event: 512.378 Thread 0x000001a83a29d000 Uncommon trap: reason=class_check action=maybe_recompile pc=0x000001a8299085a8 method=jdk.internal.misc.Unsafe.allocateUninitializedArray(Ljava/lang/Class;I)Ljava/lang/Object; @ 48 c2
Event: 512.378 Thread 0x000001a83a29d000 DEOPT PACKING pc=0x000001a8299085a8 sp=0x00000034db0fe640
Event: 512.378 Thread 0x000001a83a29d000 DEOPT UNPACKING pc=0x000001a8214368a9 sp=0x00000034db0fe5c8 mode 2
Event: 690.812 Thread 0x000001a84157e800 Uncommon trap: trap_request=0xffffffde fr.pc=0x000001a82921b47c relative=0x00000000000000bc
Event: 690.812 Thread 0x000001a84157e800 Uncommon trap: reason=class_check action=maybe_recompile pc=0x000001a82921b47c method=java.lang.ThreadLocal.set(Ljava/lang/Object;)V @ 26 c2
Event: 690.812 Thread 0x000001a84157e800 DEOPT PACKING pc=0x000001a82921b47c sp=0x00000034d9afd8c0
Event: 690.812 Thread 0x000001a84157e800 DEOPT UNPACKING pc=0x000001a8214368a9 sp=0x00000034d9afd850 mode 2

Classes redefined (0 events):
No events

Internal exceptions (20 events):
Event: 95.046 Thread 0x000001a8413aa000 Exception <a 'java/lang/NoSuchMethodError'{0x0000000089c9ecc8}: 'java.lang.Object java.lang.invoke.DirectMethodHandle$Holder.newInvokeSpecial(java.lang.Object, int)'> (0x0000000089c9ecc8) thrown at [./src/hotspot/share/interpreter/linkResolver.cpp, line 773]
Event: 95.052 Thread 0x000001a8413aa000 Exception <a 'java/lang/NoSuchMethodError'{0x0000000089cd8d50}: 'void java.lang.invoke.DirectMethodHandle$Holder.invokeSpecial(java.lang.Object, java.lang.Object, int, java.lang.Object)'> (0x0000000089cd8d50) thrown at [./src/hotspot/share/interpreter/linkResolver.cpp, line 773]
Event: 95.205 Thread 0x000001a8413aa000 Exception <a 'java/lang/NoSuchMethodError'{0x0000000089689470}: 'java.lang.Object java.lang.invoke.DirectMethodHandle$Holder.invokeSpecial(java.lang.Object, java.lang.Object, java.lang.Object, java.lang.Object, java.lang.Object, java.lang.Object, java.lang.Object, java.lang.Object, java.lang.Object, java.lang.Object)'> (0x0000000089689470) thrown at [./src/hotspot/share/interpreter/linkResolver.cpp, line 773]
Event: 95.205 Thread 0x000001a8413aa000 Exception <a 'java/lang/NoSuchMethodError'{0x000000008968d560}: 'java.lang.Object java.lang.invoke.Invokers$Holder.linkToTargetMethod(java.lang.Object, java.lang.Object, java.lang.Object, java.lang.Object, java.lang.Object, java.lang.Object, java.lang.Object, java.lang.Object, java.lang.Object)'> (0x000000008968d560) thrown at [./src/hotspot/share/interpreter/linkResolver.cpp, line 773]
Event: 95.270 Thread 0x000001a8413aa000 Exception <a 'java/lang/NoSuchMethodError'{0x000000008933dad8}: 'void java.lang.invoke.DirectMethodHandle$Holder.invokeVirtual(java.lang.Object, java.lang.Object, int)'> (0x000000008933dad8) thrown at [./src/hotspot/share/interpreter/linkResolver.cpp, line 773]
Event: 95.287 Thread 0x000001a8413aa000 Exception <a 'sun/nio/fs/WindowsException'{0x00000000893c32d8}> (0x00000000893c32d8) thrown at [./src/hotspot/share/prims/jni.cpp, line 615]
Event: 95.331 Thread 0x000001a8413a5000 Exception <a 'java/lang/NoSuchMethodError'{0x0000000089158eb8}: <clinit>> (0x0000000089158eb8) thrown at [./src/hotspot/share/prims/jni.cpp, line 1362]
Event: 95.571 Thread 0x000001a8413af000 Exception <a 'sun/nio/fs/WindowsException'{0x00000000886b44d0}> (0x00000000886b44d0) thrown at [./src/hotspot/share/prims/jni.cpp, line 615]
Event: 95.788 Thread 0x000001a8413af000 Exception <a 'sun/nio/fs/WindowsException'{0x000000008bd3a620}> (0x000000008bd3a620) thrown at [./src/hotspot/share/prims/jni.cpp, line 615]
Event: 95.975 Thread 0x000001a83ad25800 Exception <a 'java/lang/NoSuchMethodError'{0x000000008b5d9c90}: <clinit>> (0x000000008b5d9c90) thrown at [./src/hotspot/share/prims/jni.cpp, line 1362]
Event: 96.037 Thread 0x000001a8413a7800 Exception <a 'sun/nio/fs/WindowsException'{0x000000008b231ab8}> (0x000000008b231ab8) thrown at [./src/hotspot/share/prims/jni.cpp, line 615]
Event: 96.148 Thread 0x000001a8413a7800 Exception <a 'java/lang/NoSuchMethodError'{0x000000008aed4ef0}: 'java.lang.Object java.lang.invoke.Invokers$Holder.linkToTargetMethod(java.lang.Object, java.lang.Object, java.lang.Object, java.lang.Object, int, java.lang.Object, java.lang.Object)'> (0x000000008aed4ef0) thrown at [./src/hotspot/share/interpreter/linkResolver.cpp, line 773]
Event: 96.198 Thread 0x000001a8413a7800 Exception <a 'java/lang/NoSuchMethodError'{0x000000008aabce58}: 'java.lang.Object java.lang.invoke.DirectMethodHandle$Holder.invokeSpecial(java.lang.Object, java.lang.Object, java.lang.Object, java.lang.Object, java.lang.Object, java.lang.Object, java.lang.Object, int, java.lang.Object)'> (0x000000008aabce58) thrown at [./src/hotspot/share/interpreter/linkResolver.cpp, line 773]
Event: 96.198 Thread 0x000001a8413a7800 Exception <a 'java/lang/NoSuchMethodError'{0x000000008aac63e0}: 'java.lang.Object java.lang.invoke.DirectMethodHandle$Holder.invokeStatic(java.lang.Object, java.lang.Object, java.lang.Object, java.lang.Object, java.lang.Object, java.lang.Object, java.lang.Object, int)'> (0x000000008aac63e0) thrown at [./src/hotspot/share/interpreter/linkResolver.cpp, line 773]
Event: 96.199 Thread 0x000001a8413a7800 Exception <a 'java/lang/NoSuchMethodError'{0x000000008aaca400}: 'java.lang.Object java.lang.invoke.DirectMethodHandle$Holder.invokeSpecial(java.lang.Object, java.lang.Object, java.lang.Object, java.lang.Object, java.lang.Object, java.lang.Object, java.lang.Object, java.lang.Object, int)'> (0x000000008aaca400) thrown at [./src/hotspot/share/interpreter/linkResolver.cpp, line 773]
Event: 96.199 Thread 0x000001a8413a7800 Exception <a 'java/lang/NoSuchMethodError'{0x000000008aacda98}: 'java.lang.Object java.lang.invoke.Invokers$Holder.linkToTargetMethod(java.lang.Object, java.lang.Object, java.lang.Object, java.lang.Object, java.lang.Object, java.lang.Object, int, java.lang.Object)'> (0x000000008aacda98) thrown at [./src/hotspot/share/interpreter/linkResolver.cpp, line 773]
Event: 96.566 Thread 0x000001a8413a7800 Exception <a 'java/lang/NoSuchMethodError'{0x0000000089c344d0}: 'java.lang.Object java.lang.invoke.DirectMethodHandle$Holder.invokeVirtual(java.lang.Object, java.lang.Object, int)'> (0x0000000089c344d0) thrown at [./src/hotspot/share/interpreter/linkResolver.cpp, line 773]
Event: 390.862 Thread 0x000001a84157e800 Exception <a 'java/lang/NoSuchMethodError'{0x000000008933e7a0}: 'java.lang.Object java.lang.invoke.DirectMethodHandle$Holder.invokeSpecial(java.lang.Object, java.lang.Object, int, int, int, java.lang.Object, java.lang.Object, java.lang.Object)'> (0x000000008933e7a0) thrown at [./src/hotspot/share/interpreter/linkResolver.cpp, line 773]
Event: 390.862 Thread 0x000001a84157e800 Exception <a 'java/lang/NoSuchMethodError'{0x0000000089341de0}: 'java.lang.Object java.lang.invoke.DelegatingMethodHandle$Holder.reinvoke_L(java.lang.Object, int, int, int, java.lang.Object, java.lang.Object, java.lang.Object)'> (0x0000000089341de0) thrown at [./src/hotspot/share/interpreter/linkResolver.cpp, line 773]
Event: 390.863 Thread 0x000001a84157e800 Exception <a 'java/lang/NoSuchMethodError'{0x0000000089349360}: 'java.lang.Object java.lang.invoke.DirectMethodHandle$Holder.invokeStatic(java.lang.Object, java.lang.Object, java.lang.Object, java.lang.Object, java.lang.Object, int)'> (0x0000000089349360) thrown at [./src/hotspot/share/interpreter/linkResolver.cpp, line 773]

Events (20 events):
Event: 781.600 Executing VM operation: RevokeBias
Event: 781.600 Executing VM operation: RevokeBias done
Event: 781.600 Executing VM operation: RevokeBias
Event: 781.600 Executing VM operation: RevokeBias done
Event: 781.601 Executing VM operation: RevokeBias
Event: 781.602 Executing VM operation: RevokeBias done
Event: 781.602 Executing VM operation: RevokeBias
Event: 781.602 Executing VM operation: RevokeBias done
Event: 781.608 Thread 0x000001a84157d000 Thread added: 0x000001a84157d000
Event: 781.614 Thread 0x000001a841583800 Thread added: 0x000001a841583800
Event: 781.619 Thread 0x000001a841585000 Thread added: 0x000001a841585000
Event: 781.635 Executing VM operation: RevokeBias
Event: 781.635 Executing VM operation: RevokeBias done
Event: 781.636 Executing VM operation: RevokeBias
Event: 781.636 Executing VM operation: RevokeBias done
Event: 781.637 Executing VM operation: RevokeBias
Event: 781.637 Executing VM operation: RevokeBias done
Event: 781.650 Thread 0x000001a841587000 Thread added: 0x000001a841587000
Event: 781.700 Thread 0x000001a843a7c800 Thread added: 0x000001a843a7c800
Event: 781.738 Executing VM operation: G1CollectForAllocation


Dynamic libraries:
0x00007ff74f3c0000 - 0x00007ff74f3ca000 	C:\Program Files\Android\Android Studio\jre\bin\java.exe
0x00007ffa1b330000 - 0x00007ffa1b525000 	C:\Windows\SYSTEM32\ntdll.dll
0x00007ffa19390000 - 0x00007ffa1944d000 	C:\Windows\System32\KERNEL32.DLL
0x00007ffa18cf0000 - 0x00007ffa18fb9000 	C:\Windows\System32\KERNELBASE.dll
0x00007ffa18a60000 - 0x00007ffa18b60000 	C:\Windows\System32\ucrtbase.dll
0x00007ffa0daa0000 - 0x00007ffa0dab7000 	C:\Program Files\Android\Android Studio\jre\bin\VCRUNTIME140.dll
0x00007ffa0da80000 - 0x00007ffa0da99000 	C:\Program Files\Android\Android Studio\jre\bin\jli.dll
0x00007ffa19480000 - 0x00007ffa19620000 	C:\Windows\System32\USER32.dll
0x00007ffa18fc0000 - 0x00007ffa18fe2000 	C:\Windows\System32\win32u.dll
0x00007ffa19450000 - 0x00007ffa1947a000 	C:\Windows\System32\GDI32.dll
0x00007ffa190f0000 - 0x00007ffa191fb000 	C:\Windows\System32\gdi32full.dll
0x00007ffa18ff0000 - 0x00007ffa1908d000 	C:\Windows\System32\msvcp_win.dll
0x00007ffa17ef0000 - 0x00007ffa1818a000 	C:\Windows\WinSxS\amd64_microsoft.windows.common-controls_6595b64144ccf1df_6.0.19041.1110_none_60b5254171f9507e\COMCTL32.dll
0x00007ffa19bd0000 - 0x00007ffa19c6e000 	C:\Windows\System32\msvcrt.dll
0x00007ffa1af50000 - 0x00007ffa1af80000 	C:\Windows\System32\IMM32.DLL
0x00007ff9d9660000 - 0x00007ff9d96fd000 	C:\Program Files\Android\Android Studio\jre\bin\msvcp140.dll
0x00007ff9c90e0000 - 0x00007ff9c9b9c000 	C:\Program Files\Android\Android Studio\jre\bin\server\jvm.dll
0x00007ffa1b0a0000 - 0x00007ffa1b14c000 	C:\Windows\System32\ADVAPI32.dll
0x00007ffa19d40000 - 0x00007ffa19ddb000 	C:\Windows\System32\sechost.dll
0x00007ffa19aa0000 - 0x00007ffa19bca000 	C:\Windows\System32\RPCRT4.dll
0x00007ffa1b030000 - 0x00007ffa1b038000 	C:\Windows\System32\PSAPI.DLL
0x00007ff9f9d10000 - 0x00007ff9f9d19000 	C:\Windows\SYSTEM32\WSOCK32.dll
0x00007ffa19cd0000 - 0x00007ffa19d3b000 	C:\Windows\System32\WS2_32.dll
0x00007ff9eb770000 - 0x00007ff9eb797000 	C:\Windows\SYSTEM32\WINMM.dll
0x00007ffa127d0000 - 0x00007ffa127da000 	C:\Windows\SYSTEM32\VERSION.dll
0x00007ffa16340000 - 0x00007ffa16352000 	C:\Windows\SYSTEM32\kernel.appcore.dll
0x00007ff9f7a10000 - 0x00007ff9f7a21000 	C:\Program Files\Android\Android Studio\jre\bin\verify.dll
0x00007ffa18380000 - 0x00007ffa18564000 	C:\Windows\SYSTEM32\DBGHELP.DLL
0x00007ffa18350000 - 0x00007ffa1837c000 	C:\Windows\SYSTEM32\dbgcore.DLL
0x00007ffa18c60000 - 0x00007ffa18ce3000 	C:\Windows\System32\bcryptPrimitives.dll
0x00007ff9f79e0000 - 0x00007ff9f7a09000 	C:\Program Files\Android\Android Studio\jre\bin\java.dll
0x00007ff9f8600000 - 0x00007ff9f860b000 	C:\Program Files\Android\Android Studio\jre\bin\jimage.dll
0x00007ff9f79c0000 - 0x00007ff9f79d8000 	C:\Program Files\Android\Android Studio\jre\bin\zip.dll
0x00007ffa19de0000 - 0x00007ffa1a51f000 	C:\Windows\System32\SHELL32.dll
0x00007ffa16540000 - 0x00007ffa16cd0000 	C:\Windows\SYSTEM32\windows.storage.dll
0x00007ffa1a730000 - 0x00007ffa1aa85000 	C:\Windows\System32\combase.dll
0x00007ffa17c40000 - 0x00007ffa17c6c000 	C:\Windows\SYSTEM32\Wldp.dll
0x00007ffa1af80000 - 0x00007ffa1b02e000 	C:\Windows\System32\SHCORE.dll
0x00007ffa1a5e0000 - 0x00007ffa1a635000 	C:\Windows\System32\shlwapi.dll
0x00007ffa189a0000 - 0x00007ffa189bf000 	C:\Windows\SYSTEM32\profapi.dll
0x00007ff9f79a0000 - 0x00007ff9f79ba000 	C:\Program Files\Android\Android Studio\jre\bin\net.dll
0x00007ff9fcff0000 - 0x00007ff9fd0f8000 	C:\Windows\SYSTEM32\WINHTTP.dll
0x00007ffa17ab0000 - 0x00007ffa17b1a000 	C:\Windows\system32\mswsock.dll
0x00007ff9f7980000 - 0x00007ff9f7994000 	C:\Program Files\Android\Android Studio\jre\bin\nio.dll
0x00007ff9c6d40000 - 0x00007ff9c6d67000 	C:\Users\User\.gradle\native\fdc75f09e3144964f2cf3f50f0aa648679c211496f362492102eb8c894070792\windows-amd64\native-platform.dll
0x00007ff9c6ad0000 - 0x00007ff9c6c66000 	C:\Users\User\.gradle\native\12488b8bf47d2d4c9fbf2f6322a914ad602e24e48041cd04a747c6da556b65c4\windows-amd64\native-platform-file-events.dll
0x00007ff9f7970000 - 0x00007ff9f797a000 	C:\Program Files\Android\Android Studio\jre\bin\management.dll
0x00007ff9f7960000 - 0x00007ff9f796c000 	C:\Program Files\Android\Android Studio\jre\bin\management_ext.dll
0x00007ffa18710000 - 0x00007ffa18728000 	C:\Windows\SYSTEM32\CRYPTSP.dll
0x00007ffa17470000 - 0x00007ffa174a4000 	C:\Windows\system32\rsaenh.dll
0x00007ffa19200000 - 0x00007ffa19227000 	C:\Windows\System32\bcrypt.dll
0x00007ffa18920000 - 0x00007ffa1894e000 	C:\Windows\SYSTEM32\USERENV.dll
0x00007ffa17cf0000 - 0x00007ffa17cfc000 	C:\Windows\SYSTEM32\CRYPTBASE.dll
0x00007ffa177c0000 - 0x00007ffa177fb000 	C:\Windows\SYSTEM32\IPHLPAPI.DLL
0x00007ffa1a5d0000 - 0x00007ffa1a5d8000 	C:\Windows\System32\NSI.dll
0x00007ffa11130000 - 0x00007ffa11147000 	C:\Windows\SYSTEM32\dhcpcsvc6.DLL
0x00007ffa116f0000 - 0x00007ffa1170d000 	C:\Windows\SYSTEM32\dhcpcsvc.DLL
0x00007ffa17800000 - 0x00007ffa178cc000 	C:\Windows\SYSTEM32\DNSAPI.dll
0x00007ffa11730000 - 0x00007ffa1173b000 	C:\Windows\SYSTEM32\WINNSI.DLL
0x00007ff9f9e40000 - 0x00007ff9f9e5e000 	C:\Users\User\AppData\Local\Temp\native-platform8624151225877797428dir\native-platform.dll
0x00007ff9f9e30000 - 0x00007ff9f9e38000 	C:\Program Files\Android\Android Studio\jre\bin\rmi.dll
0x00007ff9ee340000 - 0x00007ff9ee367000 	C:\Program Files\Android\Android Studio\jre\bin\sunec.dll

dbghelp: loaded successfully - version: 4.0.5 - missing functions: none
symbol engine: initialized successfully - sym options: 0x614 - pdb path: .;C:\Program Files\Android\Android Studio\jre\bin;C:\Windows\SYSTEM32;C:\Windows\WinSxS\amd64_microsoft.windows.common-controls_6595b64144ccf1df_6.0.19041.1110_none_60b5254171f9507e;C:\Program Files\Android\Android Studio\jre\bin\server;C:\Users\User\.gradle\native\fdc75f09e3144964f2cf3f50f0aa648679c211496f362492102eb8c894070792\windows-amd64;C:\Users\User\.gradle\native\12488b8bf47d2d4c9fbf2f6322a914ad602e24e48041cd04a747c6da556b65c4\windows-amd64;C:\Users\User\AppData\Local\Temp\native-platform8624151225877797428dir

VM Arguments:
jvm_args: --add-opens=java.base/java.util=ALL-UNNAMED --add-opens=java.base/java.lang=ALL-UNNAMED --add-opens=java.base/java.lang.invoke=ALL-UNNAMED --add-opens=java.prefs/java.util.prefs=ALL-UNNAMED -Xmx2048m -Dfile.encoding=UTF-8 -Duser.country=RU -Duser.language=ru -Duser.variant 
java_command: org.gradle.launcher.daemon.bootstrap.GradleDaemon 6.7.1
java_class_path (initial): C:\Users\User\.gradle\wrapper\dists\gradle-6.7.1-bin\bwlcbys1h7rz3272sye1xwiv6\gradle-6.7.1\lib\gradle-launcher-6.7.1.jar
Launcher Type: SUN_STANDARD

[Global flags]
     intx CICompilerCount                          = 3                                         {product} {ergonomic}
     uint ConcGCThreads                            = 1                                         {product} {ergonomic}
     uint G1ConcRefinementThreads                  = 4                                         {product} {ergonomic}
   size_t G1HeapRegionSize                         = 1048576                                   {product} {ergonomic}
    uintx GCDrainStackTargetSize                   = 64                                        {product} {ergonomic}
   size_t InitialHeapSize                          = 96468992                                  {product} {ergonomic}
   size_t MarkStackSize                            = 4194304                                   {product} {ergonomic}
   size_t MaxHeapSize                              = 2147483648                                {product} {command line}
   size_t MaxNewSize                               = 1287651328                                {product} {ergonomic}
   size_t MinHeapDeltaBytes                        = 1048576                                   {product} {ergonomic}
    uintx NonNMethodCodeHeapSize                   = 5830732                                {pd product} {ergonomic}
    uintx NonProfiledCodeHeapSize                  = 122913754                              {pd product} {ergonomic}
    uintx ProfiledCodeHeapSize                     = 122913754                              {pd product} {ergonomic}
    uintx ReservedCodeCacheSize                    = 251658240                              {pd product} {ergonomic}
     bool SegmentedCodeCache                       = true                                      {product} {ergonomic}
     bool UseCompressedClassPointers               = true                                 {lp64_product} {ergonomic}
     bool UseCompressedOops                        = true                                 {lp64_product} {ergonomic}
     bool UseG1GC                                  = true                                      {product} {ergonomic}
     bool UseLargePagesIndividualAllocation        = false                                  {pd product} {ergonomic}

Logging:
Log output configuration:
 #0: stdout all=warning uptime,level,tags
 #1: stderr all=off uptime,level,tags

Environment Variables:
PATH=C:\Program Files (x86)\Intel\Intel(R) Management Engine Components\iCLS\;C:\Program Files\Intel\Intel(R) Management Engine Components\iCLS\;C:\Windows\system32;C:\Windows;C:\Windows\System32\Wbem;C:\Windows\System32\WindowsPowerShell\v1.0\;C:\Windows\System32\OpenSSH\;C:\Program Files (x86)\Intel\Intel(R) Management Engine Components\DAL;C:\Program Files\Intel\Intel(R) Management Engine Components\DAL;C:\Program Files (x86)\Intel\Intel(R) Management Engine Components\IPT;C:\Program Files\Intel\Intel(R) Management Engine Components\IPT;C:\Program Files\Git\cmd;C:\Users\User\AppData\Local\Microsoft\WindowsApps;
USERNAME=User
OS=Windows_NT
PROCESSOR_IDENTIFIER=Intel64 Family 6 Model 158 Stepping 10, GenuineIntel



---------------  S Y S T E M  ---------------

OS: Windows 10 , 64 bit Build 19041 (10.0.19041.1151)
OS uptime: 0 days 0:15 hours

CPU:total 4 (initial active 4) (2 cores per cpu, 2 threads per core) family 6 model 158 stepping 10, cmov, cx8, fxsr, mmx, sse, sse2, sse3, ssse3, sse4.1, sse4.2, popcnt, aes, clmul, erms, 3dnowpref, lzcnt, ht, tsc, tscinvbit

Memory: 4k page, system-wide physical 5853M (1235M free)
TotalPageFile size 8157M (AvailPageFile size 3287M)
current process WorkingSet (physical memory assigned to process): 458M, peak: 496M
current process commit charge ("private bytes"): 500M, peak: 530M

vm_info: OpenJDK 64-Bit Server VM (11.0.8+10-b944.6842174) for windows-amd64 JRE (11.0.8+10-b944.6842174), built on Sep 19 2020 01:11:42 by "builder" with MS VC++ 14.0 (VS2015)

END.
