#
# A fatal error has been detected by the Java Runtime Environment:
#
#  EXCEPTION_ACCESS_VIOLATION (0xc0000005) at pc=0x0000022c9b1db9f8, pid=5896, tid=4628
#
# JRE version: OpenJDK Runtime Environment (11.0.8+10) (build 11.0.8+10-b944.6842174)
# Java VM: OpenJDK 64-Bit Server VM (11.0.8+10-b944.6842174, mixed mode, tiered, compressed oops, g1 gc, windows-amd64)
# Problematic frame:
# j  org.gradle.kotlin.dsl.services.KotlinScriptServiceRegistry.registerBuildServices(Lorg/gradle/internal/service/ServiceRegistration;)V+19
#
# No core dump will be written. Minidumps are not enabled by default on client versions of Windows
#
# If you would like to submit a bug report, please visit:
#   https://bugreport.java.com/bugreport/crash.jsp
#

---------------  S U M M A R Y ------------

Command Line: --add-opens=java.base/java.util=ALL-UNNAMED --add-opens=java.base/java.lang=ALL-UNNAMED --add-opens=java.base/java.lang.invoke=ALL-UNNAMED --add-opens=java.prefs/java.util.prefs=ALL-UNNAMED -Xmx2048m -Dfile.encoding=UTF-8 -Duser.country=RU -Duser.language=ru -Duser.variant org.gradle.launcher.daemon.bootstrap.GradleDaemon 6.7.1

Host: Intel(R) Pentium(R) Gold G5420 CPU @ 3.80GHz, 4 cores, 5G,  Windows 10 , 64 bit Build 19041 (10.0.19041.1023)
Time: Tue Aug 10 03:51:40 2021 Пакистан (зима) elapsed time: 2873 seconds (0d 0h 47m 53s)

---------------  T H R E A D  ---------------

Current thread (0x0000022cbb263800):  JavaThread "Daemon worker Thread 7" [_thread_in_Java, id=4628, stack(0x000000fd1fa00000,0x000000fd1fb00000)]

Stack: [0x000000fd1fa00000,0x000000fd1fb00000],  sp=0x000000fd1fafd168,  free space=1012k
Native frames: (J=compiled Java code, j=interpreted, Vv=VM code, C=native code)
C  0x0000022c9b1db9f8


siginfo: EXCEPTION_ACCESS_VIOLATION (0xc0000005), reading address 0xffffffffffffffff


Register to memory mapping:

RIP=0x0000022c9b1db9f8 is at code_begin+312 in an Interpreter codelet
getstatic  178 getstatic  [0x0000022c9b1db8c0, 0x0000022c9b1dbae0]  544 bytes
RAX=0x0000000084400000 is an oop: org.gradle.cache.internal.btree.FreeListBlockStore$FreeListEntry 
{0x0000000084400000} - klass: 'org/gradle/cache/internal/btree/FreeListBlockStore$FreeListEntry'
RBX=0x0000000000000070 is an unknown value
RCX=0x0000022cb29e7240 is pointing into metadata
RDX=0x0000000000000014 is an unknown value
RSP=0x000000fd1fafd168 is pointing into the stack for thread: 0x0000022cbb263800
RBP=0x000000fd1fafd1b8 is pointing into the stack for thread: 0x0000022cbb263800
RSI=0x00000000000005d8 is an unknown value
RDI=0x0000000000000d1c is an unknown value
R8 =0x0000022c957d1000 points into unknown readable memory: 00 00 00 00 00 00 00 00
R9 =0x0000c42cb25d3528 is an unknown value
R10=0x00007ffe33496ce0 jvm.dll
R11=0x0 is NULL
R12=0x0 is NULL
R13=0x0000022cb29e5969 is pointing into metadata
R14=0x000000fd1fafd1d0 is pointing into the stack for thread: 0x0000022cbb263800
R15=0x0000022cbb263800 is a thread


Registers:
RAX=0x0000000084400000, RBX=0x0000000000000070, RCX=0x0000022cb29e7240, RDX=0x0000000000000014
RSP=0x000000fd1fafd168, RBP=0x000000fd1fafd1b8, RSI=0x00000000000005d8, RDI=0x0000000000000d1c
R8 =0x0000022c957d1000, R9 =0x0000c42cb25d3528, R10=0x00007ffe33496ce0, R11=0x0000000000000000
R12=0x0000000000000000, R13=0x0000022cb29e5969, R14=0x000000fd1fafd1d0, R15=0x0000022cbb263800
RIP=0x0000022c9b1db9f8, EFLAGS=0x0000000000010246

Top of Stack: (sp=0x000000fd1fafd168)
0x000000fd1fafd168:   000000008b6d5d18 000000fd1fafd170
0x000000fd1fafd178:   0000022cb29e5963 000000fd1fafd1d0
0x000000fd1fafd188:   0000022cb29e7240 0000000000000000
0x000000fd1fafd198:   0000000080de7990 0000022cb29e59a0
0x000000fd1fafd1a8:   0000000000000000 000000fd1fafd1c8
0x000000fd1fafd1b8:   000000fd1fafd220 0000022c9b1c9d88
0x000000fd1fafd1c8:   000000008b6d5d18 0000000080e78ac8
0x000000fd1fafd1d8:   000000fd1fafd1d8 0000022cb569fafb
0x000000fd1fafd1e8:   000000fd1fafd248 0000022cb56a4f58
0x000000fd1fafd1f8:   0000000000000000 0000000080fc4240
0x000000fd1fafd208:   0000022cb569fb38 000000fd1fafd1c8
0x000000fd1fafd218:   000000fd1fafd240 000000fd1fafd298
0x000000fd1fafd228:   0000022c9b1c9d43 0000000080e78ac8
0x000000fd1fafd238:   000000008b6d6758 000000008b6d5d18
0x000000fd1fafd248:   000000008b6cc5c0 000000fd1fafd250
0x000000fd1fafd258:   0000022cb561f7b0 000000fd1fafd2b0 

Instructions: (pc=0x0000022c9b1db9f8)
0x0000022c9b1db8f8:   08 e9 01 00 00 00 50 41 0f b7 55 01 48 8b 4d d0
0x0000022c9b1db908:   c1 e2 02 8b 5c d1 20 c1 eb 10 81 e3 ff 00 00 00
0x0000022c9b1db918:   81 fb b2 00 00 00 0f 84 c2 00 00 00 bb b2 00 00
0x0000022c9b1db928:   00 e8 05 00 00 00 e9 a7 00 00 00 48 8b d3 48 8d
0x0000022c9b1db938:   44 24 08 4c 89 6d c0 49 8b cf 49 89 af 30 03 00
0x0000022c9b1db948:   00 49 89 87 20 03 00 00 48 83 ec 20 f7 c4 0f 00
0x0000022c9b1db958:   00 00 0f 84 1a 00 00 00 48 83 ec 08 49 ba 40 bb
0x0000022c9b1db968:   df 32 fe 7f 00 00 41 ff d2 48 83 c4 08 e9 0d 00
0x0000022c9b1db978:   00 00 49 ba 40 bb df 32 fe 7f 00 00 41 ff d2 48
0x0000022c9b1db988:   83 c4 20 49 ba 00 00 00 00 00 00 00 00 4d 89 97
0x0000022c9b1db998:   20 03 00 00 49 ba 00 00 00 00 00 00 00 00 4d 89
0x0000022c9b1db9a8:   97 30 03 00 00 49 ba 00 00 00 00 00 00 00 00 4d
0x0000022c9b1db9b8:   89 97 28 03 00 00 49 81 7f 08 00 00 00 00 0f 84
0x0000022c9b1db9c8:   05 00 00 00 e9 af 51 fe ff 4c 8b 6d c0 4c 8b 75
0x0000022c9b1db9d8:   c8 c3 41 0f b7 55 01 48 8b 4d d0 c1 e2 02 48 8b
0x0000022c9b1db9e8:   5c d1 30 8b 44 d1 38 4c 8b 4c d1 28 4d 8b 49 70
0x0000022c9b1db9f8:   4d 8b 09 c1 e8 1c 83 e0 0f 0f 85 0b 00 00 00 41
0x0000022c9b1dba08:   0f be 04 19 50 e9 b7 00 00 00 83 f8 01 0f 85 0b
0x0000022c9b1dba18:   00 00 00 41 0f b6 04 19 50 e9 a3 00 00 00 83 f8
0x0000022c9b1dba28:   08 0f 85 0a 00 00 00 41 8b 04 19 50 e9 90 00 00
0x0000022c9b1dba38:   00 83 f8 04 0f 85 0a 00 00 00 41 8b 04 19 50 e9
0x0000022c9b1dba48:   7d 00 00 00 83 f8 02 0f 85 0b 00 00 00 41 0f b7
0x0000022c9b1dba58:   04 19 50 e9 69 00 00 00 83 f8 03 0f 85 0b 00 00
0x0000022c9b1dba68:   00 41 0f bf 04 19 50 e9 55 00 00 00 83 f8 05 0f
0x0000022c9b1dba78:   85 20 00 00 00 49 8b 04 19 48 83 ec 10 48 89 04
0x0000022c9b1dba88:   24 49 ba 00 00 00 00 00 00 00 00 4c 89 54 24 08
0x0000022c9b1dba98:   e9 2c 00 00 00 83 f8 06 0f 85 14 00 00 00 f3 41
0x0000022c9b1dbaa8:   0f 10 04 19 48 83 ec 08 f3 0f 11 04 24 e9 0f 00
0x0000022c9b1dbab8:   00 00 f2 41 0f 10 04 19 48 83 ec 10 f2 0f 11 04
0x0000022c9b1dbac8:   24 41 0f b6 5d 03 49 83 c5 03 49 ba e0 74 49 33
0x0000022c9b1dbad8:   fe 7f 00 00 41 ff 24 da a0 03 00 00 00 00 00 00
0x0000022c9b1dbae8:   50 95 26 33 fe 7f 00 00 b3 00 00 00 00 00 00 00 


Stack slot to memory mapping:
stack at sp + 0 slots: 0x000000008b6d5d18 is an oop: org.gradle.internal.service.DefaultServiceRegistry$1 
{0x000000008b6d5d18} - klass: 'org/gradle/internal/service/DefaultServiceRegistry$1'
stack at sp + 1 slots: 0x000000fd1fafd170 is pointing into the stack for thread: 0x0000022cbb263800
stack at sp + 2 slots: 0x0000022cb29e5963 is pointing into metadata
stack at sp + 3 slots: 0x000000fd1fafd1d0 is pointing into the stack for thread: 0x0000022cbb263800
stack at sp + 4 slots: 0x0000022cb29e7240 is pointing into metadata
stack at sp + 5 slots: 0x0 is NULL
stack at sp + 6 slots: 0x0000000080de7990 is an oop: java.lang.Class 
{0x0000000080de7990} - klass: 'java/lang/Class'
stack at sp + 7 slots: {method} {0x0000022cb29e59a8} 'registerBuildServices' '(Lorg/gradle/internal/service/ServiceRegistration;)V' in 'org/gradle/kotlin/dsl/services/KotlinScriptServiceRegistry'

getstatic  178 getstatic  [0x0000022c9b1db8c0, 0x0000022c9b1dbae0]  544 bytes

---------------  P R O C E S S  ---------------

Threads class SMR info:
_java_thread_list=0x0000022cbb4eaaf0, length=32, elements={
0x0000022c9783a000, 0x0000022cb1286000, 0x0000022cb1287000, 0x0000022cb12a0800,
0x0000022cb12a2800, 0x0000022cb12a4800, 0x0000022cb12a8000, 0x0000022cb12ed800,
0x0000022cb1d67800, 0x0000022cb1d69800, 0x0000022cb3674000, 0x0000022cb3710800,
0x0000022cb2b68800, 0x0000022cb34f5800, 0x0000022cb34f6000, 0x0000022cb34fa000,
0x0000022cb62c5800, 0x0000022cb62ca000, 0x0000022cb60a5000, 0x0000022cb2b38800,
0x0000022cb2b3a800, 0x0000022cb2b34800, 0x0000022cb2b3c000, 0x0000022cb2b3f000,
0x0000022cbe30f800, 0x0000022cbb262800, 0x0000022cbb262000, 0x0000022cbb25d000,
0x0000022cbb263800, 0x0000022cbb25e000, 0x0000022cbb264800, 0x0000022cbb25e800
}

Java Threads: ( => current thread )
  0x0000022c9783a000 JavaThread "main" [_thread_blocked, id=4556, stack(0x000000fd1e700000,0x000000fd1e800000)]
  0x0000022cb1286000 JavaThread "Reference Handler" daemon [_thread_blocked, id=8548, stack(0x000000fd1ee00000,0x000000fd1ef00000)]
  0x0000022cb1287000 JavaThread "Finalizer" daemon [_thread_blocked, id=9740, stack(0x000000fd1ef00000,0x000000fd1f000000)]
  0x0000022cb12a0800 JavaThread "Signal Dispatcher" daemon [_thread_blocked, id=9336, stack(0x000000fd1f000000,0x000000fd1f100000)]
  0x0000022cb12a2800 JavaThread "Attach Listener" daemon [_thread_blocked, id=10104, stack(0x000000fd1f100000,0x000000fd1f200000)]
  0x0000022cb12a4800 JavaThread "C2 CompilerThread0" daemon [_thread_blocked, id=8044, stack(0x000000fd1f200000,0x000000fd1f300000)]
  0x0000022cb12a8000 JavaThread "C1 CompilerThread0" daemon [_thread_blocked, id=1336, stack(0x000000fd1f300000,0x000000fd1f400000)]
  0x0000022cb12ed800 JavaThread "Sweeper thread" daemon [_thread_blocked, id=3256, stack(0x000000fd1f400000,0x000000fd1f500000)]
  0x0000022cb1d67800 JavaThread "Common-Cleaner" daemon [_thread_blocked, id=5008, stack(0x000000fd1f500000,0x000000fd1f600000)]
  0x0000022cb1d69800 JavaThread "Service Thread" daemon [_thread_blocked, id=7164, stack(0x000000fd1f600000,0x000000fd1f700000)]
  0x0000022cb3674000 JavaThread "Daemon health stats" [_thread_blocked, id=1308, stack(0x000000fd1f900000,0x000000fd1fa00000)]
  0x0000022cb3710800 JavaThread "Incoming local TCP Connector on port 63534" [_thread_in_native, id=8188, stack(0x000000fd1fc00000,0x000000fd1fd00000)]
  0x0000022cb2b68800 JavaThread "Daemon periodic checks" [_thread_blocked, id=10116, stack(0x000000fd1ff00000,0x000000fd20000000)]
  0x0000022cb34f5800 JavaThread "Cache worker for file hash cache (C:\Users\User\.gradle\caches\6.7.1\fileHashes)" [_thread_blocked, id=2388, stack(0x000000fd20700000,0x000000fd20800000)]
  0x0000022cb34f6000 JavaThread "File lock request listener" [_thread_in_native, id=6472, stack(0x000000fd20800000,0x000000fd20900000)]
  0x0000022cb34fa000 JavaThread "Cache worker for journal cache (C:\Users\User\.gradle\caches\journal-1)" [_thread_blocked, id=1368, stack(0x000000fd20900000,0x000000fd20a00000)]
  0x0000022cb62c5800 JavaThread "Cache worker for execution history cache (C:\Users\User\.gradle\caches\6.7.1\executionHistory)" [_thread_blocked, id=7032, stack(0x000000fd21600000,0x000000fd21700000)]
  0x0000022cb62ca000 JavaThread "Cache worker for file content cache (C:\Users\User\.gradle\caches\6.7.1\fileContent)" [_thread_blocked, id=5656, stack(0x000000fd21700000,0x000000fd21800000)]
  0x0000022cb60a5000 JavaThread "Memory manager" [_thread_blocked, id=6948, stack(0x000000fd28a00000,0x000000fd28b00000)]
  0x0000022cb2b38800 JavaThread "RMI Scheduler(0)" daemon [_thread_blocked, id=6740, stack(0x000000fd28400000,0x000000fd28500000)]
  0x0000022cb2b3a800 JavaThread "RMI GC Daemon" daemon [_thread_blocked, id=9892, stack(0x000000fd29400000,0x000000fd29500000)]
  0x0000022cb2b34800 JavaThread "RMI TCP Accept-0" daemon [_thread_in_native, id=5852, stack(0x000000fd29500000,0x000000fd29600000)]
  0x0000022cb2b3c000 JavaThread "RMI Reaper" [_thread_blocked, id=8996, stack(0x000000fd29600000,0x000000fd29700000)]
  0x0000022cb2b3f000 JavaThread "Cache worker for Java compile cache (C:\Users\User\.gradle\caches\6.7.1\javaCompile)" [_thread_blocked, id=3440, stack(0x000000fd29b00000,0x000000fd29c00000)]
  0x0000022cbe30f800 JavaThread "ForkJoinPool.commonPool-worker-3" daemon [_thread_blocked, id=4268, stack(0x000000fd29c00000,0x000000fd29d00000)]
  0x0000022cbb262800 JavaThread "Daemon Thread 7" [_thread_blocked, id=8932, stack(0x000000fd1e400000,0x000000fd1e500000)]
  0x0000022cbb262000 JavaThread "Handler for socket connection from /127.0.0.1:63534 to /127.0.0.1:63860" [_thread_in_native, id=4412, stack(0x000000fd1e500000,0x000000fd1e600000)]
  0x0000022cbb25d000 JavaThread "Cancel handler" [_thread_blocked, id=8960, stack(0x000000fd1e600000,0x000000fd1e700000)]
=>0x0000022cbb263800 JavaThread "Daemon worker Thread 7" [_thread_in_Java, id=4628, stack(0x000000fd1fa00000,0x000000fd1fb00000)]
  0x0000022cbb25e000 JavaThread "Asynchronous log dispatcher for DefaultDaemonConnection: socket connection from /127.0.0.1:63534 to /127.0.0.1:63860" [_thread_blocked, id=8124, stack(0x000000fd1fb00000,0x000000fd1fc00000)]
  0x0000022cbb264800 JavaThread "Stdin handler" [_thread_blocked, id=8864, stack(0x000000fd1fd00000,0x000000fd1fe00000)]
  0x0000022cbb25e800 JavaThread "Thread-1166" [_thread_blocked, id=8536, stack(0x000000fd1fe00000,0x000000fd1ff00000)]

Other Threads:
  0x0000022cb127e000 VMThread "VM Thread" [stack: 0x000000fd1ed00000,0x000000fd1ee00000] [id=9144]
  0x0000022cb1d6b800 WatcherThread [stack: 0x000000fd1f700000,0x000000fd1f800000] [id=3152]
  0x0000022c97852800 GCTaskThread "GC Thread#0" [stack: 0x000000fd1e800000,0x000000fd1e900000] [id=9672]
  0x0000022cb20bb000 GCTaskThread "GC Thread#1" [stack: 0x000000fd1f800000,0x000000fd1f900000] [id=9272]
  0x0000022cb2303800 GCTaskThread "GC Thread#2" [stack: 0x000000fd20500000,0x000000fd20600000] [id=6616]
  0x0000022cb3d54800 GCTaskThread "GC Thread#3" [stack: 0x000000fd20600000,0x000000fd20700000] [id=6408]
  0x0000022c97883800 ConcurrentGCThread "G1 Main Marker" [stack: 0x000000fd1e900000,0x000000fd1ea00000] [id=7232]
  0x0000022c97886000 ConcurrentGCThread "G1 Conc#0" [stack: 0x000000fd1ea00000,0x000000fd1eb00000] [id=4140]
  0x0000022c978e8800 ConcurrentGCThread "G1 Refine#0" [stack: 0x000000fd1eb00000,0x000000fd1ec00000] [id=8388]
  0x0000022cb1fd5000 ConcurrentGCThread "G1 Refine#1" [stack: 0x000000fd28c00000,0x000000fd28d00000] [id=9296]
  0x0000022cb8d8d000 ConcurrentGCThread "G1 Refine#2" [stack: 0x000000fd28d00000,0x000000fd28e00000] [id=3008]
  0x0000022c978e9800 ConcurrentGCThread "G1 Young RemSet Sampling" [stack: 0x000000fd1ec00000,0x000000fd1ed00000] [id=6732]

Threads with active compile tasks:

VM state:not at safepoint (normal execution)

VM Mutex/Monitor currently owned by a thread: None

Heap address: 0x0000000080000000, size: 2048 MB, Compressed Oops mode: 32-bit
Narrow klass base: 0x0000000000000000, Narrow klass shift: 3
Compressed class space size: 1073741824 Address: 0x0000000100000000

Heap:
 garbage-first heap   total 198656K, used 120162K [0x0000000080000000, 0x0000000100000000)
  region size 1024K, 15 young (15360K), 3 survivors (3072K)
 Metaspace       used 129639K, capacity 133498K, committed 136148K, reserved 1167360K
  class space    used 15751K, capacity 17130K, committed 17536K, reserved 1048576K
Heap Regions: E=young(eden), S=young(survivor), O=old, HS=humongous(starts), HC=humongous(continues), CS=collection set, F=free, A=archive, TAMS=top-at-mark-start (previous, next)
|   0|0x0000000080000000, 0x0000000080100000, 0x0000000080100000|100%| O|  |TAMS 0x0000000080100000, 0x0000000080000000| Untracked 
|   1|0x0000000080100000, 0x0000000080200000, 0x0000000080200000|100%| O|  |TAMS 0x0000000080200000, 0x0000000080100000| Untracked 
|   2|0x0000000080200000, 0x0000000080300000, 0x0000000080300000|100%| O|  |TAMS 0x0000000080300000, 0x0000000080200000| Untracked 
|   3|0x0000000080300000, 0x0000000080400000, 0x0000000080400000|100%|HS|  |TAMS 0x0000000080400000, 0x0000000080300000| Complete 
|   4|0x0000000080400000, 0x0000000080500000, 0x0000000080500000|100%|HC|  |TAMS 0x0000000080500000, 0x0000000080400000| Complete 
|   5|0x0000000080500000, 0x0000000080600000, 0x0000000080600000|100%|HC|  |TAMS 0x0000000080600000, 0x0000000080500000| Complete 
|   6|0x0000000080600000, 0x0000000080700000, 0x0000000080700000|100%| O|  |TAMS 0x0000000080700000, 0x0000000080600000| Untracked 
|   7|0x0000000080700000, 0x0000000080800000, 0x0000000080800000|100%| O|  |TAMS 0x0000000080800000, 0x0000000080700000| Untracked 
|   8|0x0000000080800000, 0x0000000080900000, 0x0000000080900000|100%| O|  |TAMS 0x0000000080900000, 0x0000000080800000| Untracked 
|   9|0x0000000080900000, 0x0000000080a00000, 0x0000000080a00000|100%| O|  |TAMS 0x0000000080a00000, 0x0000000080900000| Untracked 
|  10|0x0000000080a00000, 0x0000000080b00000, 0x0000000080b00000|100%| O|  |TAMS 0x0000000080b00000, 0x0000000080a00000| Untracked 
|  11|0x0000000080b00000, 0x0000000080c00000, 0x0000000080c00000|100%| O|  |TAMS 0x0000000080c00000, 0x0000000080b00000| Untracked 
|  12|0x0000000080c00000, 0x0000000080d00000, 0x0000000080d00000|100%| O|  |TAMS 0x0000000080d00000, 0x0000000080c00000| Untracked 
|  13|0x0000000080d00000, 0x0000000080e00000, 0x0000000080e00000|100%| O|  |TAMS 0x0000000080e00000, 0x0000000080d00000| Untracked 
|  14|0x0000000080e00000, 0x0000000080f00000, 0x0000000080f00000|100%| O|  |TAMS 0x0000000080f00000, 0x0000000080e00000| Untracked 
|  15|0x0000000080f00000, 0x0000000081000000, 0x0000000081000000|100%| O|  |TAMS 0x0000000081000000, 0x0000000080f00000| Untracked 
|  16|0x0000000081000000, 0x0000000081100000, 0x0000000081100000|100%| O|  |TAMS 0x0000000081100000, 0x0000000081000000| Untracked 
|  17|0x0000000081100000, 0x0000000081200000, 0x0000000081200000|100%|HS|  |TAMS 0x0000000081100000, 0x0000000081100000| Complete 
|  18|0x0000000081200000, 0x0000000081300000, 0x0000000081300000|100%|HC|  |TAMS 0x0000000081200000, 0x0000000081200000| Complete 
|  19|0x0000000081300000, 0x0000000081400000, 0x0000000081400000|100%|HS|  |TAMS 0x0000000081300000, 0x0000000081300000| Complete 
|  20|0x0000000081400000, 0x0000000081500000, 0x0000000081500000|100%|HC|  |TAMS 0x0000000081400000, 0x0000000081400000| Complete 
|  21|0x0000000081500000, 0x0000000081600000, 0x0000000081600000|100%| O|  |TAMS 0x0000000081600000, 0x0000000081500000| Untracked 
|  22|0x0000000081600000, 0x0000000081700000, 0x0000000081700000|100%| O|  |TAMS 0x0000000081700000, 0x0000000081600000| Untracked 
|  23|0x0000000081700000, 0x0000000081800000, 0x0000000081800000|100%| O|  |TAMS 0x0000000081800000, 0x0000000081700000| Untracked 
|  24|0x0000000081800000, 0x0000000081900000, 0x0000000081900000|100%| O|  |TAMS 0x0000000081900000, 0x0000000081800000| Untracked 
|  25|0x0000000081900000, 0x0000000081a00000, 0x0000000081a00000|100%| O|  |TAMS 0x0000000081a00000, 0x0000000081900000| Untracked 
|  26|0x0000000081a00000, 0x0000000081b00000, 0x0000000081b00000|100%| O|  |TAMS 0x0000000081b00000, 0x0000000081a00000| Untracked 
|  27|0x0000000081b00000, 0x0000000081c00000, 0x0000000081c00000|100%| O|  |TAMS 0x0000000081c00000, 0x0000000081b00000| Untracked 
|  28|0x0000000081c00000, 0x0000000081d00000, 0x0000000081d00000|100%| O|  |TAMS 0x0000000081d00000, 0x0000000081c00000| Untracked 
|  29|0x0000000081d00000, 0x0000000081e00000, 0x0000000081e00000|100%| O|  |TAMS 0x0000000081e00000, 0x0000000081d00000| Untracked 
|  30|0x0000000081e00000, 0x0000000081f00000, 0x0000000081f00000|100%|HS|  |TAMS 0x0000000081f00000, 0x0000000081e00000| Complete 
|  31|0x0000000081f00000, 0x0000000082000000, 0x0000000082000000|100%|HS|  |TAMS 0x0000000082000000, 0x0000000081f00000| Complete 
|  32|0x0000000082000000, 0x0000000082100000, 0x0000000082100000|100%|HC|  |TAMS 0x0000000082100000, 0x0000000082000000| Complete 
|  33|0x0000000082100000, 0x0000000082200000, 0x0000000082200000|100%|HC|  |TAMS 0x0000000082200000, 0x0000000082100000| Complete 
|  34|0x0000000082200000, 0x0000000082300000, 0x0000000082300000|100%|HS|  |TAMS 0x0000000082300000, 0x0000000082200000| Complete 
|  35|0x0000000082300000, 0x0000000082400000, 0x0000000082400000|100%|HC|  |TAMS 0x0000000082400000, 0x0000000082300000| Complete 
|  36|0x0000000082400000, 0x0000000082500000, 0x0000000082500000|100%| O|  |TAMS 0x0000000082500000, 0x0000000082400000| Untracked 
|  37|0x0000000082500000, 0x0000000082600000, 0x0000000082600000|100%| O|  |TAMS 0x0000000082600000, 0x0000000082500000| Untracked 
|  38|0x0000000082600000, 0x0000000082700000, 0x0000000082700000|100%| O|  |TAMS 0x0000000082700000, 0x0000000082600000| Untracked 
|  39|0x0000000082700000, 0x0000000082800000, 0x0000000082800000|100%| O|  |TAMS 0x0000000082800000, 0x0000000082700000| Untracked 
|  40|0x0000000082800000, 0x0000000082900000, 0x0000000082900000|100%| O|  |TAMS 0x0000000082900000, 0x0000000082800000| Untracked 
|  41|0x0000000082900000, 0x0000000082a00000, 0x0000000082a00000|100%| O|  |TAMS 0x0000000082a00000, 0x0000000082900000| Untracked 
|  42|0x0000000082a00000, 0x0000000082b00000, 0x0000000082b00000|100%| O|  |TAMS 0x0000000082b00000, 0x0000000082a00000| Untracked 
|  43|0x0000000082b00000, 0x0000000082c00000, 0x0000000082c00000|100%| O|  |TAMS 0x0000000082c00000, 0x0000000082b00000| Untracked 
|  44|0x0000000082c00000, 0x0000000082d00000, 0x0000000082d00000|100%| O|  |TAMS 0x0000000082d00000, 0x0000000082c00000| Untracked 
|  45|0x0000000082d00000, 0x0000000082e00000, 0x0000000082e00000|100%| O|  |TAMS 0x0000000082e00000, 0x0000000082d00000| Untracked 
|  46|0x0000000082e00000, 0x0000000082f00000, 0x0000000082f00000|100%| O|  |TAMS 0x0000000082f00000, 0x0000000082e00000| Untracked 
|  47|0x0000000082f00000, 0x0000000083000000, 0x0000000083000000|100%| O|  |TAMS 0x0000000083000000, 0x0000000082f00000| Untracked 
|  48|0x0000000083000000, 0x0000000083100000, 0x0000000083100000|100%| O|  |TAMS 0x0000000083100000, 0x0000000083000000| Untracked 
|  49|0x0000000083100000, 0x0000000083200000, 0x0000000083200000|100%| O|  |TAMS 0x0000000083200000, 0x0000000083100000| Untracked 
|  50|0x0000000083200000, 0x0000000083300000, 0x0000000083300000|100%| O|  |TAMS 0x0000000083300000, 0x0000000083200000| Untracked 
|  51|0x0000000083300000, 0x0000000083400000, 0x0000000083400000|100%|HS|  |TAMS 0x0000000083300000, 0x0000000083300000| Complete 
|  52|0x0000000083400000, 0x0000000083500000, 0x0000000083500000|100%|HC|  |TAMS 0x0000000083400000, 0x0000000083400000| Complete 
|  53|0x0000000083500000, 0x0000000083500000, 0x0000000083600000|  0%| F|  |TAMS 0x0000000083500000, 0x0000000083500000| Untracked 
|  54|0x0000000083600000, 0x0000000083700000, 0x0000000083700000|100%| O|  |TAMS 0x0000000083700000, 0x0000000083600000| Untracked 
|  55|0x0000000083700000, 0x0000000083800000, 0x0000000083800000|100%| O|  |TAMS 0x0000000083800000, 0x0000000083700000| Untracked 
|  56|0x0000000083800000, 0x0000000083900000, 0x0000000083900000|100%| O|  |TAMS 0x0000000083900000, 0x0000000083800000| Untracked 
|  57|0x0000000083900000, 0x0000000083900000, 0x0000000083a00000|  0%| F|  |TAMS 0x0000000083900000, 0x0000000083900000| Untracked 
|  58|0x0000000083a00000, 0x0000000083b00000, 0x0000000083b00000|100%| O|  |TAMS 0x0000000083b00000, 0x0000000083a00000| Untracked 
|  59|0x0000000083b00000, 0x0000000083c00000, 0x0000000083c00000|100%| O|  |TAMS 0x0000000083c00000, 0x0000000083b00000| Untracked 
|  60|0x0000000083c00000, 0x0000000083d00000, 0x0000000083d00000|100%| O|  |TAMS 0x0000000083d00000, 0x0000000083c00000| Untracked 
|  61|0x0000000083d00000, 0x0000000083e00000, 0x0000000083e00000|100%| O|  |TAMS 0x0000000083e00000, 0x0000000083d00000| Untracked 
|  62|0x0000000083e00000, 0x0000000083f00000, 0x0000000083f00000|100%| O|  |TAMS 0x0000000083f00000, 0x0000000083e00000| Untracked 
|  63|0x0000000083f00000, 0x0000000084000000, 0x0000000084000000|100%| O|  |TAMS 0x0000000084000000, 0x0000000083f00000| Untracked 
|  64|0x0000000084000000, 0x00000000840d4e00, 0x0000000084100000| 83%| O|  |TAMS 0x00000000840d4e00, 0x0000000084000000| Untracked 
|  65|0x0000000084100000, 0x0000000084200000, 0x0000000084200000|100%| O|  |TAMS 0x0000000084200000, 0x0000000084100000| Untracked 
|  66|0x0000000084200000, 0x0000000084300000, 0x0000000084300000|100%| O|  |TAMS 0x0000000084300000, 0x0000000084200000| Untracked 
|  67|0x0000000084300000, 0x0000000084400000, 0x0000000084400000|100%| O|  |TAMS 0x0000000084400000, 0x0000000084300000| Untracked 
|  68|0x0000000084400000, 0x0000000084500000, 0x0000000084500000|100%| O|  |TAMS 0x0000000084500000, 0x0000000084400000| Untracked 
|  69|0x0000000084500000, 0x0000000084500000, 0x0000000084600000|  0%| F|  |TAMS 0x0000000084500000, 0x0000000084500000| Untracked 
|  70|0x0000000084600000, 0x0000000084700000, 0x0000000084700000|100%| O|  |TAMS 0x0000000084700000, 0x0000000084600000| Untracked 
|  71|0x0000000084700000, 0x0000000084700000, 0x0000000084800000|  0%| F|  |TAMS 0x0000000084700000, 0x0000000084700000| Untracked 
|  72|0x0000000084800000, 0x0000000084900000, 0x0000000084900000|100%| O|  |TAMS 0x0000000084900000, 0x0000000084800000| Untracked 
|  73|0x0000000084900000, 0x0000000084900000, 0x0000000084a00000|  0%| F|  |TAMS 0x0000000084900000, 0x0000000084900000| Untracked 
|  74|0x0000000084a00000, 0x0000000084b00000, 0x0000000084b00000|100%| O|  |TAMS 0x0000000084b00000, 0x0000000084a00000| Untracked 
|  75|0x0000000084b00000, 0x0000000084c00000, 0x0000000084c00000|100%| O|  |TAMS 0x0000000084c00000, 0x0000000084b00000| Untracked 
|  76|0x0000000084c00000, 0x0000000084d00000, 0x0000000084d00000|100%| O|  |TAMS 0x0000000084d00000, 0x0000000084c00000| Untracked 
|  77|0x0000000084d00000, 0x0000000084e00000, 0x0000000084e00000|100%| O|  |TAMS 0x0000000084e00000, 0x0000000084d00000| Untracked 
|  78|0x0000000084e00000, 0x0000000084f00000, 0x0000000084f00000|100%| O|  |TAMS 0x0000000084f00000, 0x0000000084e00000| Untracked 
|  79|0x0000000084f00000, 0x0000000085000000, 0x0000000085000000|100%| O|  |TAMS 0x0000000085000000, 0x0000000084f00000| Untracked 
|  80|0x0000000085000000, 0x0000000085000000, 0x0000000085100000|  0%| F|  |TAMS 0x0000000085000000, 0x0000000085000000| Untracked 
|  81|0x0000000085100000, 0x0000000085200000, 0x0000000085200000|100%| O|  |TAMS 0x0000000085200000, 0x0000000085100000| Untracked 
|  82|0x0000000085200000, 0x0000000085300000, 0x0000000085300000|100%| O|  |TAMS 0x0000000085300000, 0x0000000085200000| Untracked 
|  83|0x0000000085300000, 0x0000000085400000, 0x0000000085400000|100%| O|  |TAMS 0x0000000085400000, 0x0000000085300000| Untracked 
|  84|0x0000000085400000, 0x0000000085500000, 0x0000000085500000|100%| O|  |TAMS 0x0000000085500000, 0x0000000085400000| Untracked 
|  85|0x0000000085500000, 0x0000000085500000, 0x0000000085600000|  0%| F|  |TAMS 0x0000000085500000, 0x0000000085500000| Untracked 
|  86|0x0000000085600000, 0x0000000085700000, 0x0000000085700000|100%| O|  |TAMS 0x0000000085700000, 0x0000000085600000| Untracked 
|  87|0x0000000085700000, 0x0000000085700000, 0x0000000085800000|  0%| F|  |TAMS 0x0000000085700000, 0x0000000085700000| Untracked 
|  88|0x0000000085800000, 0x0000000085900000, 0x0000000085900000|100%| O|  |TAMS 0x0000000085900000, 0x0000000085800000| Untracked 
|  89|0x0000000085900000, 0x0000000085a00000, 0x0000000085a00000|100%| O|  |TAMS 0x0000000085a00000, 0x0000000085900000| Untracked 
|  90|0x0000000085a00000, 0x0000000085a00000, 0x0000000085b00000|  0%| F|  |TAMS 0x0000000085a00000, 0x0000000085a00000| Untracked 
|  91|0x0000000085b00000, 0x0000000085c00000, 0x0000000085c00000|100%| O|  |TAMS 0x0000000085c00000, 0x0000000085b00000| Untracked 
|  92|0x0000000085c00000, 0x0000000085d00000, 0x0000000085d00000|100%| O|  |TAMS 0x0000000085d00000, 0x0000000085c00000| Untracked 
|  93|0x0000000085d00000, 0x0000000085e00000, 0x0000000085e00000|100%|HS|  |TAMS 0x0000000085e00000, 0x0000000085d00000| Complete 
|  94|0x0000000085e00000, 0x0000000085f00000, 0x0000000085f00000|100%|HC|  |TAMS 0x0000000085f00000, 0x0000000085e00000| Complete 
|  95|0x0000000085f00000, 0x0000000086000000, 0x0000000086000000|100%|HC|  |TAMS 0x0000000086000000, 0x0000000085f00000| Complete 
|  96|0x0000000086000000, 0x0000000086100000, 0x0000000086100000|100%|HS|  |TAMS 0x0000000086000000, 0x0000000086000000| Complete 
|  97|0x0000000086100000, 0x0000000086200000, 0x0000000086200000|100%|HC|  |TAMS 0x0000000086100000, 0x0000000086100000| Complete 
|  98|0x0000000086200000, 0x0000000086300000, 0x0000000086300000|100%| O|  |TAMS 0x0000000086300000, 0x0000000086200000| Untracked 
|  99|0x0000000086300000, 0x0000000086400000, 0x0000000086400000|100%|HS|  |TAMS 0x0000000086300000, 0x0000000086300000| Complete 
| 100|0x0000000086400000, 0x0000000086500000, 0x0000000086500000|100%|HC|  |TAMS 0x0000000086400000, 0x0000000086400000| Complete 
| 101|0x0000000086500000, 0x0000000086600000, 0x0000000086600000|100%|HS|  |TAMS 0x0000000086500000, 0x0000000086500000| Complete 
| 102|0x0000000086600000, 0x0000000086700000, 0x0000000086700000|100%|HC|  |TAMS 0x0000000086600000, 0x0000000086600000| Complete 
| 103|0x0000000086700000, 0x0000000086800000, 0x0000000086800000|100%| O|  |TAMS 0x0000000086800000, 0x0000000086700000| Untracked 
| 104|0x0000000086800000, 0x0000000086900000, 0x0000000086900000|100%| O|  |TAMS 0x0000000086900000, 0x0000000086800000| Untracked 
| 105|0x0000000086900000, 0x0000000086a00000, 0x0000000086a00000|100%| O|  |TAMS 0x0000000086a00000, 0x0000000086900000| Untracked 
| 106|0x0000000086a00000, 0x0000000086b00000, 0x0000000086b00000|100%| O|  |TAMS 0x0000000086b00000, 0x0000000086a00000| Untracked 
| 107|0x0000000086b00000, 0x0000000086c00000, 0x0000000086c00000|100%| O|  |TAMS 0x0000000086c00000, 0x0000000086b00000| Untracked 
| 108|0x0000000086c00000, 0x0000000086c00000, 0x0000000086d00000|  0%| F|  |TAMS 0x0000000086c00000, 0x0000000086c00000| Untracked 
| 109|0x0000000086d00000, 0x0000000086d00000, 0x0000000086e00000|  0%| F|  |TAMS 0x0000000086d00000, 0x0000000086d00000| Untracked 
| 110|0x0000000086e00000, 0x0000000086f00000, 0x0000000086f00000|100%| O|  |TAMS 0x0000000086f00000, 0x0000000086e00000| Untracked 
| 111|0x0000000086f00000, 0x0000000087000000, 0x0000000087000000|100%| O|  |TAMS 0x0000000087000000, 0x0000000086f00000| Untracked 
| 112|0x0000000087000000, 0x0000000087100000, 0x0000000087100000|100%| O|  |TAMS 0x0000000087100000, 0x0000000087000000| Untracked 
| 113|0x0000000087100000, 0x0000000087200000, 0x0000000087200000|100%| O|  |TAMS 0x0000000087200000, 0x0000000087100000| Untracked 
| 114|0x0000000087200000, 0x0000000087200000, 0x0000000087300000|  0%| F|  |TAMS 0x0000000087200000, 0x0000000087200000| Untracked 
| 115|0x0000000087300000, 0x0000000087300000, 0x0000000087400000|  0%| F|  |TAMS 0x0000000087300000, 0x0000000087300000| Untracked 
| 116|0x0000000087400000, 0x0000000087400000, 0x0000000087500000|  0%| F|  |TAMS 0x0000000087400000, 0x0000000087400000| Untracked 
| 117|0x0000000087500000, 0x0000000087500000, 0x0000000087600000|  0%| F|  |TAMS 0x0000000087500000, 0x0000000087500000| Untracked 
| 118|0x0000000087600000, 0x0000000087600000, 0x0000000087700000|  0%| F|  |TAMS 0x0000000087600000, 0x0000000087600000| Untracked 
| 119|0x0000000087700000, 0x0000000087800000, 0x0000000087800000|100%| O|  |TAMS 0x0000000087800000, 0x0000000087700000| Untracked 
| 120|0x0000000087800000, 0x0000000087800000, 0x0000000087900000|  0%| F|  |TAMS 0x0000000087800000, 0x0000000087800000| Untracked 
| 121|0x0000000087900000, 0x0000000087900000, 0x0000000087a00000|  0%| F|  |TAMS 0x0000000087900000, 0x0000000087900000| Untracked 
| 122|0x0000000087a00000, 0x0000000087a00000, 0x0000000087b00000|  0%| F|  |TAMS 0x0000000087a00000, 0x0000000087a00000| Untracked 
| 123|0x0000000087b00000, 0x0000000087c00000, 0x0000000087c00000|100%| O|  |TAMS 0x0000000087c00000, 0x0000000087b00000| Untracked 
| 124|0x0000000087c00000, 0x0000000087c00000, 0x0000000087d00000|  0%| F|  |TAMS 0x0000000087c00000, 0x0000000087c00000| Untracked 
| 125|0x0000000087d00000, 0x0000000087d00000, 0x0000000087e00000|  0%| F|  |TAMS 0x0000000087d00000, 0x0000000087d00000| Untracked 
| 126|0x0000000087e00000, 0x0000000087e00000, 0x0000000087f00000|  0%| F|  |TAMS 0x0000000087e00000, 0x0000000087e00000| Untracked 
| 127|0x0000000087f00000, 0x0000000087f00000, 0x0000000088000000|  0%| F|  |TAMS 0x0000000087f00000, 0x0000000087f00000| Untracked 
| 128|0x0000000088000000, 0x0000000088000000, 0x0000000088100000|  0%| F|  |TAMS 0x0000000088000000, 0x0000000088000000| Untracked 
| 129|0x0000000088100000, 0x0000000088100000, 0x0000000088200000|  0%| F|  |TAMS 0x0000000088100000, 0x0000000088100000| Untracked 
| 130|0x0000000088200000, 0x0000000088200000, 0x0000000088300000|  0%| F|  |TAMS 0x0000000088200000, 0x0000000088200000| Untracked 
| 131|0x0000000088300000, 0x0000000088300000, 0x0000000088400000|  0%| F|  |TAMS 0x0000000088300000, 0x0000000088300000| Untracked 
| 132|0x0000000088400000, 0x0000000088400000, 0x0000000088500000|  0%| F|  |TAMS 0x0000000088400000, 0x0000000088400000| Untracked 
| 133|0x0000000088500000, 0x0000000088500000, 0x0000000088600000|  0%| F|  |TAMS 0x0000000088500000, 0x0000000088500000| Untracked 
| 134|0x0000000088600000, 0x0000000088600000, 0x0000000088700000|  0%| F|  |TAMS 0x0000000088600000, 0x0000000088600000| Untracked 
| 135|0x0000000088700000, 0x0000000088700000, 0x0000000088800000|  0%| F|  |TAMS 0x0000000088700000, 0x0000000088700000| Untracked 
| 136|0x0000000088800000, 0x0000000088800000, 0x0000000088900000|  0%| F|  |TAMS 0x0000000088800000, 0x0000000088800000| Untracked 
| 137|0x0000000088900000, 0x0000000088900000, 0x0000000088a00000|  0%| F|  |TAMS 0x0000000088900000, 0x0000000088900000| Untracked 
| 138|0x0000000088a00000, 0x0000000088a00000, 0x0000000088b00000|  0%| F|  |TAMS 0x0000000088a00000, 0x0000000088a00000| Untracked 
| 139|0x0000000088b00000, 0x0000000088b00000, 0x0000000088c00000|  0%| F|  |TAMS 0x0000000088b00000, 0x0000000088b00000| Untracked 
| 140|0x0000000088c00000, 0x0000000088c00000, 0x0000000088d00000|  0%| F|  |TAMS 0x0000000088c00000, 0x0000000088c00000| Untracked 
| 141|0x0000000088d00000, 0x0000000088d00000, 0x0000000088e00000|  0%| F|  |TAMS 0x0000000088d00000, 0x0000000088d00000| Untracked 
| 142|0x0000000088e00000, 0x0000000088e83d30, 0x0000000088f00000| 51%| S|CS|TAMS 0x0000000088e00000, 0x0000000088e00000| Complete 
| 143|0x0000000088f00000, 0x0000000089000000, 0x0000000089000000|100%| S|CS|TAMS 0x0000000088f00000, 0x0000000088f00000| Complete 
| 144|0x0000000089000000, 0x0000000089100000, 0x0000000089100000|100%| S|CS|TAMS 0x0000000089000000, 0x0000000089000000| Complete 
| 145|0x0000000089100000, 0x0000000089100000, 0x0000000089200000|  0%| F|  |TAMS 0x0000000089100000, 0x0000000089100000| Untracked 
| 146|0x0000000089200000, 0x0000000089200000, 0x0000000089300000|  0%| F|  |TAMS 0x0000000089200000, 0x0000000089200000| Untracked 
| 147|0x0000000089300000, 0x0000000089300000, 0x0000000089400000|  0%| F|  |TAMS 0x0000000089300000, 0x0000000089300000| Untracked 
| 148|0x0000000089400000, 0x0000000089400000, 0x0000000089500000|  0%| F|  |TAMS 0x0000000089400000, 0x0000000089400000| Untracked 
| 149|0x0000000089500000, 0x0000000089500000, 0x0000000089600000|  0%| F|  |TAMS 0x0000000089500000, 0x0000000089500000| Untracked 
| 150|0x0000000089600000, 0x0000000089600000, 0x0000000089700000|  0%| F|  |TAMS 0x0000000089600000, 0x0000000089600000| Untracked 
| 151|0x0000000089700000, 0x0000000089700000, 0x0000000089800000|  0%| F|  |TAMS 0x0000000089700000, 0x0000000089700000| Untracked 
| 152|0x0000000089800000, 0x0000000089800000, 0x0000000089900000|  0%| F|  |TAMS 0x0000000089800000, 0x0000000089800000| Untracked 
| 153|0x0000000089900000, 0x0000000089900000, 0x0000000089a00000|  0%| F|  |TAMS 0x0000000089900000, 0x0000000089900000| Untracked 
| 154|0x0000000089a00000, 0x0000000089a00000, 0x0000000089b00000|  0%| F|  |TAMS 0x0000000089a00000, 0x0000000089a00000| Untracked 
| 155|0x0000000089b00000, 0x0000000089b00000, 0x0000000089c00000|  0%| F|  |TAMS 0x0000000089b00000, 0x0000000089b00000| Untracked 
| 156|0x0000000089c00000, 0x0000000089c00000, 0x0000000089d00000|  0%| F|  |TAMS 0x0000000089c00000, 0x0000000089c00000| Untracked 
| 157|0x0000000089d00000, 0x0000000089d00000, 0x0000000089e00000|  0%| F|  |TAMS 0x0000000089d00000, 0x0000000089d00000| Untracked 
| 158|0x0000000089e00000, 0x0000000089e00000, 0x0000000089f00000|  0%| F|  |TAMS 0x0000000089e00000, 0x0000000089e00000| Untracked 
| 159|0x0000000089f00000, 0x0000000089f00000, 0x000000008a000000|  0%| F|  |TAMS 0x0000000089f00000, 0x0000000089f00000| Untracked 
| 160|0x000000008a000000, 0x000000008a000000, 0x000000008a100000|  0%| F|  |TAMS 0x000000008a000000, 0x000000008a000000| Untracked 
| 161|0x000000008a100000, 0x000000008a100000, 0x000000008a200000|  0%| F|  |TAMS 0x000000008a100000, 0x000000008a100000| Untracked 
| 162|0x000000008a200000, 0x000000008a200000, 0x000000008a300000|  0%| F|  |TAMS 0x000000008a200000, 0x000000008a200000| Untracked 
| 163|0x000000008a300000, 0x000000008a300000, 0x000000008a400000|  0%| F|  |TAMS 0x000000008a300000, 0x000000008a300000| Untracked 
| 164|0x000000008a400000, 0x000000008a400000, 0x000000008a500000|  0%| F|  |TAMS 0x000000008a400000, 0x000000008a400000| Untracked 
| 165|0x000000008a500000, 0x000000008a500000, 0x000000008a600000|  0%| F|  |TAMS 0x000000008a500000, 0x000000008a500000| Untracked 
| 166|0x000000008a600000, 0x000000008a600000, 0x000000008a700000|  0%| F|  |TAMS 0x000000008a600000, 0x000000008a600000| Untracked 
| 167|0x000000008a700000, 0x000000008a700000, 0x000000008a800000|  0%| F|  |TAMS 0x000000008a700000, 0x000000008a700000| Untracked 
| 168|0x000000008a800000, 0x000000008a800000, 0x000000008a900000|  0%| F|  |TAMS 0x000000008a800000, 0x000000008a800000| Untracked 
| 169|0x000000008a900000, 0x000000008a900000, 0x000000008aa00000|  0%| F|  |TAMS 0x000000008a900000, 0x000000008a900000| Untracked 
| 170|0x000000008aa00000, 0x000000008aa00000, 0x000000008ab00000|  0%| F|  |TAMS 0x000000008aa00000, 0x000000008aa00000| Untracked 
| 171|0x000000008ab00000, 0x000000008ab00000, 0x000000008ac00000|  0%| F|  |TAMS 0x000000008ab00000, 0x000000008ab00000| Untracked 
| 172|0x000000008ac00000, 0x000000008ac00000, 0x000000008ad00000|  0%| F|  |TAMS 0x000000008ac00000, 0x000000008ac00000| Untracked 
| 173|0x000000008ad00000, 0x000000008ad00000, 0x000000008ae00000|  0%| F|  |TAMS 0x000000008ad00000, 0x000000008ad00000| Untracked 
| 174|0x000000008ae00000, 0x000000008ae00000, 0x000000008af00000|  0%| F|  |TAMS 0x000000008ae00000, 0x000000008ae00000| Untracked 
| 175|0x000000008af00000, 0x000000008af00000, 0x000000008b000000|  0%| F|  |TAMS 0x000000008af00000, 0x000000008af00000| Untracked 
| 176|0x000000008b000000, 0x000000008b000000, 0x000000008b100000|  0%| F|  |TAMS 0x000000008b000000, 0x000000008b000000| Untracked 
| 177|0x000000008b100000, 0x000000008b100000, 0x000000008b200000|  0%| F|  |TAMS 0x000000008b100000, 0x000000008b100000| Untracked 
| 178|0x000000008b200000, 0x000000008b200000, 0x000000008b300000|  0%| F|  |TAMS 0x000000008b200000, 0x000000008b200000| Untracked 
| 179|0x000000008b300000, 0x000000008b300000, 0x000000008b400000|  0%| F|  |TAMS 0x000000008b300000, 0x000000008b300000| Untracked 
| 180|0x000000008b400000, 0x000000008b400000, 0x000000008b500000|  0%| F|  |TAMS 0x000000008b400000, 0x000000008b400000| Untracked 
| 181|0x000000008b500000, 0x000000008b500000, 0x000000008b600000|  0%| F|  |TAMS 0x000000008b500000, 0x000000008b500000| Untracked 
| 182|0x000000008b600000, 0x000000008b6e04d0, 0x000000008b700000| 87%| E|  |TAMS 0x000000008b600000, 0x000000008b600000| Complete 
| 183|0x000000008b700000, 0x000000008b800000, 0x000000008b800000|100%| E|CS|TAMS 0x000000008b700000, 0x000000008b700000| Complete 
| 184|0x000000008b800000, 0x000000008b900000, 0x000000008b900000|100%| E|CS|TAMS 0x000000008b800000, 0x000000008b800000| Complete 
| 185|0x000000008b900000, 0x000000008ba00000, 0x000000008ba00000|100%| E|CS|TAMS 0x000000008b900000, 0x000000008b900000| Complete 
| 186|0x000000008ba00000, 0x000000008bb00000, 0x000000008bb00000|100%| E|CS|TAMS 0x000000008ba00000, 0x000000008ba00000| Complete 
| 187|0x000000008bb00000, 0x000000008bc00000, 0x000000008bc00000|100%| E|CS|TAMS 0x000000008bb00000, 0x000000008bb00000| Complete 
| 188|0x000000008bc00000, 0x000000008bd00000, 0x000000008bd00000|100%| E|CS|TAMS 0x000000008bc00000, 0x000000008bc00000| Complete 
| 189|0x000000008bd00000, 0x000000008be00000, 0x000000008be00000|100%| E|CS|TAMS 0x000000008bd00000, 0x000000008bd00000| Complete 
| 190|0x000000008be00000, 0x000000008bf00000, 0x000000008bf00000|100%| E|CS|TAMS 0x000000008be00000, 0x000000008be00000| Complete 
| 191|0x000000008bf00000, 0x000000008c000000, 0x000000008c000000|100%| E|CS|TAMS 0x000000008bf00000, 0x000000008bf00000| Complete 
| 192|0x000000008c000000, 0x000000008c100000, 0x000000008c100000|100%| E|CS|TAMS 0x000000008c000000, 0x000000008c000000| Complete 
| 193|0x000000008c100000, 0x000000008c200000, 0x000000008c200000|100%| E|  |TAMS 0x000000008c100000, 0x000000008c100000| Complete 

Card table byte_map: [0x0000022caa5c0000,0x0000022caa9c0000] _byte_map_base: 0x0000022caa1c0000

Marking Bits (Prev, Next): (CMBitMap*) 0x0000022c9787aa08, (CMBitMap*) 0x0000022c9787aa40
 Prev Bits: [0x0000022caadc0000, 0x0000022cacdc0000)
 Next Bits: [0x0000022cacdc0000, 0x0000022caedc0000)

Polling page: 0x0000022c957d0000

Metaspace:

Usage:
  Non-class:    113.64 MB capacity,   111.22 MB ( 98%) used,     1.98 MB (  2%) free+waste,   450.81 KB ( <1%) overhead. 
      Class:     16.73 MB capacity,    15.38 MB ( 92%) used,     1.15 MB (  7%) free+waste,   196.81 KB (  1%) overhead. 
       Both:    130.37 MB capacity,   126.60 MB ( 97%) used,     3.14 MB (  2%) free+waste,   647.63 KB ( <1%) overhead. 

Virtual space:
  Non-class space:      116.00 MB reserved,     115.83 MB (>99%) committed 
      Class space:        1.00 GB reserved,      17.13 MB (  2%) committed 
             Both:        1.11 GB reserved,     132.96 MB ( 12%) committed 

Chunk freelists:
   Non-Class:  1.98 MB
       Class:  309.00 KB
        Both:  2.29 MB

MaxMetaspaceSize: 17179869184.00 GB
CompressedClassSpaceSize: 1.00 GB

CodeHeap 'non-profiled nmethods': size=120064Kb used=18706Kb max_used=18706Kb free=101357Kb
 bounds [0x0000022ca2c80000, 0x0000022ca3ed0000, 0x0000022caa1c0000]
CodeHeap 'profiled nmethods': size=120000Kb used=47732Kb max_used=47732Kb free=72267Kb
 bounds [0x0000022c9b750000, 0x0000022c9e620000, 0x0000022ca2c80000]
CodeHeap 'non-nmethods': size=5696Kb used=2343Kb max_used=2423Kb free=3352Kb
 bounds [0x0000022c9b1c0000, 0x0000022c9b440000, 0x0000022c9b750000]
 total_blobs=22949 nmethods=21971 adapters=888
 compilation: enabled
              stopped_count=0, restarted_count=0
 full_count=0

Compilation events (20 events):
Event: 2654.397 Thread 0x0000022cb12a8000 25303       3       org.gradle.launcher.daemon.server.CompatibleDaemonExpirationStrategy$1::isSatisfiedBy (17 bytes)
Event: 2654.398 Thread 0x0000022cb12a8000 nmethod 25303 0x0000022c9e614a10 code [0x0000022c9e614be0, 0x0000022c9e614de8]
Event: 2654.398 Thread 0x0000022cb12a8000 25304       3       org.gradle.launcher.daemon.context.DaemonCompatibilitySpec::daemonOptsMatch (57 bytes)
Event: 2654.398 Thread 0x0000022cb12a8000 nmethod 25304 0x0000022c9e614f10 code [0x0000022c9e615120, 0x0000022c9e6156a8]
Event: 2693.622 Thread 0x0000022cb12a4800 25305       4       java.lang.invoke.LambdaForm$MH/0x0000000100092c40::invoke (31 bytes)
Event: 2693.626 Thread 0x0000022cb12a4800 nmethod 25305 0x0000022ca3ec6310 code [0x0000022ca3ec64c0, 0x0000022ca3ec65b8]
Event: 2724.401 Thread 0x0000022cb12a4800 25306       4       java.util.GregorianCalendar::getWeekNumber (89 bytes)
Event: 2724.404 Thread 0x0000022cb12a4800 nmethod 25306 0x0000022ca3ec6710 code [0x0000022ca3ec68a0, 0x0000022ca3ec69d8]
Event: 2784.399 Thread 0x0000022cb12a8000 25307       3       org.gradle.launcher.daemon.server.NotMostRecentlyUsedDaemonExpirationStrategy::checkExpiration (43 bytes)
Event: 2784.400 Thread 0x0000022cb12a8000 nmethod 25307 0x0000022c9e615890 code [0x0000022c9e615ac0, 0x0000022c9e6160f8]
Event: 2784.401 Thread 0x0000022cb12a8000 25308       3       org.gradle.launcher.daemon.registry.DaemonInfo::getLastBusy (12 bytes)
Event: 2784.401 Thread 0x0000022cb12a8000 nmethod 25308 0x0000022c9e616390 code [0x0000022c9e616540, 0x0000022c9e616758]
Event: 2784.401 Thread 0x0000022cb12a8000 25309       3       java.util.Date::after (18 bytes)
Event: 2784.402 Thread 0x0000022cb12a8000 nmethod 25309 0x0000022c9e616890 code [0x0000022c9e616a60, 0x0000022c9e616c38]
Event: 2873.767 Thread 0x0000022cb12a8000 25310       3       java.net.Inet4Address::getHostAddress (8 bytes)
Event: 2873.768 Thread 0x0000022cb12a8000 nmethod 25310 0x0000022c9e616d10 code [0x0000022c9e616ee0, 0x0000022c9e617038]
Event: 2873.768 Thread 0x0000022cb12a8000 25311       3       java.net.Inet4Address::numericToTextFormat (66 bytes)
Event: 2873.769 Thread 0x0000022cb12a8000 nmethod 25311 0x0000022c9e617110 code [0x0000022c9e6173e0, 0x0000022c9e617f18]
Event: 2873.769 Thread 0x0000022cb12a8000 25312       3       java.net.InetSocketAddress::<init> (32 bytes)
Event: 2873.769 Thread 0x0000022cb12a8000 nmethod 25312 0x0000022c9e618390 code [0x0000022c9e6185a0, 0x0000022c9e618ab8]

GC Heap History (20 events):
Event: 2319.596 GC heap before
{Heap before GC invocations=203 (full 0):
 garbage-first heap   total 198656K, used 161671K [0x0000000080000000, 0x0000000100000000)
  region size 1024K, 62 young (63488K), 5 survivors (5120K)
 Metaspace       used 129420K, capacity 133277K, committed 136148K, reserved 1167360K
  class space    used 15750K, capacity 17129K, committed 17536K, reserved 1048576K
}
Event: 2319.611 GC heap after
{Heap after GC invocations=204 (full 0):
 garbage-first heap   total 198656K, used 103463K [0x0000000080000000, 0x0000000100000000)
  region size 1024K, 7 young (7168K), 7 survivors (7168K)
 Metaspace       used 129420K, capacity 133277K, committed 136148K, reserved 1167360K
  class space    used 15750K, capacity 17129K, committed 17536K, reserved 1048576K
}
Event: 2319.636 GC heap before
{Heap before GC invocations=204 (full 0):
 garbage-first heap   total 198656K, used 104487K [0x0000000080000000, 0x0000000100000000)
  region size 1024K, 9 young (9216K), 7 survivors (7168K)
 Metaspace       used 129420K, capacity 133277K, committed 136148K, reserved 1167360K
  class space    used 15750K, capacity 17129K, committed 17536K, reserved 1048576K
}
Event: 2319.646 GC heap after
{Heap after GC invocations=205 (full 0):
 garbage-first heap   total 198656K, used 103082K [0x0000000080000000, 0x0000000100000000)
  region size 1024K, 1 young (1024K), 1 survivors (1024K)
 Metaspace       used 129420K, capacity 133277K, committed 136148K, reserved 1167360K
  class space    used 15750K, capacity 17129K, committed 17536K, reserved 1048576K
}
Event: 2322.807 GC heap before
{Heap before GC invocations=205 (full 0):
 garbage-first heap   total 198656K, used 161450K [0x0000000080000000, 0x0000000100000000)
  region size 1024K, 59 young (60416K), 1 survivors (1024K)
 Metaspace       used 129435K, capacity 133279K, committed 136148K, reserved 1167360K
  class space    used 15750K, capacity 17129K, committed 17536K, reserved 1048576K
}
Event: 2322.815 GC heap after
{Heap after GC invocations=206 (full 0):
 garbage-first heap   total 198656K, used 103449K [0x0000000080000000, 0x0000000100000000)
  region size 1024K, 2 young (2048K), 2 survivors (2048K)
 Metaspace       used 129435K, capacity 133279K, committed 136148K, reserved 1167360K
  class space    used 15750K, capacity 17129K, committed 17536K, reserved 1048576K
}
Event: 2392.041 GC heap before
{Heap before GC invocations=207 (full 0):
 garbage-first heap   total 198656K, used 175129K [0x0000000080000000, 0x0000000100000000)
  region size 1024K, 61 young (62464K), 2 survivors (2048K)
 Metaspace       used 129470K, capacity 133281K, committed 136148K, reserved 1167360K
  class space    used 15750K, capacity 17129K, committed 17536K, reserved 1048576K
}
Event: 2392.046 GC heap after
{Heap after GC invocations=208 (full 0):
 garbage-first heap   total 198656K, used 104370K [0x0000000080000000, 0x0000000100000000)
  region size 1024K, 3 young (3072K), 3 survivors (3072K)
 Metaspace       used 129470K, capacity 133281K, committed 136148K, reserved 1167360K
  class space    used 15750K, capacity 17129K, committed 17536K, reserved 1048576K
}
Event: 2392.099 GC heap before
{Heap before GC invocations=208 (full 0):
 garbage-first heap   total 198656K, used 109490K [0x0000000080000000, 0x0000000100000000)
  region size 1024K, 9 young (9216K), 3 survivors (3072K)
 Metaspace       used 129473K, capacity 133282K, committed 136148K, reserved 1167360K
  class space    used 15750K, capacity 17129K, committed 17536K, reserved 1048576K
}
Event: 2392.116 GC heap after
{Heap after GC invocations=209 (full 0):
 garbage-first heap   total 198656K, used 97930K [0x0000000080000000, 0x0000000100000000)
  region size 1024K, 1 young (1024K), 1 survivors (1024K)
 Metaspace       used 129473K, capacity 133282K, committed 136148K, reserved 1167360K
  class space    used 15750K, capacity 17129K, committed 17536K, reserved 1048576K
}
Event: 2392.262 GC heap before
{Heap before GC invocations=209 (full 0):
 garbage-first heap   total 198656K, used 112266K [0x0000000080000000, 0x0000000100000000)
  region size 1024K, 17 young (17408K), 1 survivors (1024K)
 Metaspace       used 129515K, capacity 133415K, committed 136148K, reserved 1167360K
  class space    used 15750K, capacity 17129K, committed 17536K, reserved 1048576K
}
Event: 2392.279 GC heap after
{Heap after GC invocations=210 (full 0):
 garbage-first heap   total 198656K, used 100507K [0x0000000080000000, 0x0000000100000000)
  region size 1024K, 4 young (4096K), 4 survivors (4096K)
 Metaspace       used 129515K, capacity 133415K, committed 136148K, reserved 1167360K
  class space    used 15750K, capacity 17129K, committed 17536K, reserved 1048576K
}
Event: 2392.699 GC heap before
{Heap before GC invocations=211 (full 0):
 garbage-first heap   total 198656K, used 155803K [0x0000000080000000, 0x0000000100000000)
  region size 1024K, 56 young (57344K), 4 survivors (4096K)
 Metaspace       used 129552K, capacity 133415K, committed 136148K, reserved 1167360K
  class space    used 15750K, capacity 17129K, committed 17536K, reserved 1048576K
}
Event: 2392.710 GC heap after
{Heap after GC invocations=212 (full 0):
 garbage-first heap   total 198656K, used 102323K [0x0000000080000000, 0x0000000100000000)
  region size 1024K, 5 young (5120K), 5 survivors (5120K)
 Metaspace       used 129552K, capacity 133415K, committed 136148K, reserved 1167360K
  class space    used 15750K, capacity 17129K, committed 17536K, reserved 1048576K
}
Event: 2392.721 GC heap before
{Heap before GC invocations=212 (full 0):
 garbage-first heap   total 198656K, used 105395K [0x0000000080000000, 0x0000000100000000)
  region size 1024K, 9 young (9216K), 5 survivors (5120K)
 Metaspace       used 129552K, capacity 133415K, committed 136148K, reserved 1167360K
  class space    used 15750K, capacity 17129K, committed 17536K, reserved 1048576K
}
Event: 2392.735 GC heap after
{Heap after GC invocations=213 (full 0):
 garbage-first heap   total 198656K, used 95890K [0x0000000080000000, 0x0000000100000000)
  region size 1024K, 1 young (1024K), 1 survivors (1024K)
 Metaspace       used 129552K, capacity 133415K, committed 136148K, reserved 1167360K
  class space    used 15750K, capacity 17129K, committed 17536K, reserved 1048576K
}
Event: 2394.706 GC heap before
{Heap before GC invocations=213 (full 0):
 garbage-first heap   total 198656K, used 155282K [0x0000000080000000, 0x0000000100000000)
  region size 1024K, 60 young (61440K), 1 survivors (1024K)
 Metaspace       used 129586K, capacity 133482K, committed 136148K, reserved 1167360K
  class space    used 15750K, capacity 17129K, committed 17536K, reserved 1048576K
}
Event: 2394.713 GC heap after
{Heap after GC invocations=214 (full 0):
 garbage-first heap   total 198656K, used 96812K [0x0000000080000000, 0x0000000100000000)
  region size 1024K, 2 young (2048K), 2 survivors (2048K)
 Metaspace       used 129586K, capacity 133482K, committed 136148K, reserved 1167360K
  class space    used 15750K, capacity 17129K, committed 17536K, reserved 1048576K
}
Event: 2395.142 GC heap before
{Heap before GC invocations=215 (full 0):
 garbage-first heap   total 198656K, used 144940K [0x0000000080000000, 0x0000000100000000)
  region size 1024K, 51 young (52224K), 2 survivors (2048K)
 Metaspace       used 129608K, capacity 133496K, committed 136148K, reserved 1167360K
  class space    used 15751K, capacity 17130K, committed 17536K, reserved 1048576K
}
Event: 2395.148 GC heap after
{Heap after GC invocations=216 (full 0):
 garbage-first heap   total 198656K, used 97634K [0x0000000080000000, 0x0000000100000000)
  region size 1024K, 3 young (3072K), 3 survivors (3072K)
 Metaspace       used 129608K, capacity 133496K, committed 136148K, reserved 1167360K
  class space    used 15751K, capacity 17130K, committed 17536K, reserved 1048576K
}

Deoptimization events (20 events):
Event: 2323.127 Thread 0x0000022cb68d1800 Uncommon trap: trap_request=0xffffffbe fr.pc=0x0000022ca3df8890 relative=0x00000000000010d0
Event: 2323.127 Thread 0x0000022cb68d1800 Uncommon trap: reason=profile_predicate action=maybe_recompile pc=0x0000022ca3df8890 method=com.android.tools.r8.graph.o0.a(Lcom/android/tools/r8/graph/o0;Lcom/android/tools/r8/naming/I;)I @ 46 c2
Event: 2323.127 Thread 0x0000022cb68d1800 DEOPT PACKING pc=0x0000022ca3df8890 sp=0x000000fd293fd2e0
Event: 2323.127 Thread 0x0000022cb68d1800 DEOPT UNPACKING pc=0x0000022c9b1e68a9 sp=0x000000fd293fd220 mode 2
Event: 2323.127 Thread 0x0000022cb68d1800 Uncommon trap: trap_request=0xffffffbe fr.pc=0x0000022ca3df8890 relative=0x00000000000010d0
Event: 2323.127 Thread 0x0000022cb68d1800 Uncommon trap: reason=profile_predicate action=maybe_recompile pc=0x0000022ca3df8890 method=com.android.tools.r8.graph.o0.a(Lcom/android/tools/r8/graph/o0;Lcom/android/tools/r8/naming/I;)I @ 46 c2
Event: 2323.127 Thread 0x0000022cb68d1800 DEOPT PACKING pc=0x0000022ca3df8890 sp=0x000000fd293fd250
Event: 2323.127 Thread 0x0000022cb68d1800 DEOPT UNPACKING pc=0x0000022c9b1e68a9 sp=0x000000fd293fd190 mode 2
Event: 2323.127 Thread 0x0000022cb68d1800 Uncommon trap: trap_request=0xffffffbe fr.pc=0x0000022ca3df8890 relative=0x00000000000010d0
Event: 2323.127 Thread 0x0000022cb68d1800 Uncommon trap: reason=profile_predicate action=maybe_recompile pc=0x0000022ca3df8890 method=com.android.tools.r8.graph.o0.a(Lcom/android/tools/r8/graph/o0;Lcom/android/tools/r8/naming/I;)I @ 46 c2
Event: 2323.127 Thread 0x0000022cb68d1800 DEOPT PACKING pc=0x0000022ca3df8890 sp=0x000000fd293fd250
Event: 2323.127 Thread 0x0000022cb68d1800 DEOPT UNPACKING pc=0x0000022c9b1e68a9 sp=0x000000fd293fd190 mode 2
Event: 2323.127 Thread 0x0000022cb68d1800 Uncommon trap: trap_request=0xffffffbe fr.pc=0x0000022ca3df8890 relative=0x00000000000010d0
Event: 2323.127 Thread 0x0000022cb68d1800 Uncommon trap: reason=profile_predicate action=maybe_recompile pc=0x0000022ca3df8890 method=com.android.tools.r8.graph.o0.a(Lcom/android/tools/r8/graph/o0;Lcom/android/tools/r8/naming/I;)I @ 46 c2
Event: 2323.127 Thread 0x0000022cb68d1800 DEOPT PACKING pc=0x0000022ca3df8890 sp=0x000000fd293fd250
Event: 2323.127 Thread 0x0000022cb68d1800 DEOPT UNPACKING pc=0x0000022c9b1e68a9 sp=0x000000fd293fd190 mode 2
Event: 2392.786 Thread 0x0000022cbb26a000 Uncommon trap: trap_request=0xffffff4d fr.pc=0x0000022ca2dd4fbc relative=0x000000000000081c
Event: 2392.786 Thread 0x0000022cbb26a000 Uncommon trap: reason=unstable_if action=reinterpret pc=0x0000022ca2dd4fbc method=java.util.concurrent.locks.LockSupport.unpark(Ljava/lang/Thread;)V @ 1 c2
Event: 2392.786 Thread 0x0000022cbb26a000 DEOPT PACKING pc=0x0000022ca2dd4fbc sp=0x000000fd20afe3f0
Event: 2392.786 Thread 0x0000022cbb26a000 DEOPT UNPACKING pc=0x0000022c9b1e68a9 sp=0x000000fd20afe1e8 mode 2

Classes redefined (0 events):
No events

Internal exceptions (20 events):
Event: 2319.800 Thread 0x0000022cb68cb000 Exception <a 'sun/nio/fs/WindowsException'{0x000000008b37ba30}> (0x000000008b37ba30) thrown at [./src/hotspot/share/prims/jni.cpp, line 615]
Event: 2319.883 Thread 0x0000022cb68cd800 Exception <a 'java/lang/InterruptedException'{0x000000008afe3900}> (0x000000008afe3900) thrown at [./src/hotspot/share/runtime/objectMonitor.cpp, line 1635]
Event: 2320.859 Thread 0x0000022cb68c8000 Exception <a 'java/lang/InterruptedException'{0x000000008a100000}> (0x000000008a100000) thrown at [./src/hotspot/share/runtime/objectMonitor.cpp, line 1635]
Event: 2322.745 Thread 0x0000022cb68cb000 Exception <a 'sun/nio/fs/WindowsException'{0x00000000892bd710}> (0x00000000892bd710) thrown at [./src/hotspot/share/prims/jni.cpp, line 615]
Event: 2322.746 Thread 0x0000022cb68cb000 Exception <a 'sun/nio/fs/WindowsException'{0x00000000892be370}> (0x00000000892be370) thrown at [./src/hotspot/share/prims/jni.cpp, line 615]
Event: 2322.989 Thread 0x0000022cb68c8000 Exception <a 'sun/nio/fs/WindowsException'{0x000000008ad27928}> (0x000000008ad27928) thrown at [./src/hotspot/share/prims/jni.cpp, line 615]
Event: 2323.008 Thread 0x0000022cb68c8000 Exception <a 'sun/nio/fs/WindowsException'{0x000000008ac6d698}> (0x000000008ac6d698) thrown at [./src/hotspot/share/prims/jni.cpp, line 615]
Event: 2323.097 Thread 0x0000022cb68d1800 Exception <a 'sun/nio/fs/WindowsException'{0x000000008a8dc050}> (0x000000008a8dc050) thrown at [./src/hotspot/share/prims/jni.cpp, line 615]
Event: 2323.134 Thread 0x0000022cb68d1800 Exception <a 'sun/nio/fs/WindowsException'{0x000000008a12d5d8}> (0x000000008a12d5d8) thrown at [./src/hotspot/share/prims/jni.cpp, line 615]
Event: 2392.220 Thread 0x0000022cbb25e800 Exception <a 'sun/nio/fs/WindowsException'{0x000000008b5a1be8}> (0x000000008b5a1be8) thrown at [./src/hotspot/share/prims/jni.cpp, line 615]
Event: 2392.824 Thread 0x0000022cbb25e800 Exception <a 'sun/nio/fs/WindowsException'{0x000000008b029648}> (0x000000008b029648) thrown at [./src/hotspot/share/prims/jni.cpp, line 615]
Event: 2392.824 Thread 0x0000022cbb25e800 Exception <a 'sun/nio/fs/WindowsException'{0x000000008b02aa70}> (0x000000008b02aa70) thrown at [./src/hotspot/share/prims/jni.cpp, line 615]
Event: 2392.875 Thread 0x0000022cbe308800 Exception <a 'java/lang/InterruptedException'{0x000000008ac623d0}> (0x000000008ac623d0) thrown at [./src/hotspot/share/runtime/objectMonitor.cpp, line 1635]
Event: 2393.594 Thread 0x0000022cbe309800 Exception <a 'java/lang/InterruptedException'{0x0000000089f5d1e0}> (0x0000000089f5d1e0) thrown at [./src/hotspot/share/runtime/objectMonitor.cpp, line 1635]
Event: 2394.661 Thread 0x0000022cbe308000 Exception <a 'sun/nio/fs/WindowsException'{0x0000000088f509a0}> (0x0000000088f509a0) thrown at [./src/hotspot/share/prims/jni.cpp, line 615]
Event: 2394.661 Thread 0x0000022cbe308000 Exception <a 'sun/nio/fs/WindowsException'{0x0000000088f51600}> (0x0000000088f51600) thrown at [./src/hotspot/share/prims/jni.cpp, line 615]
Event: 2394.880 Thread 0x0000022cbe304000 Exception <a 'sun/nio/fs/WindowsException'{0x000000008ac7b618}> (0x000000008ac7b618) thrown at [./src/hotspot/share/prims/jni.cpp, line 615]
Event: 2394.902 Thread 0x0000022cbe304000 Exception <a 'sun/nio/fs/WindowsException'{0x000000008abf9900}> (0x000000008abf9900) thrown at [./src/hotspot/share/prims/jni.cpp, line 615]
Event: 2394.978 Thread 0x0000022cbe308800 Exception <a 'sun/nio/fs/WindowsException'{0x000000008a320b48}> (0x000000008a320b48) thrown at [./src/hotspot/share/prims/jni.cpp, line 615]
Event: 2394.992 Thread 0x0000022cbe308800 Exception <a 'sun/nio/fs/WindowsException'{0x000000008a136be0}> (0x000000008a136be0) thrown at [./src/hotspot/share/prims/jni.cpp, line 615]

Events (20 events):
Event: 2455.238 Thread 0x0000022cbb25f800 Thread exited: 0x0000022cbb25f800
Event: 2468.861 Thread 0x0000022cb68c6800 Thread exited: 0x0000022cb68c6800
Event: 2482.904 Thread 0x0000022cb68d1000 Thread exited: 0x0000022cb68d1000
Event: 2483.657 Thread 0x0000022cb68c9800 Thread exited: 0x0000022cb68c9800
Event: 2515.179 Executing VM operation: RevokeBias
Event: 2515.179 Executing VM operation: RevokeBias done
Event: 2515.180 Thread 0x0000022cb68d0000 Thread exited: 0x0000022cb68d0000
Event: 2693.617 Thread 0x0000022cbb261000 Thread added: 0x0000022cbb261000
Event: 2693.618 Executing VM operation: RevokeBias
Event: 2693.618 Executing VM operation: RevokeBias done
Event: 2768.659 Thread 0x0000022cbb261000 Thread exited: 0x0000022cbb261000
Event: 2873.769 Thread 0x0000022cbb262800 Thread added: 0x0000022cbb262800
Event: 2873.770 Thread 0x0000022cbb262000 Thread added: 0x0000022cbb262000
Event: 2873.793 Thread 0x0000022cbb25d000 Thread added: 0x0000022cbb25d000
Event: 2873.798 Thread 0x0000022cbb263800 Thread added: 0x0000022cbb263800
Event: 2873.799 Executing VM operation: RevokeBias
Event: 2873.799 Executing VM operation: RevokeBias done
Event: 2873.801 Thread 0x0000022cbb25e000 Thread added: 0x0000022cbb25e000
Event: 2873.802 Thread 0x0000022cbb264800 Thread added: 0x0000022cbb264800
Event: 2873.802 Thread 0x0000022cbb25e800 Thread added: 0x0000022cbb25e800


Dynamic libraries:
0x00007ff7e3a60000 - 0x00007ff7e3a6a000 	C:\Program Files\Android\Android Studio\jre\bin\java.exe
0x00007ffe85310000 - 0x00007ffe85505000 	C:\Windows\SYSTEM32\ntdll.dll
0x00007ffe84c70000 - 0x00007ffe84d2d000 	C:\Windows\System32\KERNEL32.DLL
0x00007ffe82be0000 - 0x00007ffe82ea9000 	C:\Windows\System32\KERNELBASE.dll
0x00007ffe82a50000 - 0x00007ffe82b50000 	C:\Windows\System32\ucrtbase.dll
0x00007ffe55860000 - 0x00007ffe55877000 	C:\Program Files\Android\Android Studio\jre\bin\VCRUNTIME140.dll
0x00007ffe55370000 - 0x00007ffe55389000 	C:\Program Files\Android\Android Studio\jre\bin\jli.dll
0x00007ffe850a0000 - 0x00007ffe85240000 	C:\Windows\System32\USER32.dll
0x00007ffe83140000 - 0x00007ffe83162000 	C:\Windows\System32\win32u.dll
0x00007ffe83c20000 - 0x00007ffe83c4a000 	C:\Windows\System32\GDI32.dll
0x00007ffe83000000 - 0x00007ffe8310b000 	C:\Windows\System32\gdi32full.dll
0x00007ffe82eb0000 - 0x00007ffe82f4d000 	C:\Windows\System32\msvcp_win.dll
0x00007ffe52d00000 - 0x00007ffe52f9a000 	C:\Windows\WinSxS\amd64_microsoft.windows.common-controls_6595b64144ccf1df_6.0.19041.1110_none_60b5254171f9507e\COMCTL32.dll
0x00007ffe83390000 - 0x00007ffe8342e000 	C:\Windows\System32\msvcrt.dll
0x00007ffe83560000 - 0x00007ffe83590000 	C:\Windows\System32\IMM32.DLL
0x00007ffe35100000 - 0x00007ffe3519d000 	C:\Program Files\Android\Android Studio\jre\bin\msvcp140.dll
0x00007ffe32a90000 - 0x00007ffe3354c000 	C:\Program Files\Android\Android Studio\jre\bin\server\jvm.dll
0x00007ffe84bc0000 - 0x00007ffe84c6c000 	C:\Windows\System32\ADVAPI32.dll
0x00007ffe839d0000 - 0x00007ffe83a6b000 	C:\Windows\System32\sechost.dll
0x00007ffe84150000 - 0x00007ffe8427a000 	C:\Windows\System32\RPCRT4.dll
0x00007ffe838f0000 - 0x00007ffe838f8000 	C:\Windows\System32\PSAPI.DLL
0x00007ffe77a30000 - 0x00007ffe77a39000 	C:\Windows\SYSTEM32\WSOCK32.dll
0x00007ffe553b0000 - 0x00007ffe553d7000 	C:\Windows\SYSTEM32\WINMM.dll
0x00007ffe84fd0000 - 0x00007ffe8503b000 	C:\Windows\System32\WS2_32.dll
0x00007ffe7c1d0000 - 0x00007ffe7c1da000 	C:\Windows\SYSTEM32\VERSION.dll
0x00007ffe80350000 - 0x00007ffe80362000 	C:\Windows\SYSTEM32\kernel.appcore.dll
0x00007ffe70e50000 - 0x00007ffe70e61000 	C:\Program Files\Android\Android Studio\jre\bin\verify.dll
0x00007ffe82380000 - 0x00007ffe82564000 	C:\Windows\SYSTEM32\DBGHELP.DLL
0x00007ffe82350000 - 0x00007ffe8237c000 	C:\Windows\SYSTEM32\dbgcore.DLL
0x00007ffe82b50000 - 0x00007ffe82bd3000 	C:\Windows\System32\bcryptPrimitives.dll
0x00007ffe60530000 - 0x00007ffe60559000 	C:\Program Files\Android\Android Studio\jre\bin\java.dll
0x00007ffe73d90000 - 0x00007ffe73d9b000 	C:\Program Files\Android\Android Studio\jre\bin\jimage.dll
0x00007ffe70dc0000 - 0x00007ffe70dd8000 	C:\Program Files\Android\Android Studio\jre\bin\zip.dll
0x00007ffe843a0000 - 0x00007ffe84adf000 	C:\Windows\System32\SHELL32.dll
0x00007ffe80550000 - 0x00007ffe80ce1000 	C:\Windows\SYSTEM32\windows.storage.dll
0x00007ffe83590000 - 0x00007ffe838e5000 	C:\Windows\System32\combase.dll
0x00007ffe81cd0000 - 0x00007ffe81cfc000 	C:\Windows\SYSTEM32\Wldp.dll
0x00007ffe84de0000 - 0x00007ffe84e8e000 	C:\Windows\System32\SHCORE.dll
0x00007ffe83c50000 - 0x00007ffe83ca5000 	C:\Windows\System32\shlwapi.dll
0x00007ffe82990000 - 0x00007ffe829af000 	C:\Windows\SYSTEM32\profapi.dll
0x00007ffe60510000 - 0x00007ffe6052a000 	C:\Program Files\Android\Android Studio\jre\bin\net.dll
0x00007ffe70ef0000 - 0x00007ffe70ffa000 	C:\Windows\SYSTEM32\WINHTTP.dll
0x00007ffe81ad0000 - 0x00007ffe81b3a000 	C:\Windows\system32\mswsock.dll
0x00007ffe604f0000 - 0x00007ffe60504000 	C:\Program Files\Android\Android Studio\jre\bin\nio.dll
0x00007ffe50fc0000 - 0x00007ffe50fe7000 	C:\Users\User\.gradle\native\fdc75f09e3144964f2cf3f50f0aa648679c211496f362492102eb8c894070792\windows-amd64\native-platform.dll
0x00007ffe31a50000 - 0x00007ffe31be6000 	C:\Users\User\.gradle\native\12488b8bf47d2d4c9fbf2f6322a914ad602e24e48041cd04a747c6da556b65c4\windows-amd64\native-platform-file-events.dll
0x00007ffe72b60000 - 0x00007ffe72b6a000 	C:\Program Files\Android\Android Studio\jre\bin\management.dll
0x00007ffe70e40000 - 0x00007ffe70e4c000 	C:\Program Files\Android\Android Studio\jre\bin\management_ext.dll
0x00007ffe82710000 - 0x00007ffe82728000 	C:\Windows\SYSTEM32\CRYPTSP.dll
0x00007ffe81490000 - 0x00007ffe814c4000 	C:\Windows\system32\rsaenh.dll
0x00007ffe83110000 - 0x00007ffe83137000 	C:\Windows\System32\bcrypt.dll
0x00007ffe82950000 - 0x00007ffe8297e000 	C:\Windows\SYSTEM32\USERENV.dll
0x00007ffe81d00000 - 0x00007ffe81d0c000 	C:\Windows\SYSTEM32\CRYPTBASE.dll
0x00007ffe817c0000 - 0x00007ffe817fb000 	C:\Windows\SYSTEM32\IPHLPAPI.DLL
0x00007ffe83380000 - 0x00007ffe83388000 	C:\Windows\System32\NSI.dll
0x00007ffe7b390000 - 0x00007ffe7b3a7000 	C:\Windows\SYSTEM32\dhcpcsvc6.DLL
0x00007ffe7b630000 - 0x00007ffe7b64d000 	C:\Windows\SYSTEM32\dhcpcsvc.DLL
0x00007ffe81800000 - 0x00007ffe818cc000 	C:\Windows\SYSTEM32\DNSAPI.dll
0x00007ffe7b5c0000 - 0x00007ffe7b5cb000 	C:\Windows\SYSTEM32\WINNSI.DLL
0x00007ffe77a40000 - 0x00007ffe77a5e000 	C:\Users\User\AppData\Local\Temp\native-platform1786313016597131271dir\native-platform.dll
0x00007ffe71030000 - 0x00007ffe71038000 	C:\Program Files\Android\Android Studio\jre\bin\rmi.dll
0x00007ffe57f90000 - 0x00007ffe57fb7000 	C:\Program Files\Android\Android Studio\jre\bin\sunec.dll

dbghelp: loaded successfully - version: 4.0.5 - missing functions: none
symbol engine: initialized successfully - sym options: 0x614 - pdb path: .;C:\Program Files\Android\Android Studio\jre\bin;C:\Windows\SYSTEM32;C:\Windows\WinSxS\amd64_microsoft.windows.common-controls_6595b64144ccf1df_6.0.19041.1110_none_60b5254171f9507e;C:\Program Files\Android\Android Studio\jre\bin\server;C:\Users\User\.gradle\native\fdc75f09e3144964f2cf3f50f0aa648679c211496f362492102eb8c894070792\windows-amd64;C:\Users\User\.gradle\native\12488b8bf47d2d4c9fbf2f6322a914ad602e24e48041cd04a747c6da556b65c4\windows-amd64;C:\Users\User\AppData\Local\Temp\native-platform1786313016597131271dir

VM Arguments:
jvm_args: --add-opens=java.base/java.util=ALL-UNNAMED --add-opens=java.base/java.lang=ALL-UNNAMED --add-opens=java.base/java.lang.invoke=ALL-UNNAMED --add-opens=java.prefs/java.util.prefs=ALL-UNNAMED -Xmx2048m -Dfile.encoding=UTF-8 -Duser.country=RU -Duser.language=ru -Duser.variant 
java_command: org.gradle.launcher.daemon.bootstrap.GradleDaemon 6.7.1
java_class_path (initial): C:\Users\User\.gradle\wrapper\dists\gradle-6.7.1-bin\bwlcbys1h7rz3272sye1xwiv6\gradle-6.7.1\lib\gradle-launcher-6.7.1.jar
Launcher Type: SUN_STANDARD

[Global flags]
     intx CICompilerCount                          = 3                                         {product} {ergonomic}
     uint ConcGCThreads                            = 1                                         {product} {ergonomic}
     uint G1ConcRefinementThreads                  = 4                                         {product} {ergonomic}
   size_t G1HeapRegionSize                         = 1048576                                   {product} {ergonomic}
    uintx GCDrainStackTargetSize                   = 64                                        {product} {ergonomic}
   size_t InitialHeapSize                          = 96468992                                  {product} {ergonomic}
   size_t MarkStackSize                            = 4194304                                   {product} {ergonomic}
   size_t MaxHeapSize                              = 2147483648                                {product} {command line}
   size_t MaxNewSize                               = 1287651328                                {product} {ergonomic}
   size_t MinHeapDeltaBytes                        = 1048576                                   {product} {ergonomic}
    uintx NonNMethodCodeHeapSize                   = 5830732                                {pd product} {ergonomic}
    uintx NonProfiledCodeHeapSize                  = 122913754                              {pd product} {ergonomic}
    uintx ProfiledCodeHeapSize                     = 122913754                              {pd product} {ergonomic}
    uintx ReservedCodeCacheSize                    = 251658240                              {pd product} {ergonomic}
     bool SegmentedCodeCache                       = true                                      {product} {ergonomic}
     bool UseCompressedClassPointers               = true                                 {lp64_product} {ergonomic}
     bool UseCompressedOops                        = true                                 {lp64_product} {ergonomic}
     bool UseG1GC                                  = true                                      {product} {ergonomic}
     bool UseLargePagesIndividualAllocation        = false                                  {pd product} {ergonomic}

Logging:
Log output configuration:
 #0: stdout all=warning uptime,level,tags
 #1: stderr all=off uptime,level,tags

Environment Variables:
PATH=C:\Program Files (x86)\Intel\Intel(R) Management Engine Components\iCLS\;C:\Program Files\Intel\Intel(R) Management Engine Components\iCLS\;C:\Windows\system32;C:\Windows;C:\Windows\System32\Wbem;C:\Windows\System32\WindowsPowerShell\v1.0\;C:\Windows\System32\OpenSSH\;C:\Program Files (x86)\Intel\Intel(R) Management Engine Components\DAL;C:\Program Files\Intel\Intel(R) Management Engine Components\DAL;C:\Program Files (x86)\Intel\Intel(R) Management Engine Components\IPT;C:\Program Files\Intel\Intel(R) Management Engine Components\IPT;C:\Program Files\Git\cmd;C:\Users\User\AppData\Local\Microsoft\WindowsApps;
USERNAME=User
OS=Windows_NT
PROCESSOR_IDENTIFIER=Intel64 Family 6 Model 158 Stepping 10, GenuineIntel



---------------  S Y S T E M  ---------------

OS: Windows 10 , 64 bit Build 19041 (10.0.19041.1023)
OS uptime: 0 days 5:52 hours

CPU:total 4 (initial active 4) (2 cores per cpu, 2 threads per core) family 6 model 158 stepping 10, cmov, cx8, fxsr, mmx, sse, sse2, sse3, ssse3, sse4.1, sse4.2, popcnt, aes, clmul, erms, 3dnowpref, lzcnt, ht, tsc, tscinvbit

Memory: 4k page, system-wide physical 5853M (939M free)
TotalPageFile size 7602M (AvailPageFile size 1574M)
current process WorkingSet (physical memory assigned to process): 492M, peak: 564M
current process commit charge ("private bytes"): 582M, peak: 598M

vm_info: OpenJDK 64-Bit Server VM (11.0.8+10-b944.6842174) for windows-amd64 JRE (11.0.8+10-b944.6842174), built on Sep 19 2020 01:11:42 by "builder" with MS VC++ 14.0 (VS2015)

END.
