#
# A fatal error has been detected by the Java Runtime Environment:
#
#  EXCEPTION_ACCESS_VIOLATION (0xc0000005) at pc=0x000001d89d0ac063, pid=6416, tid=8460
#
# JRE version: OpenJDK Runtime Environment (11.0.8+10) (build 11.0.8+10-b944.6842174)
# Java VM: OpenJDK 64-Bit Server VM (11.0.8+10-b944.6842174, mixed mode, tiered, compressed oops, g1 gc, windows-amd64)
# Problematic frame:
# J 17379 c1 org.gradle.internal.component.external.model.maven.DefaultMavenModuleResolveMetadata.getDerivedVariants()Lcom/google/common/collect/ImmutableList; (42 bytes) @ 0x000001d89d0ac063 [0x000001d89d0abd60+0x0000000000000303]
#
# No core dump will be written. Minidumps are not enabled by default on client versions of Windows
#
# If you would like to submit a bug report, please visit:
#   https://bugreport.java.com/bugreport/crash.jsp
#

---------------  S U M M A R Y ------------

Command Line: --add-opens=java.base/java.util=ALL-UNNAMED --add-opens=java.base/java.lang=ALL-UNNAMED --add-opens=java.base/java.lang.invoke=ALL-UNNAMED --add-opens=java.prefs/java.util.prefs=ALL-UNNAMED -Xmx2048m -Dfile.encoding=UTF-8 -Duser.country=RU -Duser.language=ru -Duser.variant org.gradle.launcher.daemon.bootstrap.GradleDaemon 6.7.1

Host: Intel(R) Pentium(R) Gold G5420 CPU @ 3.80GHz, 4 cores, 5G,  Windows 10 , 64 bit Build 19041 (10.0.19041.1151)
Time: Sun Aug 29 13:09:24 2021 Пакистан (зима) elapsed time: 952 seconds (0d 0h 15m 52s)

---------------  T H R E A D  ---------------

Current thread (0x000001d8bb4f1800):  JavaThread "Daemon worker Thread 4" [_thread_in_Java, id=8460, stack(0x0000000900400000,0x0000000900500000)]

Stack: [0x0000000900400000,0x0000000900500000],  sp=0x00000009004f9480,  free space=997k
Native frames: (J=compiled Java code, j=interpreted, Vv=VM code, C=native code)
C  0x000001d89d0ac063


siginfo: EXCEPTION_ACCESS_VIOLATION (0xc0000005), writing address 0x00000000003c8910


Register to memory mapping:

RIP=0x000001d89d0ac063 is at entry_point+771 in (nmethod*)0x000001d89d0abb90
RAX=0x00000000003c8910 is an unknown value
RBX=0x000001d8c17ae788 is pointing into metadata
RCX={method} {0x000001d8b51f1bd0} 'getVariantsForGraphTraversal' '()Lcom/google/common/base/Optional;' in 'org/gradle/internal/component/model/ComponentResolveMetadata'
RDX=0x00000000814c9368 is an oop: org.gradle.internal.component.external.model.JavaEcosystemVariantDerivationStrategy 
{0x00000000814c9368} - klass: 'org/gradle/internal/component/external/model/JavaEcosystemVariantDerivationStrategy'
RSP=0x00000009004f9480 is pointing into the stack for thread: 0x000001d8bb4f1800
RBP=0x00000009004f9768 is pointing into the stack for thread: 0x000001d8bb4f1800
RSI=0x00000000814c9368 is an oop: org.gradle.internal.component.external.model.JavaEcosystemVariantDerivationStrategy 
{0x00000000814c9368} - klass: 'org/gradle/internal/component/external/model/JavaEcosystemVariantDerivationStrategy'
RDI=0x000001d8c17ae788 is pointing into metadata
R8 =0x000000008aef7df8 is an oop: org.gradle.internal.component.external.model.maven.DefaultMavenModuleResolveMetadata 
{0x000000008aef7df8} - klass: 'org/gradle/internal/component/external/model/maven/DefaultMavenModuleResolveMetadata'
R9 =0x000000008aef7df8 is an oop: org.gradle.internal.component.external.model.maven.DefaultMavenModuleResolveMetadata 
{0x000000008aef7df8} - klass: 'org/gradle/internal/component/external/model/maven/DefaultMavenModuleResolveMetadata'
R10=0x000001d896c31000 points into unknown readable memory: 00 00 00 00 00 00 00 00
R11=0x000001d89b1dac80 is at entry_point+32 in (nmethod*)0x000001d89b1daa90
R12=0x0 is NULL
R13=0x00000009004f9718 is pointing into the stack for thread: 0x000001d8bb4f1800
R14=0x00000001005c3378 is pointing into metadata
R15=0x000001d8bb4f1800 is a thread


Registers:
RAX=0x00000000003c8910, RBX=0x000001d8c17ae788, RCX=0x000001d8b51f1bc8, RDX=0x00000000814c9368
RSP=0x00000009004f9480, RBP=0x00000009004f9768, RSI=0x00000000814c9368, RDI=0x000001d8c17ae788
R8 =0x000000008aef7df8, R9 =0x000000008aef7df8, R10=0x000001d896c31000, R11=0x000001d89b1dac80
R12=0x0000000000000000, R13=0x00000009004f9718, R14=0x00000001005c3378, R15=0x000001d8bb4f1800
RIP=0x000001d89d0ac063, EFLAGS=0x0000000000010202

Top of Stack: (sp=0x00000009004f9480)
0x00000009004f9480:   000000008ae98578 000001d89d0a3bac
0x00000009004f9490:   000000008aef4f08 000000008aef7df8
0x00000009004f94a0:   000000008aef7dd8 0000000080fd6868
0x00000009004f94b0:   000000008ae98578 000001d89d178104
0x00000009004f94c0:   000000008aef7df8 00000000814c9368
0x00000009004f94d0:   000000008aef7650 000000008aec1fb8
0x00000009004f94e0:   00000009004f9768 000001d89d0a4ff4
0x00000009004f94f0:   000000008aef75c0 00000000000005d8
0x00000009004f9500:   000000008aef7dc0 000000008ae981c0
0x00000009004f9510:   000000008aef7d68 000000008aef6f88
0x00000009004f9520:   000000008ae98578 000001d89d177bc4
0x00000009004f9530:   00000001002d2f58 000000008aef7df8
0x00000009004f9540:   000001d8bc8124a8 00000001005c3338
0x00000009004f9550:   00000001002d2f58 000001d89d09d4d3
0x00000009004f9560:   00000009004f9768 000001d89ba109ac
0x00000009004f9570:   000000008aef78d0 000000008aef0e68 

Instructions: (pc=0x000001d89d0ac063)
0x000001d89d0abf63:   40 00 48 b8 10 89 3c 00 01 00 00 00 e8 cc 35 2f
0x000001d89d0abf73:   05 83 f8 00 49 b8 88 e7 7a c1 d8 01 00 00 48 ba
0x000001d89d0abf83:   e0 01 00 00 00 00 00 00 0f 85 0a 00 00 00 48 ba
0x000001d89d0abf93:   d0 01 00 00 00 00 00 00 49 8b 34 10 48 8d 76 01
0x000001d89d0abfa3:   49 89 34 10 0f 85 0a 00 00 00 48 8b 54 24 40 e9
0x000001d89d0abfb3:   e3 00 00 00 48 8b 74 24 48 48 8b 54 24 40 c6 42
0x000001d89d0abfc3:   49 00 4c 8b c6 48 bf 88 e7 7a c1 d8 01 00 00 45
0x000001d89d0abfd3:   8b 40 08 49 c1 e0 03 4c 3b 87 00 02 00 00 75 0d
0x000001d89d0abfe3:   48 83 87 08 02 00 00 01 e9 66 00 00 00 4c 3b 87
0x000001d89d0abff3:   10 02 00 00 75 0d 48 83 87 18 02 00 00 01 e9 50
0x000001d89d0ac003:   00 00 00 48 81 bf 00 02 00 00 00 00 00 00 75 17
0x000001d89d0ac013:   4c 89 87 00 02 00 00 48 c7 87 08 02 00 00 01 00
0x000001d89d0ac023:   00 00 e9 2c 00 00 00 48 81 bf 10 02 00 00 00 00
0x000001d89d0ac033:   00 00 75 17 4c 89 87 10 02 00 00 48 c7 87 18 02
0x000001d89d0ac043:   00 00 01 00 00 00 e9 08 00 00 00 48 83 87 f0 01
0x000001d89d0ac053:   00 00 01 4c 8b c2 48 8b d6 90 40 b8 10 89 3c 00
0x000001d89d0ac063:   01 00 00 00 e8 d4 06 00 00 41 00 be 77 30 83 fe
0x000001d89d0ac073:   00 48 00 54 24 40 0f 85 75 00 00 00 4c 8b d0 44
0x000001d89d0ac083:   89 52 60 48 8b f2 48 33 f0 48 c1 ee 14 48 83 fe
0x000001d89d0ac093:   00 0f 85 71 00 00 00 8b 42 60 48 83 c4 60 5d 4d
0x000001d89d0ac0a3:   8b 97 08 01 00 00 41 85 02 c3 49 ba 70 7a 94 b8
0x000001d89d0ac0b3:   d8 01 00 00 4c 89 54 24 08 48 c7 04 24 ff ff ff
0x000001d89d0ac0c3:   ff e8 80 25 53 fd e9 eb fc ff c8 49 ba 98 b4 94
0x000001d89d0ac0d3:   b8 d8 40 00 00 4c 89 54 24 08 48 c7 04 24 ff ff
0x000001d89d0ac0e3:   ff ff c8 96 25 53 fd e9 82 fd da ff e8 ac dd 52
0x000001d89d0ac0f3:   fd 8b 42 60 48 83 fe 00 74 82 08 89 34 24 e8 7a
0x000001d89d0ac103:   2b 53 fd e9 74 ff ff ff 48 83 f8 00 74 89 48 89
0x000001d89d0ac113:   14 24 e8 66 2e 53 fd e9 7b ff ff ff 90 90 49 8b
0x000001d89d0ac123:   87 18 04 00 00 49 ba 00 00 00 00 00 00 00 00 4d
0x000001d89d0ac133:   89 97 18 04 00 00 49 ba 00 00 00 00 00 00 00 00
0x000001d89d0ac143:   4d 89 93 20 04 00 00 48 83 c4 40 5d e9 ac 05 4a
0x000001d89d0ac153:   fd f4 f0 f4 f4 f4 f4 f4 f4 f4 d0 f4 f4 0f 1f 44 


Stack slot to memory mapping:
stack at sp + 0 slots: 0x000000008ae98578 is an oop: org.gradle.api.internal.artifacts.ivyservice.clientmodule.ClientModuleResolver 
{0x000000008ae98578} - klass: 'org/gradle/api/internal/artifacts/ivyservice/clientmodule/ClientModuleResolver'
stack at sp + 1 slots: 0x000001d89d0a3bac is at entry_point+1196 in (nmethod*)0x000001d89d0a3490
stack at sp + 2 slots: 0x000000008aef4f08 is an oop: org.gradle.internal.component.external.model.maven.DefaultMavenModuleResolveMetadata 
{0x000000008aef4f08} - klass: 'org/gradle/internal/component/external/model/maven/DefaultMavenModuleResolveMetadata'
stack at sp + 3 slots: 0x000000008aef7df8 is an oop: org.gradle.internal.component.external.model.maven.DefaultMavenModuleResolveMetadata 
{0x000000008aef7df8} - klass: 'org/gradle/internal/component/external/model/maven/DefaultMavenModuleResolveMetadata'
stack at sp + 4 slots: 0x000000008aef7dd8 is an oop: org.gradle.internal.component.model.ImmutableModuleSources 
{0x000000008aef7dd8} - klass: 'org/gradle/internal/component/model/ImmutableModuleSources'
stack at sp + 5 slots: 0x0000000080fd6868 is an oop: java.lang.String 
{0x0000000080fd6868} - klass: 'java/lang/String'
stack at sp + 6 slots: 0x000000008ae98578 is an oop: org.gradle.api.internal.artifacts.ivyservice.clientmodule.ClientModuleResolver 
{0x000000008ae98578} - klass: 'org/gradle/api/internal/artifacts/ivyservice/clientmodule/ClientModuleResolver'
stack at sp + 7 slots: 0x000001d89d178104 is at entry_point+388 in (nmethod*)0x000001d89d177d90



---------------  P R O C E S S  ---------------

Threads class SMR info:
_java_thread_list=0x000001d8b98bcb20, length=159, elements={
0x000001d896b48800, 0x000001d8b0d43000, 0x000001d8b0d44800, 0x000001d8b0d5f000,
0x000001d8b0d62000, 0x000001d8b0d65800, 0x000001d8b0d6d000, 0x000001d8b0d76800,
0x000001d8b1831000, 0x000001d8b183b000, 0x000001d8b3029800, 0x000001d8b2699000,
0x000001d8b3693800, 0x000001d8b355e000, 0x000001d8b3562000, 0x000001d8b355f000,
0x000001d8b3563000, 0x000001d8b5912000, 0x000001d8b61da000, 0x000001d8b3e65000,
0x000001d8b3e62000, 0x000001d8b3e68800, 0x000001d8b3e66000, 0x000001d8b9b22000,
0x000001d8b9b29800, 0x000001d8bb4f3800, 0x000001d8bb4f1800, 0x000001d8bb503000,
0x000001d8bb4fd000, 0x000001d8bb503800, 0x000001d8bb504800, 0x000001d8bb4ff000,
0x000001d8bb50a000, 0x000001d8bb508800, 0x000001d8bb50b000, 0x000001d8bb505800,
0x000001d8bb50c000, 0x000001d8bb509800, 0x000001d8bb508000, 0x000001d8bb506000,
0x000001d8bb50c800, 0x000001d8bb507000, 0x000001d8bb511000, 0x000001d8bb50d800,
0x000001d8bb50e800, 0x000001d8bb50f000, 0x000001d8bb510000, 0x000001d8b9167800,
0x000001d8b9169000, 0x000001d8b916a000, 0x000001d8b916c800, 0x000001d8b916a800,
0x000001d8b916b800, 0x000001d8b9166800, 0x000001d8b916d000, 0x000001d8b916e000,
0x000001d8b9168800, 0x000001d8b916f800, 0x000001d8b9171800, 0x000001d8b9174800,
0x000001d8b9170800, 0x000001d8b9172000, 0x000001d8b916f000, 0x000001d8b9179800,
0x000001d8b9173800, 0x000001d8b9175800, 0x000001d8b917b000, 0x000001d8b9178000,
0x000001d8b917c800, 0x000001d8b917c000, 0x000001d8b9177000, 0x000001d8b917a800,
0x000001d8b917d800, 0x000001d8b917e800, 0x000001d8b9178800, 0x000001d8b9181000,
0x000001d8b9182800, 0x000001d8b9181800, 0x000001d8b9183000, 0x000001d8b917f000,
0x000001d8b9185800, 0x000001d8b9184000, 0x000001d8b9185000, 0x000001d8b9180000,
0x000001d8b61d5800, 0x000001d8b61d6800, 0x000001d8b61d5000, 0x000001d8b61d7800,
0x000001d8b61d8000, 0x000001d8b61d9000, 0x000001d8b61d3000, 0x000001d8b61d4000,
0x000001d8b61dc000, 0x000001d8b61de000, 0x000001d8b61dd000, 0x000001d8b61db800,
0x000001d8b61de800, 0x000001d8b61da800, 0x000001d8b61df800, 0x000001d8b61e1000,
0x000001d8b61e2000, 0x000001d8b5915800, 0x000001d8b590f800, 0x000001d8b5916000,
0x000001d8b5910800, 0x000001d8b5917000, 0x000001d8b5918000, 0x000001d8b5914000,
0x000001d8b5919800, 0x000001d8b591b000, 0x000001d8b591e800, 0x000001d8b5918800,
0x000001d8b591c000, 0x000001d8b591a800, 0x000001d8b591c800, 0x000001d8b591d800,
0x000001d8b3e5a000, 0x000001d8b3e5e000, 0x000001d8b3e5b800, 0x000001d8b3e5a800,
0x000001d8b3e5e800, 0x000001d8b3e61000, 0x000001d8b3e5f800, 0x000001d8b3e5c800,
0x000001d8b3e63000, 0x000001d8b3e5d000, 0x000001d8b3e67000, 0x000001d8b3e63800,
0x000001d8b3e64800, 0x000001d8b9b27800, 0x000001d8b9b28800, 0x000001d8b9b25000,
0x000001d8b9b26000, 0x000001d8b9b2c800, 0x000001d8b9b27000, 0x000001d8b9b2e000,
0x000001d8b9b2f000, 0x000001d8b9b2d800, 0x000001d8b9b30000, 0x000001d8b9b30800,
0x000001d8b355d800, 0x000001d8b3561800, 0x000001d8b3560000, 0x000001d8b3560800,
0x000001d8b3564000, 0x000001d8b79f7000, 0x000001d8b79f4800, 0x000001d8b79f8000,
0x000001d8b79f5800, 0x000001d8b79f2000, 0x000001d8b79f9000, 0x000001d8b79f3000,
0x000001d8b79f6800, 0x000001d8b79f9800, 0x000001d8b79f4000, 0x000001d8b79ff800,
0x000001d8b79fb000, 0x000001d8b79fd800, 0x000001d8b79fe800
}

Java Threads: ( => current thread )
  0x000001d896b48800 JavaThread "main" [_thread_blocked, id=11292, stack(0x0000000978300000,0x0000000978400000)]
  0x000001d8b0d43000 JavaThread "Reference Handler" daemon [_thread_blocked, id=12712, stack(0x0000000978a00000,0x0000000978b00000)]
  0x000001d8b0d44800 JavaThread "Finalizer" daemon [_thread_blocked, id=12620, stack(0x0000000978b00000,0x0000000978c00000)]
  0x000001d8b0d5f000 JavaThread "Signal Dispatcher" daemon [_thread_blocked, id=8720, stack(0x0000000978c00000,0x0000000978d00000)]
  0x000001d8b0d62000 JavaThread "Attach Listener" daemon [_thread_blocked, id=10768, stack(0x0000000978d00000,0x0000000978e00000)]
  0x000001d8b0d65800 JavaThread "C2 CompilerThread0" daemon [_thread_blocked, id=12020, stack(0x0000000978e00000,0x0000000978f00000)]
  0x000001d8b0d6d000 JavaThread "C1 CompilerThread0" daemon [_thread_blocked, id=12980, stack(0x0000000978f00000,0x0000000979000000)]
  0x000001d8b0d76800 JavaThread "Sweeper thread" daemon [_thread_blocked, id=5284, stack(0x0000000979000000,0x0000000979100000)]
  0x000001d8b1831000 JavaThread "Common-Cleaner" daemon [_thread_blocked, id=5424, stack(0x0000000979100000,0x0000000979200000)]
  0x000001d8b183b000 JavaThread "Service Thread" daemon [_thread_blocked, id=8264, stack(0x0000000979200000,0x0000000979300000)]
  0x000001d8b3029800 JavaThread "Daemon health stats" [_thread_blocked, id=1640, stack(0x0000000979600000,0x0000000979700000)]
  0x000001d8b2699000 JavaThread "Incoming local TCP Connector on port 63512" [_thread_in_native, id=6224, stack(0x0000000979900000,0x0000000979a00000)]
  0x000001d8b3693800 JavaThread "Daemon periodic checks" [_thread_blocked, id=2852, stack(0x0000000979a00000,0x0000000979b00000)]
  0x000001d8b355e000 JavaThread "Cache worker for file hash cache (C:\Users\User\.gradle\caches\6.7.1\fileHashes)" [_thread_blocked, id=11804, stack(0x000000097a400000,0x000000097a500000)]
  0x000001d8b3562000 JavaThread "File lock request listener" [_thread_in_native, id=7540, stack(0x000000097a500000,0x000000097a600000)]
  0x000001d8b355f000 JavaThread "Cache worker for journal cache (C:\Users\User\.gradle\caches\journal-1)" [_thread_blocked, id=9520, stack(0x000000097a600000,0x000000097a700000)]
  0x000001d8b3563000 JavaThread "Cache worker for execution history cache (C:\Users\User\.gradle\caches\6.7.1\executionHistory)" [_thread_blocked, id=11772, stack(0x000000097ab00000,0x000000097ac00000)]
  0x000001d8b5912000 JavaThread "Cache worker for file content cache (C:\Users\User\.gradle\caches\6.7.1\fileContent)" [_thread_blocked, id=1000, stack(0x000000097ad00000,0x000000097ae00000)]
  0x000001d8b61da000 JavaThread "Memory manager" [_thread_blocked, id=11696, stack(0x0000000902b00000,0x0000000902c00000)]
  0x000001d8b3e65000 JavaThread "RMI Scheduler(0)" daemon [_thread_blocked, id=10748, stack(0x0000000903800000,0x0000000903900000)]
  0x000001d8b3e62000 JavaThread "RMI GC Daemon" daemon [_thread_blocked, id=6844, stack(0x0000000903a00000,0x0000000903b00000)]
  0x000001d8b3e68800 JavaThread "RMI TCP Accept-0" daemon [_thread_in_native, id=12580, stack(0x0000000903c00000,0x0000000903d00000)]
  0x000001d8b3e66000 JavaThread "RMI Reaper" [_thread_blocked, id=12500, stack(0x0000000903d00000,0x0000000903e00000)]
  0x000001d8b9b22000 JavaThread "Cache worker for Java compile cache (C:\Users\User\.gradle\caches\6.7.1\javaCompile)" [_thread_blocked, id=12256, stack(0x0000000904100000,0x0000000904200000)]
  0x000001d8b9b29800 JavaThread "ForkJoinPool.commonPool-worker-7" daemon [_thread_blocked, id=13212, stack(0x0000000904500000,0x0000000904600000)]
  0x000001d8bb4f3800 JavaThread "Daemon Thread 4" [_thread_blocked, id=4976, stack(0x0000000900100000,0x0000000900200000)]
=>0x000001d8bb4f1800 JavaThread "Daemon worker Thread 4" [_thread_in_Java, id=8460, stack(0x0000000900400000,0x0000000900500000)]
  0x000001d8bb503000 JavaThread "jar transforms Thread 364" [_thread_blocked, id=12876, stack(0x0000000901200000,0x0000000901300000)]
  0x000001d8bb4fd000 JavaThread "jar transforms Thread 365" [_thread_blocked, id=11056, stack(0x0000000901300000,0x0000000901400000)]
  0x000001d8bb503800 JavaThread "jar transforms Thread 366" [_thread_blocked, id=6692, stack(0x0000000901400000,0x0000000901500000)]
  0x000001d8bb504800 JavaThread "jar transforms Thread 367" [_thread_blocked, id=10644, stack(0x0000000901500000,0x0000000901600000)]
  0x000001d8bb4ff000 JavaThread "jar transforms Thread 368" [_thread_blocked, id=7216, stack(0x0000000901600000,0x0000000901700000)]
  0x000001d8bb50a000 JavaThread "jar transforms Thread 369" [_thread_blocked, id=6308, stack(0x0000000901700000,0x0000000901800000)]
  0x000001d8bb508800 JavaThread "jar transforms Thread 370" [_thread_blocked, id=11108, stack(0x0000000901800000,0x0000000901900000)]
  0x000001d8bb50b000 JavaThread "jar transforms Thread 371" [_thread_blocked, id=7188, stack(0x0000000901900000,0x0000000901a00000)]
  0x000001d8bb505800 JavaThread "jar transforms Thread 372" [_thread_blocked, id=9412, stack(0x0000000901a00000,0x0000000901b00000)]
  0x000001d8bb50c000 JavaThread "jar transforms Thread 373" [_thread_blocked, id=9448, stack(0x0000000901b00000,0x0000000901c00000)]
  0x000001d8bb509800 JavaThread "jar transforms Thread 374" [_thread_blocked, id=4392, stack(0x0000000901c00000,0x0000000901d00000)]
  0x000001d8bb508000 JavaThread "jar transforms Thread 375" [_thread_blocked, id=8948, stack(0x0000000901d00000,0x0000000901e00000)]
  0x000001d8bb506000 JavaThread "jar transforms Thread 376" [_thread_blocked, id=11196, stack(0x0000000901e00000,0x0000000901f00000)]
  0x000001d8bb50c800 JavaThread "jar transforms Thread 377" [_thread_blocked, id=11316, stack(0x0000000901f00000,0x0000000902000000)]
  0x000001d8bb507000 JavaThread "jar transforms Thread 378" [_thread_blocked, id=7104, stack(0x0000000902000000,0x0000000902100000)]
  0x000001d8bb511000 JavaThread "jar transforms Thread 379" [_thread_blocked, id=844, stack(0x0000000902100000,0x0000000902200000)]
  0x000001d8bb50d800 JavaThread "jar transforms Thread 380" [_thread_blocked, id=3420, stack(0x0000000902200000,0x0000000902300000)]
  0x000001d8bb50e800 JavaThread "jar transforms Thread 381" [_thread_blocked, id=7692, stack(0x0000000902300000,0x0000000902400000)]
  0x000001d8bb50f000 JavaThread "jar transforms Thread 382" [_thread_blocked, id=1492, stack(0x0000000902400000,0x0000000902500000)]
  0x000001d8bb510000 JavaThread "jar transforms Thread 383" [_thread_blocked, id=2816, stack(0x0000000902500000,0x0000000902600000)]
  0x000001d8b9167800 JavaThread "jar transforms Thread 384" [_thread_blocked, id=12532, stack(0x0000000902600000,0x0000000902700000)]
  0x000001d8b9169000 JavaThread "jar transforms Thread 385" [_thread_blocked, id=11552, stack(0x0000000902700000,0x0000000902800000)]
  0x000001d8b916a000 JavaThread "jar transforms Thread 386" [_thread_blocked, id=10440, stack(0x0000000902800000,0x0000000902900000)]
  0x000001d8b916c800 JavaThread "jar transforms Thread 387" [_thread_blocked, id=5760, stack(0x0000000902900000,0x0000000902a00000)]
  0x000001d8b916a800 JavaThread "jar transforms Thread 388" [_thread_blocked, id=10316, stack(0x0000000902a00000,0x0000000902b00000)]
  0x000001d8b916b800 JavaThread "jar transforms Thread 389" [_thread_blocked, id=12800, stack(0x0000000902c00000,0x0000000902d00000)]
  0x000001d8b9166800 JavaThread "jar transforms Thread 390" [_thread_blocked, id=8200, stack(0x0000000902d00000,0x0000000902e00000)]
  0x000001d8b916d000 JavaThread "jar transforms Thread 391" [_thread_blocked, id=12840, stack(0x0000000902e00000,0x0000000902f00000)]
  0x000001d8b916e000 JavaThread "jar transforms Thread 392" [_thread_blocked, id=8036, stack(0x0000000902f00000,0x0000000903000000)]
  0x000001d8b9168800 JavaThread "jar transforms Thread 393" [_thread_blocked, id=11764, stack(0x0000000903000000,0x0000000903100000)]
  0x000001d8b916f800 JavaThread "jar transforms Thread 394" [_thread_blocked, id=8780, stack(0x0000000903100000,0x0000000903200000)]
  0x000001d8b9171800 JavaThread "jar transforms Thread 395" [_thread_blocked, id=3944, stack(0x0000000903200000,0x0000000903300000)]
  0x000001d8b9174800 JavaThread "jar transforms Thread 396" [_thread_blocked, id=5920, stack(0x0000000903300000,0x0000000903400000)]
  0x000001d8b9170800 JavaThread "jar transforms Thread 397" [_thread_blocked, id=8380, stack(0x0000000903400000,0x0000000903500000)]
  0x000001d8b9172000 JavaThread "jar transforms Thread 398" [_thread_blocked, id=10332, stack(0x0000000903500000,0x0000000903600000)]
  0x000001d8b916f000 JavaThread "jar transforms Thread 399" [_thread_blocked, id=13284, stack(0x0000000903600000,0x0000000903700000)]
  0x000001d8b9179800 JavaThread "jar transforms Thread 400" [_thread_blocked, id=4568, stack(0x0000000903700000,0x0000000903800000)]
  0x000001d8b9173800 JavaThread "jar transforms Thread 401" [_thread_blocked, id=7352, stack(0x0000000903900000,0x0000000903a00000)]
  0x000001d8b9175800 JavaThread "jar transforms Thread 402" [_thread_blocked, id=5480, stack(0x0000000903b00000,0x0000000903c00000)]
  0x000001d8b917b000 JavaThread "jar transforms Thread 403" [_thread_blocked, id=13024, stack(0x0000000903e00000,0x0000000903f00000)]
  0x000001d8b9178000 JavaThread "jar transforms Thread 404" [_thread_blocked, id=5396, stack(0x0000000903f00000,0x0000000904000000)]
  0x000001d8b917c800 JavaThread "jar transforms Thread 405" [_thread_blocked, id=10832, stack(0x0000000904000000,0x0000000904100000)]
  0x000001d8b917c000 JavaThread "jar transforms Thread 406" [_thread_blocked, id=4736, stack(0x0000000904200000,0x0000000904300000)]
  0x000001d8b9177000 JavaThread "jar transforms Thread 407" [_thread_blocked, id=9612, stack(0x0000000904300000,0x0000000904400000)]
  0x000001d8b917a800 JavaThread "jar transforms Thread 408" [_thread_blocked, id=12408, stack(0x0000000904400000,0x0000000904500000)]
  0x000001d8b917d800 JavaThread "jar transforms Thread 409" [_thread_blocked, id=10628, stack(0x0000000904600000,0x0000000904700000)]
  0x000001d8b917e800 JavaThread "jar transforms Thread 410" [_thread_blocked, id=8816, stack(0x0000000904700000,0x0000000904800000)]
  0x000001d8b9178800 JavaThread "jar transforms Thread 411" [_thread_blocked, id=8628, stack(0x0000000904800000,0x0000000904900000)]
  0x000001d8b9181000 JavaThread "jar transforms Thread 412" [_thread_blocked, id=11540, stack(0x0000000904900000,0x0000000904a00000)]
  0x000001d8b9182800 JavaThread "jar transforms Thread 413" [_thread_blocked, id=10064, stack(0x0000000904a00000,0x0000000904b00000)]
  0x000001d8b9181800 JavaThread "jar transforms Thread 414" [_thread_blocked, id=8976, stack(0x0000000904b00000,0x0000000904c00000)]
  0x000001d8b9183000 JavaThread "jar transforms Thread 415" [_thread_blocked, id=6344, stack(0x0000000904c00000,0x0000000904d00000)]
  0x000001d8b917f000 JavaThread "jar transforms Thread 416" [_thread_blocked, id=8488, stack(0x0000000904d00000,0x0000000904e00000)]
  0x000001d8b9185800 JavaThread "jar transforms Thread 417" [_thread_blocked, id=2180, stack(0x0000000904e00000,0x0000000904f00000)]
  0x000001d8b9184000 JavaThread "jar transforms Thread 418" [_thread_blocked, id=2144, stack(0x0000000904f00000,0x0000000905000000)]
  0x000001d8b9185000 JavaThread "jar transforms Thread 419" [_thread_blocked, id=2252, stack(0x0000000905000000,0x0000000905100000)]
  0x000001d8b9180000 JavaThread "jar transforms Thread 420" [_thread_blocked, id=11712, stack(0x0000000905100000,0x0000000905200000)]
  0x000001d8b61d5800 JavaThread "jar transforms Thread 421" [_thread_blocked, id=5740, stack(0x0000000905200000,0x0000000905300000)]
  0x000001d8b61d6800 JavaThread "jar transforms Thread 422" [_thread_blocked, id=11136, stack(0x0000000905300000,0x0000000905400000)]
  0x000001d8b61d5000 JavaThread "jar transforms Thread 423" [_thread_blocked, id=7868, stack(0x0000000905400000,0x0000000905500000)]
  0x000001d8b61d7800 JavaThread "jar transforms Thread 424" [_thread_blocked, id=4572, stack(0x0000000905500000,0x0000000905600000)]
  0x000001d8b61d8000 JavaThread "jar transforms Thread 425" [_thread_blocked, id=5336, stack(0x0000000905600000,0x0000000905700000)]
  0x000001d8b61d9000 JavaThread "jar transforms Thread 426" [_thread_blocked, id=11716, stack(0x0000000905700000,0x0000000905800000)]
  0x000001d8b61d3000 JavaThread "jar transforms Thread 427" [_thread_blocked, id=4448, stack(0x0000000905800000,0x0000000905900000)]
  0x000001d8b61d4000 JavaThread "jar transforms Thread 428" [_thread_blocked, id=5080, stack(0x0000000905900000,0x0000000905a00000)]
  0x000001d8b61dc000 JavaThread "jar transforms Thread 429" [_thread_blocked, id=11644, stack(0x0000000905a00000,0x0000000905b00000)]
  0x000001d8b61de000 JavaThread "jar transforms Thread 430" [_thread_blocked, id=12208, stack(0x0000000905b00000,0x0000000905c00000)]
  0x000001d8b61dd000 JavaThread "jar transforms Thread 431" [_thread_blocked, id=5420, stack(0x0000000905c00000,0x0000000905d00000)]
  0x000001d8b61db800 JavaThread "jar transforms Thread 432" [_thread_blocked, id=5564, stack(0x0000000905d00000,0x0000000905e00000)]
  0x000001d8b61de800 JavaThread "jar transforms Thread 433" [_thread_blocked, id=12488, stack(0x0000000905e00000,0x0000000905f00000)]
  0x000001d8b61da800 JavaThread "jar transforms Thread 434" [_thread_blocked, id=5148, stack(0x0000000905f00000,0x0000000906000000)]
  0x000001d8b61df800 JavaThread "jar transforms Thread 435" [_thread_blocked, id=6320, stack(0x0000000906000000,0x0000000906100000)]
  0x000001d8b61e1000 JavaThread "jar transforms Thread 436" [_thread_blocked, id=2720, stack(0x0000000906100000,0x0000000906200000)]
  0x000001d8b61e2000 JavaThread "jar transforms Thread 437" [_thread_blocked, id=10096, stack(0x0000000906200000,0x0000000906300000)]
  0x000001d8b5915800 JavaThread "jar transforms Thread 438" [_thread_blocked, id=9592, stack(0x0000000906300000,0x0000000906400000)]
  0x000001d8b590f800 JavaThread "jar transforms Thread 439" [_thread_blocked, id=12728, stack(0x0000000906400000,0x0000000906500000)]
  0x000001d8b5916000 JavaThread "jar transforms Thread 440" [_thread_blocked, id=9716, stack(0x0000000906500000,0x0000000906600000)]
  0x000001d8b5910800 JavaThread "jar transforms Thread 441" [_thread_blocked, id=12036, stack(0x0000000906600000,0x0000000906700000)]
  0x000001d8b5917000 JavaThread "jar transforms Thread 442" [_thread_blocked, id=4796, stack(0x0000000906700000,0x0000000906800000)]
  0x000001d8b5918000 JavaThread "jar transforms Thread 443" [_thread_blocked, id=9508, stack(0x0000000906800000,0x0000000906900000)]
  0x000001d8b5914000 JavaThread "jar transforms Thread 444" [_thread_blocked, id=1740, stack(0x0000000906900000,0x0000000906a00000)]
  0x000001d8b5919800 JavaThread "jar transforms Thread 445" [_thread_blocked, id=5824, stack(0x0000000906a00000,0x0000000906b00000)]
  0x000001d8b591b000 JavaThread "jar transforms Thread 446" [_thread_blocked, id=8060, stack(0x0000000906b00000,0x0000000906c00000)]
  0x000001d8b591e800 JavaThread "jar transforms Thread 447" [_thread_blocked, id=11996, stack(0x0000000906c00000,0x0000000906d00000)]
  0x000001d8b5918800 JavaThread "jar transforms Thread 448" [_thread_blocked, id=12900, stack(0x0000000906d00000,0x0000000906e00000)]
  0x000001d8b591c000 JavaThread "jar transforms Thread 449" [_thread_blocked, id=11580, stack(0x0000000906e00000,0x0000000906f00000)]
  0x000001d8b591a800 JavaThread "jar transforms Thread 450" [_thread_blocked, id=12248, stack(0x0000000906f00000,0x0000000907000000)]
  0x000001d8b591c800 JavaThread "jar transforms Thread 451" [_thread_blocked, id=13072, stack(0x0000000907000000,0x0000000907100000)]
  0x000001d8b591d800 JavaThread "jar transforms Thread 452" [_thread_blocked, id=9124, stack(0x0000000907100000,0x0000000907200000)]
  0x000001d8b3e5a000 JavaThread "jar transforms Thread 453" [_thread_blocked, id=5880, stack(0x0000000907200000,0x0000000907300000)]
  0x000001d8b3e5e000 JavaThread "jar transforms Thread 454" [_thread_blocked, id=11964, stack(0x0000000907300000,0x0000000907400000)]
  0x000001d8b3e5b800 JavaThread "jar transforms Thread 455" [_thread_blocked, id=9620, stack(0x0000000907400000,0x0000000907500000)]
  0x000001d8b3e5a800 JavaThread "jar transforms Thread 456" [_thread_blocked, id=9972, stack(0x0000000907500000,0x0000000907600000)]
  0x000001d8b3e5e800 JavaThread "jar transforms Thread 457" [_thread_blocked, id=11404, stack(0x0000000907600000,0x0000000907700000)]
  0x000001d8b3e61000 JavaThread "jar transforms Thread 458" [_thread_blocked, id=8248, stack(0x0000000907700000,0x0000000907800000)]
  0x000001d8b3e5f800 JavaThread "jar transforms Thread 459" [_thread_blocked, id=7832, stack(0x0000000907800000,0x0000000907900000)]
  0x000001d8b3e5c800 JavaThread "jar transforms Thread 460" [_thread_blocked, id=12636, stack(0x0000000907900000,0x0000000907a00000)]
  0x000001d8b3e63000 JavaThread "jar transforms Thread 461" [_thread_blocked, id=7848, stack(0x0000000907a00000,0x0000000907b00000)]
  0x000001d8b3e5d000 JavaThread "jar transforms Thread 462" [_thread_blocked, id=12756, stack(0x0000000907b00000,0x0000000907c00000)]
  0x000001d8b3e67000 JavaThread "jar transforms Thread 463" [_thread_blocked, id=12616, stack(0x0000000907c00000,0x0000000907d00000)]
  0x000001d8b3e63800 JavaThread "jar transforms Thread 464" [_thread_blocked, id=1152, stack(0x0000000907d00000,0x0000000907e00000)]
  0x000001d8b3e64800 JavaThread "jar transforms Thread 465" [_thread_blocked, id=9032, stack(0x0000000907e00000,0x0000000907f00000)]
  0x000001d8b9b27800 JavaThread "jar transforms Thread 466" [_thread_blocked, id=8724, stack(0x0000000907f00000,0x0000000908000000)]
  0x000001d8b9b28800 JavaThread "jar transforms Thread 467" [_thread_blocked, id=7096, stack(0x0000000908000000,0x0000000908100000)]
  0x000001d8b9b25000 JavaThread "jar transforms Thread 468" [_thread_blocked, id=1824, stack(0x0000000908100000,0x0000000908200000)]
  0x000001d8b9b26000 JavaThread "jar transforms Thread 469" [_thread_blocked, id=12632, stack(0x0000000908200000,0x0000000908300000)]
  0x000001d8b9b2c800 JavaThread "jar transforms Thread 470" [_thread_blocked, id=3896, stack(0x0000000908300000,0x0000000908400000)]
  0x000001d8b9b27000 JavaThread "jar transforms Thread 471" [_thread_blocked, id=5544, stack(0x0000000908400000,0x0000000908500000)]
  0x000001d8b9b2e000 JavaThread "jar transforms Thread 472" [_thread_blocked, id=7252, stack(0x0000000908500000,0x0000000908600000)]
  0x000001d8b9b2f000 JavaThread "jar transforms Thread 473" [_thread_blocked, id=3436, stack(0x0000000908600000,0x0000000908700000)]
  0x000001d8b9b2d800 JavaThread "jar transforms Thread 474" [_thread_blocked, id=13272, stack(0x0000000908700000,0x0000000908800000)]
  0x000001d8b9b30000 JavaThread "jar transforms Thread 475" [_thread_blocked, id=2596, stack(0x0000000908800000,0x0000000908900000)]
  0x000001d8b9b30800 JavaThread "jar transforms Thread 476" [_thread_blocked, id=6704, stack(0x0000000908900000,0x0000000908a00000)]
  0x000001d8b355d800 JavaThread "jar transforms Thread 477" [_thread_blocked, id=11336, stack(0x0000000908a00000,0x0000000908b00000)]
  0x000001d8b3561800 JavaThread "jar transforms Thread 478" [_thread_blocked, id=10204, stack(0x0000000908b00000,0x0000000908c00000)]
  0x000001d8b3560000 JavaThread "jar transforms Thread 479" [_thread_blocked, id=6856, stack(0x0000000908c00000,0x0000000908d00000)]
  0x000001d8b3560800 JavaThread "jar transforms Thread 480" [_thread_blocked, id=3280, stack(0x0000000908d00000,0x0000000908e00000)]
  0x000001d8b3564000 JavaThread "jar transforms Thread 481" [_thread_blocked, id=9568, stack(0x0000000908e00000,0x0000000908f00000)]
  0x000001d8b79f7000 JavaThread "jar transforms Thread 482" [_thread_blocked, id=11840, stack(0x0000000908f00000,0x0000000909000000)]
  0x000001d8b79f4800 JavaThread "jar transforms Thread 483" [_thread_blocked, id=6976, stack(0x0000000909000000,0x0000000909100000)]
  0x000001d8b79f8000 JavaThread "jar transforms Thread 484" [_thread_blocked, id=6108, stack(0x0000000909100000,0x0000000909200000)]
  0x000001d8b79f5800 JavaThread "Handler for socket connection from /127.0.0.1:63512 to /127.0.0.1:63606" [_thread_in_native, id=5456, stack(0x0000000900000000,0x0000000900100000)]
  0x000001d8b79f2000 JavaThread "Cancel handler" [_thread_blocked, id=11824, stack(0x0000000900200000,0x0000000900300000)]
  0x000001d8b79f9000 JavaThread "Asynchronous log dispatcher for DefaultDaemonConnection: socket connection from /127.0.0.1:63512 to /127.0.0.1:63606" [_thread_blocked, id=11364, stack(0x0000000900300000,0x0000000900400000)]
  0x000001d8b79f3000 JavaThread "Stdin handler" [_thread_blocked, id=5768, stack(0x0000000900500000,0x0000000900600000)]
  0x000001d8b79f6800 JavaThread "Thread-624" [_thread_blocked, id=9060, stack(0x0000000900600000,0x0000000900700000)]
  0x000001d8b79f9800 JavaThread "Cache worker for file hash cache (C:\Users\User\AndroidStudioProjects\EisenkTest\.gradle\6.7.1\fileHashes)" [_thread_blocked, id=12716, stack(0x0000000900700000,0x0000000900800000)]
  0x000001d8b79f4000 JavaThread "Cache worker for checksums cache (C:\Users\User\AndroidStudioProjects\EisenkTest\.gradle\checksums)" [_thread_blocked, id=6476, stack(0x0000000900800000,0x0000000900900000)]
  0x000001d8b79ff800 JavaThread "Cache worker for cache directory md-supplier (C:\Users\User\.gradle\caches\6.7.1\md-supplier)" [_thread_blocked, id=736, stack(0x0000000900900000,0x0000000900a00000)]
  0x000001d8b79fb000 JavaThread "Cache worker for cache directory md-rule (C:\Users\User\.gradle\caches\6.7.1\md-rule)" [_thread_blocked, id=8128, stack(0x0000000900a00000,0x0000000900b00000)]
  0x000001d8b79fd800 JavaThread "Cache worker for Build Output Cleanup Cache (C:\Users\User\AndroidStudioProjects\EisenkTest\.gradle\buildOutputCleanup)" [_thread_blocked, id=5800, stack(0x0000000900b00000,0x0000000900c00000)]
  0x000001d8b79fe800 JavaThread "C2 CompilerThread1" daemon [_thread_blocked, id=5956, stack(0x0000000900c00000,0x0000000900d00000)]

Other Threads:
  0x000001d8b0d3a800 VMThread "VM Thread" [stack: 0x0000000978900000,0x0000000978a00000] [id=11728]
  0x000001d8b1865800 WatcherThread [stack: 0x0000000979300000,0x0000000979400000] [id=13036]
  0x000001d896b61000 GCTaskThread "GC Thread#0" [stack: 0x0000000978400000,0x0000000978500000] [id=9224]
  0x000001d8b2091000 GCTaskThread "GC Thread#1" [stack: 0x0000000979500000,0x0000000979600000] [id=6616]
  0x000001d8b3737000 GCTaskThread "GC Thread#2" [stack: 0x000000097a200000,0x000000097a300000] [id=832]
  0x000001d8b3927000 GCTaskThread "GC Thread#3" [stack: 0x000000097a300000,0x000000097a400000] [id=10732]
  0x000001d896b92000 ConcurrentGCThread "G1 Main Marker" [stack: 0x0000000978500000,0x0000000978600000] [id=3112]
  0x000001d896b94800 ConcurrentGCThread "G1 Conc#0" [stack: 0x0000000978600000,0x0000000978700000] [id=4656]
  0x000001d896bf8000 ConcurrentGCThread "G1 Refine#0" [stack: 0x0000000978700000,0x0000000978800000] [id=10268]
  0x000001d896bf9000 ConcurrentGCThread "G1 Young RemSet Sampling" [stack: 0x0000000978800000,0x0000000978900000] [id=12100]

Threads with active compile tasks:

VM state:not at safepoint (normal execution)

VM Mutex/Monitor currently owned by a thread: None

Heap address: 0x0000000080000000, size: 2048 MB, Compressed Oops mode: 32-bit
Narrow klass base: 0x0000000000000000, Narrow klass shift: 3
Compressed class space size: 1073741824 Address: 0x0000000100000000

Heap:
 garbage-first heap   total 198656K, used 123353K [0x0000000080000000, 0x0000000100000000)
  region size 1024K, 23 young (23552K), 3 survivors (3072K)
 Metaspace       used 130192K, capacity 133848K, committed 134144K, reserved 1165312K
  class space    used 15975K, capacity 17285K, committed 17408K, reserved 1048576K
Heap Regions: E=young(eden), S=young(survivor), O=old, HS=humongous(starts), HC=humongous(continues), CS=collection set, F=free, A=archive, TAMS=top-at-mark-start (previous, next)
|   0|0x0000000080000000, 0x0000000080100000, 0x0000000080100000|100%| O|  |TAMS 0x0000000080100000, 0x0000000080000000| Untracked 
|   1|0x0000000080100000, 0x0000000080100000, 0x0000000080200000|  0%| F|  |TAMS 0x0000000080100000, 0x0000000080100000| Untracked 
|   2|0x0000000080200000, 0x0000000080300000, 0x0000000080300000|100%| O|  |TAMS 0x0000000080300000, 0x0000000080200000| Untracked 
|   3|0x0000000080300000, 0x0000000080400000, 0x0000000080400000|100%|HS|  |TAMS 0x0000000080400000, 0x0000000080300000| Complete 
|   4|0x0000000080400000, 0x0000000080500000, 0x0000000080500000|100%|HC|  |TAMS 0x0000000080500000, 0x0000000080400000| Complete 
|   5|0x0000000080500000, 0x0000000080600000, 0x0000000080600000|100%|HC|  |TAMS 0x0000000080600000, 0x0000000080500000| Complete 
|   6|0x0000000080600000, 0x0000000080700000, 0x0000000080700000|100%| O|  |TAMS 0x0000000080700000, 0x0000000080600000| Untracked 
|   7|0x0000000080700000, 0x0000000080800000, 0x0000000080800000|100%| O|  |TAMS 0x0000000080800000, 0x0000000080700000| Untracked 
|   8|0x0000000080800000, 0x0000000080900000, 0x0000000080900000|100%| O|  |TAMS 0x0000000080900000, 0x0000000080800000| Untracked 
|   9|0x0000000080900000, 0x0000000080a00000, 0x0000000080a00000|100%| O|  |TAMS 0x0000000080a00000, 0x0000000080900000| Untracked 
|  10|0x0000000080a00000, 0x0000000080b00000, 0x0000000080b00000|100%| O|  |TAMS 0x0000000080b00000, 0x0000000080a00000| Untracked 
|  11|0x0000000080b00000, 0x0000000080c00000, 0x0000000080c00000|100%| O|  |TAMS 0x0000000080c00000, 0x0000000080b00000| Untracked 
|  12|0x0000000080c00000, 0x0000000080d00000, 0x0000000080d00000|100%| O|  |TAMS 0x0000000080d00000, 0x0000000080c00000| Untracked 
|  13|0x0000000080d00000, 0x0000000080e00000, 0x0000000080e00000|100%| O|  |TAMS 0x0000000080e00000, 0x0000000080d00000| Untracked 
|  14|0x0000000080e00000, 0x0000000080f00000, 0x0000000080f00000|100%| O|  |TAMS 0x0000000080f00000, 0x0000000080e00000| Untracked 
|  15|0x0000000080f00000, 0x0000000081000000, 0x0000000081000000|100%| O|  |TAMS 0x0000000081000000, 0x0000000080f00000| Untracked 
|  16|0x0000000081000000, 0x0000000081100000, 0x0000000081100000|100%| O|  |TAMS 0x0000000081100000, 0x0000000081000000| Untracked 
|  17|0x0000000081100000, 0x0000000081200000, 0x0000000081200000|100%| O|  |TAMS 0x0000000081200000, 0x0000000081100000| Untracked 
|  18|0x0000000081200000, 0x0000000081300000, 0x0000000081300000|100%| O|  |TAMS 0x0000000081300000, 0x0000000081200000| Untracked 
|  19|0x0000000081300000, 0x0000000081400000, 0x0000000081400000|100%|HS|  |TAMS 0x0000000081400000, 0x0000000081300000| Complete 
|  20|0x0000000081400000, 0x0000000081500000, 0x0000000081500000|100%| O|  |TAMS 0x0000000081500000, 0x0000000081400000| Untracked 
|  21|0x0000000081500000, 0x0000000081600000, 0x0000000081600000|100%| O|  |TAMS 0x0000000081600000, 0x0000000081500000| Untracked 
|  22|0x0000000081600000, 0x0000000081700000, 0x0000000081700000|100%| O|  |TAMS 0x0000000081700000, 0x0000000081600000| Untracked 
|  23|0x0000000081700000, 0x0000000081800000, 0x0000000081800000|100%|HS|  |TAMS 0x0000000081800000, 0x0000000081700000| Complete 
|  24|0x0000000081800000, 0x0000000081900000, 0x0000000081900000|100%|HC|  |TAMS 0x0000000081900000, 0x0000000081800000| Complete 
|  25|0x0000000081900000, 0x0000000081a00000, 0x0000000081a00000|100%|HC|  |TAMS 0x0000000081a00000, 0x0000000081900000| Complete 
|  26|0x0000000081a00000, 0x0000000081b00000, 0x0000000081b00000|100%|HS|  |TAMS 0x0000000081b00000, 0x0000000081a00000| Complete 
|  27|0x0000000081b00000, 0x0000000081c00000, 0x0000000081c00000|100%|HC|  |TAMS 0x0000000081c00000, 0x0000000081b00000| Complete 
|  28|0x0000000081c00000, 0x0000000081d00000, 0x0000000081d00000|100%| O|  |TAMS 0x0000000081d00000, 0x0000000081c00000| Untracked 
|  29|0x0000000081d00000, 0x0000000081e00000, 0x0000000081e00000|100%| O|  |TAMS 0x0000000081e00000, 0x0000000081d00000| Untracked 
|  30|0x0000000081e00000, 0x0000000081f00000, 0x0000000081f00000|100%| O|  |TAMS 0x0000000081f00000, 0x0000000081e00000| Untracked 
|  31|0x0000000081f00000, 0x0000000082000000, 0x0000000082000000|100%| O|  |TAMS 0x0000000082000000, 0x0000000081f00000| Untracked 
|  32|0x0000000082000000, 0x0000000082100000, 0x0000000082100000|100%| O|  |TAMS 0x0000000082100000, 0x0000000082000000| Untracked 
|  33|0x0000000082100000, 0x0000000082200000, 0x0000000082200000|100%| O|  |TAMS 0x0000000082200000, 0x0000000082100000| Untracked 
|  34|0x0000000082200000, 0x0000000082300000, 0x0000000082300000|100%| O|  |TAMS 0x0000000082300000, 0x0000000082200000| Untracked 
|  35|0x0000000082300000, 0x0000000082400000, 0x0000000082400000|100%| O|  |TAMS 0x0000000082400000, 0x0000000082300000| Untracked 
|  36|0x0000000082400000, 0x0000000082500000, 0x0000000082500000|100%| O|  |TAMS 0x0000000082500000, 0x0000000082400000| Untracked 
|  37|0x0000000082500000, 0x0000000082600000, 0x0000000082600000|100%| O|  |TAMS 0x0000000082600000, 0x0000000082500000| Untracked 
|  38|0x0000000082600000, 0x0000000082700000, 0x0000000082700000|100%| O|  |TAMS 0x0000000082700000, 0x0000000082600000| Untracked 
|  39|0x0000000082700000, 0x0000000082800000, 0x0000000082800000|100%| O|  |TAMS 0x0000000082800000, 0x0000000082700000| Untracked 
|  40|0x0000000082800000, 0x0000000082900000, 0x0000000082900000|100%| O|  |TAMS 0x0000000082900000, 0x0000000082800000| Untracked 
|  41|0x0000000082900000, 0x0000000082a00000, 0x0000000082a00000|100%| O|  |TAMS 0x0000000082a00000, 0x0000000082900000| Untracked 
|  42|0x0000000082a00000, 0x0000000082b00000, 0x0000000082b00000|100%| O|  |TAMS 0x0000000082b00000, 0x0000000082a00000| Untracked 
|  43|0x0000000082b00000, 0x0000000082c00000, 0x0000000082c00000|100%| O|  |TAMS 0x0000000082c00000, 0x0000000082b00000| Untracked 
|  44|0x0000000082c00000, 0x0000000082d00000, 0x0000000082d00000|100%| O|  |TAMS 0x0000000082d00000, 0x0000000082c00000| Untracked 
|  45|0x0000000082d00000, 0x0000000082e00000, 0x0000000082e00000|100%| O|  |TAMS 0x0000000082e00000, 0x0000000082d00000| Untracked 
|  46|0x0000000082e00000, 0x0000000082f00000, 0x0000000082f00000|100%| O|  |TAMS 0x0000000082f00000, 0x0000000082e00000| Untracked 
|  47|0x0000000082f00000, 0x0000000083000000, 0x0000000083000000|100%| O|  |TAMS 0x0000000083000000, 0x0000000082f00000| Untracked 
|  48|0x0000000083000000, 0x0000000083100000, 0x0000000083100000|100%| O|  |TAMS 0x0000000083100000, 0x0000000083000000| Untracked 
|  49|0x0000000083100000, 0x0000000083200000, 0x0000000083200000|100%| O|  |TAMS 0x0000000083200000, 0x0000000083100000| Untracked 
|  50|0x0000000083200000, 0x0000000083300000, 0x0000000083300000|100%| O|  |TAMS 0x0000000083300000, 0x0000000083200000| Untracked 
|  51|0x0000000083300000, 0x0000000083400000, 0x0000000083400000|100%| O|  |TAMS 0x0000000083400000, 0x0000000083300000| Untracked 
|  52|0x0000000083400000, 0x0000000083500000, 0x0000000083500000|100%| O|  |TAMS 0x0000000083500000, 0x0000000083400000| Untracked 
|  53|0x0000000083500000, 0x0000000083531400, 0x0000000083600000| 19%| O|  |TAMS 0x0000000083531400, 0x0000000083500000| Untracked 
|  54|0x0000000083600000, 0x0000000083700000, 0x0000000083700000|100%| O|  |TAMS 0x0000000083700000, 0x0000000083600000| Untracked 
|  55|0x0000000083700000, 0x0000000083800000, 0x0000000083800000|100%| O|  |TAMS 0x0000000083800000, 0x0000000083700000| Untracked 
|  56|0x0000000083800000, 0x0000000083900000, 0x0000000083900000|100%| O|  |TAMS 0x0000000083900000, 0x0000000083800000| Untracked 
|  57|0x0000000083900000, 0x0000000083a00000, 0x0000000083a00000|100%| O|  |TAMS 0x0000000083a00000, 0x0000000083900000| Untracked 
|  58|0x0000000083a00000, 0x0000000083a00000, 0x0000000083b00000|  0%| F|  |TAMS 0x0000000083a00000, 0x0000000083a00000| Untracked 
|  59|0x0000000083b00000, 0x0000000083c00000, 0x0000000083c00000|100%| O|  |TAMS 0x0000000083c00000, 0x0000000083b00000| Untracked 
|  60|0x0000000083c00000, 0x0000000083c00000, 0x0000000083d00000|  0%| F|  |TAMS 0x0000000083c00000, 0x0000000083c00000| Untracked 
|  61|0x0000000083d00000, 0x0000000083e00000, 0x0000000083e00000|100%| O|  |TAMS 0x0000000083e00000, 0x0000000083d00000| Untracked 
|  62|0x0000000083e00000, 0x0000000083f00000, 0x0000000083f00000|100%| O|  |TAMS 0x0000000083f00000, 0x0000000083e00000| Untracked 
|  63|0x0000000083f00000, 0x0000000084000000, 0x0000000084000000|100%| O|  |TAMS 0x0000000084000000, 0x0000000083f00000| Untracked 
|  64|0x0000000084000000, 0x0000000084100000, 0x0000000084100000|100%| O|  |TAMS 0x0000000084100000, 0x0000000084000000| Untracked 
|  65|0x0000000084100000, 0x0000000084200000, 0x0000000084200000|100%| O|  |TAMS 0x0000000084200000, 0x0000000084100000| Untracked 
|  66|0x0000000084200000, 0x0000000084300000, 0x0000000084300000|100%| O|  |TAMS 0x0000000084300000, 0x0000000084200000| Untracked 
|  67|0x0000000084300000, 0x0000000084400000, 0x0000000084400000|100%| O|  |TAMS 0x0000000084400000, 0x0000000084300000| Untracked 
|  68|0x0000000084400000, 0x0000000084500000, 0x0000000084500000|100%| O|  |TAMS 0x0000000084500000, 0x0000000084400000| Untracked 
|  69|0x0000000084500000, 0x0000000084600000, 0x0000000084600000|100%| O|  |TAMS 0x0000000084600000, 0x0000000084500000| Untracked 
|  70|0x0000000084600000, 0x0000000084700000, 0x0000000084700000|100%| O|  |TAMS 0x0000000084700000, 0x0000000084600000| Untracked 
|  71|0x0000000084700000, 0x0000000084800000, 0x0000000084800000|100%| O|  |TAMS 0x0000000084800000, 0x0000000084700000| Untracked 
|  72|0x0000000084800000, 0x0000000084800000, 0x0000000084900000|  0%| F|  |TAMS 0x0000000084800000, 0x0000000084800000| Untracked 
|  73|0x0000000084900000, 0x0000000084a00000, 0x0000000084a00000|100%| O|  |TAMS 0x0000000084a00000, 0x0000000084900000| Untracked 
|  74|0x0000000084a00000, 0x0000000084b00000, 0x0000000084b00000|100%| O|  |TAMS 0x0000000084b00000, 0x0000000084a00000| Untracked 
|  75|0x0000000084b00000, 0x0000000084c00000, 0x0000000084c00000|100%| O|  |TAMS 0x0000000084c00000, 0x0000000084b00000| Untracked 
|  76|0x0000000084c00000, 0x0000000084d00000, 0x0000000084d00000|100%| O|  |TAMS 0x0000000084d00000, 0x0000000084c00000| Untracked 
|  77|0x0000000084d00000, 0x0000000084e00000, 0x0000000084e00000|100%| O|  |TAMS 0x0000000084e00000, 0x0000000084d00000| Untracked 
|  78|0x0000000084e00000, 0x0000000084f00000, 0x0000000084f00000|100%| O|  |TAMS 0x0000000084f00000, 0x0000000084e00000| Untracked 
|  79|0x0000000084f00000, 0x0000000085000000, 0x0000000085000000|100%| O|  |TAMS 0x0000000085000000, 0x0000000084f00000| Untracked 
|  80|0x0000000085000000, 0x0000000085100000, 0x0000000085100000|100%|HS|  |TAMS 0x0000000085100000, 0x0000000085000000| Complete 
|  81|0x0000000085100000, 0x0000000085200000, 0x0000000085200000|100%|HC|  |TAMS 0x0000000085200000, 0x0000000085100000| Complete 
|  82|0x0000000085200000, 0x0000000085300000, 0x0000000085300000|100%|HC|  |TAMS 0x0000000085300000, 0x0000000085200000| Complete 
|  83|0x0000000085300000, 0x0000000085400000, 0x0000000085400000|100%| O|  |TAMS 0x0000000085400000, 0x0000000085300000| Untracked 
|  84|0x0000000085400000, 0x0000000085400000, 0x0000000085500000|  0%| F|  |TAMS 0x0000000085400000, 0x0000000085400000| Untracked 
|  85|0x0000000085500000, 0x0000000085500000, 0x0000000085600000|  0%| F|  |TAMS 0x0000000085500000, 0x0000000085500000| Untracked 
|  86|0x0000000085600000, 0x0000000085700000, 0x0000000085700000|100%| O|  |TAMS 0x0000000085700000, 0x0000000085600000| Untracked 
|  87|0x0000000085700000, 0x0000000085700000, 0x0000000085800000|  0%| F|  |TAMS 0x0000000085700000, 0x0000000085700000| Untracked 
|  88|0x0000000085800000, 0x0000000085800000, 0x0000000085900000|  0%| F|  |TAMS 0x0000000085800000, 0x0000000085800000| Untracked 
|  89|0x0000000085900000, 0x0000000085900000, 0x0000000085a00000|  0%| F|  |TAMS 0x0000000085900000, 0x0000000085900000| Untracked 
|  90|0x0000000085a00000, 0x0000000085b00000, 0x0000000085b00000|100%| O|  |TAMS 0x0000000085b00000, 0x0000000085a00000| Untracked 
|  91|0x0000000085b00000, 0x0000000085c00000, 0x0000000085c00000|100%| O|  |TAMS 0x0000000085c00000, 0x0000000085b00000| Untracked 
|  92|0x0000000085c00000, 0x0000000085c00000, 0x0000000085d00000|  0%| F|  |TAMS 0x0000000085c00000, 0x0000000085c00000| Untracked 
|  93|0x0000000085d00000, 0x0000000085d00000, 0x0000000085e00000|  0%| F|  |TAMS 0x0000000085d00000, 0x0000000085d00000| Untracked 
|  94|0x0000000085e00000, 0x0000000085f00000, 0x0000000085f00000|100%| O|  |TAMS 0x0000000085f00000, 0x0000000085e00000| Untracked 
|  95|0x0000000085f00000, 0x0000000086000000, 0x0000000086000000|100%| O|  |TAMS 0x0000000086000000, 0x0000000085f00000| Untracked 
|  96|0x0000000086000000, 0x0000000086100000, 0x0000000086100000|100%| O|  |TAMS 0x0000000086100000, 0x0000000086000000| Untracked 
|  97|0x0000000086100000, 0x0000000086200000, 0x0000000086200000|100%| O|  |TAMS 0x0000000086200000, 0x0000000086100000| Untracked 
|  98|0x0000000086200000, 0x0000000086300000, 0x0000000086300000|100%| O|  |TAMS 0x0000000086300000, 0x0000000086200000| Untracked 
|  99|0x0000000086300000, 0x0000000086300000, 0x0000000086400000|  0%| F|  |TAMS 0x0000000086300000, 0x0000000086300000| Untracked 
| 100|0x0000000086400000, 0x0000000086500000, 0x0000000086500000|100%| O|  |TAMS 0x0000000086500000, 0x0000000086400000| Untracked 
| 101|0x0000000086500000, 0x0000000086600000, 0x0000000086600000|100%| O|  |TAMS 0x0000000086600000, 0x0000000086500000| Untracked 
| 102|0x0000000086600000, 0x0000000086700000, 0x0000000086700000|100%| O|  |TAMS 0x0000000086700000, 0x0000000086600000| Untracked 
| 103|0x0000000086700000, 0x0000000086800000, 0x0000000086800000|100%| O|  |TAMS 0x0000000086800000, 0x0000000086700000| Untracked 
| 104|0x0000000086800000, 0x0000000086900000, 0x0000000086900000|100%| O|  |TAMS 0x0000000086900000, 0x0000000086800000| Untracked 
| 105|0x0000000086900000, 0x0000000086a00000, 0x0000000086a00000|100%| O|  |TAMS 0x0000000086a00000, 0x0000000086900000| Untracked 
| 106|0x0000000086a00000, 0x0000000086b00000, 0x0000000086b00000|100%| O|  |TAMS 0x0000000086b00000, 0x0000000086a00000| Untracked 
| 107|0x0000000086b00000, 0x0000000086c00000, 0x0000000086c00000|100%| O|  |TAMS 0x0000000086c00000, 0x0000000086b00000| Untracked 
| 108|0x0000000086c00000, 0x0000000086d00000, 0x0000000086d00000|100%| O|  |TAMS 0x0000000086d00000, 0x0000000086c00000| Untracked 
| 109|0x0000000086d00000, 0x0000000086e00000, 0x0000000086e00000|100%| O|  |TAMS 0x0000000086e00000, 0x0000000086d00000| Untracked 
| 110|0x0000000086e00000, 0x0000000086f00000, 0x0000000086f00000|100%| O|  |TAMS 0x0000000086f00000, 0x0000000086e00000| Untracked 
| 111|0x0000000086f00000, 0x0000000087000000, 0x0000000087000000|100%| O|  |TAMS 0x0000000087000000, 0x0000000086f00000| Untracked 
| 112|0x0000000087000000, 0x0000000087000000, 0x0000000087100000|  0%| F|  |TAMS 0x0000000087000000, 0x0000000087000000| Untracked 
| 113|0x0000000087100000, 0x0000000087100000, 0x0000000087200000|  0%| F|  |TAMS 0x0000000087100000, 0x0000000087100000| Untracked 
| 114|0x0000000087200000, 0x0000000087200000, 0x0000000087300000|  0%| F|  |TAMS 0x0000000087200000, 0x0000000087200000| Untracked 
| 115|0x0000000087300000, 0x0000000087400000, 0x0000000087400000|100%| O|  |TAMS 0x0000000087400000, 0x0000000087300000| Untracked 
| 116|0x0000000087400000, 0x0000000087400000, 0x0000000087500000|  0%| F|  |TAMS 0x0000000087400000, 0x0000000087400000| Untracked 
| 117|0x0000000087500000, 0x0000000087500000, 0x0000000087600000|  0%| F|  |TAMS 0x0000000087500000, 0x0000000087500000| Untracked 
| 118|0x0000000087600000, 0x0000000087600000, 0x0000000087700000|  0%| F|  |TAMS 0x0000000087600000, 0x0000000087600000| Untracked 
| 119|0x0000000087700000, 0x0000000087700000, 0x0000000087800000|  0%| F|  |TAMS 0x0000000087700000, 0x0000000087700000| Untracked 
| 120|0x0000000087800000, 0x0000000087800000, 0x0000000087900000|  0%| F|  |TAMS 0x0000000087800000, 0x0000000087800000| Untracked 
| 121|0x0000000087900000, 0x0000000087900000, 0x0000000087a00000|  0%| F|  |TAMS 0x0000000087900000, 0x0000000087900000| Untracked 
| 122|0x0000000087a00000, 0x0000000087a00000, 0x0000000087b00000|  0%| F|  |TAMS 0x0000000087a00000, 0x0000000087a00000| Untracked 
| 123|0x0000000087b00000, 0x0000000087b00000, 0x0000000087c00000|  0%| F|  |TAMS 0x0000000087b00000, 0x0000000087b00000| Untracked 
| 124|0x0000000087c00000, 0x0000000087c00000, 0x0000000087d00000|  0%| F|  |TAMS 0x0000000087c00000, 0x0000000087c00000| Untracked 
| 125|0x0000000087d00000, 0x0000000087d00000, 0x0000000087e00000|  0%| F|  |TAMS 0x0000000087d00000, 0x0000000087d00000| Untracked 
| 126|0x0000000087e00000, 0x0000000087e00000, 0x0000000087f00000|  0%| F|  |TAMS 0x0000000087e00000, 0x0000000087e00000| Untracked 
| 127|0x0000000087f00000, 0x0000000087f00000, 0x0000000088000000|  0%| F|  |TAMS 0x0000000087f00000, 0x0000000087f00000| Untracked 
| 128|0x0000000088000000, 0x0000000088000000, 0x0000000088100000|  0%| F|  |TAMS 0x0000000088000000, 0x0000000088000000| Untracked 
| 129|0x0000000088100000, 0x0000000088100000, 0x0000000088200000|  0%| F|  |TAMS 0x0000000088100000, 0x0000000088100000| Untracked 
| 130|0x0000000088200000, 0x0000000088200000, 0x0000000088300000|  0%| F|  |TAMS 0x0000000088200000, 0x0000000088200000| Untracked 
| 131|0x0000000088300000, 0x0000000088300000, 0x0000000088400000|  0%| F|  |TAMS 0x0000000088300000, 0x0000000088300000| Untracked 
| 132|0x0000000088400000, 0x0000000088400000, 0x0000000088500000|  0%| F|  |TAMS 0x0000000088400000, 0x0000000088400000| Untracked 
| 133|0x0000000088500000, 0x0000000088500000, 0x0000000088600000|  0%| F|  |TAMS 0x0000000088500000, 0x0000000088500000| Untracked 
| 134|0x0000000088600000, 0x0000000088600000, 0x0000000088700000|  0%| F|  |TAMS 0x0000000088600000, 0x0000000088600000| Untracked 
| 135|0x0000000088700000, 0x0000000088745398, 0x0000000088800000| 27%| S|CS|TAMS 0x0000000088700000, 0x0000000088700000| Complete 
| 136|0x0000000088800000, 0x0000000088900000, 0x0000000088900000|100%| S|CS|TAMS 0x0000000088800000, 0x0000000088800000| Complete 
| 137|0x0000000088900000, 0x0000000088a00000, 0x0000000088a00000|100%| S|CS|TAMS 0x0000000088900000, 0x0000000088900000| Complete 
| 138|0x0000000088a00000, 0x0000000088a00000, 0x0000000088b00000|  0%| F|  |TAMS 0x0000000088a00000, 0x0000000088a00000| Untracked 
| 139|0x0000000088b00000, 0x0000000088b00000, 0x0000000088c00000|  0%| F|  |TAMS 0x0000000088b00000, 0x0000000088b00000| Untracked 
| 140|0x0000000088c00000, 0x0000000088c00000, 0x0000000088d00000|  0%| F|  |TAMS 0x0000000088c00000, 0x0000000088c00000| Untracked 
| 141|0x0000000088d00000, 0x0000000088d00000, 0x0000000088e00000|  0%| F|  |TAMS 0x0000000088d00000, 0x0000000088d00000| Untracked 
| 142|0x0000000088e00000, 0x0000000088e00000, 0x0000000088f00000|  0%| F|  |TAMS 0x0000000088e00000, 0x0000000088e00000| Untracked 
| 143|0x0000000088f00000, 0x0000000088f00000, 0x0000000089000000|  0%| F|  |TAMS 0x0000000088f00000, 0x0000000088f00000| Untracked 
| 144|0x0000000089000000, 0x0000000089000000, 0x0000000089100000|  0%| F|  |TAMS 0x0000000089000000, 0x0000000089000000| Untracked 
| 145|0x0000000089100000, 0x0000000089100000, 0x0000000089200000|  0%| F|  |TAMS 0x0000000089100000, 0x0000000089100000| Untracked 
| 146|0x0000000089200000, 0x0000000089200000, 0x0000000089300000|  0%| F|  |TAMS 0x0000000089200000, 0x0000000089200000| Untracked 
| 147|0x0000000089300000, 0x0000000089300000, 0x0000000089400000|  0%| F|  |TAMS 0x0000000089300000, 0x0000000089300000| Untracked 
| 148|0x0000000089400000, 0x0000000089400000, 0x0000000089500000|  0%| F|  |TAMS 0x0000000089400000, 0x0000000089400000| Untracked 
| 149|0x0000000089500000, 0x0000000089500000, 0x0000000089600000|  0%| F|  |TAMS 0x0000000089500000, 0x0000000089500000| Untracked 
| 150|0x0000000089600000, 0x0000000089600000, 0x0000000089700000|  0%| F|  |TAMS 0x0000000089600000, 0x0000000089600000| Untracked 
| 151|0x0000000089700000, 0x0000000089700000, 0x0000000089800000|  0%| F|  |TAMS 0x0000000089700000, 0x0000000089700000| Untracked 
| 152|0x0000000089800000, 0x0000000089800000, 0x0000000089900000|  0%| F|  |TAMS 0x0000000089800000, 0x0000000089800000| Untracked 
| 153|0x0000000089900000, 0x0000000089900000, 0x0000000089a00000|  0%| F|  |TAMS 0x0000000089900000, 0x0000000089900000| Untracked 
| 154|0x0000000089a00000, 0x0000000089a00000, 0x0000000089b00000|  0%| F|  |TAMS 0x0000000089a00000, 0x0000000089a00000| Untracked 
| 155|0x0000000089b00000, 0x0000000089b00000, 0x0000000089c00000|  0%| F|  |TAMS 0x0000000089b00000, 0x0000000089b00000| Untracked 
| 156|0x0000000089c00000, 0x0000000089c00000, 0x0000000089d00000|  0%| F|  |TAMS 0x0000000089c00000, 0x0000000089c00000| Untracked 
| 157|0x0000000089d00000, 0x0000000089d00000, 0x0000000089e00000|  0%| F|  |TAMS 0x0000000089d00000, 0x0000000089d00000| Untracked 
| 158|0x0000000089e00000, 0x0000000089e00000, 0x0000000089f00000|  0%| F|  |TAMS 0x0000000089e00000, 0x0000000089e00000| Untracked 
| 159|0x0000000089f00000, 0x0000000089f00000, 0x000000008a000000|  0%| F|  |TAMS 0x0000000089f00000, 0x0000000089f00000| Untracked 
| 160|0x000000008a000000, 0x000000008a000000, 0x000000008a100000|  0%| F|  |TAMS 0x000000008a000000, 0x000000008a000000| Untracked 
| 161|0x000000008a100000, 0x000000008a100000, 0x000000008a200000|  0%| F|  |TAMS 0x000000008a100000, 0x000000008a100000| Untracked 
| 162|0x000000008a200000, 0x000000008a200000, 0x000000008a300000|  0%| F|  |TAMS 0x000000008a200000, 0x000000008a200000| Untracked 
| 163|0x000000008a300000, 0x000000008a300000, 0x000000008a400000|  0%| F|  |TAMS 0x000000008a300000, 0x000000008a300000| Untracked 
| 164|0x000000008a400000, 0x000000008a400000, 0x000000008a500000|  0%| F|  |TAMS 0x000000008a400000, 0x000000008a400000| Untracked 
| 165|0x000000008a500000, 0x000000008a500000, 0x000000008a600000|  0%| F|  |TAMS 0x000000008a500000, 0x000000008a500000| Untracked 
| 166|0x000000008a600000, 0x000000008a600000, 0x000000008a700000|  0%| F|  |TAMS 0x000000008a600000, 0x000000008a600000| Untracked 
| 167|0x000000008a700000, 0x000000008a700000, 0x000000008a800000|  0%| F|  |TAMS 0x000000008a700000, 0x000000008a700000| Untracked 
| 168|0x000000008a800000, 0x000000008a800000, 0x000000008a900000|  0%| F|  |TAMS 0x000000008a800000, 0x000000008a800000| Untracked 
| 169|0x000000008a900000, 0x000000008a900000, 0x000000008aa00000|  0%| F|  |TAMS 0x000000008a900000, 0x000000008a900000| Untracked 
| 170|0x000000008aa00000, 0x000000008aa00000, 0x000000008ab00000|  0%| F|  |TAMS 0x000000008aa00000, 0x000000008aa00000| Untracked 
| 171|0x000000008ab00000, 0x000000008ab00000, 0x000000008ac00000|  0%| F|  |TAMS 0x000000008ab00000, 0x000000008ab00000| Untracked 
| 172|0x000000008ac00000, 0x000000008ac00000, 0x000000008ad00000|  0%| F|  |TAMS 0x000000008ac00000, 0x000000008ac00000| Untracked 
| 173|0x000000008ad00000, 0x000000008ad00000, 0x000000008ae00000|  0%| F|  |TAMS 0x000000008ad00000, 0x000000008ad00000| Untracked 
| 174|0x000000008ae00000, 0x000000008af00000, 0x000000008af00000|100%| E|  |TAMS 0x000000008ae00000, 0x000000008ae00000| Complete 
| 175|0x000000008af00000, 0x000000008b000000, 0x000000008b000000|100%| E|CS|TAMS 0x000000008af00000, 0x000000008af00000| Complete 
| 176|0x000000008b000000, 0x000000008b100000, 0x000000008b100000|100%| E|CS|TAMS 0x000000008b000000, 0x000000008b000000| Complete 
| 177|0x000000008b100000, 0x000000008b200000, 0x000000008b200000|100%| E|CS|TAMS 0x000000008b100000, 0x000000008b100000| Complete 
| 178|0x000000008b200000, 0x000000008b300000, 0x000000008b300000|100%| E|CS|TAMS 0x000000008b200000, 0x000000008b200000| Complete 
| 179|0x000000008b300000, 0x000000008b400000, 0x000000008b400000|100%| E|CS|TAMS 0x000000008b300000, 0x000000008b300000| Complete 
| 180|0x000000008b400000, 0x000000008b500000, 0x000000008b500000|100%| E|CS|TAMS 0x000000008b400000, 0x000000008b400000| Complete 
| 181|0x000000008b500000, 0x000000008b600000, 0x000000008b600000|100%| E|CS|TAMS 0x000000008b500000, 0x000000008b500000| Complete 
| 182|0x000000008b600000, 0x000000008b700000, 0x000000008b700000|100%| E|CS|TAMS 0x000000008b600000, 0x000000008b600000| Complete 
| 183|0x000000008b700000, 0x000000008b800000, 0x000000008b800000|100%| E|CS|TAMS 0x000000008b700000, 0x000000008b700000| Complete 
| 184|0x000000008b800000, 0x000000008b900000, 0x000000008b900000|100%| E|CS|TAMS 0x000000008b800000, 0x000000008b800000| Complete 
| 185|0x000000008b900000, 0x000000008ba00000, 0x000000008ba00000|100%| E|CS|TAMS 0x000000008b900000, 0x000000008b900000| Complete 
| 186|0x000000008ba00000, 0x000000008bb00000, 0x000000008bb00000|100%| E|  |TAMS 0x000000008ba00000, 0x000000008ba00000| Complete 
| 187|0x000000008bb00000, 0x000000008bc00000, 0x000000008bc00000|100%| E|CS|TAMS 0x000000008bb00000, 0x000000008bb00000| Complete 
| 188|0x000000008bc00000, 0x000000008bd00000, 0x000000008bd00000|100%| E|CS|TAMS 0x000000008bc00000, 0x000000008bc00000| Complete 
| 189|0x000000008bd00000, 0x000000008be00000, 0x000000008be00000|100%| E|CS|TAMS 0x000000008bd00000, 0x000000008bd00000| Complete 
| 190|0x000000008be00000, 0x000000008bf00000, 0x000000008bf00000|100%| E|CS|TAMS 0x000000008be00000, 0x000000008be00000| Complete 
| 191|0x000000008bf00000, 0x000000008c000000, 0x000000008c000000|100%| E|CS|TAMS 0x000000008bf00000, 0x000000008bf00000| Complete 
| 192|0x000000008c000000, 0x000000008c100000, 0x000000008c100000|100%| E|CS|TAMS 0x000000008c000000, 0x000000008c000000| Complete 
| 193|0x000000008c100000, 0x000000008c200000, 0x000000008c200000|100%| E|CS|TAMS 0x000000008c100000, 0x000000008c100000| Complete 

Card table byte_map: [0x000001d8a9f20000,0x000001d8aa320000] _byte_map_base: 0x000001d8a9b20000

Marking Bits (Prev, Next): (CMBitMap*) 0x000001d896b894d8, (CMBitMap*) 0x000001d896b89510
 Prev Bits: [0x000001d8aa720000, 0x000001d8ac720000)
 Next Bits: [0x000001d8ac720000, 0x000001d8ae720000)

Polling page: 0x000001d896c30000

Metaspace:

Usage:
  Non-class:    113.83 MB capacity,   111.54 MB ( 98%) used,     1.89 MB (  2%) free+waste,   410.31 KB ( <1%) overhead. 
      Class:     16.88 MB capacity,    15.60 MB ( 92%) used,     1.10 MB (  7%) free+waste,   181.31 KB (  1%) overhead. 
       Both:    130.71 MB capacity,   127.14 MB ( 97%) used,     2.99 MB (  2%) free+waste,   591.63 KB ( <1%) overhead. 

Virtual space:
  Non-class space:      114.00 MB reserved,     114.00 MB (100%) committed 
      Class space:        1.00 GB reserved,      17.00 MB (  2%) committed 
             Both:        1.11 GB reserved,     131.00 MB ( 12%) committed 

Chunk freelists:
   Non-Class:  1.00 KB
       Class:  0 bytes
        Both:  1.00 KB

MaxMetaspaceSize: 17179869184.00 GB
CompressedClassSpaceSize: 1.00 GB

CodeHeap 'non-profiled nmethods': size=120064Kb used=12737Kb max_used=12737Kb free=107326Kb
 bounds [0x000001d8a1fb0000, 0x000001d8a2c30000, 0x000001d8a94f0000]
CodeHeap 'profiled nmethods': size=120000Kb used=39498Kb max_used=41761Kb free=80501Kb
 bounds [0x000001d89aa80000, 0x000001d89d380000, 0x000001d8a1fb0000]
CodeHeap 'non-nmethods': size=5696Kb used=2359Kb max_used=2444Kb free=3336Kb
 bounds [0x000001d89a4f0000, 0x000001d89a760000, 0x000001d89aa80000]
 total_blobs=19534 nmethods=18529 adapters=915
 compilation: enabled
              stopped_count=0, restarted_count=0
 full_count=0

Compilation events (20 events):
Event: 952.206 Thread 0x000001d8b0d65800 nmethod 22212 0x000001d8a2c1bb10 code [0x000001d8a2c1bcc0, 0x000001d8a2c1c498]
Event: 952.206 Thread 0x000001d8b0d65800 22214       4       org.gradle.internal.logging.text.AbstractLineChoppingStyledTextOutput::doAppend (43 bytes)
Event: 952.223 Thread 0x000001d8b0d6d000 22218       3       org.gradle.internal.service.scopes.AbstractPluginServiceRegistry::registerSettingsServices (1 bytes)
Event: 952.223 Thread 0x000001d8b0d6d000 nmethod 22218 0x000001d89b63cb10 code [0x000001d89b63ccc0, 0x000001d89b63cdb8]
Event: 952.226 Thread 0x000001d8b0d6d000 22219       3       com.google.common.cache.CacheBuilder::newBuilder (8 bytes)
Event: 952.227 Thread 0x000001d8b0d6d000 nmethod 22219 0x000001d89bc53810 code [0x000001d89bc539c0, 0x000001d89bc53b48]
Event: 952.227 Thread 0x000001d8b0d6d000 22220       3       com.google.common.cache.CacheBuilder::checkWeightWithWeigher (85 bytes)
Event: 952.228 Thread 0x000001d8b0d6d000 nmethod 22220 0x000001d89bcfb710 code [0x000001d89bcfb9a0, 0x000001d89bcfc558]
Event: 952.228 Thread 0x000001d8b0d6d000 22221       3       com.google.common.cache.LocalCache::<init> (464 bytes)
Event: 952.233 Thread 0x000001d8b0d6d000 nmethod 22221 0x000001d89c883b10 code [0x000001d89c884160, 0x000001d89c888b48]
Event: 952.233 Thread 0x000001d8b0d6d000 22222       3       com.google.common.cache.LocalCache$LocalManualCache::<init> (10 bytes)
Event: 952.233 Thread 0x000001d8b0d6d000 nmethod 22222 0x000001d89bcfb310 code [0x000001d89bcfb4c0, 0x000001d89bcfb678]
Event: 952.235 Thread 0x000001d8b0d6d000 22223       1       org.gradle.initialization.DefaultProjectDescriptor::getName (5 bytes)
Event: 952.235 Thread 0x000001d8b0d6d000 nmethod 22223 0x000001d8a2c1c810 code [0x000001d8a2c1c9c0, 0x000001d8a2c1ca78]
Event: 952.246 Thread 0x000001d8b0d6d000 22227       3       org.gradle.internal.metaobject.BeanDynamicObject::tryGetProperty (9 bytes)
Event: 952.247 Thread 0x000001d8b0d6d000 nmethod 22227 0x000001d89bd07f90 code [0x000001d89bd08140, 0x000001d89bd082e8]
Event: 952.254 Thread 0x000001d8b0d6d000 22228       3       java.util.concurrent.ConcurrentHashMap$CollectionView::<init> (10 bytes)
Event: 952.255 Thread 0x000001d8b0d6d000 nmethod 22228 0x000001d89bdfa910 code [0x000001d89bdfaac0, 0x000001d89bdfac78]
Event: 952.255 Thread 0x000001d8b0d6d000 22229       3       java.lang.invoke.DirectMethodHandle::rebind (5 bytes)
Event: 952.255 Thread 0x000001d8b0d6d000 nmethod 22229 0x000001d89c012f10 code [0x000001d89c013120, 0x000001d89c013668]

GC Heap History (20 events):
Event: 258.768 GC heap before
{Heap before GC invocations=95 (full 0):
 garbage-first heap   total 198656K, used 160181K [0x0000000080000000, 0x0000000100000000)
  region size 1024K, 51 young (52224K), 1 survivors (1024K)
 Metaspace       used 129102K, capacity 132532K, committed 132864K, reserved 1165312K
  class space    used 15855K, capacity 17054K, committed 17152K, reserved 1048576K
}
Event: 258.774 GC heap after
{Heap after GC invocations=96 (full 0):
 garbage-first heap   total 198656K, used 111433K [0x0000000080000000, 0x0000000100000000)
  region size 1024K, 2 young (2048K), 2 survivors (2048K)
 Metaspace       used 129102K, capacity 132532K, committed 132864K, reserved 1165312K
  class space    used 15855K, capacity 17054K, committed 17152K, reserved 1048576K
}
Event: 915.047 GC heap before
{Heap before GC invocations=97 (full 0):
 garbage-first heap   total 198656K, used 177993K [0x0000000080000000, 0x0000000100000000)
  region size 1024K, 53 young (54272K), 2 survivors (2048K)
 Metaspace       used 129445K, capacity 132953K, committed 133248K, reserved 1165312K
  class space    used 15908K, capacity 17174K, committed 17280K, reserved 1048576K
}
Event: 915.055 GC heap after
{Heap after GC invocations=98 (full 0):
 garbage-first heap   total 198656K, used 111793K [0x0000000080000000, 0x0000000100000000)
  region size 1024K, 3 young (3072K), 3 survivors (3072K)
 Metaspace       used 129445K, capacity 132953K, committed 133248K, reserved 1165312K
  class space    used 15908K, capacity 17174K, committed 17280K, reserved 1048576K
}
Event: 915.161 GC heap before
{Heap before GC invocations=98 (full 0):
 garbage-first heap   total 198656K, used 117937K [0x0000000080000000, 0x0000000100000000)
  region size 1024K, 9 young (9216K), 3 survivors (3072K)
 Metaspace       used 129464K, capacity 133017K, committed 133248K, reserved 1165312K
  class space    used 15908K, capacity 17174K, committed 17280K, reserved 1048576K
}
Event: 915.168 GC heap after
{Heap after GC invocations=99 (full 0):
 garbage-first heap   total 198656K, used 110723K [0x0000000080000000, 0x0000000100000000)
  region size 1024K, 1 young (1024K), 1 survivors (1024K)
 Metaspace       used 129464K, capacity 133017K, committed 133248K, reserved 1165312K
  class space    used 15908K, capacity 17174K, committed 17280K, reserved 1048576K
}
Event: 915.559 GC heap before
{Heap before GC invocations=99 (full 0):
 garbage-first heap   total 198656K, used 125059K [0x0000000080000000, 0x0000000100000000)
  region size 1024K, 17 young (17408K), 1 survivors (1024K)
 Metaspace       used 129534K, capacity 133018K, committed 133248K, reserved 1165312K
  class space    used 15909K, capacity 17174K, committed 17280K, reserved 1048576K
}
Event: 915.573 GC heap after
{Heap after GC invocations=100 (full 0):
 garbage-first heap   total 198656K, used 113222K [0x0000000080000000, 0x0000000100000000)
  region size 1024K, 4 young (4096K), 4 survivors (4096K)
 Metaspace       used 129534K, capacity 133018K, committed 133248K, reserved 1165312K
  class space    used 15909K, capacity 17174K, committed 17280K, reserved 1048576K
}
Event: 916.220 GC heap before
{Heap before GC invocations=101 (full 0):
 garbage-first heap   total 198656K, used 156230K [0x0000000080000000, 0x0000000100000000)
  region size 1024K, 45 young (46080K), 4 survivors (4096K)
 Metaspace       used 129578K, capacity 133084K, committed 133248K, reserved 1165312K
  class space    used 15909K, capacity 17174K, committed 17280K, reserved 1048576K
}
Event: 916.229 GC heap after
{Heap after GC invocations=102 (full 0):
 garbage-first heap   total 198656K, used 113879K [0x0000000080000000, 0x0000000100000000)
  region size 1024K, 5 young (5120K), 5 survivors (5120K)
 Metaspace       used 129578K, capacity 133084K, committed 133248K, reserved 1165312K
  class space    used 15909K, capacity 17174K, committed 17280K, reserved 1048576K
}
Event: 916.246 GC heap before
{Heap before GC invocations=102 (full 0):
 garbage-first heap   total 198656K, used 117975K [0x0000000080000000, 0x0000000100000000)
  region size 1024K, 9 young (9216K), 5 survivors (5120K)
 Metaspace       used 129578K, capacity 133084K, committed 133248K, reserved 1165312K
  class space    used 15909K, capacity 17174K, committed 17280K, reserved 1048576K
}
Event: 916.261 GC heap after
{Heap after GC invocations=103 (full 0):
 garbage-first heap   total 198656K, used 103949K [0x0000000080000000, 0x0000000100000000)
  region size 1024K, 1 young (1024K), 1 survivors (1024K)
 Metaspace       used 129578K, capacity 133084K, committed 133248K, reserved 1165312K
  class space    used 15909K, capacity 17174K, committed 17280K, reserved 1048576K
}
Event: 916.281 GC heap before
{Heap before GC invocations=103 (full 0):
 garbage-first heap   total 198656K, used 107021K [0x0000000080000000, 0x0000000100000000)
  region size 1024K, 5 young (5120K), 1 survivors (1024K)
 Metaspace       used 129583K, capacity 133090K, committed 133248K, reserved 1165312K
  class space    used 15909K, capacity 17175K, committed 17280K, reserved 1048576K
}
Event: 916.287 GC heap after
{Heap after GC invocations=104 (full 0):
 garbage-first heap   total 198656K, used 103792K [0x0000000080000000, 0x0000000100000000)
  region size 1024K, 1 young (1024K), 1 survivors (1024K)
 Metaspace       used 129583K, capacity 133090K, committed 133248K, reserved 1165312K
  class space    used 15909K, capacity 17175K, committed 17280K, reserved 1048576K
}
Event: 916.719 GC heap before
{Heap before GC invocations=105 (full 0):
 garbage-first heap   total 198656K, used 173424K [0x0000000080000000, 0x0000000100000000)
  region size 1024K, 53 young (54272K), 1 survivors (1024K)
 Metaspace       used 129720K, capacity 133288K, committed 133504K, reserved 1165312K
  class space    used 15910K, capacity 17176K, committed 17280K, reserved 1048576K
}
Event: 916.724 GC heap after
{Heap after GC invocations=106 (full 0):
 garbage-first heap   total 198656K, used 104517K [0x0000000080000000, 0x0000000100000000)
  region size 1024K, 2 young (2048K), 2 survivors (2048K)
 Metaspace       used 129720K, capacity 133288K, committed 133504K, reserved 1165312K
  class space    used 15910K, capacity 17176K, committed 17280K, reserved 1048576K
}
Event: 916.760 GC heap before
{Heap before GC invocations=106 (full 0):
 garbage-first heap   total 198656K, used 110661K [0x0000000080000000, 0x0000000100000000)
  region size 1024K, 9 young (9216K), 2 survivors (2048K)
 Metaspace       used 129720K, capacity 133288K, committed 133504K, reserved 1165312K
  class space    used 15910K, capacity 17176K, committed 17280K, reserved 1048576K
}
Event: 916.765 GC heap after
{Heap after GC invocations=107 (full 0):
 garbage-first heap   total 198656K, used 103841K [0x0000000080000000, 0x0000000100000000)
  region size 1024K, 2 young (2048K), 2 survivors (2048K)
 Metaspace       used 129720K, capacity 133288K, committed 133504K, reserved 1165312K
  class space    used 15910K, capacity 17176K, committed 17280K, reserved 1048576K
}
Event: 917.136 GC heap before
{Heap before GC invocations=107 (full 0):
 garbage-first heap   total 198656K, used 158113K [0x0000000080000000, 0x0000000100000000)
  region size 1024K, 56 young (57344K), 2 survivors (2048K)
 Metaspace       used 129733K, capacity 133288K, committed 133504K, reserved 1165312K
  class space    used 15910K, capacity 17176K, committed 17280K, reserved 1048576K
}
Event: 917.143 GC heap after
{Heap after GC invocations=108 (full 0):
 garbage-first heap   total 198656K, used 104921K [0x0000000080000000, 0x0000000100000000)
  region size 1024K, 3 young (3072K), 3 survivors (3072K)
 Metaspace       used 129733K, capacity 133288K, committed 133504K, reserved 1165312K
  class space    used 15910K, capacity 17176K, committed 17280K, reserved 1048576K
}

Deoptimization events (20 events):
Event: 918.421 Thread 0x000001d8bb4f1800 Uncommon trap: trap_request=0xffffffc6 fr.pc=0x000001d8a26eeecc relative=0x00000000000012ac
Event: 918.421 Thread 0x000001d8bb4f1800 Uncommon trap: reason=bimorphic_or_optimized_type_check action=maybe_recompile pc=0x000001d8a26eeecc method=com.google.common.cache.LocalCache$Segment.get(Ljava/lang/Object;I)Ljava/lang/Object; @ 44 c2
Event: 918.421 Thread 0x000001d8bb4f1800 DEOPT PACKING pc=0x000001d8a26eeecc sp=0x00000009004fc680
Event: 918.421 Thread 0x000001d8bb4f1800 DEOPT UNPACKING pc=0x000001d89a5168a9 sp=0x00000009004fc588 mode 2
Event: 918.427 Thread 0x000001d8bb4f1800 Uncommon trap: trap_request=0xffffffc6 fr.pc=0x000001d8a26eeecc relative=0x00000000000012ac
Event: 918.427 Thread 0x000001d8bb4f1800 Uncommon trap: reason=bimorphic_or_optimized_type_check action=maybe_recompile pc=0x000001d8a26eeecc method=com.google.common.cache.LocalCache$Segment.get(Ljava/lang/Object;I)Ljava/lang/Object; @ 44 c2
Event: 918.427 Thread 0x000001d8bb4f1800 DEOPT PACKING pc=0x000001d8a26eeecc sp=0x00000009004fc090
Event: 918.427 Thread 0x000001d8bb4f1800 DEOPT UNPACKING pc=0x000001d89a5168a9 sp=0x00000009004fbf98 mode 2
Event: 918.427 Thread 0x000001d8bb4f1800 Uncommon trap: trap_request=0xffffffde fr.pc=0x000001d8a2b27028 relative=0x0000000000003228
Event: 918.427 Thread 0x000001d8bb4f1800 Uncommon trap: reason=class_check action=maybe_recompile pc=0x000001d8a2b27028 method=com.google.common.cache.LocalCache$Segment.put(Ljava/lang/Object;ILjava/lang/Object;Z)Ljava/lang/Object; @ 75 c2
Event: 918.427 Thread 0x000001d8bb4f1800 DEOPT PACKING pc=0x000001d8a2b27028 sp=0x00000009004fc210
Event: 918.427 Thread 0x000001d8bb4f1800 DEOPT UNPACKING pc=0x000001d89a5168a9 sp=0x00000009004fc1b8 mode 2
Event: 919.190 Thread 0x000001d8bb4f3800 Uncommon trap: trap_request=0xffffffd6 fr.pc=0x000001d8a2899eac relative=0x000000000000056c
Event: 919.191 Thread 0x000001d8bb4f3800 Uncommon trap: reason=array_check action=maybe_recompile pc=0x000001d8a2899eac method=java.util.TimSort.reverseRange([Ljava/lang/Object;II)V @ 27 c2
Event: 919.191 Thread 0x000001d8bb4f3800 DEOPT PACKING pc=0x000001d8a2899eac sp=0x00000009001fc1c0
Event: 919.191 Thread 0x000001d8bb4f3800 DEOPT UNPACKING pc=0x000001d89a5168a9 sp=0x00000009001fc110 mode 2
Event: 919.209 Thread 0x000001d8bb4f3800 Uncommon trap: trap_request=0xffffff4d fr.pc=0x000001d8a28c2a88 relative=0x00000000000008c8
Event: 919.209 Thread 0x000001d8bb4f3800 Uncommon trap: reason=unstable_if action=reinterpret pc=0x000001d8a28c2a88 method=sun.security.provider.SHA.implDigest([BI)V @ 21 c2
Event: 919.209 Thread 0x000001d8bb4f3800 DEOPT PACKING pc=0x000001d8a28c2a88 sp=0x00000009001fb140
Event: 919.209 Thread 0x000001d8bb4f3800 DEOPT UNPACKING pc=0x000001d89a5168a9 sp=0x00000009001fb100 mode 2

Classes redefined (0 events):
No events

Internal exceptions (20 events):
Event: 259.574 Thread 0x000001d8b9179800 Exception <a 'sun/nio/fs/WindowsException'{0x000000008be5fdf0}> (0x000000008be5fdf0) thrown at [./src/hotspot/share/prims/jni.cpp, line 615]
Event: 259.575 Thread 0x000001d8b9179800 Exception <a 'sun/nio/fs/WindowsException'{0x000000008be60a68}> (0x000000008be60a68) thrown at [./src/hotspot/share/prims/jni.cpp, line 615]
Event: 533.884 Thread 0x000001d8bb4f2800 Exception <a 'java/lang/NoSuchMethodError'{0x000000008a30a4a0}: 'java.lang.Object java.lang.invoke.DirectMethodHandle$Holder.invokeSpecial(java.lang.Object, java.lang.Object, int, int, int, java.lang.Object, java.lang.Object, java.lang.Object)'> (0x000000008a30a4a0) thrown at [./src/hotspot/share/interpreter/linkResolver.cpp, line 773]
Event: 533.884 Thread 0x000001d8bb4f2800 Exception <a 'java/lang/NoSuchMethodError'{0x000000008a30dae0}: 'java.lang.Object java.lang.invoke.DelegatingMethodHandle$Holder.reinvoke_L(java.lang.Object, int, int, int, java.lang.Object, java.lang.Object, java.lang.Object)'> (0x000000008a30dae0) thrown at [./src/hotspot/share/interpreter/linkResolver.cpp, line 773]
Event: 533.884 Thread 0x000001d8bb4f2800 Exception <a 'java/lang/NoSuchMethodError'{0x000000008a315060}: 'java.lang.Object java.lang.invoke.DirectMethodHandle$Holder.invokeStatic(java.lang.Object, java.lang.Object, java.lang.Object, java.lang.Object, java.lang.Object, int)'> (0x000000008a315060) thrown at [./src/hotspot/share/interpreter/linkResolver.cpp, line 773]
Event: 533.885 Thread 0x000001d8bb4f2800 Exception <a 'java/lang/NoSuchMethodError'{0x000000008a32a570}: 'java.lang.Object java.lang.invoke.DirectMethodHandle$Holder.invokeStatic(java.lang.Object, java.lang.Object, java.lang.Object, java.lang.Object, java.lang.Object, int, int)'> (0x000000008a32a570) thrown at [./src/hotspot/share/interpreter/linkResolver.cpp, line 773]
Event: 915.529 Thread 0x000001d8bb4f1800 Exception <a 'sun/nio/fs/WindowsException'{0x000000008b416900}> (0x000000008b416900) thrown at [./src/hotspot/share/prims/jni.cpp, line 615]
Event: 918.245 Thread 0x000001d8b79fb000 Exception <a 'sun/nio/fs/WindowsException'{0x000000008ba8efc8}> (0x000000008ba8efc8) thrown at [./src/hotspot/share/prims/jni.cpp, line 615]
Event: 918.245 Thread 0x000001d8b79fb000 Exception <a 'sun/nio/fs/WindowsException'{0x000000008ba8f278}> (0x000000008ba8f278) thrown at [./src/hotspot/share/prims/jni.cpp, line 615]
Event: 918.298 Thread 0x000001d8b79fb000 Implicit null exception at 0x000001d8a20ad6ec to 0x000001d8a20add2c
Event: 918.315 Thread 0x000001d8bb4f8800 Exception <a 'java/lang/NoSuchMethodError'{0x000000008b4a4b08}: <clinit>> (0x000000008b4a4b08) thrown at [./src/hotspot/share/prims/jni.cpp, line 1362]
Event: 918.316 Thread 0x000001d8bb4f8800 Exception <a 'java/lang/NoSuchMethodError'{0x000000008b4ae798}: <clinit>> (0x000000008b4ae798) thrown at [./src/hotspot/share/prims/jni.cpp, line 1362]
Event: 919.191 Thread 0x000001d8bb4f3800 Exception <a 'java/lang/NoSuchMethodError'{0x000000008b14bc70}: <clinit>> (0x000000008b14bc70) thrown at [./src/hotspot/share/prims/jni.cpp, line 1362]
Event: 919.192 Thread 0x000001d8bb4f3800 Exception <a 'java/lang/NoSuchMethodError'{0x000000008b15cce0}: <clinit>> (0x000000008b15cce0) thrown at [./src/hotspot/share/prims/jni.cpp, line 1362]
Event: 919.192 Thread 0x000001d8bb4f3800 Exception <a 'java/lang/NoSuchMethodError'{0x000000008b15e618}: <clinit>> (0x000000008b15e618) thrown at [./src/hotspot/share/prims/jni.cpp, line 1362]
Event: 919.193 Thread 0x000001d8bb4f3800 Exception <a 'java/lang/NoSuchMethodError'{0x000000008b170c38}: <clinit>> (0x000000008b170c38) thrown at [./src/hotspot/share/prims/jni.cpp, line 1362]
Event: 919.193 Thread 0x000001d8bb4f3800 Exception <a 'java/lang/NoSuchMethodError'{0x000000008b17d020}: <clinit>> (0x000000008b17d020) thrown at [./src/hotspot/share/prims/jni.cpp, line 1362]
Event: 919.201 Thread 0x000001d8bb4f3800 Exception <a 'java/lang/NoSuchMethodError'{0x000000008b18fa78}: <clinit>> (0x000000008b18fa78) thrown at [./src/hotspot/share/prims/jni.cpp, line 1362]
Event: 919.209 Thread 0x000001d8bb4f3800 Exception <a 'java/lang/NoSuchMethodError'{0x000000008b1aa230}: <clinit>> (0x000000008b1aa230) thrown at [./src/hotspot/share/prims/jni.cpp, line 1362]
Event: 919.209 Thread 0x000001d8bb4f3800 Exception <a 'java/lang/NoSuchMethodError'{0x000000008b1b8fa0}: <clinit>> (0x000000008b1b8fa0) thrown at [./src/hotspot/share/prims/jni.cpp, line 1362]

Events (20 events):
Event: 919.282 Executing VM operation: RevokeBias done
Event: 919.282 Executing VM operation: RevokeBias
Event: 919.282 Executing VM operation: RevokeBias done
Event: 919.283 Thread 0x000001d8bb4f4000 Thread exited: 0x000001d8bb4f4000
Event: 921.731 Thread 0x000001d8b79f2000 Thread exited: 0x000001d8b79f2000
Event: 930.077 Executing VM operation: RevokeBias
Event: 930.077 Executing VM operation: RevokeBias done
Event: 930.078 Executing VM operation: RevokeBias
Event: 930.078 Executing VM operation: RevokeBias done
Event: 933.829 Thread 0x000001d8bb4f2800 Thread exited: 0x000001d8bb4f2800
Event: 952.182 Thread 0x000001d8b79f5800 Thread added: 0x000001d8b79f5800
Event: 952.184 Thread 0x000001d8b79f2000 Thread added: 0x000001d8b79f2000
Event: 952.191 Thread 0x000001d8b79f9000 Thread added: 0x000001d8b79f9000
Event: 952.192 Thread 0x000001d8b79f3000 Thread added: 0x000001d8b79f3000
Event: 952.193 Thread 0x000001d8b79f6800 Thread added: 0x000001d8b79f6800
Event: 952.199 Thread 0x000001d8b79f9800 Thread added: 0x000001d8b79f9800
Event: 952.209 Thread 0x000001d8b79f4000 Thread added: 0x000001d8b79f4000
Event: 952.215 Thread 0x000001d8b79ff800 Thread added: 0x000001d8b79ff800
Event: 952.219 Thread 0x000001d8b79fb000 Thread added: 0x000001d8b79fb000
Event: 952.252 Thread 0x000001d8b79fd800 Thread added: 0x000001d8b79fd800


Dynamic libraries:
0x00007ff7c7da0000 - 0x00007ff7c7daa000 	C:\Program Files\Android\Android Studio\jre\bin\java.exe
0x00007ffa48cb0000 - 0x00007ffa48ea5000 	C:\Windows\SYSTEM32\ntdll.dll
0x00007ffa47810000 - 0x00007ffa478cd000 	C:\Windows\System32\KERNEL32.DLL
0x00007ffa46a40000 - 0x00007ffa46d09000 	C:\Windows\System32\KERNELBASE.dll
0x00007ffa468e0000 - 0x00007ffa469e0000 	C:\Windows\System32\ucrtbase.dll
0x00007ffa34e10000 - 0x00007ffa34e27000 	C:\Program Files\Android\Android Studio\jre\bin\VCRUNTIME140.dll
0x00007ffa38940000 - 0x00007ffa38959000 	C:\Program Files\Android\Android Studio\jre\bin\jli.dll
0x00007ffa48a40000 - 0x00007ffa48be0000 	C:\Windows\System32\USER32.dll
0x00007ffa465f0000 - 0x00007ffa46612000 	C:\Windows\System32\win32u.dll
0x00007ffa18ab0000 - 0x00007ffa18d4a000 	C:\Windows\WinSxS\amd64_microsoft.windows.common-controls_6595b64144ccf1df_6.0.19041.1110_none_60b5254171f9507e\COMCTL32.dll
0x00007ffa48410000 - 0x00007ffa4843a000 	C:\Windows\System32\GDI32.dll
0x00007ffa47df0000 - 0x00007ffa47e8e000 	C:\Windows\System32\msvcrt.dll
0x00007ffa467d0000 - 0x00007ffa468db000 	C:\Windows\System32\gdi32full.dll
0x00007ffa46550000 - 0x00007ffa465ed000 	C:\Windows\System32\msvcp_win.dll
0x00007ffa48a10000 - 0x00007ffa48a40000 	C:\Windows\System32\IMM32.DLL
0x00007ff9fef20000 - 0x00007ff9fefbd000 	C:\Program Files\Android\Android Studio\jre\bin\msvcp140.dll
0x00007ff9f29c0000 - 0x00007ff9f347c000 	C:\Program Files\Android\Android Studio\jre\bin\server\jvm.dll
0x00007ffa47cc0000 - 0x00007ffa47d6c000 	C:\Windows\System32\ADVAPI32.dll
0x00007ffa48310000 - 0x00007ffa483ab000 	C:\Windows\System32\sechost.dll
0x00007ffa47ab0000 - 0x00007ffa47bda000 	C:\Windows\System32\RPCRT4.dll
0x00007ffa48440000 - 0x00007ffa48448000 	C:\Windows\System32\PSAPI.DLL
0x00007ffa34200000 - 0x00007ffa34209000 	C:\Windows\SYSTEM32\WSOCK32.dll
0x00007ffa40b20000 - 0x00007ffa40b2a000 	C:\Windows\SYSTEM32\VERSION.dll
0x00007ffa48c00000 - 0x00007ffa48c6b000 	C:\Windows\System32\WS2_32.dll
0x00007ffa19ec0000 - 0x00007ffa19ee7000 	C:\Windows\SYSTEM32\WINMM.dll
0x00007ffa44310000 - 0x00007ffa44322000 	C:\Windows\SYSTEM32\kernel.appcore.dll
0x00007ffa26250000 - 0x00007ffa26261000 	C:\Program Files\Android\Android Studio\jre\bin\verify.dll
0x00007ffa3c110000 - 0x00007ffa3c2f4000 	C:\Windows\SYSTEM32\DBGHELP.DLL
0x00007ffa3c0e0000 - 0x00007ffa3c10c000 	C:\Windows\SYSTEM32\dbgcore.DLL
0x00007ffa46490000 - 0x00007ffa46513000 	C:\Windows\System32\bcryptPrimitives.dll
0x00007ffa26220000 - 0x00007ffa26249000 	C:\Program Files\Android\Android Studio\jre\bin\java.dll
0x00007ffa28660000 - 0x00007ffa2866b000 	C:\Program Files\Android\Android Studio\jre\bin\jimage.dll
0x00007ffa26200000 - 0x00007ffa26218000 	C:\Program Files\Android\Android Studio\jre\bin\zip.dll
0x00007ffa46d70000 - 0x00007ffa474af000 	C:\Windows\System32\SHELL32.dll
0x00007ffa44510000 - 0x00007ffa44ca0000 	C:\Windows\SYSTEM32\windows.storage.dll
0x00007ffa474b0000 - 0x00007ffa47805000 	C:\Windows\System32\combase.dll
0x00007ffa45d70000 - 0x00007ffa45d9c000 	C:\Windows\SYSTEM32\Wldp.dll
0x00007ffa47a00000 - 0x00007ffa47aae000 	C:\Windows\System32\SHCORE.dll
0x00007ffa483b0000 - 0x00007ffa48405000 	C:\Windows\System32\shlwapi.dll
0x00007ffa46320000 - 0x00007ffa4633f000 	C:\Windows\SYSTEM32\profapi.dll
0x00007ffa1f870000 - 0x00007ffa1f88a000 	C:\Program Files\Android\Android Studio\jre\bin\net.dll
0x00007ffa2aef0000 - 0x00007ffa2aff8000 	C:\Windows\SYSTEM32\WINHTTP.dll
0x00007ffa45ad0000 - 0x00007ffa45b3a000 	C:\Windows\system32\mswsock.dll
0x00007ffa19e80000 - 0x00007ffa19e94000 	C:\Program Files\Android\Android Studio\jre\bin\nio.dll
0x00007ffa3bfb0000 - 0x00007ffa3bfd7000 	C:\Users\User\.gradle\native\fdc75f09e3144964f2cf3f50f0aa648679c211496f362492102eb8c894070792\windows-amd64\native-platform.dll
0x00007ff9fb240000 - 0x00007ff9fb3d6000 	C:\Users\User\.gradle\native\12488b8bf47d2d4c9fbf2f6322a914ad602e24e48041cd04a747c6da556b65c4\windows-amd64\native-platform-file-events.dll
0x00007ffa27cf0000 - 0x00007ffa27cfa000 	C:\Program Files\Android\Android Studio\jre\bin\management.dll
0x00007ffa261f0000 - 0x00007ffa261fc000 	C:\Program Files\Android\Android Studio\jre\bin\management_ext.dll
0x00007ffa45cd0000 - 0x00007ffa45ce8000 	C:\Windows\SYSTEM32\CRYPTSP.dll
0x00007ffa45450000 - 0x00007ffa45484000 	C:\Windows\system32\rsaenh.dll
0x00007ffa46520000 - 0x00007ffa46547000 	C:\Windows\System32\bcrypt.dll
0x00007ffa462a0000 - 0x00007ffa462ce000 	C:\Windows\SYSTEM32\USERENV.dll
0x00007ffa45cc0000 - 0x00007ffa45ccc000 	C:\Windows\SYSTEM32\CRYPTBASE.dll
0x00007ffa457c0000 - 0x00007ffa457fb000 	C:\Windows\SYSTEM32\IPHLPAPI.DLL
0x00007ffa478d0000 - 0x00007ffa478d8000 	C:\Windows\System32\NSI.dll
0x00007ffa3f810000 - 0x00007ffa3f827000 	C:\Windows\SYSTEM32\dhcpcsvc6.DLL
0x00007ffa3fea0000 - 0x00007ffa3febd000 	C:\Windows\SYSTEM32\dhcpcsvc.DLL
0x00007ffa45800000 - 0x00007ffa458cc000 	C:\Windows\SYSTEM32\DNSAPI.dll
0x00007ffa3ffd0000 - 0x00007ffa3ffdb000 	C:\Windows\SYSTEM32\WINNSI.DLL
0x00007ffa34df0000 - 0x00007ffa34e0e000 	C:\Users\User\AppData\Local\Temp\native-platform13841767483808500176dir\native-platform.dll
0x00007ffa41ea0000 - 0x00007ffa41ea8000 	C:\Program Files\Android\Android Studio\jre\bin\rmi.dll
0x00007ffa16ac0000 - 0x00007ffa16ae7000 	C:\Program Files\Android\Android Studio\jre\bin\sunec.dll

dbghelp: loaded successfully - version: 4.0.5 - missing functions: none
symbol engine: initialized successfully - sym options: 0x614 - pdb path: .;C:\Program Files\Android\Android Studio\jre\bin;C:\Windows\SYSTEM32;C:\Windows\WinSxS\amd64_microsoft.windows.common-controls_6595b64144ccf1df_6.0.19041.1110_none_60b5254171f9507e;C:\Program Files\Android\Android Studio\jre\bin\server;C:\Users\User\.gradle\native\fdc75f09e3144964f2cf3f50f0aa648679c211496f362492102eb8c894070792\windows-amd64;C:\Users\User\.gradle\native\12488b8bf47d2d4c9fbf2f6322a914ad602e24e48041cd04a747c6da556b65c4\windows-amd64;C:\Users\User\AppData\Local\Temp\native-platform13841767483808500176dir

VM Arguments:
jvm_args: --add-opens=java.base/java.util=ALL-UNNAMED --add-opens=java.base/java.lang=ALL-UNNAMED --add-opens=java.base/java.lang.invoke=ALL-UNNAMED --add-opens=java.prefs/java.util.prefs=ALL-UNNAMED -Xmx2048m -Dfile.encoding=UTF-8 -Duser.country=RU -Duser.language=ru -Duser.variant 
java_command: org.gradle.launcher.daemon.bootstrap.GradleDaemon 6.7.1
java_class_path (initial): C:\Users\User\.gradle\wrapper\dists\gradle-6.7.1-bin\bwlcbys1h7rz3272sye1xwiv6\gradle-6.7.1\lib\gradle-launcher-6.7.1.jar
Launcher Type: SUN_STANDARD

[Global flags]
     intx CICompilerCount                          = 3                                         {product} {ergonomic}
     uint ConcGCThreads                            = 1                                         {product} {ergonomic}
     uint G1ConcRefinementThreads                  = 4                                         {product} {ergonomic}
   size_t G1HeapRegionSize                         = 1048576                                   {product} {ergonomic}
    uintx GCDrainStackTargetSize                   = 64                                        {product} {ergonomic}
   size_t InitialHeapSize                          = 96468992                                  {product} {ergonomic}
   size_t MarkStackSize                            = 4194304                                   {product} {ergonomic}
   size_t MaxHeapSize                              = 2147483648                                {product} {command line}
   size_t MaxNewSize                               = 1287651328                                {product} {ergonomic}
   size_t MinHeapDeltaBytes                        = 1048576                                   {product} {ergonomic}
    uintx NonNMethodCodeHeapSize                   = 5830732                                {pd product} {ergonomic}
    uintx NonProfiledCodeHeapSize                  = 122913754                              {pd product} {ergonomic}
    uintx ProfiledCodeHeapSize                     = 122913754                              {pd product} {ergonomic}
    uintx ReservedCodeCacheSize                    = 251658240                              {pd product} {ergonomic}
     bool SegmentedCodeCache                       = true                                      {product} {ergonomic}
     bool UseCompressedClassPointers               = true                                 {lp64_product} {ergonomic}
     bool UseCompressedOops                        = true                                 {lp64_product} {ergonomic}
     bool UseG1GC                                  = true                                      {product} {ergonomic}
     bool UseLargePagesIndividualAllocation        = false                                  {pd product} {ergonomic}

Logging:
Log output configuration:
 #0: stdout all=warning uptime,level,tags
 #1: stderr all=off uptime,level,tags

Environment Variables:
PATH=C:\Program Files (x86)\Intel\Intel(R) Management Engine Components\iCLS\;C:\Program Files\Intel\Intel(R) Management Engine Components\iCLS\;C:\Windows\system32;C:\Windows;C:\Windows\System32\Wbem;C:\Windows\System32\WindowsPowerShell\v1.0\;C:\Windows\System32\OpenSSH\;C:\Program Files (x86)\Intel\Intel(R) Management Engine Components\DAL;C:\Program Files\Intel\Intel(R) Management Engine Components\DAL;C:\Program Files (x86)\Intel\Intel(R) Management Engine Components\IPT;C:\Program Files\Intel\Intel(R) Management Engine Components\IPT;C:\Program Files\Git\cmd;C:\Users\User\AppData\Local\Microsoft\WindowsApps;
USERNAME=User
OS=Windows_NT
PROCESSOR_IDENTIFIER=Intel64 Family 6 Model 158 Stepping 10, GenuineIntel



---------------  S Y S T E M  ---------------

OS: Windows 10 , 64 bit Build 19041 (10.0.19041.1151)
OS uptime: 1 days 4:35 hours

CPU:total 4 (initial active 4) (2 cores per cpu, 2 threads per core) family 6 model 158 stepping 10, cmov, cx8, fxsr, mmx, sse, sse2, sse3, ssse3, sse4.1, sse4.2, popcnt, aes, clmul, erms, 3dnowpref, lzcnt, ht, tsc, tscinvbit

Memory: 4k page, system-wide physical 5853M (1221M free)
TotalPageFile size 8157M (AvailPageFile size 1892M)
current process WorkingSet (physical memory assigned to process): 460M, peak: 560M
current process commit charge ("private bytes"): 550M, peak: 591M

vm_info: OpenJDK 64-Bit Server VM (11.0.8+10-b944.6842174) for windows-amd64 JRE (11.0.8+10-b944.6842174), built on Sep 19 2020 01:11:42 by "builder" with MS VC++ 14.0 (VS2015)

END.
