#
# A fatal error has been detected by the Java Runtime Environment:
#
#  EXCEPTION_ACCESS_VIOLATION (0xc0000005) at pc=0x00007ffe53518826, pid=3268, tid=3640
#
# JRE version: OpenJDK Runtime Environment (11.0.8+10) (build 11.0.8+10-b944.6842174)
# Java VM: OpenJDK 64-Bit Server VM (11.0.8+10-b944.6842174, mixed mode, tiered, compressed oops, g1 gc, windows-amd64)
# Problematic frame:
# V  [jvm.dll+0x188826]
#
# No core dump will be written. Minidumps are not enabled by default on client versions of Windows
#
# If you would like to submit a bug report, please visit:
#   https://bugreport.java.com/bugreport/crash.jsp
#

---------------  S U M M A R Y ------------

Command Line: --add-opens=java.base/java.util=ALL-UNNAMED --add-opens=java.base/java.lang=ALL-UNNAMED --add-opens=java.base/java.lang.invoke=ALL-UNNAMED --add-opens=java.prefs/java.util.prefs=ALL-UNNAMED -Xmx2048m -Dfile.encoding=UTF-8 -Duser.country=RU -Duser.language=ru -Duser.variant org.gradle.launcher.daemon.bootstrap.GradleDaemon 6.7.1

Host: Intel(R) Pentium(R) Gold G5420 CPU @ 3.80GHz, 4 cores, 5G,  Windows 10 , 64 bit Build 19041 (10.0.19041.1151)
Time: Wed Sep  1 12:32:01 2021 Пакистан (зима) elapsed time: 405 seconds (0d 0h 6m 45s)

---------------  T H R E A D  ---------------

Current thread (0x0000019b53382800):  GCTaskThread "GC Thread#0" [stack: 0x00000037c2700000,0x00000037c2800000] [id=3640]

Stack: [0x00000037c2700000,0x00000037c2800000],  sp=0x00000037c27ff658,  free space=1021k
Native frames: (J=compiled Java code, j=interpreted, Vv=VM code, C=native code)
V  [jvm.dll+0x188826]


siginfo: EXCEPTION_ACCESS_VIOLATION (0xc0000005), reading address 0x000000045a52d1c8


Register to memory mapping:

RIP=0x00007ffe53518826 jvm.dll
RAX=0x0000000000000001 is an unknown value
RBX=
[error occurred during error reporting (printing register info), id 0xc0000005, EXCEPTION_ACCESS_VIOLATION (0xc0000005) at pc=0x00007ffe53518826]

Registers:
RAX=0x0000000000000001, RBX=0x000000008a459004, RCX=0x000000008b4a5a40, RDX=0x000000008b4a5a40
RSP=0x00000037c27ff658, RBP=0x00000000200168a5, RSI=0x0000019b738c96f0, RDI=0x0000019b738c96f0
R8 =0x000000008b4a5a40, R9 =0x000000045a52d1c0, R10=0x000000008b4a5a40, R11=0x0000019b738c9860
R12=0x0000000000000000, R13=0x0000000000000001, R14=0x0000019b533692b8, R15=0x000000008b4a5a40
RIP=0x00007ffe53518826, EFLAGS=0x0000000000010206

Top of Stack: (sp=0x00000037c27ff658)
0x00000037c27ff658:   00007ffe5368c95c 000000008a458f01
0x00000037c27ff668:   0000080000000005 0000019b738c96f0
0x00000037c27ff678:   00007ffe5365d92e 0000019b738c9708
0x00000037c27ff688:   0000000000000000 0000001700000000
0x00000037c27ff698:   000008000000000d 0000000000000001
0x00000037c27ff6a8:   0000019b738c96f0 0000000000000040
0x00000037c27ff6b8:   0000019b533692b8 0000000000000000
0x00000037c27ff6c8:   0000019b738c96f0 00000037c27ff901
0x00000037c27ff6d8:   00007ffe5365e7b2 0000019b738c96f0
0x00000037c27ff6e8:   00007ffe53697001 0000000087535ff4
0x00000037c27ff6f8:   000000008a459004 0000019b533692b0
0x00000037c27ff708:   00007ffe5368aed5 0000000000001898
0x00000037c27ff718:   00007ffe53695c3e 00000000875311d0
0x00000037c27ff728:   0000000087536000 000000000000000f
0x00000037c27ff738:   0000000080f6e400 0000000000000000
0x00000037c27ff748:   00007ffe5396872f 00000037c27ff7f0 

Instructions: (pc=0x00007ffe53518826)
0x00007ffe53518726:   81 00 48 d3 e0 48 03 05 5e 43 81 00 eb 04 48 8b
0x00007ffe53518736:   43 08 81 78 08 00 00 00 c0 73 7d 48 8b 4f 38 48
0x00007ffe53518746:   8b d3 48 8b 01 ff 50 20 84 c0 75 6c 38 05 97 cb
0x00007ffe53518756:   85 00 74 15 8b 53 08 8b 0d 35 43 81 00 48 d3 e2
0x00007ffe53518766:   48 03 15 23 43 81 00 eb 04 48 8b 53 08 48 8b cb
0x00007ffe53518776:   48 89 5c 24 20 e8 a0 00 00 00 80 7f 30 00 48 63
0x00007ffe53518786:   c8 48 89 4c 24 28 0f 28 44 24 20 74 17 0f 11 86
0x00007ffe53518796:   90 03 00 00 48 8b 5c 24 40 48 8b 74 24 48 48 83
0x00007ffe535187a6:   c4 30 5f c3 48 8b 07 48 8d 54 24 20 48 8b cf 66
0x00007ffe535187b6:   0f 7f 44 24 20 ff 50 38 48 8b 5c 24 40 48 8b 74
0x00007ffe535187c6:   24 48 48 83 c4 30 5f c3 cc cc 48 8b 49 38 48 8b
0x00007ffe535187d6:   01 48 ff 60 28 cc cc cc cc cc 80 3d 08 cb 85 00
0x00007ffe535187e6:   00 48 8b c1 74 1b 8b 51 08 8b 0d a3 42 81 00 48
0x00007ffe535187f6:   d3 e2 48 8b c8 48 03 15 8e 42 81 00 e9 19 00 00
0x00007ffe53518806:   00 48 8b 51 08 48 8b c8 e9 0d 00 00 00 cc cc cc
0x00007ffe53518816:   cc cc cc cc cc cc cc cc cc cc 4c 8b ca 48 8b d1
0x00007ffe53518826:   45 8b 41 08 45 85 c0 7e 0e 41 f6 c0 01 75 59 41
0x00007ffe53518836:   c1 f8 03 41 8b c0 c3 79 4f 80 3d a9 ca 85 00 00
0x00007ffe53518846:   b8 0c 00 00 00 b9 10 00 00 00 0f 45 c8 8b 05 4b
0x00007ffe53518856:   8e 7f 00 ff c8 4c 63 c8 48 63 c1 41 8b c8 83 e1
0x00007ffe53518866:   3f 48 63 14 10 41 8b c0 48 c1 f8 10 0f b6 c0 48
0x00007ffe53518876:   d3 e2 49 8d 0c 11 49 f7 d1 48 03 c1 49 c1 e9 03
0x00007ffe53518886:   48 c1 e8 03 41 23 c1 c3 49 8b 01 49 8b c9 48 ff
0x00007ffe53518896:   a0 10 01 00 00 cc cc cc cc cc 48 83 ec 38 0f 10
0x00007ffe535188a6:   02 48 8b 49 38 48 8d 54 24 20 0f 29 44 24 20 e8
0x00007ffe535188b6:   66 f0 ff ff 48 83 c4 38 c3 cc 48 83 ec 38 0f 10
0x00007ffe535188c6:   02 48 8b 01 48 8d 54 24 20 0f 29 44 24 20 ff 50
0x00007ffe535188d6:   38 48 83 c4 38 c3 cc cc cc cc 48 89 5c 24 08 55
0x00007ffe535188e6:   56 57 41 54 41 55 41 56 41 57 48 8d 6c 24 e0 48
0x00007ffe535188f6:   81 ec 20 01 00 00 48 8b 05 ad c4 82 00 48 33 c4
0x00007ffe53518906:   48 89 45 10 48 8b 05 0f 35 85 00 45 33 ed 4c 8b
0x00007ffe53518916:   b5 80 00 00 00 4c 8b fa 48 8b bd 88 00 00 00 4d 


Stack slot to memory mapping:
stack at sp + 0 slots: 0x00007ffe5368c95c jvm.dll
stack at sp + 1 slots: 
[error occurred during error reporting (inspecting top of stack), id 0xc0000005, EXCEPTION_ACCESS_VIOLATION (0xc0000005) at pc=0x00007ffe53518826]


---------------  P R O C E S S  ---------------

Threads class SMR info:
_java_thread_list=0x0000019b701cc130, length=177, elements={
0x0000019b53369800, 0x0000019b6d566800, 0x0000019b6d568000, 0x0000019b6d57f800,
0x0000019b6d582000, 0x0000019b6d584000, 0x0000019b6d587000, 0x0000019b6df6e000,
0x0000019b6e04d000, 0x0000019b6e05f000, 0x0000019b6ff3c800, 0x0000019b6f7d7000,
0x0000019b70e8e800, 0x0000019b6f8c0800, 0x0000019b6f8bb800, 0x0000019b6f8be000,
0x0000019b721fa000, 0x0000019b721f4800, 0x0000019b7177b800, 0x0000019b75b7b800,
0x0000019b75348800, 0x0000019b75345000, 0x0000019b75349800, 0x0000019b75344800,
0x0000019b75346000, 0x0000019b7534f000, 0x0000019b7534d800, 0x0000019b75347000,
0x0000019b75343800, 0x0000019b75350000, 0x0000019b7534e000, 0x0000019b7534a000,
0x0000019b75350800, 0x0000019b7534b000, 0x0000019b75351800, 0x0000019b7534c000,
0x0000019b75354800, 0x0000019b75355800, 0x0000019b75356800, 0x0000019b75357000,
0x0000019b75358000, 0x0000019b75352800, 0x0000019b75359000, 0x0000019b75353000,
0x0000019b75359800, 0x0000019b75354000, 0x0000019b7535c000, 0x0000019b75360000,
0x0000019b7535e800, 0x0000019b7535a800, 0x0000019b7535f800, 0x0000019b7535d000,
0x0000019b75361000, 0x0000019b7535b800, 0x0000019b75362000, 0x0000019b75362800,
0x0000019b7535d800, 0x0000019b71774800, 0x0000019b71776000, 0x0000019b71770800,
0x0000019b71775000, 0x0000019b71777000, 0x0000019b71772000, 0x0000019b71771000,
0x0000019b71777800, 0x0000019b71778800, 0x0000019b71772800, 0x0000019b71773800,
0x0000019b7177b000, 0x0000019b7177d800, 0x0000019b7177e000, 0x0000019b7177f000,
0x0000019b71779800, 0x0000019b7177c800, 0x0000019b7177a000, 0x0000019b75b76000,
0x0000019b75b72800, 0x0000019b75b71800, 0x0000019b75b73800, 0x0000019b75b74000,
0x0000019b75b75000, 0x0000019b75b76800, 0x0000019b75b71000, 0x0000019b75b79000,
0x0000019b75b7c800, 0x0000019b75b7d000, 0x0000019b75b77800, 0x0000019b75b78800,
0x0000019b75b7f000, 0x0000019b75b7a800, 0x0000019b75b7f800, 0x0000019b75b7a000,
0x0000019b721f6800, 0x0000019b721f8800, 0x0000019b721f7800, 0x0000019b721f9000,
0x0000019b721f6000, 0x0000019b721f3800, 0x0000019b721ff000, 0x0000019b72200800,
0x0000019b721ff800, 0x0000019b72201800, 0x0000019b721fd000, 0x0000019b721fb800,
0x0000019b72202000, 0x0000019b721fc800, 0x0000019b721fe000, 0x0000019b6f8bd000,
0x0000019b6f8ba800, 0x0000019b6f8c1000, 0x0000019b6f8bc000, 0x0000019b6f8be800,
0x0000019b6f8bf800, 0x0000019b71702000, 0x0000019b716fc000, 0x0000019b716fe800,
0x0000019b71701000, 0x0000019b71702800, 0x0000019b716fd000, 0x0000019b716fd800,
0x0000019b71703800, 0x0000019b71705000, 0x0000019b716ff800, 0x0000019b71704800,
0x0000019b71706000, 0x0000019b71700000, 0x0000019b71706800, 0x0000019b7170b000,
0x0000019b7170a000, 0x0000019b71707800, 0x0000019b71708800, 0x0000019b71709000,
0x0000019b7024d800, 0x0000019b7024e000, 0x0000019b7024c000, 0x0000019b7024c800,
0x0000019b7024a000, 0x0000019b70250000, 0x0000019b70250800, 0x0000019b7024f000,
0x0000019b7024b000, 0x0000019b70254000, 0x0000019b70253000, 0x0000019b70255000,
0x0000019b70255800, 0x0000019b70256800, 0x0000019b70257000, 0x0000019b70251800,
0x0000019b70258000, 0x0000019b70252800, 0x0000019b70259000, 0x0000019b7340d000,
0x0000019b73407800, 0x0000019b7340c800, 0x0000019b7340e000, 0x0000019b73408800,
0x0000019b73409000, 0x0000019b7340a000, 0x0000019b7340b000, 0x0000019b7340b800,
0x0000019b7a3f8000, 0x0000019b7a3fa800, 0x0000019b7a3f9800, 0x0000019b7a3f9000,
0x0000019b7a3fc000, 0x0000019b7a3fb800, 0x0000019b7a3fd000, 0x0000019b7a3f7800,
0x0000019b7a401000, 0x0000019b7a3fe800, 0x0000019b7a402800, 0x0000019b7a3ff800,
0x0000019b7a3fe000, 0x0000019b7a406000, 0x0000019b7a402000, 0x0000019b7a403800,
0x0000019b7a404800
}

Java Threads: ( => current thread )
  0x0000019b53369800 JavaThread "main" [_thread_blocked, id=3568, stack(0x00000037c2600000,0x00000037c2700000)]
  0x0000019b6d566800 JavaThread "Reference Handler" daemon [_thread_blocked, id=1652, stack(0x00000037c2d00000,0x00000037c2e00000)]
  0x0000019b6d568000 JavaThread "Finalizer" daemon [_thread_blocked, id=8500, stack(0x00000037c2e00000,0x00000037c2f00000)]
  0x0000019b6d57f800 JavaThread "Signal Dispatcher" daemon [_thread_blocked, id=8960, stack(0x00000037c2f00000,0x00000037c3000000)]
  0x0000019b6d582000 JavaThread "Attach Listener" daemon [_thread_blocked, id=2416, stack(0x00000037c3000000,0x00000037c3100000)]
  0x0000019b6d584000 JavaThread "C2 CompilerThread0" daemon [_thread_blocked, id=6524, stack(0x00000037c3100000,0x00000037c3200000)]
  0x0000019b6d587000 JavaThread "C1 CompilerThread0" daemon [_thread_blocked, id=2524, stack(0x00000037c3200000,0x00000037c3300000)]
  0x0000019b6df6e000 JavaThread "Sweeper thread" daemon [_thread_blocked, id=7596, stack(0x00000037c3300000,0x00000037c3400000)]
  0x0000019b6e04d000 JavaThread "Common-Cleaner" daemon [_thread_blocked, id=8768, stack(0x00000037c3400000,0x00000037c3500000)]
  0x0000019b6e05f000 JavaThread "Service Thread" daemon [_thread_blocked, id=9756, stack(0x00000037c3500000,0x00000037c3600000)]
  0x0000019b6ff3c800 JavaThread "Daemon health stats" [_thread_blocked, id=3820, stack(0x00000037c3900000,0x00000037c3a00000)]
  0x0000019b6f7d7000 JavaThread "Incoming local TCP Connector on port 61654" [_thread_in_native, id=5372, stack(0x00000037c3700000,0x00000037c3800000)]
  0x0000019b70e8e800 JavaThread "Daemon periodic checks" [_thread_blocked, id=8076, stack(0x00000037c3c00000,0x00000037c3d00000)]
  0x0000019b6f8c0800 JavaThread "Cache worker for file hash cache (C:\Users\User\.gradle\caches\6.7.1\fileHashes)" [_thread_blocked, id=10148, stack(0x00000037c4600000,0x00000037c4700000)]
  0x0000019b6f8bb800 JavaThread "File lock request listener" [_thread_in_native, id=2784, stack(0x00000037c4700000,0x00000037c4800000)]
  0x0000019b6f8be000 JavaThread "Cache worker for journal cache (C:\Users\User\.gradle\caches\journal-1)" [_thread_blocked, id=7340, stack(0x00000037c4800000,0x00000037c4900000)]
  0x0000019b721fa000 JavaThread "Cache worker for execution history cache (C:\Users\User\.gradle\caches\6.7.1\executionHistory)" [_thread_blocked, id=4236, stack(0x00000037c5500000,0x00000037c5600000)]
  0x0000019b721f4800 JavaThread "Cache worker for file content cache (C:\Users\User\.gradle\caches\6.7.1\fileContent)" [_thread_blocked, id=9972, stack(0x00000037c5600000,0x00000037c5700000)]
  0x0000019b7177b800 JavaThread "Memory manager" [_thread_blocked, id=6816, stack(0x00000037cce00000,0x00000037ccf00000)]
  0x0000019b75b7b800 JavaThread "RMI Scheduler(0)" daemon [_thread_blocked, id=4952, stack(0x00000037c4900000,0x00000037c4a00000)]
  0x0000019b75348800 JavaThread "RMI GC Daemon" daemon [_thread_blocked, id=1328, stack(0x00000037cda00000,0x00000037cdb00000)]
  0x0000019b75345000 JavaThread "RMI TCP Accept-0" daemon [_thread_in_native, id=7188, stack(0x00000037cdb00000,0x00000037cdc00000)]
  0x0000019b75349800 JavaThread "RMI Reaper" [_thread_blocked, id=9384, stack(0x00000037cdc00000,0x00000037cdd00000)]
  0x0000019b75344800 JavaThread "RMI TCP Connection(idle)" daemon [_thread_blocked, id=4908, stack(0x00000037cde00000,0x00000037cdf00000)]
  0x0000019b75346000 JavaThread "Cache worker for Java compile cache (C:\Users\User\.gradle\caches\6.7.1\javaCompile)" [_thread_blocked, id=8408, stack(0x00000037cd500000,0x00000037cd600000)]
  0x0000019b7534f000 JavaThread "ForkJoinPool.commonPool-worker-3" daemon [_thread_blocked, id=212, stack(0x00000037ce000000,0x00000037ce100000)]
  0x0000019b7534d800 JavaThread "ForkJoinPool.commonPool-worker-5" daemon [_thread_blocked, id=7116, stack(0x00000037ce100000,0x00000037ce200000)]
  0x0000019b75347000 JavaThread "Daemon Thread 3" [_thread_blocked, id=7616, stack(0x00000037c2300000,0x00000037c2400000)]
  0x0000019b75343800 JavaThread "Handler for socket connection from /127.0.0.1:61654 to /127.0.0.1:61697" [_thread_in_native, id=7512, stack(0x00000037c2400000,0x00000037c2500000)]
  0x0000019b75350000 JavaThread "Cancel handler" [_thread_blocked, id=7628, stack(0x00000037c2500000,0x00000037c2600000)]
  0x0000019b7534e000 JavaThread "Daemon worker Thread 3" [_thread_blocked, id=4288, stack(0x00000037c3a00000,0x00000037c3b00000)]
  0x0000019b7534a000 JavaThread "Asynchronous log dispatcher for DefaultDaemonConnection: socket connection from /127.0.0.1:61654 to /127.0.0.1:61697" [_thread_blocked, id=2312, stack(0x00000037c3b00000,0x00000037c3c00000)]
  0x0000019b75350800 JavaThread "Stdin handler" [_thread_blocked, id=1124, stack(0x00000037c3d00000,0x00000037c3e00000)]
  0x0000019b7534b000 JavaThread "Thread-302" [_thread_blocked, id=764, stack(0x00000037c3e00000,0x00000037c3f00000)]
  0x0000019b75351800 JavaThread "Cache worker for file hash cache (C:\Users\User\AndroidStudioProjects\EisenkTest\.gradle\6.7.1\fileHashes)" [_thread_blocked, id=3052, stack(0x00000037c3f00000,0x00000037c4000000)]
  0x0000019b7534c000 JavaThread "Cache worker for checksums cache (C:\Users\User\AndroidStudioProjects\EisenkTest\.gradle\checksums)" [_thread_blocked, id=2116, stack(0x00000037c4000000,0x00000037c4100000)]
  0x0000019b75354800 JavaThread "Cache worker for cache directory md-supplier (C:\Users\User\.gradle\caches\6.7.1\md-supplier)" [_thread_blocked, id=5108, stack(0x00000037c4100000,0x00000037c4200000)]
  0x0000019b75355800 JavaThread "Cache worker for cache directory md-rule (C:\Users\User\.gradle\caches\6.7.1\md-rule)" [_thread_blocked, id=7716, stack(0x00000037c4200000,0x00000037c4300000)]
  0x0000019b75356800 JavaThread "Cache worker for Build Output Cleanup Cache (C:\Users\User\AndroidStudioProjects\EisenkTest\.gradle\buildOutputCleanup)" [_thread_blocked, id=7136, stack(0x00000037c4300000,0x00000037c4400000)]
  0x0000019b75357000 JavaThread "Build operations" [_thread_blocked, id=2240, stack(0x00000037c4b00000,0x00000037c4c00000)]
  0x0000019b75358000 JavaThread "Build operations Thread 2" [_thread_blocked, id=6104, stack(0x00000037c4c00000,0x00000037c4d00000)]
  0x0000019b75352800 JavaThread "Build operations Thread 3" [_thread_blocked, id=10032, stack(0x00000037c4d00000,0x00000037c4e00000)]
  0x0000019b75359000 JavaThread "Build operations Thread 4" [_thread_blocked, id=6180, stack(0x00000037c4e00000,0x00000037c4f00000)]
  0x0000019b75353000 JavaThread "jar transforms Thread 243" [_thread_blocked, id=7936, stack(0x00000037c4f00000,0x00000037c5000000)]
  0x0000019b75359800 JavaThread "jar transforms Thread 244" [_thread_blocked, id=4412, stack(0x00000037c5000000,0x00000037c5100000)]
  0x0000019b75354000 JavaThread "jar transforms Thread 245" [_thread_blocked, id=1272, stack(0x00000037c5100000,0x00000037c5200000)]
  0x0000019b7535c000 JavaThread "jar transforms Thread 246" [_thread_blocked, id=3468, stack(0x00000037c5200000,0x00000037c5300000)]
  0x0000019b75360000 JavaThread "jar transforms Thread 247" [_thread_blocked, id=8092, stack(0x00000037c5300000,0x00000037c5400000)]
  0x0000019b7535e800 JavaThread "jar transforms Thread 248" [_thread_blocked, id=1364, stack(0x00000037c5400000,0x00000037c5500000)]
  0x0000019b7535a800 JavaThread "jar transforms Thread 249" [_thread_blocked, id=9492, stack(0x00000037c5700000,0x00000037c5800000)]
  0x0000019b7535f800 JavaThread "jar transforms Thread 250" [_thread_blocked, id=7516, stack(0x00000037c5800000,0x00000037c5900000)]
  0x0000019b7535d000 JavaThread "jar transforms Thread 251" [_thread_blocked, id=9560, stack(0x00000037c5900000,0x00000037c5a00000)]
  0x0000019b75361000 JavaThread "jar transforms Thread 252" [_thread_blocked, id=7808, stack(0x00000037c5a00000,0x00000037c5b00000)]
  0x0000019b7535b800 JavaThread "jar transforms Thread 253" [_thread_blocked, id=9168, stack(0x00000037c5b00000,0x00000037c5c00000)]
  0x0000019b75362000 JavaThread "jar transforms Thread 254" [_thread_blocked, id=6304, stack(0x00000037c5c00000,0x00000037c5d00000)]
  0x0000019b75362800 JavaThread "jar transforms Thread 255" [_thread_blocked, id=7956, stack(0x00000037c5d00000,0x00000037c5e00000)]
  0x0000019b7535d800 JavaThread "jar transforms Thread 256" [_thread_blocked, id=7952, stack(0x00000037c5e00000,0x00000037c5f00000)]
  0x0000019b71774800 JavaThread "jar transforms Thread 257" [_thread_blocked, id=5328, stack(0x00000037c5f00000,0x00000037c6000000)]
  0x0000019b71776000 JavaThread "jar transforms Thread 258" [_thread_blocked, id=7040, stack(0x00000037c6000000,0x00000037c6100000)]
  0x0000019b71770800 JavaThread "jar transforms Thread 259" [_thread_blocked, id=944, stack(0x00000037c6100000,0x00000037c6200000)]
  0x0000019b71775000 JavaThread "jar transforms Thread 260" [_thread_blocked, id=4696, stack(0x00000037c6200000,0x00000037c6300000)]
  0x0000019b71777000 JavaThread "jar transforms Thread 261" [_thread_blocked, id=7356, stack(0x00000037c6300000,0x00000037c6400000)]
  0x0000019b71772000 JavaThread "jar transforms Thread 262" [_thread_blocked, id=6600, stack(0x00000037c6400000,0x00000037c6500000)]
  0x0000019b71771000 JavaThread "jar transforms Thread 263" [_thread_blocked, id=5504, stack(0x00000037c6500000,0x00000037c6600000)]
  0x0000019b71777800 JavaThread "jar transforms Thread 264" [_thread_blocked, id=3148, stack(0x00000037c6600000,0x00000037c6700000)]
  0x0000019b71778800 JavaThread "jar transforms Thread 265" [_thread_blocked, id=9400, stack(0x00000037c6700000,0x00000037c6800000)]
  0x0000019b71772800 JavaThread "jar transforms Thread 266" [_thread_blocked, id=1188, stack(0x00000037c6800000,0x00000037c6900000)]
  0x0000019b71773800 JavaThread "jar transforms Thread 267" [_thread_blocked, id=2180, stack(0x00000037c6900000,0x00000037c6a00000)]
  0x0000019b7177b000 JavaThread "jar transforms Thread 268" [_thread_blocked, id=1972, stack(0x00000037c6a00000,0x00000037c6b00000)]
  0x0000019b7177d800 JavaThread "jar transforms Thread 269" [_thread_blocked, id=7292, stack(0x00000037c6b00000,0x00000037c6c00000)]
  0x0000019b7177e000 JavaThread "jar transforms Thread 270" [_thread_blocked, id=6576, stack(0x00000037c6c00000,0x00000037c6d00000)]
  0x0000019b7177f000 JavaThread "jar transforms Thread 271" [_thread_blocked, id=8232, stack(0x00000037c6d00000,0x00000037c6e00000)]
  0x0000019b71779800 JavaThread "jar transforms Thread 272" [_thread_blocked, id=3004, stack(0x00000037c6e00000,0x00000037c6f00000)]
  0x0000019b7177c800 JavaThread "jar transforms Thread 273" [_thread_blocked, id=8320, stack(0x00000037c6f00000,0x00000037c7000000)]
  0x0000019b7177a000 JavaThread "jar transforms Thread 274" [_thread_blocked, id=10184, stack(0x00000037c7000000,0x00000037c7100000)]
  0x0000019b75b76000 JavaThread "jar transforms Thread 275" [_thread_blocked, id=400, stack(0x00000037c7100000,0x00000037c7200000)]
  0x0000019b75b72800 JavaThread "jar transforms Thread 276" [_thread_blocked, id=4900, stack(0x00000037c7200000,0x00000037c7300000)]
  0x0000019b75b71800 JavaThread "jar transforms Thread 277" [_thread_blocked, id=2248, stack(0x00000037c7300000,0x00000037c7400000)]
  0x0000019b75b73800 JavaThread "jar transforms Thread 278" [_thread_blocked, id=8020, stack(0x00000037c7400000,0x00000037c7500000)]
  0x0000019b75b74000 JavaThread "jar transforms Thread 279" [_thread_blocked, id=9860, stack(0x00000037c7500000,0x00000037c7600000)]
  0x0000019b75b75000 JavaThread "jar transforms Thread 280" [_thread_blocked, id=8796, stack(0x00000037c7600000,0x00000037c7700000)]
  0x0000019b75b76800 JavaThread "jar transforms Thread 281" [_thread_blocked, id=3496, stack(0x00000037c7700000,0x00000037c7800000)]
  0x0000019b75b71000 JavaThread "jar transforms Thread 282" [_thread_blocked, id=1924, stack(0x00000037c7800000,0x00000037c7900000)]
  0x0000019b75b79000 JavaThread "jar transforms Thread 283" [_thread_blocked, id=6228, stack(0x00000037c7900000,0x00000037c7a00000)]
  0x0000019b75b7c800 JavaThread "jar transforms Thread 284" [_thread_blocked, id=6000, stack(0x00000037c7a00000,0x00000037c7b00000)]
  0x0000019b75b7d000 JavaThread "jar transforms Thread 285" [_thread_blocked, id=6048, stack(0x00000037c7b00000,0x00000037c7c00000)]
  0x0000019b75b77800 JavaThread "jar transforms Thread 286" [_thread_blocked, id=4380, stack(0x00000037c7c00000,0x00000037c7d00000)]
  0x0000019b75b78800 JavaThread "jar transforms Thread 287" [_thread_blocked, id=5776, stack(0x00000037c7d00000,0x00000037c7e00000)]
  0x0000019b75b7f000 JavaThread "jar transforms Thread 288" [_thread_blocked, id=2548, stack(0x00000037c7e00000,0x00000037c7f00000)]
  0x0000019b75b7a800 JavaThread "jar transforms Thread 289" [_thread_blocked, id=9284, stack(0x00000037c7f00000,0x00000037c8000000)]
  0x0000019b75b7f800 JavaThread "jar transforms Thread 290" [_thread_blocked, id=8760, stack(0x00000037c8000000,0x00000037c8100000)]
  0x0000019b75b7a000 JavaThread "jar transforms Thread 291" [_thread_blocked, id=6316, stack(0x00000037c8100000,0x00000037c8200000)]
  0x0000019b721f6800 JavaThread "jar transforms Thread 292" [_thread_blocked, id=5028, stack(0x00000037c8200000,0x00000037c8300000)]
  0x0000019b721f8800 JavaThread "jar transforms Thread 293" [_thread_blocked, id=7388, stack(0x00000037c8300000,0x00000037c8400000)]
  0x0000019b721f7800 JavaThread "jar transforms Thread 294" [_thread_blocked, id=9140, stack(0x00000037c8400000,0x00000037c8500000)]
  0x0000019b721f9000 JavaThread "jar transforms Thread 295" [_thread_blocked, id=852, stack(0x00000037c8500000,0x00000037c8600000)]
  0x0000019b721f6000 JavaThread "jar transforms Thread 296" [_thread_blocked, id=6596, stack(0x00000037c8600000,0x00000037c8700000)]
  0x0000019b721f3800 JavaThread "jar transforms Thread 297" [_thread_blocked, id=9496, stack(0x00000037c8700000,0x00000037c8800000)]
  0x0000019b721ff000 JavaThread "jar transforms Thread 298" [_thread_blocked, id=6376, stack(0x00000037c8800000,0x00000037c8900000)]
  0x0000019b72200800 JavaThread "jar transforms Thread 299" [_thread_blocked, id=6200, stack(0x00000037c8900000,0x00000037c8a00000)]
  0x0000019b721ff800 JavaThread "jar transforms Thread 300" [_thread_blocked, id=8536, stack(0x00000037c8a00000,0x00000037c8b00000)]
  0x0000019b72201800 JavaThread "jar transforms Thread 301" [_thread_blocked, id=4344, stack(0x00000037c8b00000,0x00000037c8c00000)]
  0x0000019b721fd000 JavaThread "jar transforms Thread 302" [_thread_blocked, id=7740, stack(0x00000037c8c00000,0x00000037c8d00000)]
  0x0000019b721fb800 JavaThread "jar transforms Thread 303" [_thread_blocked, id=6692, stack(0x00000037c8d00000,0x00000037c8e00000)]
  0x0000019b72202000 JavaThread "jar transforms Thread 304" [_thread_blocked, id=3348, stack(0x00000037c8e00000,0x00000037c8f00000)]
  0x0000019b721fc800 JavaThread "jar transforms Thread 305" [_thread_blocked, id=5024, stack(0x00000037c8f00000,0x00000037c9000000)]
  0x0000019b721fe000 JavaThread "jar transforms Thread 306" [_thread_blocked, id=8604, stack(0x00000037c9000000,0x00000037c9100000)]
  0x0000019b6f8bd000 JavaThread "jar transforms Thread 307" [_thread_blocked, id=9992, stack(0x00000037c9100000,0x00000037c9200000)]
  0x0000019b6f8ba800 JavaThread "jar transforms Thread 308" [_thread_blocked, id=3440, stack(0x00000037c9200000,0x00000037c9300000)]
  0x0000019b6f8c1000 JavaThread "jar transforms Thread 309" [_thread_blocked, id=768, stack(0x00000037c9300000,0x00000037c9400000)]
  0x0000019b6f8bc000 JavaThread "jar transforms Thread 310" [_thread_blocked, id=3596, stack(0x00000037c9400000,0x00000037c9500000)]
  0x0000019b6f8be800 JavaThread "jar transforms Thread 311" [_thread_blocked, id=5124, stack(0x00000037c9500000,0x00000037c9600000)]
  0x0000019b6f8bf800 JavaThread "jar transforms Thread 312" [_thread_blocked, id=6016, stack(0x00000037c9600000,0x00000037c9700000)]
  0x0000019b71702000 JavaThread "jar transforms Thread 313" [_thread_blocked, id=3788, stack(0x00000037c9700000,0x00000037c9800000)]
  0x0000019b716fc000 JavaThread "jar transforms Thread 314" [_thread_blocked, id=7652, stack(0x00000037c9800000,0x00000037c9900000)]
  0x0000019b716fe800 JavaThread "jar transforms Thread 315" [_thread_blocked, id=7360, stack(0x00000037c9900000,0x00000037c9a00000)]
  0x0000019b71701000 JavaThread "jar transforms Thread 316" [_thread_blocked, id=6356, stack(0x00000037c9a00000,0x00000037c9b00000)]
  0x0000019b71702800 JavaThread "jar transforms Thread 317" [_thread_blocked, id=8584, stack(0x00000037c9b00000,0x00000037c9c00000)]
  0x0000019b716fd000 JavaThread "jar transforms Thread 318" [_thread_blocked, id=3312, stack(0x00000037c9c00000,0x00000037c9d00000)]
  0x0000019b716fd800 JavaThread "jar transforms Thread 319" [_thread_blocked, id=5144, stack(0x00000037c9d00000,0x00000037c9e00000)]
  0x0000019b71703800 JavaThread "jar transforms Thread 320" [_thread_blocked, id=2676, stack(0x00000037c9e00000,0x00000037c9f00000)]
  0x0000019b71705000 JavaThread "jar transforms Thread 321" [_thread_blocked, id=2000, stack(0x00000037c9f00000,0x00000037ca000000)]
  0x0000019b716ff800 JavaThread "jar transforms Thread 322" [_thread_blocked, id=9712, stack(0x00000037ca000000,0x00000037ca100000)]
  0x0000019b71704800 JavaThread "jar transforms Thread 323" [_thread_blocked, id=1684, stack(0x00000037ca100000,0x00000037ca200000)]
  0x0000019b71706000 JavaThread "jar transforms Thread 324" [_thread_blocked, id=2744, stack(0x00000037ca200000,0x00000037ca300000)]
  0x0000019b71700000 JavaThread "jar transforms Thread 325" [_thread_blocked, id=4296, stack(0x00000037ca300000,0x00000037ca400000)]
  0x0000019b71706800 JavaThread "jar transforms Thread 326" [_thread_blocked, id=476, stack(0x00000037ca400000,0x00000037ca500000)]
  0x0000019b7170b000 JavaThread "jar transforms Thread 327" [_thread_blocked, id=1564, stack(0x00000037ca500000,0x00000037ca600000)]
  0x0000019b7170a000 JavaThread "jar transforms Thread 328" [_thread_blocked, id=2528, stack(0x00000037ca600000,0x00000037ca700000)]
  0x0000019b71707800 JavaThread "jar transforms Thread 329" [_thread_blocked, id=9044, stack(0x00000037ca700000,0x00000037ca800000)]
  0x0000019b71708800 JavaThread "jar transforms Thread 330" [_thread_blocked, id=5672, stack(0x00000037ca800000,0x00000037ca900000)]
  0x0000019b71709000 JavaThread "jar transforms Thread 331" [_thread_blocked, id=2732, stack(0x00000037ca900000,0x00000037caa00000)]
  0x0000019b7024d800 JavaThread "jar transforms Thread 332" [_thread_blocked, id=4208, stack(0x00000037caa00000,0x00000037cab00000)]
  0x0000019b7024e000 JavaThread "jar transforms Thread 333" [_thread_blocked, id=9976, stack(0x00000037cab00000,0x00000037cac00000)]
  0x0000019b7024c000 JavaThread "jar transforms Thread 334" [_thread_blocked, id=3876, stack(0x00000037cac00000,0x00000037cad00000)]
  0x0000019b7024c800 JavaThread "jar transforms Thread 335" [_thread_blocked, id=4644, stack(0x00000037cad00000,0x00000037cae00000)]
  0x0000019b7024a000 JavaThread "jar transforms Thread 336" [_thread_blocked, id=7892, stack(0x00000037cae00000,0x00000037caf00000)]
  0x0000019b70250000 JavaThread "jar transforms Thread 337" [_thread_blocked, id=8868, stack(0x00000037caf00000,0x00000037cb000000)]
  0x0000019b70250800 JavaThread "jar transforms Thread 338" [_thread_blocked, id=6460, stack(0x00000037cb000000,0x00000037cb100000)]
  0x0000019b7024f000 JavaThread "jar transforms Thread 339" [_thread_blocked, id=7048, stack(0x00000037cb100000,0x00000037cb200000)]
  0x0000019b7024b000 JavaThread "jar transforms Thread 340" [_thread_blocked, id=3648, stack(0x00000037cb200000,0x00000037cb300000)]
  0x0000019b70254000 JavaThread "jar transforms Thread 341" [_thread_blocked, id=5516, stack(0x00000037cb300000,0x00000037cb400000)]
  0x0000019b70253000 JavaThread "jar transforms Thread 342" [_thread_blocked, id=8224, stack(0x00000037cb400000,0x00000037cb500000)]
  0x0000019b70255000 JavaThread "jar transforms Thread 343" [_thread_blocked, id=3028, stack(0x00000037cb500000,0x00000037cb600000)]
  0x0000019b70255800 JavaThread "jar transforms Thread 344" [_thread_blocked, id=900, stack(0x00000037cb600000,0x00000037cb700000)]
  0x0000019b70256800 JavaThread "jar transforms Thread 345" [_thread_blocked, id=7676, stack(0x00000037cb700000,0x00000037cb800000)]
  0x0000019b70257000 JavaThread "jar transforms Thread 346" [_thread_blocked, id=840, stack(0x00000037cb800000,0x00000037cb900000)]
  0x0000019b70251800 JavaThread "jar transforms Thread 347" [_thread_blocked, id=4580, stack(0x00000037cb900000,0x00000037cba00000)]
  0x0000019b70258000 JavaThread "jar transforms Thread 348" [_thread_blocked, id=1704, stack(0x00000037cba00000,0x00000037cbb00000)]
  0x0000019b70252800 JavaThread "jar transforms Thread 349" [_thread_blocked, id=9308, stack(0x00000037cbb00000,0x00000037cbc00000)]
  0x0000019b70259000 JavaThread "jar transforms Thread 350" [_thread_blocked, id=5756, stack(0x00000037cbc00000,0x00000037cbd00000)]
  0x0000019b7340d000 JavaThread "jar transforms Thread 351" [_thread_blocked, id=1688, stack(0x00000037cbd00000,0x00000037cbe00000)]
  0x0000019b73407800 JavaThread "jar transforms Thread 352" [_thread_blocked, id=7428, stack(0x00000037cbe00000,0x00000037cbf00000)]
  0x0000019b7340c800 JavaThread "jar transforms Thread 353" [_thread_blocked, id=8316, stack(0x00000037cbf00000,0x00000037cc000000)]
  0x0000019b7340e000 JavaThread "jar transforms Thread 354" [_thread_blocked, id=72, stack(0x00000037cc000000,0x00000037cc100000)]
  0x0000019b73408800 JavaThread "jar transforms Thread 355" [_thread_blocked, id=5904, stack(0x00000037cc100000,0x00000037cc200000)]
  0x0000019b73409000 JavaThread "jar transforms Thread 356" [_thread_blocked, id=5548, stack(0x00000037cc200000,0x00000037cc300000)]
  0x0000019b7340a000 JavaThread "jar transforms Thread 357" [_thread_blocked, id=4248, stack(0x00000037cc300000,0x00000037cc400000)]
  0x0000019b7340b000 JavaThread "jar transforms Thread 358" [_thread_blocked, id=2816, stack(0x00000037cc400000,0x00000037cc500000)]
  0x0000019b7340b800 JavaThread "jar transforms Thread 359" [_thread_blocked, id=8808, stack(0x00000037cc500000,0x00000037cc600000)]
  0x0000019b7a3f8000 JavaThread "jar transforms Thread 360" [_thread_blocked, id=7088, stack(0x00000037cc600000,0x00000037cc700000)]
  0x0000019b7a3fa800 JavaThread "jar transforms Thread 361" [_thread_blocked, id=5880, stack(0x00000037cc700000,0x00000037cc800000)]
  0x0000019b7a3f9800 JavaThread "jar transforms Thread 362" [_thread_blocked, id=5564, stack(0x00000037cc800000,0x00000037cc900000)]
  0x0000019b7a3f9000 JavaThread "jar transforms Thread 363" [_thread_blocked, id=3220, stack(0x00000037cc900000,0x00000037cca00000)]
  0x0000019b7a3fc000 JavaThread "build event listener" [_thread_blocked, id=8696, stack(0x00000037cca00000,0x00000037ccb00000)]
  0x0000019b7a3fb800 JavaThread "build event listener" [_thread_blocked, id=9352, stack(0x00000037ccb00000,0x00000037ccc00000)]
  0x0000019b7a3fd000 JavaThread "Execution worker for ':'" [_thread_blocked, id=4436, stack(0x00000037ccc00000,0x00000037ccd00000)]
  0x0000019b7a3f7800 JavaThread "Execution worker for ':' Thread 2" [_thread_blocked, id=6752, stack(0x00000037ccd00000,0x00000037cce00000)]
  0x0000019b7a401000 JavaThread "Execution worker for ':' Thread 3" [_thread_blocked, id=8480, stack(0x00000037ccf00000,0x00000037cd000000)]
  0x0000019b7a3fe800 JavaThread "Cache worker for execution history cache (C:\Users\User\AndroidStudioProjects\EisenkTest\.gradle\6.7.1\executionHistory)" [_thread_blocked, id=8444, stack(0x00000037cd000000,0x00000037cd100000)]
  0x0000019b7a402800 JavaThread "WorkerExecutor Queue" [_thread_blocked, id=9780, stack(0x00000037cd100000,0x00000037cd200000)]
  0x0000019b7a3ff800 JavaThread "WorkerExecutor Queue Thread 2" [_thread_blocked, id=1292, stack(0x00000037cd200000,0x00000037cd300000)]
  0x0000019b7a3fe000 JavaThread "WorkerExecutor Queue Thread 3" [_thread_blocked, id=7976, stack(0x00000037cd300000,0x00000037cd400000)]
  0x0000019b7a406000 JavaThread "WorkerExecutor Queue Thread 4" [_thread_blocked, id=1168, stack(0x00000037cd400000,0x00000037cd500000)]
  0x0000019b7a402000 JavaThread "pool-12-thread-1" [_thread_blocked, id=4116, stack(0x00000037cd600000,0x00000037cd700000)]
  0x0000019b7a403800 JavaThread "stderr" [_thread_in_native, id=9024, stack(0x00000037cd700000,0x00000037cd800000)]
  0x0000019b7a404800 JavaThread "stdout" [_thread_in_native, id=9924, stack(0x00000037cd800000,0x00000037cd900000)]

Other Threads:
  0x0000019b6d55d800 VMThread "VM Thread" [stack: 0x00000037c2c00000,0x00000037c2d00000] [id=1304]
  0x0000019b6e060800 WatcherThread [stack: 0x00000037c3600000,0x00000037c3700000] [id=8324]
=>0x0000019b53382800 GCTaskThread "GC Thread#0" [stack: 0x00000037c2700000,0x00000037c2800000] [id=3640]
  0x0000019b6e6a1000 GCTaskThread "GC Thread#1" [stack: 0x00000037c3800000,0x00000037c3900000] [id=7056]
  0x0000019b6ed88000 GCTaskThread "GC Thread#2" [stack: 0x00000037c4400000,0x00000037c4500000] [id=1668]
  0x0000019b70094000 GCTaskThread "GC Thread#3" [stack: 0x00000037c4500000,0x00000037c4600000] [id=7328]
  0x0000019b533b3000 ConcurrentGCThread "G1 Main Marker" [stack: 0x00000037c2800000,0x00000037c2900000] [id=9848]
  0x0000019b533b5800 ConcurrentGCThread "G1 Conc#0" [stack: 0x00000037c2900000,0x00000037c2a00000] [id=2752]
  0x0000019b53416800 ConcurrentGCThread "G1 Refine#0" [stack: 0x00000037c2a00000,0x00000037c2b00000] [id=10052]
  0x0000019b53417800 ConcurrentGCThread "G1 Young RemSet Sampling" [stack: 0x00000037c2b00000,0x00000037c2c00000] [id=3928]

Threads with active compile tasks:
C2 CompilerThread0 405355 19566       4       org.gradle.cache.internal.DefaultCacheAccess$UnitOfWorkFileAccess::writeFile (14 bytes)
C1 CompilerThread0 405355 19570       3       java.lang.StackTraceElement::toString (322 bytes)

VM state:at safepoint (normal execution)

VM Mutex/Monitor currently owned by a thread:  ([mutex/lock_event])
[0x0000019b53365690] Threads_lock - owner thread: 0x0000019b6d55d800
[0x0000019b53365de0] Heap_lock - owner thread: 0x0000019b7a401000

Heap address: 0x0000000080000000, size: 2048 MB, Compressed Oops mode: 32-bit
Narrow klass base: 0x0000000000000000, Narrow klass shift: 3
Compressed class space size: 1073741824 Address: 0x0000000100000000

Heap:
 garbage-first heap   total 202752K, used 163439K [0x0000000080000000, 0x0000000100000000)
  region size 1024K, 33 young (33792K), 2 survivors (2048K)
 Metaspace       used 126921K, capacity 130149K, committed 132132K, reserved 1165312K
  class space    used 15629K, capacity 16803K, committed 17152K, reserved 1048576K
Heap Regions: E=young(eden), S=young(survivor), O=old, HS=humongous(starts), HC=humongous(continues), CS=collection set, F=free, A=archive, TAMS=top-at-mark-start (previous, next)
|   0|0x0000000080000000, 0x0000000080100000, 0x0000000080100000|100%| O|  |TAMS 0x0000000080100000, 0x0000000080000000| Untracked 
|   1|0x0000000080100000, 0x0000000080200000, 0x0000000080200000|100%| O|  |TAMS 0x0000000080200000, 0x0000000080100000| Complete 
|   2|0x0000000080200000, 0x0000000080300000, 0x0000000080300000|100%| O|  |TAMS 0x0000000080300000, 0x0000000080200000| Untracked 
|   3|0x0000000080300000, 0x0000000080400000, 0x0000000080400000|100%|HS|  |TAMS 0x0000000080400000, 0x0000000080300000| Complete 
|   4|0x0000000080400000, 0x0000000080500000, 0x0000000080500000|100%|HC|  |TAMS 0x0000000080500000, 0x0000000080400000| Complete 
|   5|0x0000000080500000, 0x0000000080600000, 0x0000000080600000|100%|HC|  |TAMS 0x0000000080600000, 0x0000000080500000| Complete 
|   6|0x0000000080600000, 0x0000000080700000, 0x0000000080700000|100%| O|  |TAMS 0x0000000080700000, 0x0000000080600000| Untracked 
|   7|0x0000000080700000, 0x0000000080800000, 0x0000000080800000|100%| O|  |TAMS 0x0000000080800000, 0x0000000080700000| Untracked 
|   8|0x0000000080800000, 0x0000000080900000, 0x0000000080900000|100%| O|  |TAMS 0x0000000080900000, 0x0000000080800000| Complete 
|   9|0x0000000080900000, 0x0000000080a00000, 0x0000000080a00000|100%| O|  |TAMS 0x0000000080a00000, 0x0000000080900000| Untracked 
|  10|0x0000000080a00000, 0x0000000080b00000, 0x0000000080b00000|100%| O|  |TAMS 0x0000000080b00000, 0x0000000080a00000| Untracked 
|  11|0x0000000080b00000, 0x0000000080c00000, 0x0000000080c00000|100%| O|  |TAMS 0x0000000080c00000, 0x0000000080b00000| Untracked 
|  12|0x0000000080c00000, 0x0000000080d00000, 0x0000000080d00000|100%| O|  |TAMS 0x0000000080d00000, 0x0000000080c00000| Untracked 
|  13|0x0000000080d00000, 0x0000000080e00000, 0x0000000080e00000|100%| O|  |TAMS 0x0000000080e00000, 0x0000000080d00000| Untracked 
|  14|0x0000000080e00000, 0x0000000080f00000, 0x0000000080f00000|100%| O|  |TAMS 0x0000000080f00000, 0x0000000080e00000| Untracked 
|  15|0x0000000080f00000, 0x0000000081000000, 0x0000000081000000|100%| O|  |TAMS 0x0000000081000000, 0x0000000080f00000| Untracked 
|  16|0x0000000081000000, 0x0000000081100000, 0x0000000081100000|100%|HS|  |TAMS 0x0000000081100000, 0x0000000081000000| Complete 
|  17|0x0000000081100000, 0x0000000081200000, 0x0000000081200000|100%|HC|  |TAMS 0x0000000081200000, 0x0000000081100000| Complete 
|  18|0x0000000081200000, 0x0000000081300000, 0x0000000081300000|100%|HS|  |TAMS 0x0000000081300000, 0x0000000081200000| Complete 
|  19|0x0000000081300000, 0x0000000081400000, 0x0000000081400000|100%|HC|  |TAMS 0x0000000081400000, 0x0000000081300000| Complete 
|  20|0x0000000081400000, 0x0000000081500000, 0x0000000081500000|100%|HC|  |TAMS 0x0000000081500000, 0x0000000081400000| Complete 
|  21|0x0000000081500000, 0x0000000081600000, 0x0000000081600000|100%| O|  |TAMS 0x0000000081600000, 0x0000000081500000| Untracked 
|  22|0x0000000081600000, 0x0000000081700000, 0x0000000081700000|100%| O|  |TAMS 0x0000000081700000, 0x0000000081600000| Complete 
|  23|0x0000000081700000, 0x0000000081800000, 0x0000000081800000|100%| O|  |TAMS 0x0000000081800000, 0x0000000081700000| Untracked 
|  24|0x0000000081800000, 0x0000000081900000, 0x0000000081900000|100%| O|  |TAMS 0x0000000081900000, 0x0000000081800000| Untracked 
|  25|0x0000000081900000, 0x0000000081a00000, 0x0000000081a00000|100%| O|  |TAMS 0x0000000081a00000, 0x0000000081900000| Untracked 
|  26|0x0000000081a00000, 0x0000000081b00000, 0x0000000081b00000|100%| O|  |TAMS 0x0000000081b00000, 0x0000000081a00000| Untracked 
|  27|0x0000000081b00000, 0x0000000081c00000, 0x0000000081c00000|100%|HS|  |TAMS 0x0000000081c00000, 0x0000000081b00000| Complete 
|  28|0x0000000081c00000, 0x0000000081d00000, 0x0000000081d00000|100%|HS|  |TAMS 0x0000000081d00000, 0x0000000081c00000| Complete 
|  29|0x0000000081d00000, 0x0000000081e00000, 0x0000000081e00000|100%|HC|  |TAMS 0x0000000081e00000, 0x0000000081d00000| Complete 
|  30|0x0000000081e00000, 0x0000000081f00000, 0x0000000081f00000|100%|HC|  |TAMS 0x0000000081f00000, 0x0000000081e00000| Complete 
|  31|0x0000000081f00000, 0x0000000082000000, 0x0000000082000000|100%|HS|  |TAMS 0x0000000082000000, 0x0000000081f00000| Complete 
|  32|0x0000000082000000, 0x0000000082100000, 0x0000000082100000|100%|HC|  |TAMS 0x0000000082100000, 0x0000000082000000| Complete 
|  33|0x0000000082100000, 0x0000000082200000, 0x0000000082200000|100%| O|  |TAMS 0x0000000082200000, 0x0000000082100000| Untracked 
|  34|0x0000000082200000, 0x0000000082300000, 0x0000000082300000|100%| O|  |TAMS 0x0000000082300000, 0x0000000082200000| Untracked 
|  35|0x0000000082300000, 0x0000000082400000, 0x0000000082400000|100%| O|  |TAMS 0x0000000082400000, 0x0000000082300000| Untracked 
|  36|0x0000000082400000, 0x0000000082500000, 0x0000000082500000|100%| O|  |TAMS 0x0000000082500000, 0x0000000082400000| Untracked 
|  37|0x0000000082500000, 0x0000000082600000, 0x0000000082600000|100%| O|  |TAMS 0x0000000082600000, 0x0000000082500000| Complete 
|  38|0x0000000082600000, 0x0000000082700000, 0x0000000082700000|100%| O|  |TAMS 0x0000000082700000, 0x0000000082600000| Untracked 
|  39|0x0000000082700000, 0x0000000082800000, 0x0000000082800000|100%| O|  |TAMS 0x0000000082800000, 0x0000000082700000| Complete 
|  40|0x0000000082800000, 0x0000000082900000, 0x0000000082900000|100%| O|  |TAMS 0x0000000082900000, 0x0000000082800000| Complete 
|  41|0x0000000082900000, 0x0000000082a00000, 0x0000000082a00000|100%| O|  |TAMS 0x0000000082a00000, 0x0000000082900000| Complete 
|  42|0x0000000082a00000, 0x0000000082b00000, 0x0000000082b00000|100%| O|  |TAMS 0x0000000082b00000, 0x0000000082a00000| Complete 
|  43|0x0000000082b00000, 0x0000000082c00000, 0x0000000082c00000|100%| O|  |TAMS 0x0000000082c00000, 0x0000000082b00000| Complete 
|  44|0x0000000082c00000, 0x0000000082d00000, 0x0000000082d00000|100%| O|  |TAMS 0x0000000082d00000, 0x0000000082c00000| Untracked 
|  45|0x0000000082d00000, 0x0000000082e00000, 0x0000000082e00000|100%| O|  |TAMS 0x0000000082e00000, 0x0000000082d00000| Complete 
|  46|0x0000000082e00000, 0x0000000082f00000, 0x0000000082f00000|100%| O|  |TAMS 0x0000000082f00000, 0x0000000082e00000| Complete 
|  47|0x0000000082f00000, 0x0000000083000000, 0x0000000083000000|100%| O|  |TAMS 0x0000000083000000, 0x0000000082f00000| Complete 
|  48|0x0000000083000000, 0x0000000083100000, 0x0000000083100000|100%| O|  |TAMS 0x0000000083100000, 0x0000000083000000| Complete 
|  49|0x0000000083100000, 0x0000000083200000, 0x0000000083200000|100%| O|  |TAMS 0x0000000083200000, 0x0000000083100000| Complete 
|  50|0x0000000083200000, 0x0000000083300000, 0x0000000083300000|100%| O|  |TAMS 0x0000000083300000, 0x0000000083200000| Untracked 
|  51|0x0000000083300000, 0x0000000083400000, 0x0000000083400000|100%| O|  |TAMS 0x0000000083400000, 0x0000000083300000| Untracked 
|  52|0x0000000083400000, 0x0000000083500000, 0x0000000083500000|100%| O|  |TAMS 0x0000000083500000, 0x0000000083400000| Complete 
|  53|0x0000000083500000, 0x0000000083600000, 0x0000000083600000|100%| O|  |TAMS 0x0000000083600000, 0x0000000083500000| Untracked 
|  54|0x0000000083600000, 0x0000000083700000, 0x0000000083700000|100%| O|  |TAMS 0x0000000083700000, 0x0000000083600000| Untracked 
|  55|0x0000000083700000, 0x0000000083800000, 0x0000000083800000|100%| O|  |TAMS 0x0000000083800000, 0x0000000083700000| Complete 
|  56|0x0000000083800000, 0x0000000083900000, 0x0000000083900000|100%| O|  |TAMS 0x0000000083900000, 0x0000000083800000| Untracked 
|  57|0x0000000083900000, 0x0000000083a00000, 0x0000000083a00000|100%| O|  |TAMS 0x0000000083a00000, 0x0000000083900000| Complete 
|  58|0x0000000083a00000, 0x0000000083b00000, 0x0000000083b00000|100%| O|  |TAMS 0x0000000083b00000, 0x0000000083a00000| Complete 
|  59|0x0000000083b00000, 0x0000000083c00000, 0x0000000083c00000|100%| O|  |TAMS 0x0000000083c00000, 0x0000000083b00000| Complete 
|  60|0x0000000083c00000, 0x0000000083d00000, 0x0000000083d00000|100%| O|  |TAMS 0x0000000083d00000, 0x0000000083c00000| Complete 
|  61|0x0000000083d00000, 0x0000000083e00000, 0x0000000083e00000|100%| O|  |TAMS 0x0000000083e00000, 0x0000000083d00000| Complete 
|  62|0x0000000083e00000, 0x0000000083f00000, 0x0000000083f00000|100%| O|  |TAMS 0x0000000083f00000, 0x0000000083e00000| Complete 
|  63|0x0000000083f00000, 0x0000000084000000, 0x0000000084000000|100%| O|  |TAMS 0x0000000084000000, 0x0000000083f00000| Complete 
|  64|0x0000000084000000, 0x0000000084100000, 0x0000000084100000|100%| O|  |TAMS 0x0000000084100000, 0x0000000084000000| Complete 
|  65|0x0000000084100000, 0x0000000084100000, 0x0000000084200000|  0%| F|  |TAMS 0x0000000084100000, 0x0000000084100000| Untracked 
|  66|0x0000000084200000, 0x0000000084300000, 0x0000000084300000|100%| O|  |TAMS 0x0000000084300000, 0x0000000084200000| Complete 
|  67|0x0000000084300000, 0x0000000084400000, 0x0000000084400000|100%| O|  |TAMS 0x0000000084400000, 0x0000000084300000| Complete 
|  68|0x0000000084400000, 0x0000000084500000, 0x0000000084500000|100%| O|  |TAMS 0x0000000084500000, 0x0000000084400000| Complete 
|  69|0x0000000084500000, 0x0000000084600000, 0x0000000084600000|100%| O|  |TAMS 0x0000000084600000, 0x0000000084500000| Complete 
|  70|0x0000000084600000, 0x0000000084700000, 0x0000000084700000|100%| O|  |TAMS 0x0000000084700000, 0x0000000084600000| Complete 
|  71|0x0000000084700000, 0x0000000084800000, 0x0000000084800000|100%| O|  |TAMS 0x0000000084800000, 0x0000000084700000| Complete 
|  72|0x0000000084800000, 0x0000000084900000, 0x0000000084900000|100%| O|  |TAMS 0x0000000084900000, 0x0000000084800000| Complete 
|  73|0x0000000084900000, 0x0000000084a00000, 0x0000000084a00000|100%| O|  |TAMS 0x0000000084a00000, 0x0000000084900000| Complete 
|  74|0x0000000084a00000, 0x0000000084b00000, 0x0000000084b00000|100%| O|  |TAMS 0x0000000084b00000, 0x0000000084a00000| Complete 
|  75|0x0000000084b00000, 0x0000000084c00000, 0x0000000084c00000|100%| O|  |TAMS 0x0000000084c00000, 0x0000000084b00000| Complete 
|  76|0x0000000084c00000, 0x0000000084d00000, 0x0000000084d00000|100%| O|  |TAMS 0x0000000084d00000, 0x0000000084c00000| Untracked 
|  77|0x0000000084d00000, 0x0000000084e00000, 0x0000000084e00000|100%| O|  |TAMS 0x0000000084e00000, 0x0000000084d00000| Complete 
|  78|0x0000000084e00000, 0x0000000084f00000, 0x0000000084f00000|100%| O|  |TAMS 0x0000000084f00000, 0x0000000084e00000| Complete 
|  79|0x0000000084f00000, 0x0000000085000000, 0x0000000085000000|100%| O|  |TAMS 0x0000000085000000, 0x0000000084f00000| Complete 
|  80|0x0000000085000000, 0x0000000085100000, 0x0000000085100000|100%| O|  |TAMS 0x0000000085100000, 0x0000000085000000| Complete 
|  81|0x0000000085100000, 0x0000000085200000, 0x0000000085200000|100%| O|  |TAMS 0x0000000085200000, 0x0000000085100000| Complete 
|  82|0x0000000085200000, 0x0000000085300000, 0x0000000085300000|100%| O|  |TAMS 0x0000000085300000, 0x0000000085200000| Complete 
|  83|0x0000000085300000, 0x0000000085400000, 0x0000000085400000|100%| O|  |TAMS 0x0000000085400000, 0x0000000085300000| Complete 
|  84|0x0000000085400000, 0x0000000085500000, 0x0000000085500000|100%| O|  |TAMS 0x0000000085500000, 0x0000000085400000| Complete 
|  85|0x0000000085500000, 0x0000000085600000, 0x0000000085600000|100%| O|  |TAMS 0x0000000085600000, 0x0000000085500000| Untracked 
|  86|0x0000000085600000, 0x0000000085700000, 0x0000000085700000|100%| O|  |TAMS 0x0000000085700000, 0x0000000085600000| Untracked 
|  87|0x0000000085700000, 0x0000000085800000, 0x0000000085800000|100%| O|  |TAMS 0x0000000085800000, 0x0000000085700000| Untracked 
|  88|0x0000000085800000, 0x0000000085900000, 0x0000000085900000|100%| O|  |TAMS 0x0000000085900000, 0x0000000085800000| Complete 
|  89|0x0000000085900000, 0x0000000085a00000, 0x0000000085a00000|100%| O|  |TAMS 0x0000000085a00000, 0x0000000085900000| Complete 
|  90|0x0000000085a00000, 0x0000000085a00000, 0x0000000085b00000|  0%| F|  |TAMS 0x0000000085a00000, 0x0000000085a00000| Untracked 
|  91|0x0000000085b00000, 0x0000000085c00000, 0x0000000085c00000|100%| O|  |TAMS 0x0000000085c00000, 0x0000000085b00000| Untracked 
|  92|0x0000000085c00000, 0x0000000085d00000, 0x0000000085d00000|100%| O|  |TAMS 0x0000000085d00000, 0x0000000085c00000| Complete 
|  93|0x0000000085d00000, 0x0000000085e00000, 0x0000000085e00000|100%| O|  |TAMS 0x0000000085e00000, 0x0000000085d00000| Untracked 
|  94|0x0000000085e00000, 0x0000000085f00000, 0x0000000085f00000|100%| O|  |TAMS 0x0000000085f00000, 0x0000000085e00000| Untracked 
|  95|0x0000000085f00000, 0x0000000086000000, 0x0000000086000000|100%|HS|  |TAMS 0x0000000086000000, 0x0000000085f00000| Complete 
|  96|0x0000000086000000, 0x0000000086100000, 0x0000000086100000|100%|HC|  |TAMS 0x0000000086100000, 0x0000000086000000| Complete 
|  97|0x0000000086100000, 0x0000000086200000, 0x0000000086200000|100%|HC|  |TAMS 0x0000000086200000, 0x0000000086100000| Complete 
|  98|0x0000000086200000, 0x0000000086300000, 0x0000000086300000|100%| O|  |TAMS 0x0000000086300000, 0x0000000086200000| Untracked 
|  99|0x0000000086300000, 0x0000000086400000, 0x0000000086400000|100%| O|  |TAMS 0x0000000086400000, 0x0000000086300000| Untracked 
| 100|0x0000000086400000, 0x0000000086500000, 0x0000000086500000|100%| O|  |TAMS 0x0000000086500000, 0x0000000086400000| Complete 
| 101|0x0000000086500000, 0x0000000086600000, 0x0000000086600000|100%| O|  |TAMS 0x0000000086600000, 0x0000000086500000| Complete 
| 102|0x0000000086600000, 0x0000000086700000, 0x0000000086700000|100%| O|  |TAMS 0x0000000086700000, 0x0000000086600000| Untracked 
| 103|0x0000000086700000, 0x0000000086800000, 0x0000000086800000|100%| O|  |TAMS 0x0000000086800000, 0x0000000086700000| Untracked 
| 104|0x0000000086800000, 0x0000000086900000, 0x0000000086900000|100%| O|  |TAMS 0x0000000086900000, 0x0000000086800000| Untracked 
| 105|0x0000000086900000, 0x0000000086a00000, 0x0000000086a00000|100%| O|  |TAMS 0x0000000086a00000, 0x0000000086900000| Untracked 
| 106|0x0000000086a00000, 0x0000000086b00000, 0x0000000086b00000|100%| O|  |TAMS 0x0000000086b00000, 0x0000000086a00000| Untracked 
| 107|0x0000000086b00000, 0x0000000086c00000, 0x0000000086c00000|100%| O|  |TAMS 0x0000000086c00000, 0x0000000086b00000| Untracked 
| 108|0x0000000086c00000, 0x0000000086d00000, 0x0000000086d00000|100%| O|  |TAMS 0x0000000086d00000, 0x0000000086c00000| Untracked 
| 109|0x0000000086d00000, 0x0000000086e00000, 0x0000000086e00000|100%| O|  |TAMS 0x0000000086e00000, 0x0000000086d00000| Complete 
| 110|0x0000000086e00000, 0x0000000086f00000, 0x0000000086f00000|100%| O|  |TAMS 0x0000000086f00000, 0x0000000086e00000| Complete 
| 111|0x0000000086f00000, 0x0000000087000000, 0x0000000087000000|100%| O|  |TAMS 0x0000000087000000, 0x0000000086f00000| Complete 
| 112|0x0000000087000000, 0x0000000087100000, 0x0000000087100000|100%| O|  |TAMS 0x0000000087100000, 0x0000000087000000| Untracked 
| 113|0x0000000087100000, 0x0000000087200000, 0x0000000087200000|100%| O|  |TAMS 0x0000000087200000, 0x0000000087100000| Complete 
| 114|0x0000000087200000, 0x0000000087300000, 0x0000000087300000|100%| O|  |TAMS 0x0000000087300000, 0x0000000087200000| Untracked 
| 115|0x0000000087300000, 0x0000000087400000, 0x0000000087400000|100%| O|  |TAMS 0x0000000087400000, 0x0000000087300000| Untracked 
| 116|0x0000000087400000, 0x0000000087500000, 0x0000000087500000|100%| O|  |TAMS 0x0000000087500000, 0x0000000087400000| Complete 
| 117|0x0000000087500000, 0x0000000087600000, 0x0000000087600000|100%| O|  |TAMS 0x0000000087600000, 0x0000000087500000| Untracked 
| 118|0x0000000087600000, 0x0000000087700000, 0x0000000087700000|100%| O|  |TAMS 0x0000000087700000, 0x0000000087600000| Untracked 
| 119|0x0000000087700000, 0x0000000087800000, 0x0000000087800000|100%| O|  |TAMS 0x0000000087800000, 0x0000000087700000| Untracked 
| 120|0x0000000087800000, 0x0000000087900000, 0x0000000087900000|100%| O|  |TAMS 0x0000000087900000, 0x0000000087800000| Complete 
| 121|0x0000000087900000, 0x0000000087a00000, 0x0000000087a00000|100%| O|  |TAMS 0x0000000087a00000, 0x0000000087900000| Untracked 
| 122|0x0000000087a00000, 0x0000000087b00000, 0x0000000087b00000|100%| O|  |TAMS 0x0000000087b00000, 0x0000000087a00000| Untracked 
| 123|0x0000000087b00000, 0x0000000087b32400, 0x0000000087c00000| 19%| O|  |TAMS 0x0000000087b32400, 0x0000000087b00000| Untracked 
| 124|0x0000000087c00000, 0x0000000087c00000, 0x0000000087d00000|  0%| F|  |TAMS 0x0000000087c00000, 0x0000000087c00000| Untracked 
| 125|0x0000000087d00000, 0x0000000087d00000, 0x0000000087e00000|  0%| F|  |TAMS 0x0000000087d00000, 0x0000000087d00000| Untracked 
| 126|0x0000000087e00000, 0x0000000087e00000, 0x0000000087f00000|  0%| F|  |TAMS 0x0000000087e00000, 0x0000000087e00000| Untracked 
| 127|0x0000000087f00000, 0x0000000087f00000, 0x0000000088000000|  0%| F|  |TAMS 0x0000000087f00000, 0x0000000087f00000| Untracked 
| 128|0x0000000088000000, 0x0000000088000000, 0x0000000088100000|  0%| F|  |TAMS 0x0000000088000000, 0x0000000088000000| Untracked 
| 129|0x0000000088100000, 0x0000000088100000, 0x0000000088200000|  0%| F|  |TAMS 0x0000000088100000, 0x0000000088100000| Untracked 
| 130|0x0000000088200000, 0x0000000088200000, 0x0000000088300000|  0%| F|  |TAMS 0x0000000088200000, 0x0000000088200000| Untracked 
| 131|0x0000000088300000, 0x0000000088400000, 0x0000000088400000|100%| O|  |TAMS 0x0000000088400000, 0x0000000088300000| Untracked 
| 132|0x0000000088400000, 0x0000000088500000, 0x0000000088500000|100%| O|  |TAMS 0x0000000088500000, 0x0000000088400000| Untracked 
| 133|0x0000000088500000, 0x0000000088600000, 0x0000000088600000|100%| O|  |TAMS 0x0000000088600000, 0x0000000088500000| Complete 
| 134|0x0000000088600000, 0x0000000088700000, 0x0000000088700000|100%| O|  |TAMS 0x0000000088700000, 0x0000000088600000| Untracked 
| 135|0x0000000088700000, 0x0000000088800000, 0x0000000088800000|100%| O|  |TAMS 0x0000000088800000, 0x0000000088700000| Complete 
| 136|0x0000000088800000, 0x0000000088800000, 0x0000000088900000|  0%| F|  |TAMS 0x0000000088800000, 0x0000000088800000| Untracked 
| 137|0x0000000088900000, 0x0000000088a00000, 0x0000000088a00000|100%| O|  |TAMS 0x0000000088a00000, 0x0000000088900000| Untracked 
| 138|0x0000000088a00000, 0x0000000088a00000, 0x0000000088b00000|  0%| F|  |TAMS 0x0000000088a00000, 0x0000000088a00000| Untracked 
| 139|0x0000000088b00000, 0x0000000088b00000, 0x0000000088c00000|  0%| F|  |TAMS 0x0000000088b00000, 0x0000000088b00000| Untracked 
| 140|0x0000000088c00000, 0x0000000088c00000, 0x0000000088d00000|  0%| F|  |TAMS 0x0000000088c00000, 0x0000000088c00000| Untracked 
| 141|0x0000000088d00000, 0x0000000088d00000, 0x0000000088e00000|  0%| F|  |TAMS 0x0000000088d00000, 0x0000000088d00000| Untracked 
| 142|0x0000000088e00000, 0x0000000088e00000, 0x0000000088f00000|  0%| F|  |TAMS 0x0000000088e00000, 0x0000000088e00000| Untracked 
| 143|0x0000000088f00000, 0x0000000088f00000, 0x0000000089000000|  0%| F|  |TAMS 0x0000000088f00000, 0x0000000088f00000| Untracked 
| 144|0x0000000089000000, 0x0000000089000000, 0x0000000089100000|  0%| F|  |TAMS 0x0000000089000000, 0x0000000089000000| Untracked 
| 145|0x0000000089100000, 0x0000000089100000, 0x0000000089200000|  0%| F|  |TAMS 0x0000000089100000, 0x0000000089100000| Untracked 
| 146|0x0000000089200000, 0x0000000089200000, 0x0000000089300000|  0%| F|  |TAMS 0x0000000089200000, 0x0000000089200000| Untracked 
| 147|0x0000000089300000, 0x0000000089300000, 0x0000000089400000|  0%| F|  |TAMS 0x0000000089300000, 0x0000000089300000| Untracked 
| 148|0x0000000089400000, 0x0000000089400000, 0x0000000089500000|  0%| F|  |TAMS 0x0000000089400000, 0x0000000089400000| Untracked 
| 149|0x0000000089500000, 0x0000000089500000, 0x0000000089600000|  0%| F|  |TAMS 0x0000000089500000, 0x0000000089500000| Untracked 
| 150|0x0000000089600000, 0x0000000089600000, 0x0000000089700000|  0%| F|  |TAMS 0x0000000089600000, 0x0000000089600000| Untracked 
| 151|0x0000000089700000, 0x0000000089700000, 0x0000000089800000|  0%| F|  |TAMS 0x0000000089700000, 0x0000000089700000| Untracked 
| 152|0x0000000089800000, 0x0000000089800000, 0x0000000089900000|  0%| F|  |TAMS 0x0000000089800000, 0x0000000089800000| Untracked 
| 153|0x0000000089900000, 0x0000000089900000, 0x0000000089a00000|  0%| F|  |TAMS 0x0000000089900000, 0x0000000089900000| Untracked 
| 154|0x0000000089a00000, 0x0000000089a00000, 0x0000000089b00000|  0%| F|  |TAMS 0x0000000089a00000, 0x0000000089a00000| Untracked 
| 155|0x0000000089b00000, 0x0000000089b00000, 0x0000000089c00000|  0%| F|  |TAMS 0x0000000089b00000, 0x0000000089b00000| Untracked 
| 156|0x0000000089c00000, 0x0000000089c00000, 0x0000000089d00000|  0%| F|  |TAMS 0x0000000089c00000, 0x0000000089c00000| Untracked 
| 157|0x0000000089d00000, 0x0000000089d00000, 0x0000000089e00000|  0%| F|  |TAMS 0x0000000089d00000, 0x0000000089d00000| Untracked 
| 158|0x0000000089e00000, 0x0000000089e00000, 0x0000000089f00000|  0%| F|  |TAMS 0x0000000089e00000, 0x0000000089e00000| Untracked 
| 159|0x0000000089f00000, 0x0000000089f00000, 0x000000008a000000|  0%| F|  |TAMS 0x0000000089f00000, 0x0000000089f00000| Untracked 
| 160|0x000000008a000000, 0x000000008a000000, 0x000000008a100000|  0%| F|  |TAMS 0x000000008a000000, 0x000000008a000000| Untracked 
| 161|0x000000008a100000, 0x000000008a100000, 0x000000008a200000|  0%| F|  |TAMS 0x000000008a100000, 0x000000008a100000| Untracked 
| 162|0x000000008a200000, 0x000000008a200000, 0x000000008a300000|  0%| F|  |TAMS 0x000000008a200000, 0x000000008a200000| Untracked 
| 163|0x000000008a300000, 0x000000008a3eb318, 0x000000008a400000| 91%| S|  |TAMS 0x000000008a300000, 0x000000008a300000| Complete 
| 164|0x000000008a400000, 0x000000008a500000, 0x000000008a500000|100%| S|  |TAMS 0x000000008a400000, 0x000000008a400000| Complete 
| 165|0x000000008a500000, 0x000000008a56cc00, 0x000000008a600000| 42%| E|CS|TAMS 0x000000008a500000, 0x000000008a500000| Complete 
| 166|0x000000008a600000, 0x000000008a700000, 0x000000008a700000|100%| E|CS|TAMS 0x000000008a600000, 0x000000008a600000| Complete 
| 167|0x000000008a700000, 0x000000008a7fce78, 0x000000008a800000| 98%| E|CS|TAMS 0x000000008a700000, 0x000000008a700000| Complete 
| 168|0x000000008a800000, 0x000000008a900000, 0x000000008a900000|100%| E|CS|TAMS 0x000000008a800000, 0x000000008a800000| Complete 
| 169|0x000000008a900000, 0x000000008aa00000, 0x000000008aa00000|100%| E|CS|TAMS 0x000000008a900000, 0x000000008a900000| Complete 
| 170|0x000000008aa00000, 0x000000008ab00000, 0x000000008ab00000|100%| E|CS|TAMS 0x000000008aa00000, 0x000000008aa00000| Complete 
| 171|0x000000008ab00000, 0x000000008ac00000, 0x000000008ac00000|100%| E|CS|TAMS 0x000000008ab00000, 0x000000008ab00000| Complete 
| 172|0x000000008ac00000, 0x000000008ad00000, 0x000000008ad00000|100%| E|CS|TAMS 0x000000008ac00000, 0x000000008ac00000| Complete 
| 173|0x000000008ad00000, 0x000000008ae00000, 0x000000008ae00000|100%| E|CS|TAMS 0x000000008ad00000, 0x000000008ad00000| Complete 
| 174|0x000000008ae00000, 0x000000008af00000, 0x000000008af00000|100%| E|CS|TAMS 0x000000008ae00000, 0x000000008ae00000| Complete 
| 175|0x000000008af00000, 0x000000008b000000, 0x000000008b000000|100%| E|CS|TAMS 0x000000008af00000, 0x000000008af00000| Complete 
| 176|0x000000008b000000, 0x000000008b100000, 0x000000008b100000|100%| E|CS|TAMS 0x000000008b000000, 0x000000008b000000| Complete 
| 177|0x000000008b100000, 0x000000008b200000, 0x000000008b200000|100%| E|CS|TAMS 0x000000008b100000, 0x000000008b100000| Complete 
| 178|0x000000008b200000, 0x000000008b300000, 0x000000008b300000|100%| E|CS|TAMS 0x000000008b200000, 0x000000008b200000| Complete 
| 179|0x000000008b300000, 0x000000008b400000, 0x000000008b400000|100%| E|CS|TAMS 0x000000008b300000, 0x000000008b300000| Complete 
| 180|0x000000008b400000, 0x000000008b500000, 0x000000008b500000|100%| E|CS|TAMS 0x000000008b400000, 0x000000008b400000| Complete 
| 181|0x000000008b500000, 0x000000008b600000, 0x000000008b600000|100%| E|CS|TAMS 0x000000008b500000, 0x000000008b500000| Complete 
| 182|0x000000008b600000, 0x000000008b700000, 0x000000008b700000|100%| E|CS|TAMS 0x000000008b600000, 0x000000008b600000| Complete 
| 183|0x000000008b700000, 0x000000008b800000, 0x000000008b800000|100%| E|CS|TAMS 0x000000008b700000, 0x000000008b700000| Complete 
| 184|0x000000008b800000, 0x000000008b900000, 0x000000008b900000|100%| E|CS|TAMS 0x000000008b800000, 0x000000008b800000| Complete 
| 185|0x000000008b900000, 0x000000008ba00000, 0x000000008ba00000|100%| E|CS|TAMS 0x000000008b900000, 0x000000008b900000| Complete 
| 186|0x000000008ba00000, 0x000000008bb00000, 0x000000008bb00000|100%| E|CS|TAMS 0x000000008ba00000, 0x000000008ba00000| Complete 
| 187|0x000000008bb00000, 0x000000008bc00000, 0x000000008bc00000|100%| E|CS|TAMS 0x000000008bb00000, 0x000000008bb00000| Complete 
| 188|0x000000008bc00000, 0x000000008bd00000, 0x000000008bd00000|100%| E|CS|TAMS 0x000000008bc00000, 0x000000008bc00000| Complete 
| 189|0x000000008bd00000, 0x000000008be00000, 0x000000008be00000|100%| E|CS|TAMS 0x000000008bd00000, 0x000000008bd00000| Complete 
| 190|0x000000008be00000, 0x000000008bf00000, 0x000000008bf00000|100%| E|CS|TAMS 0x000000008be00000, 0x000000008be00000| Complete 
| 191|0x000000008bf00000, 0x000000008c000000, 0x000000008c000000|100%| E|CS|TAMS 0x000000008bf00000, 0x000000008bf00000| Complete 
| 192|0x000000008c000000, 0x000000008c100000, 0x000000008c100000|100%| E|CS|TAMS 0x000000008c000000, 0x000000008c000000| Complete 
| 193|0x000000008c100000, 0x000000008c200000, 0x000000008c200000|100%| E|CS|TAMS 0x000000008c100000, 0x000000008c100000| Complete 
| 194|0x000000008c200000, 0x000000008c300000, 0x000000008c300000|100%| E|CS|TAMS 0x000000008c200000, 0x000000008c200000| Complete 
| 195|0x000000008c300000, 0x000000008c400000, 0x000000008c400000|100%| E|CS|TAMS 0x000000008c300000, 0x000000008c300000| Complete 
| 196|0x000000008c400000, 0x000000008c500000, 0x000000008c500000|100%| E|CS|TAMS 0x000000008c400000, 0x000000008c400000| Complete 
| 197|0x000000008c500000, 0x000000008c600000, 0x000000008c600000|100%| E|CS|TAMS 0x000000008c500000, 0x000000008c500000| Complete 

Card table byte_map: [0x0000019b66740000,0x0000019b66b40000] _byte_map_base: 0x0000019b66340000

Marking Bits (Prev, Next): (CMBitMap*) 0x0000019b533aa1c0, (CMBitMap*) 0x0000019b533aa188
 Prev Bits: [0x0000019b68f40000, 0x0000019b6af40000)
 Next Bits: [0x0000019b66f40000, 0x0000019b68f40000)

Polling page: 0x0000019b56cf0000

Metaspace:

Usage:
  Non-class:    110.69 MB capacity,   108.68 MB ( 98%) used,     1.64 MB (  1%) free+waste,   375.19 KB ( <1%) overhead. 
      Class:     16.41 MB capacity,    15.26 MB ( 93%) used,  1009.39 KB (  6%) free+waste,   164.50 KB ( <1%) overhead. 
       Both:    127.10 MB capacity,   123.95 MB ( 98%) used,     2.62 MB (  2%) free+waste,   539.69 KB ( <1%) overhead. 

Virtual space:
  Non-class space:      114.00 MB reserved,     112.29 MB ( 98%) committed 
      Class space:        1.00 GB reserved,      16.75 MB (  2%) committed 
             Both:        1.11 GB reserved,     129.04 MB ( 11%) committed 

Chunk freelists:
   Non-Class:  1.60 MB
       Class:  285.00 KB
        Both:  1.87 MB

MaxMetaspaceSize: 17179869184.00 GB
CompressedClassSpaceSize: 1.00 GB

CodeHeap 'non-profiled nmethods': size=120064Kb used=12115Kb max_used=12115Kb free=107948Kb
 bounds [0x0000019b5e7d0000, 0x0000019b5f3b0000, 0x0000019b65d10000]
CodeHeap 'profiled nmethods': size=120000Kb used=43200Kb max_used=43200Kb free=76799Kb
 bounds [0x0000019b572a0000, 0x0000019b59ce0000, 0x0000019b5e7d0000]
CodeHeap 'non-nmethods': size=5696Kb used=2356Kb max_used=2411Kb free=3339Kb
 bounds [0x0000019b56d10000, 0x0000019b56f80000, 0x0000019b572a0000]
 total_blobs=19677 nmethods=18678 adapters=909
 compilation: enabled
              stopped_count=0, restarted_count=0
 full_count=0

Compilation events (20 events):
Event: 405.283 Thread 0x0000019b6d587000 nmethod 19560 0x0000019b59cd8b90 code [0x0000019b59cd8d60, 0x0000019b59cd9118]
Event: 405.285 Thread 0x0000019b6d587000 19561       3       java.lang.System::lineSeparator (4 bytes)
Event: 405.285 Thread 0x0000019b6d587000 nmethod 19561 0x0000019b573abe90 code [0x0000019b573ac040, 0x0000019b573ac138]
Event: 405.286 Thread 0x0000019b6d587000 19562       3       com.google.gson.stream.JsonWriter::beginArray (12 bytes)
Event: 405.286 Thread 0x0000019b6d587000 nmethod 19562 0x0000019b59cd9290 code [0x0000019b59cd94a0, 0x0000019b59cd9888]
Event: 405.286 Thread 0x0000019b6d587000 19563       3       com.google.gson.stream.JsonWriter::endArray (9 bytes)
Event: 405.286 Thread 0x0000019b6d587000 nmethod 19563 0x0000019b59cd9a10 code [0x0000019b59cd9bc0, 0x0000019b59cd9d08]
Event: 405.286 Thread 0x0000019b6d587000 19564       3       com.google.common.collect.SingletonImmutableList::iterator (5 bytes)
Event: 405.286 Thread 0x0000019b6d587000 nmethod 19564 0x0000019b59cd9d90 code [0x0000019b59cd9f60, 0x0000019b59cda2f8]
Event: 405.286 Thread 0x0000019b6d587000 19565       3       com.google.common.collect.SingletonImmutableList::iterator (8 bytes)
Event: 405.286 Thread 0x0000019b6d587000 nmethod 19565 0x0000019b59cda490 code [0x0000019b59cda660, 0x0000019b59cda998]
Event: 405.289 Thread 0x0000019b6d584000 nmethod 19559 0x0000019b5f3a4490 code [0x0000019b5f3a4640, 0x0000019b5f3a4af8]
Event: 405.301 Thread 0x0000019b6d584000 19566       4       org.gradle.cache.internal.DefaultCacheAccess$UnitOfWorkFileAccess::writeFile (14 bytes)
Event: 405.304 Thread 0x0000019b6d587000 19568       3       java.io.PrintWriter::println (5 bytes)
Event: 405.305 Thread 0x0000019b6d587000 nmethod 19568 0x0000019b59cdab10 code [0x0000019b59cdacc0, 0x0000019b59cdade8]
Event: 405.305 Thread 0x0000019b6d587000 19569   !   3       java.io.PrintWriter::newLine (65 bytes)
Event: 405.305 Thread 0x0000019b6d587000 nmethod 19569 0x0000019b59cdae90 code [0x0000019b59cdb0c0, 0x0000019b59cdb858]
Event: 405.305 Thread 0x0000019b6d587000 19572       3       java.lang.Throwable$WrappedPrintWriter::println (9 bytes)
Event: 405.305 Thread 0x0000019b6d587000 nmethod 19572 0x0000019b59cdbb90 code [0x0000019b59cdbd40, 0x0000019b59cdbf08]
Event: 405.305 Thread 0x0000019b6d587000 19570       3       java.lang.StackTraceElement::toString (322 bytes)

GC Heap History (20 events):
Event: 400.560 GC heap after
{Heap after GC invocations=65 (full 0):
 garbage-first heap   total 202752K, used 123682K [0x0000000080000000, 0x0000000100000000)
  region size 1024K, 4 young (4096K), 4 survivors (4096K)
 Metaspace       used 126458K, capacity 129595K, committed 132132K, reserved 1165312K
  class space    used 15596K, capacity 16752K, committed 17152K, reserved 1048576K
}
Event: 401.068 GC heap before
{Heap before GC invocations=66 (full 0):
 garbage-first heap   total 202752K, used 152354K [0x0000000080000000, 0x0000000100000000)
  region size 1024K, 32 young (32768K), 4 survivors (4096K)
 Metaspace       used 126619K, capacity 129816K, committed 132132K, reserved 1165312K
  class space    used 15600K, capacity 16760K, committed 17152K, reserved 1048576K
}
Event: 401.078 GC heap after
{Heap after GC invocations=67 (full 0):
 garbage-first heap   total 202752K, used 123170K [0x0000000080000000, 0x0000000100000000)
  region size 1024K, 3 young (3072K), 3 survivors (3072K)
 Metaspace       used 126619K, capacity 129816K, committed 132132K, reserved 1165312K
  class space    used 15600K, capacity 16760K, committed 17152K, reserved 1048576K
}
Event: 401.166 GC heap before
{Heap before GC invocations=67 (full 0):
 garbage-first heap   total 202752K, used 129314K [0x0000000080000000, 0x0000000100000000)
  region size 1024K, 9 young (9216K), 3 survivors (3072K)
 Metaspace       used 126619K, capacity 129816K, committed 132132K, reserved 1165312K
  class space    used 15600K, capacity 16760K, committed 17152K, reserved 1048576K
}
Event: 401.186 GC heap after
{Heap after GC invocations=68 (full 0):
 garbage-first heap   total 202752K, used 111557K [0x0000000080000000, 0x0000000100000000)
  region size 1024K, 1 young (1024K), 1 survivors (1024K)
 Metaspace       used 126619K, capacity 129816K, committed 132132K, reserved 1165312K
  class space    used 15600K, capacity 16760K, committed 17152K, reserved 1048576K
}
Event: 401.390 GC heap before
{Heap before GC invocations=68 (full 0):
 garbage-first heap   total 202752K, used 126917K [0x0000000080000000, 0x0000000100000000)
  region size 1024K, 17 young (17408K), 1 survivors (1024K)
 Metaspace       used 126629K, capacity 129816K, committed 132132K, reserved 1165312K
  class space    used 15600K, capacity 16760K, committed 17152K, reserved 1048576K
}
Event: 401.397 GC heap after
{Heap after GC invocations=69 (full 0):
 garbage-first heap   total 202752K, used 111741K [0x0000000080000000, 0x0000000100000000)
  region size 1024K, 1 young (1024K), 1 survivors (1024K)
 Metaspace       used 126629K, capacity 129816K, committed 132132K, reserved 1165312K
  class space    used 15600K, capacity 16760K, committed 17152K, reserved 1048576K
}
Event: 402.012 GC heap before
{Heap before GC invocations=70 (full 0):
 garbage-first heap   total 202752K, used 154749K [0x0000000080000000, 0x0000000100000000)
  region size 1024K, 41 young (41984K), 1 survivors (1024K)
 Metaspace       used 126671K, capacity 129892K, committed 132132K, reserved 1165312K
  class space    used 15602K, capacity 16762K, committed 17152K, reserved 1048576K
}
Event: 402.025 GC heap after
{Heap after GC invocations=71 (full 0):
 garbage-first heap   total 202752K, used 125145K [0x0000000080000000, 0x0000000100000000)
  region size 1024K, 6 young (6144K), 6 survivors (6144K)
 Metaspace       used 126671K, capacity 129892K, committed 132132K, reserved 1165312K
  class space    used 15602K, capacity 16762K, committed 17152K, reserved 1048576K
}
Event: 402.043 GC heap before
{Heap before GC invocations=71 (full 0):
 garbage-first heap   total 202752K, used 128217K [0x0000000080000000, 0x0000000100000000)
  region size 1024K, 9 young (9216K), 6 survivors (6144K)
 Metaspace       used 126679K, capacity 129892K, committed 132132K, reserved 1165312K
  class space    used 15602K, capacity 16762K, committed 17152K, reserved 1048576K
}
Event: 402.055 GC heap after
{Heap after GC invocations=72 (full 0):
 garbage-first heap   total 202752K, used 125574K [0x0000000080000000, 0x0000000100000000)
  region size 1024K, 1 young (1024K), 1 survivors (1024K)
 Metaspace       used 126679K, capacity 129892K, committed 132132K, reserved 1165312K
  class space    used 15602K, capacity 16762K, committed 17152K, reserved 1048576K
}
Event: 402.115 GC heap before
{Heap before GC invocations=72 (full 0):
 garbage-first heap   total 202752K, used 132742K [0x0000000080000000, 0x0000000100000000)
  region size 1024K, 9 young (9216K), 1 survivors (1024K)
 Metaspace       used 126681K, capacity 129892K, committed 132132K, reserved 1165312K
  class space    used 15602K, capacity 16762K, committed 17152K, reserved 1048576K
}
Event: 402.124 GC heap after
{Heap after GC invocations=73 (full 0):
 garbage-first heap   total 202752K, used 131059K [0x0000000080000000, 0x0000000100000000)
  region size 1024K, 5 young (5120K), 5 survivors (5120K)
 Metaspace       used 126681K, capacity 129892K, committed 132132K, reserved 1165312K
  class space    used 15602K, capacity 16762K, committed 17152K, reserved 1048576K
}
Event: 402.944 GC heap before
{Heap before GC invocations=74 (full 0):
 garbage-first heap   total 202752K, used 175091K [0x0000000080000000, 0x0000000100000000)
  region size 1024K, 34 young (34816K), 5 survivors (5120K)
 Metaspace       used 126714K, capacity 129902K, committed 132132K, reserved 1165312K
  class space    used 15603K, capacity 16765K, committed 17152K, reserved 1048576K
}
Event: 402.953 GC heap after
{Heap after GC invocations=75 (full 0):
 garbage-first heap   total 202752K, used 131751K [0x0000000080000000, 0x0000000100000000)
  region size 1024K, 1 young (1024K), 1 survivors (1024K)
 Metaspace       used 126714K, capacity 129902K, committed 132132K, reserved 1165312K
  class space    used 15603K, capacity 16765K, committed 17152K, reserved 1048576K
}
Event: 403.036 GC heap before
{Heap before GC invocations=75 (full 0):
 garbage-first heap   total 202752K, used 138919K [0x0000000080000000, 0x0000000100000000)
  region size 1024K, 9 young (9216K), 1 survivors (1024K)
 Metaspace       used 126715K, capacity 129902K, committed 132132K, reserved 1165312K
  class space    used 15603K, capacity 16765K, committed 17152K, reserved 1048576K
}
Event: 403.050 GC heap after
{Heap after GC invocations=76 (full 0):
 garbage-first heap   total 202752K, used 131029K [0x0000000080000000, 0x0000000100000000)
  region size 1024K, 1 young (1024K), 1 survivors (1024K)
 Metaspace       used 126715K, capacity 129902K, committed 132132K, reserved 1165312K
  class space    used 15603K, capacity 16765K, committed 17152K, reserved 1048576K
}
Event: 403.262 GC heap before
{Heap before GC invocations=76 (full 0):
 garbage-first heap   total 202752K, used 160725K [0x0000000080000000, 0x0000000100000000)
  region size 1024K, 31 young (31744K), 1 survivors (1024K)
 Metaspace       used 126742K, capacity 129967K, committed 132132K, reserved 1165312K
  class space    used 15604K, capacity 16765K, committed 17152K, reserved 1048576K
}
Event: 403.266 GC heap after
{Heap after GC invocations=77 (full 0):
 garbage-first heap   total 202752K, used 131708K [0x0000000080000000, 0x0000000100000000)
  region size 1024K, 2 young (2048K), 2 survivors (2048K)
 Metaspace       used 126742K, capacity 129967K, committed 132132K, reserved 1165312K
  class space    used 15604K, capacity 16765K, committed 17152K, reserved 1048576K
}
Event: 405.309 GC heap before
{Heap before GC invocations=78 (full 0):
 garbage-first heap   total 202752K, used 162428K [0x0000000080000000, 0x0000000100000000)
  region size 1024K, 33 young (33792K), 2 survivors (2048K)
 Metaspace       used 126921K, capacity 130149K, committed 132132K, reserved 1165312K
  class space    used 15629K, capacity 16803K, committed 17152K, reserved 1048576K
}

Deoptimization events (20 events):
Event: 405.286 Thread 0x0000019b7a3ff800 Uncommon trap: trap_request=0xffffffde fr.pc=0x0000019b5f22f4b0 relative=0x00000000000009b0
Event: 405.286 Thread 0x0000019b7a3ff800 Uncommon trap: reason=class_check action=maybe_recompile pc=0x0000019b5f22f4b0 method=com.google.gson.stream.JsonWriter.string(Ljava/lang/String;)V @ 117 c2
Event: 405.286 Thread 0x0000019b7a3ff800 DEOPT PACKING pc=0x0000019b5f22f4b0 sp=0x00000037cd2fd4a0
Event: 405.286 Thread 0x0000019b7a3ff800 DEOPT UNPACKING pc=0x0000019b56d368a9 sp=0x00000037cd2fd438 mode 2
Event: 405.286 Thread 0x0000019b7a3ff800 Uncommon trap: trap_request=0xffffffde fr.pc=0x0000019b5e936fd4 relative=0x0000000000000514
Event: 405.286 Thread 0x0000019b7a3ff800 Uncommon trap: reason=class_check action=maybe_recompile pc=0x0000019b5e936fd4 method=java.lang.Throwable.<init>(Ljava/lang/String;Ljava/lang/Throwable;)V @ 24 c2
Event: 405.286 Thread 0x0000019b7a3ff800 DEOPT PACKING pc=0x0000019b5e936fd4 sp=0x00000037cd2fd620
Event: 405.286 Thread 0x0000019b7a3ff800 DEOPT UNPACKING pc=0x0000019b56d368a9 sp=0x00000037cd2fd600 mode 2
Event: 405.286 Thread 0x0000019b7a3ff800 Uncommon trap: trap_request=0xffffff4d fr.pc=0x0000019b5f2151c0 relative=0x0000000000005420
Event: 405.286 Thread 0x0000019b7a3ff800 Uncommon trap: reason=unstable_if action=reinterpret pc=0x0000019b5f2151c0 method=org.gradle.internal.operations.DefaultBuildOperationExecutor$ListenerAdapter.stop(Lorg/gradle/internal/operations/BuildOperationDescriptor;Lorg/gradle/internal/operations/Bu
Event: 405.286 Thread 0x0000019b7a3ff800 DEOPT PACKING pc=0x0000019b5f2151c0 sp=0x00000037cd2fe380
Event: 405.286 Thread 0x0000019b7a3ff800 DEOPT UNPACKING pc=0x0000019b56d368a9 sp=0x00000037cd2fe2a8 mode 2
Event: 405.287 Thread 0x0000019b7a401000 Uncommon trap: trap_request=0xffffff4d fr.pc=0x0000019b5f2151c0 relative=0x0000000000005420
Event: 405.287 Thread 0x0000019b7a401000 Uncommon trap: reason=unstable_if action=reinterpret pc=0x0000019b5f2151c0 method=org.gradle.internal.operations.DefaultBuildOperationExecutor$ListenerAdapter.stop(Lorg/gradle/internal/operations/BuildOperationDescriptor;Lorg/gradle/internal/operations/Bu
Event: 405.287 Thread 0x0000019b7a401000 DEOPT PACKING pc=0x0000019b5f2151c0 sp=0x00000037ccffc340
Event: 405.287 Thread 0x0000019b7a401000 DEOPT UNPACKING pc=0x0000019b56d368a9 sp=0x00000037ccffc268 mode 2
Event: 405.301 Thread 0x0000019b7a401000 Uncommon trap: trap_request=0xffffff4d fr.pc=0x0000019b5f2151c0 relative=0x0000000000005420
Event: 405.301 Thread 0x0000019b7a401000 Uncommon trap: reason=unstable_if action=reinterpret pc=0x0000019b5f2151c0 method=org.gradle.internal.operations.DefaultBuildOperationExecutor$ListenerAdapter.stop(Lorg/gradle/internal/operations/BuildOperationDescriptor;Lorg/gradle/internal/operations/Bu
Event: 405.301 Thread 0x0000019b7a401000 DEOPT PACKING pc=0x0000019b5f2151c0 sp=0x00000037ccffe6b0
Event: 405.301 Thread 0x0000019b7a401000 DEOPT UNPACKING pc=0x0000019b56d368a9 sp=0x00000037ccffe5d8 mode 2

Classes redefined (0 events):
No events

Internal exceptions (20 events):
Event: 334.179 Thread 0x0000019b75b79000 Exception <a 'sun/nio/fs/WindowsException'{0x000000008b3b9e78}> (0x000000008b3b9e78) thrown at [./src/hotspot/share/prims/jni.cpp, line 615]
Event: 334.182 Thread 0x0000019b75343800 Exception <a 'sun/nio/fs/WindowsException'{0x000000008b2933f8}> (0x000000008b2933f8) thrown at [./src/hotspot/share/prims/jni.cpp, line 615]
Event: 334.211 Thread 0x0000019b75b7f800 Exception <a 'sun/nio/fs/WindowsException'{0x000000008af56d70}> (0x000000008af56d70) thrown at [./src/hotspot/share/prims/jni.cpp, line 615]
Event: 334.226 Thread 0x0000019b75b7f800 Exception <a 'sun/nio/fs/WindowsException'{0x000000008af727d8}> (0x000000008af727d8) thrown at [./src/hotspot/share/prims/jni.cpp, line 615]
Event: 334.251 Thread 0x0000019b75b79000 Exception <a 'sun/nio/fs/WindowsException'{0x000000008aa5a5e0}> (0x000000008aa5a5e0) thrown at [./src/hotspot/share/prims/jni.cpp, line 615]
Event: 334.264 Thread 0x0000019b75b7f800 Exception <a 'sun/nio/fs/WindowsException'{0x000000008a804fe8}> (0x000000008a804fe8) thrown at [./src/hotspot/share/prims/jni.cpp, line 615]
Event: 334.467 Thread 0x0000019b75b7f000 Exception <a 'sun/nio/fs/WindowsException'{0x000000008c4b1360}> (0x000000008c4b1360) thrown at [./src/hotspot/share/prims/jni.cpp, line 615]
Event: 334.596 Thread 0x0000019b75b79000 Exception <a 'sun/nio/fs/WindowsException'{0x000000008be18e58}> (0x000000008be18e58) thrown at [./src/hotspot/share/prims/jni.cpp, line 615]
Event: 334.669 Thread 0x0000019b75b79000 Exception <a 'java/lang/NoSuchMethodError'{0x000000008bab09f8}: 'java.lang.Object java.lang.invoke.Invokers$Holder.linkToTargetMethod(java.lang.Object, java.lang.Object, java.lang.Object, java.lang.Object, int, java.lang.Object, java.lang.Object)'> (0x000000008bab09f8) thrown at [./src/hotspot/share/interpreter/linkResolver.cpp, line 773]
Event: 334.713 Thread 0x0000019b75b79000 Exception <a 'java/lang/NoSuchMethodError'{0x000000008b68e280}: 'java.lang.Object java.lang.invoke.DirectMethodHandle$Holder.invokeSpecial(java.lang.Object, java.lang.Object, java.lang.Object, java.lang.Object, java.lang.Object, java.lang.Object, java.lang.Object, int, java.lang.Object)'> (0x000000008b68e280) thrown at [./src/hotspot/share/interpreter/linkResolver.cpp, line 773]
Event: 334.713 Thread 0x0000019b75b79000 Exception <a 'java/lang/NoSuchMethodError'{0x000000008b6974a8}: 'java.lang.Object java.lang.invoke.DirectMethodHandle$Holder.invokeStatic(java.lang.Object, java.lang.Object, java.lang.Object, java.lang.Object, java.lang.Object, java.lang.Object, java.lang.Object, int)'> (0x000000008b6974a8) thrown at [./src/hotspot/share/interpreter/linkResolver.cpp, line 773]
Event: 334.713 Thread 0x0000019b75b79000 Exception <a 'java/lang/NoSuchMethodError'{0x000000008b69b4c8}: 'java.lang.Object java.lang.invoke.DirectMethodHandle$Holder.invokeSpecial(java.lang.Object, java.lang.Object, java.lang.Object, java.lang.Object, java.lang.Object, java.lang.Object, java.lang.Object, java.lang.Object, int)'> (0x000000008b69b4c8) thrown at [./src/hotspot/share/interpreter/linkResolver.cpp, line 773]
Event: 334.714 Thread 0x0000019b75b79000 Exception <a 'java/lang/NoSuchMethodError'{0x000000008b69eb60}: 'java.lang.Object java.lang.invoke.Invokers$Holder.linkToTargetMethod(java.lang.Object, java.lang.Object, java.lang.Object, java.lang.Object, java.lang.Object, java.lang.Object, int, java.lang.Object)'> (0x000000008b69eb60) thrown at [./src/hotspot/share/interpreter/linkResolver.cpp, line 773]
Event: 399.574 Thread 0x0000019b7534e000 Implicit null exception at 0x0000019b5ee4df29 to 0x0000019b5ee4e1ac
Event: 399.574 Thread 0x0000019b7534e000 Implicit null exception at 0x0000019b5ed3cc3f to 0x0000019b5ed3d5e0
Event: 399.951 Thread 0x0000019b7534e000 Implicit null exception at 0x0000019b5efcdefb to 0x0000019b5efcfffc
Event: 400.501 Thread 0x0000019b7534e000 Exception <a 'sun/nio/fs/WindowsException'{0x000000008c3347d8}> (0x000000008c3347d8) thrown at [./src/hotspot/share/prims/jni.cpp, line 615]
Event: 400.941 Thread 0x0000019b75359000 Implicit null exception at 0x0000019b5f1724cb to 0x0000019b5f172d70
Event: 405.229 Thread 0x0000019b7a3ff800 Exception <a 'sun/nio/fs/WindowsException'{0x000000008ac32488}> (0x000000008ac32488) thrown at [./src/hotspot/share/prims/jni.cpp, line 615]
Event: 405.229 Thread 0x0000019b7a3ff800 Exception <a 'sun/nio/fs/WindowsException'{0x000000008ac32748}> (0x000000008ac32748) thrown at [./src/hotspot/share/prims/jni.cpp, line 615]

Events (20 events):
Event: 405.287 loading class org/gradle/internal/exceptions/DefaultMultiCauseException$1 done
Event: 405.287 loading class org/gradle/internal/Try
Event: 405.287 loading class org/gradle/internal/Try done
Event: 405.287 loading class org/gradle/internal/execution/Result
Event: 405.287 loading class org/gradle/internal/execution/Result done
Event: 405.301 loading class org/gradle/internal/execution/history/changes/ChangeDetectorVisitor
Event: 405.301 loading class org/gradle/internal/execution/history/changes/ChangeDetectorVisitor done
Event: 405.302 loading class org/gradle/internal/build/event/types/DefaultFailure
Event: 405.302 loading class org/gradle/internal/build/event/types/DefaultFailure done
Event: 405.302 loading class org/gradle/tooling/internal/protocol/InternalFailure
Event: 405.302 loading class org/gradle/tooling/internal/protocol/InternalFailure done
Event: 405.302 loading class java/lang/Throwable$WrappedPrintWriter
Event: 405.302 loading class java/lang/Throwable$PrintStreamOrWriter
Event: 405.302 loading class java/lang/Throwable$PrintStreamOrWriter done
Event: 405.302 loading class java/lang/Throwable$WrappedPrintWriter done
Event: 405.304 Executing VM operation: RevokeBias
Event: 405.304 Executing VM operation: RevokeBias done
Event: 405.305 loading class org/gradle/tooling/events/task/internal/DefaultTaskFailureResult
Event: 405.305 loading class org/gradle/tooling/events/task/internal/DefaultTaskFailureResult done
Event: 405.308 Executing VM operation: G1CollectForAllocation


Dynamic libraries:
0x00007ff6ee7b0000 - 0x00007ff6ee7ba000 	C:\Program Files\Android\Android Studio\jre\bin\java.exe
0x00007ffe96530000 - 0x00007ffe96725000 	C:\Windows\SYSTEM32\ntdll.dll
0x00007ffe94d70000 - 0x00007ffe94e2d000 	C:\Windows\System32\KERNEL32.DLL
0x00007ffe94210000 - 0x00007ffe944d9000 	C:\Windows\System32\KERNELBASE.dll
0x00007ffe93fd0000 - 0x00007ffe940d0000 	C:\Windows\System32\ucrtbase.dll
0x00007ffe648e0000 - 0x00007ffe648f7000 	C:\Program Files\Android\Android Studio\jre\bin\VCRUNTIME140.dll
0x00007ffe63fd0000 - 0x00007ffe63fe9000 	C:\Program Files\Android\Android Studio\jre\bin\jli.dll
0x00007ffe95e80000 - 0x00007ffe96020000 	C:\Windows\System32\USER32.dll
0x00007ffe93f00000 - 0x00007ffe93f22000 	C:\Windows\System32\win32u.dll
0x00007ffe95d10000 - 0x00007ffe95d3a000 	C:\Windows\System32\GDI32.dll
0x00007ffe930f0000 - 0x00007ffe9338a000 	C:\Windows\WinSxS\amd64_microsoft.windows.common-controls_6595b64144ccf1df_6.0.19041.1110_none_60b5254171f9507e\COMCTL32.dll
0x00007ffe94100000 - 0x00007ffe9420b000 	C:\Windows\System32\gdi32full.dll
0x00007ffe96020000 - 0x00007ffe960be000 	C:\Windows\System32\msvcrt.dll
0x00007ffe93f30000 - 0x00007ffe93fcd000 	C:\Windows\System32\msvcp_win.dll
0x00007ffe95bc0000 - 0x00007ffe95bf0000 	C:\Windows\System32\IMM32.DLL
0x00007ffe49270000 - 0x00007ffe4930d000 	C:\Program Files\Android\Android Studio\jre\bin\msvcp140.dll
0x00007ffe53390000 - 0x00007ffe53e4c000 	C:\Program Files\Android\Android Studio\jre\bin\server\jvm.dll
0x00007ffe95620000 - 0x00007ffe956cc000 	C:\Windows\System32\ADVAPI32.dll
0x00007ffe95360000 - 0x00007ffe953fb000 	C:\Windows\System32\sechost.dll
0x00007ffe956d0000 - 0x00007ffe957fa000 	C:\Windows\System32\RPCRT4.dll
0x00007ffe94d60000 - 0x00007ffe94d68000 	C:\Windows\System32\PSAPI.DLL
0x00007ffe8b6a0000 - 0x00007ffe8b6a9000 	C:\Windows\SYSTEM32\WSOCK32.dll
0x00007ffe95e10000 - 0x00007ffe95e7b000 	C:\Windows\System32\WS2_32.dll
0x00007ffe698f0000 - 0x00007ffe69917000 	C:\Windows\SYSTEM32\WINMM.dll
0x00007ffe8d6a0000 - 0x00007ffe8d6aa000 	C:\Windows\SYSTEM32\VERSION.dll
0x00007ffe91540000 - 0x00007ffe91552000 	C:\Windows\SYSTEM32\kernel.appcore.dll
0x00007ffe8a650000 - 0x00007ffe8a661000 	C:\Program Files\Android\Android Studio\jre\bin\verify.dll
0x00007ffe93580000 - 0x00007ffe93764000 	C:\Windows\SYSTEM32\DBGHELP.DLL
0x00007ffe93550000 - 0x00007ffe9357c000 	C:\Windows\SYSTEM32\dbgcore.DLL
0x00007ffe93e70000 - 0x00007ffe93ef3000 	C:\Windows\System32\bcryptPrimitives.dll
0x00007ffe882b0000 - 0x00007ffe882d9000 	C:\Program Files\Android\Android Studio\jre\bin\java.dll
0x00007ffe8a640000 - 0x00007ffe8a64b000 	C:\Program Files\Android\Android Studio\jre\bin\jimage.dll
0x00007ffe88bc0000 - 0x00007ffe88bd8000 	C:\Program Files\Android\Android Studio\jre\bin\zip.dll
0x00007ffe94590000 - 0x00007ffe94ccf000 	C:\Windows\System32\SHELL32.dll
0x00007ffe91740000 - 0x00007ffe91ed0000 	C:\Windows\SYSTEM32\windows.storage.dll
0x00007ffe95860000 - 0x00007ffe95bb5000 	C:\Windows\System32\combase.dll
0x00007ffe92e40000 - 0x00007ffe92e6c000 	C:\Windows\SYSTEM32\Wldp.dll
0x00007ffe95d40000 - 0x00007ffe95dee000 	C:\Windows\System32\SHCORE.dll
0x00007ffe954e0000 - 0x00007ffe95535000 	C:\Windows\System32\shlwapi.dll
0x00007ffe93ba0000 - 0x00007ffe93bbf000 	C:\Windows\SYSTEM32\profapi.dll
0x00007ffe85050000 - 0x00007ffe8506a000 	C:\Program Files\Android\Android Studio\jre\bin\net.dll
0x00007ffe83350000 - 0x00007ffe83458000 	C:\Windows\SYSTEM32\WINHTTP.dll
0x00007ffe92cb0000 - 0x00007ffe92d1a000 	C:\Windows\system32\mswsock.dll
0x00007ffe818b0000 - 0x00007ffe818c4000 	C:\Program Files\Android\Android Studio\jre\bin\nio.dll
0x00007ffe882f0000 - 0x00007ffe88317000 	C:\Users\User\.gradle\native\fdc75f09e3144964f2cf3f50f0aa648679c211496f362492102eb8c894070792\windows-amd64\native-platform.dll
0x00007ffe61cf0000 - 0x00007ffe61e86000 	C:\Users\User\.gradle\native\12488b8bf47d2d4c9fbf2f6322a914ad602e24e48041cd04a747c6da556b65c4\windows-amd64\native-platform-file-events.dll
0x00007ffe841c0000 - 0x00007ffe841ca000 	C:\Program Files\Android\Android Studio\jre\bin\management.dll
0x00007ffe81a10000 - 0x00007ffe81a1c000 	C:\Program Files\Android\Android Studio\jre\bin\management_ext.dll
0x00007ffe93910000 - 0x00007ffe93928000 	C:\Windows\SYSTEM32\CRYPTSP.dll
0x00007ffe92670000 - 0x00007ffe926a4000 	C:\Windows\system32\rsaenh.dll
0x00007ffe940d0000 - 0x00007ffe940f7000 	C:\Windows\System32\bcrypt.dll
0x00007ffe93b60000 - 0x00007ffe93b8e000 	C:\Windows\SYSTEM32\USERENV.dll
0x00007ffe92ef0000 - 0x00007ffe92efc000 	C:\Windows\SYSTEM32\CRYPTBASE.dll
0x00007ffe929c0000 - 0x00007ffe929fb000 	C:\Windows\SYSTEM32\IPHLPAPI.DLL
0x00007ffe955a0000 - 0x00007ffe955a8000 	C:\Windows\System32\NSI.dll
0x00007ffe8c5c0000 - 0x00007ffe8c5d7000 	C:\Windows\SYSTEM32\dhcpcsvc6.DLL
0x00007ffe8c800000 - 0x00007ffe8c81d000 	C:\Windows\SYSTEM32\dhcpcsvc.DLL
0x00007ffe92a00000 - 0x00007ffe92acc000 	C:\Windows\SYSTEM32\DNSAPI.dll
0x00007ffe8c790000 - 0x00007ffe8c79b000 	C:\Windows\SYSTEM32\WINNSI.DLL
0x00007ffe938d0000 - 0x00007ffe93903000 	C:\Windows\SYSTEM32\ntmarta.dll
0x00007ffe8f420000 - 0x00007ffe8f43e000 	C:\Users\User\AppData\Local\Temp\native-platform5361233304976339534dir\native-platform.dll
0x00007ffe8f330000 - 0x00007ffe8f338000 	C:\Program Files\Android\Android Studio\jre\bin\rmi.dll
0x00007ffe644e0000 - 0x00007ffe64507000 	C:\Program Files\Android\Android Studio\jre\bin\sunec.dll

dbghelp: loaded successfully - version: 4.0.5 - missing functions: none
symbol engine: initialized successfully - sym options: 0x614 - pdb path: .;C:\Program Files\Android\Android Studio\jre\bin;C:\Windows\SYSTEM32;C:\Windows\WinSxS\amd64_microsoft.windows.common-controls_6595b64144ccf1df_6.0.19041.1110_none_60b5254171f9507e;C:\Program Files\Android\Android Studio\jre\bin\server;C:\Users\User\.gradle\native\fdc75f09e3144964f2cf3f50f0aa648679c211496f362492102eb8c894070792\windows-amd64;C:\Users\User\.gradle\native\12488b8bf47d2d4c9fbf2f6322a914ad602e24e48041cd04a747c6da556b65c4\windows-amd64;C:\Users\User\AppData\Local\Temp\native-platform5361233304976339534dir

VM Arguments:
jvm_args: --add-opens=java.base/java.util=ALL-UNNAMED --add-opens=java.base/java.lang=ALL-UNNAMED --add-opens=java.base/java.lang.invoke=ALL-UNNAMED --add-opens=java.prefs/java.util.prefs=ALL-UNNAMED -Xmx2048m -Dfile.encoding=UTF-8 -Duser.country=RU -Duser.language=ru -Duser.variant 
java_command: org.gradle.launcher.daemon.bootstrap.GradleDaemon 6.7.1
java_class_path (initial): C:\Users\User\.gradle\wrapper\dists\gradle-6.7.1-bin\bwlcbys1h7rz3272sye1xwiv6\gradle-6.7.1\lib\gradle-launcher-6.7.1.jar
Launcher Type: SUN_STANDARD

[Global flags]
     intx CICompilerCount                          = 3                                         {product} {ergonomic}
     uint ConcGCThreads                            = 1                                         {product} {ergonomic}
     uint G1ConcRefinementThreads                  = 4                                         {product} {ergonomic}
   size_t G1HeapRegionSize                         = 1048576                                   {product} {ergonomic}
    uintx GCDrainStackTargetSize                   = 64                                        {product} {ergonomic}
   size_t InitialHeapSize                          = 96468992                                  {product} {ergonomic}
   size_t MarkStackSize                            = 4194304                                   {product} {ergonomic}
   size_t MaxHeapSize                              = 2147483648                                {product} {command line}
   size_t MaxNewSize                               = 1287651328                                {product} {ergonomic}
   size_t MinHeapDeltaBytes                        = 1048576                                   {product} {ergonomic}
    uintx NonNMethodCodeHeapSize                   = 5830732                                {pd product} {ergonomic}
    uintx NonProfiledCodeHeapSize                  = 122913754                              {pd product} {ergonomic}
    uintx ProfiledCodeHeapSize                     = 122913754                              {pd product} {ergonomic}
    uintx ReservedCodeCacheSize                    = 251658240                              {pd product} {ergonomic}
     bool SegmentedCodeCache                       = true                                      {product} {ergonomic}
     bool UseCompressedClassPointers               = true                                 {lp64_product} {ergonomic}
     bool UseCompressedOops                        = true                                 {lp64_product} {ergonomic}
     bool UseG1GC                                  = true                                      {product} {ergonomic}
     bool UseLargePagesIndividualAllocation        = false                                  {pd product} {ergonomic}

Logging:
Log output configuration:
 #0: stdout all=warning uptime,level,tags
 #1: stderr all=off uptime,level,tags

Environment Variables:
PATH=C:\Program Files (x86)\Intel\Intel(R) Management Engine Components\iCLS\;C:\Program Files\Intel\Intel(R) Management Engine Components\iCLS\;C:\Windows\system32;C:\Windows;C:\Windows\System32\Wbem;C:\Windows\System32\WindowsPowerShell\v1.0\;C:\Windows\System32\OpenSSH\;C:\Program Files (x86)\Intel\Intel(R) Management Engine Components\DAL;C:\Program Files\Intel\Intel(R) Management Engine Components\DAL;C:\Program Files (x86)\Intel\Intel(R) Management Engine Components\IPT;C:\Program Files\Intel\Intel(R) Management Engine Components\IPT;C:\Program Files\Git\cmd;C:\Users\User\AppData\Local\Microsoft\WindowsApps;
USERNAME=User
OS=Windows_NT
PROCESSOR_IDENTIFIER=Intel64 Family 6 Model 158 Stepping 10, GenuineIntel



---------------  S Y S T E M  ---------------

OS: Windows 10 , 64 bit Build 19041 (10.0.19041.1151)
OS uptime: 0 days 6:01 hours

CPU:total 4 (initial active 4) (2 cores per cpu, 2 threads per core) family 6 model 158 stepping 10, cmov, cx8, fxsr, mmx, sse, sse2, sse3, ssse3, sse4.1, sse4.2, popcnt, aes, clmul, erms, 3dnowpref, lzcnt, ht, tsc, tscinvbit

Memory: 4k page, system-wide physical 5853M (776M free)
TotalPageFile size 8285M (AvailPageFile size 2831M)
current process WorkingSet (physical memory assigned to process): 543M, peak: 559M
current process commit charge ("private bytes"): 575M, peak: 593M

vm_info: OpenJDK 64-Bit Server VM (11.0.8+10-b944.6842174) for windows-amd64 JRE (11.0.8+10-b944.6842174), built on Sep 19 2020 01:11:42 by "builder" with MS VC++ 14.0 (VS2015)

END.
