#
# A fatal error has been detected by the Java Runtime Environment:
#
#  EXCEPTION_ACCESS_VIOLATION (0xc0000005) at pc=0x00007fffb43c8826, pid=936, tid=6672
#
# JRE version: OpenJDK Runtime Environment (11.0.8+10) (build 11.0.8+10-b944.6842174)
# Java VM: OpenJDK 64-Bit Server VM (11.0.8+10-b944.6842174, mixed mode, tiered, compressed oops, g1 gc, windows-amd64)
# Problematic frame:
# V  [jvm.dll+0x188826]
#
# No core dump will be written. Minidumps are not enabled by default on client versions of Windows
#
# If you would like to submit a bug report, please visit:
#   https://bugreport.java.com/bugreport/crash.jsp
#

---------------  S U M M A R Y ------------

Command Line: --add-opens=java.base/java.util=ALL-UNNAMED --add-opens=java.base/java.lang=ALL-UNNAMED --add-opens=java.base/java.lang.invoke=ALL-UNNAMED --add-opens=java.prefs/java.util.prefs=ALL-UNNAMED -Xmx2048m -Dfile.encoding=UTF-8 -Duser.country=RU -Duser.language=ru -Duser.variant org.gradle.launcher.daemon.bootstrap.GradleDaemon 6.7.1

Host: Intel(R) Pentium(R) Gold G5420 CPU @ 3.80GHz, 4 cores, 5G,  Windows 10 , 64 bit Build 19041 (10.0.19041.1151)
Time: Mon Aug 23 08:44:38 2021 Пакистан (зима) elapsed time: 802 seconds (0d 0h 13m 22s)

---------------  T H R E A D  ---------------

Current thread (0x000002892e156000):  ConcurrentGCThread "G1 Conc#0" [stack: 0x000000c4b1400000,0x000000c4b1500000] [id=6672]

Stack: [0x000000c4b1400000,0x000000c4b1500000],  sp=0x000000c4b14ff3e8,  free space=1020k
Native frames: (J=compiled Java code, j=interpreted, Vv=VM code, C=native code)
V  [jvm.dll+0x188826]


siginfo: EXCEPTION_ACCESS_VIOLATION (0xc0000005), reading address 0x0000000000000008


Register to memory mapping:

RIP=0x00007fffb43c8826 jvm.dll
RAX=0x0800200090004001 is an unknown value
RBX=0x00000000819bde40 is pointing into object: java.lang.Class 
{0x00000000819bde00} - klass: 'java/lang/Class'
RCX=0x00000000819bde40 is pointing into object: java.lang.Class 
{0x00000000819bde00} - klass: 'java/lang/Class'
RDX=0x00000000819bde40 is pointing into object: java.lang.Class 
{0x00000000819bde00} - klass: 'java/lang/Class'
RSP=0x000000c4b14ff3e8 points into unknown readable memory: ba 79 51 b4 ff 7f 00 00
RBP=0x000002892e14ac80 points into unknown readable memory: 00 38 15 2e 89 02 00 00
RSI=0x0000000000000001 is an unknown value
RDI=0x0 is NULL
R8 =0x0800200090004001 is an unknown value
R9 =0x0 is NULL
R10=0x000002892e14ac80 points into unknown readable memory: 00 38 15 2e 89 02 00 00
R11=0x346dc5d63886594b is an unknown value
R12=0x000000000000000c is an unknown value
R13=0xaaaaaaaaaaaaaaab is an unknown value
R14=0x0 is NULL
R15=0x00000000819b5620 is an oop: java.security.Permissions 
{0x00000000819b5620} - klass: 'java/security/Permissions'


Registers:
RAX=0x0800200090004001, RBX=0x00000000819bde40, RCX=0x00000000819bde40, RDX=0x00000000819bde40
RSP=0x000000c4b14ff3e8, RBP=0x000002892e14ac80, RSI=0x0000000000000001, RDI=0x0000000000000000
R8 =0x0800200090004001, R9 =0x0000000000000000, R10=0x000002892e14ac80, R11=0x346dc5d63886594b
R12=0x000000000000000c, R13=0xaaaaaaaaaaaaaaab, R14=0x0000000000000000, R15=0x00000000819b5620
RIP=0x00007fffb43c8826, EFLAGS=0x0000000000010246

Top of Stack: (sp=0x000000c4b14ff3e8)
0x000000c4b14ff3e8:   00007fffb45179ba 00000000819bde40
0x000000c4b14ff3f8:   00000001000784b8 000002892e123790
0x000000c4b14ff408:   000000c4b14ff628 00000001000784c0
0x000000c4b14ff418:   00007fffb4517866 00000001000784b8
0x000000c4b14ff428:   00000000819bde40 000002892e15c4e0
0x000000c4b14ff438:   000000c4b14ff628 0000000000000000
0x000000c4b14ff448:   000000c4b14ff628 00000000819b563c
0x000000c4b14ff458:   00007fffb450f76d 0000000000000004
0x000000c4b14ff468:   00000000819b5634 0000000081938c90
0x000000c4b14ff478:   0000000081982fd8 000000c4b14ff600
0x000000c4b14ff488:   000002892e156701 0000000100078280
0x000000c4b14ff498:   00007fffb450f021 0000000000000004
0x000000c4b14ff4a8:   000000c4b14ff628 00000000819b5620
0x000000c4b14ff4b8:   000000c4b14ff600 00000000819b5620
0x000000c4b14ff4c8:   00007fffb451d3ff 000002892e15c4e0
0x000000c4b14ff4d8:   0000000000360000 0000000000000000 

Instructions: (pc=0x00007fffb43c8826)
0x00007fffb43c8726:   81 00 48 d3 e0 48 03 05 5e 43 81 00 eb 04 48 8b
0x00007fffb43c8736:   43 08 81 78 08 00 00 00 c0 73 7d 48 8b 4f 38 48
0x00007fffb43c8746:   8b d3 48 8b 01 ff 50 20 84 c0 75 6c 38 05 97 cb
0x00007fffb43c8756:   85 00 74 15 8b 53 08 8b 0d 35 43 81 00 48 d3 e2
0x00007fffb43c8766:   48 03 15 23 43 81 00 eb 04 48 8b 53 08 48 8b cb
0x00007fffb43c8776:   48 89 5c 24 20 e8 a0 00 00 00 80 7f 30 00 48 63
0x00007fffb43c8786:   c8 48 89 4c 24 28 0f 28 44 24 20 74 17 0f 11 86
0x00007fffb43c8796:   90 03 00 00 48 8b 5c 24 40 48 8b 74 24 48 48 83
0x00007fffb43c87a6:   c4 30 5f c3 48 8b 07 48 8d 54 24 20 48 8b cf 66
0x00007fffb43c87b6:   0f 7f 44 24 20 ff 50 38 48 8b 5c 24 40 48 8b 74
0x00007fffb43c87c6:   24 48 48 83 c4 30 5f c3 cc cc 48 8b 49 38 48 8b
0x00007fffb43c87d6:   01 48 ff 60 28 cc cc cc cc cc 80 3d 08 cb 85 00
0x00007fffb43c87e6:   00 48 8b c1 74 1b 8b 51 08 8b 0d a3 42 81 00 48
0x00007fffb43c87f6:   d3 e2 48 8b c8 48 03 15 8e 42 81 00 e9 19 00 00
0x00007fffb43c8806:   00 48 8b 51 08 48 8b c8 e9 0d 00 00 00 cc cc cc
0x00007fffb43c8816:   cc cc cc cc cc cc cc cc cc cc 4c 8b ca 48 8b d1
0x00007fffb43c8826:   45 8b 41 08 45 85 c0 7e 0e 41 f6 c0 01 75 59 41
0x00007fffb43c8836:   c1 f8 03 41 8b c0 c3 79 4f 80 3d a9 ca 85 00 00
0x00007fffb43c8846:   b8 0c 00 00 00 b9 10 00 00 00 0f 45 c8 8b 05 4b
0x00007fffb43c8856:   8e 7f 00 ff c8 4c 63 c8 48 63 c1 41 8b c8 83 e1
0x00007fffb43c8866:   3f 48 63 14 10 41 8b c0 48 c1 f8 10 0f b6 c0 48
0x00007fffb43c8876:   d3 e2 49 8d 0c 11 49 f7 d1 48 03 c1 49 c1 e9 03
0x00007fffb43c8886:   48 c1 e8 03 41 23 c1 c3 49 8b 01 49 8b c9 48 ff
0x00007fffb43c8896:   a0 10 01 00 00 cc cc cc cc cc 48 83 ec 38 0f 10
0x00007fffb43c88a6:   02 48 8b 49 38 48 8d 54 24 20 0f 29 44 24 20 e8
0x00007fffb43c88b6:   66 f0 ff ff 48 83 c4 38 c3 cc 48 83 ec 38 0f 10
0x00007fffb43c88c6:   02 48 8b 01 48 8d 54 24 20 0f 29 44 24 20 ff 50
0x00007fffb43c88d6:   38 48 83 c4 38 c3 cc cc cc cc 48 89 5c 24 08 55
0x00007fffb43c88e6:   56 57 41 54 41 55 41 56 41 57 48 8d 6c 24 e0 48
0x00007fffb43c88f6:   81 ec 20 01 00 00 48 8b 05 ad c4 82 00 48 33 c4
0x00007fffb43c8906:   48 89 45 10 48 8b 05 0f 35 85 00 45 33 ed 4c 8b
0x00007fffb43c8916:   b5 80 00 00 00 4c 8b fa 48 8b bd 88 00 00 00 4d 


Stack slot to memory mapping:
stack at sp + 0 slots: 0x00007fffb45179ba jvm.dll
stack at sp + 1 slots: 0x00000000819bde40 is pointing into object: java.lang.Class 
{0x00000000819bde00} - klass: 'java/lang/Class'
stack at sp + 2 slots: 0x00000001000784b8 is pointing into metadata
stack at sp + 3 slots: 0x000002892e123790 points into unknown readable memory: 4a 00 00 00 00 00 00 00
stack at sp + 4 slots: 0x000000c4b14ff628 points into unknown readable memory: 60 e1 a4 b4 ff 7f 00 00
stack at sp + 5 slots: 0x00000001000784c0 is a pointer to class: 
java.lang.RuntimePermission {0x00000001000784c8}
stack at sp + 6 slots: 0x00007fffb4517866 jvm.dll
stack at sp + 7 slots: 0x00000001000784b8 is pointing into metadata


---------------  P R O C E S S  ---------------

Threads class SMR info:
_java_thread_list=0x0000028950496460, length=27, elements={
0x000002892e10a000, 0x0000028949ab3000, 0x0000028949ab4000, 0x0000028949ad0000,
0x0000028949ad2000, 0x0000028949ad3000, 0x000002894a4ad000, 0x000002894a4b2000,
0x000002894a59b800, 0x000002894a5cc800, 0x000002894c09d000, 0x000002894c1ec000,
0x000002894bd16800, 0x000002894bf2d800, 0x000002894bf2c000, 0x000002894bf2c800,
0x000002894d9f4800, 0x000002894d9f7800, 0x000002894cea1000, 0x000002894ce99800,
0x000002894ce95800, 0x000002894ce94000, 0x000002894ce98800, 0x000002894ce9a800,
0x000002894ce98000, 0x000002894ce97000, 0x000002894ce94800
}

Java Threads: ( => current thread )
  0x000002892e10a000 JavaThread "main" [_thread_blocked, id=8908, stack(0x000000c4b1100000,0x000000c4b1200000)]
  0x0000028949ab3000 JavaThread "Reference Handler" daemon [_thread_blocked, id=8360, stack(0x000000c4b1800000,0x000000c4b1900000)]
  0x0000028949ab4000 JavaThread "Finalizer" daemon [_thread_blocked, id=8440, stack(0x000000c4b1900000,0x000000c4b1a00000)]
  0x0000028949ad0000 JavaThread "Signal Dispatcher" daemon [_thread_blocked, id=7976, stack(0x000000c4b1a00000,0x000000c4b1b00000)]
  0x0000028949ad2000 JavaThread "Attach Listener" daemon [_thread_blocked, id=8824, stack(0x000000c4b1b00000,0x000000c4b1c00000)]
  0x0000028949ad3000 JavaThread "C2 CompilerThread0" daemon [_thread_in_native, id=8612, stack(0x000000c4b1c00000,0x000000c4b1d00000)]
  0x000002894a4ad000 JavaThread "C1 CompilerThread0" daemon [_thread_blocked, id=8596, stack(0x000000c4b1d00000,0x000000c4b1e00000)]
  0x000002894a4b2000 JavaThread "Sweeper thread" daemon [_thread_blocked, id=8396, stack(0x000000c4b1e00000,0x000000c4b1f00000)]
  0x000002894a59b800 JavaThread "Common-Cleaner" daemon [_thread_blocked, id=8592, stack(0x000000c4b1f00000,0x000000c4b2000000)]
  0x000002894a5cc800 JavaThread "Service Thread" daemon [_thread_blocked, id=8376, stack(0x000000c4b2000000,0x000000c4b2100000)]
  0x000002894c09d000 JavaThread "Daemon health stats" [_thread_blocked, id=4284, stack(0x000000c4b2400000,0x000000c4b2500000)]
  0x000002894c1ec000 JavaThread "Incoming local TCP Connector on port 49718" [_thread_in_native, id=8356, stack(0x000000c4b2600000,0x000000c4b2700000)]
  0x000002894bd16800 JavaThread "Daemon periodic checks" [_thread_blocked, id=6356, stack(0x000000c4b2700000,0x000000c4b2800000)]
  0x000002894bf2d800 JavaThread "Cache worker for file hash cache (C:\Users\User\.gradle\caches\6.7.1\fileHashes)" [_thread_blocked, id=4808, stack(0x000000c4b3100000,0x000000c4b3200000)]
  0x000002894bf2c000 JavaThread "File lock request listener" [_thread_in_native, id=6688, stack(0x000000c4b3200000,0x000000c4b3300000)]
  0x000002894bf2c800 JavaThread "Cache worker for journal cache (C:\Users\User\.gradle\caches\journal-1)" [_thread_blocked, id=8436, stack(0x000000c4b3300000,0x000000c4b3400000)]
  0x000002894d9f4800 JavaThread "Cache worker for execution history cache (C:\Users\User\.gradle\caches\6.7.1\executionHistory)" [_thread_blocked, id=5812, stack(0x000000c4b4000000,0x000000c4b4100000)]
  0x000002894d9f7800 JavaThread "Cache worker for file content cache (C:\Users\User\.gradle\caches\6.7.1\fileContent)" [_thread_blocked, id=1676, stack(0x000000c4b3e00000,0x000000c4b3f00000)]
  0x000002894cea1000 JavaThread "Memory manager" [_thread_blocked, id=3732, stack(0x000000c4bb900000,0x000000c4bba00000)]
  0x000002894ce99800 JavaThread "Daemon Thread 2" [_thread_blocked, id=9396, stack(0x000000c4b0f00000,0x000000c4b1000000)]
  0x000002894ce95800 JavaThread "Handler for socket connection from /127.0.0.1:49718 to /127.0.0.1:49730" [_thread_in_native, id=9344, stack(0x000000c4b1000000,0x000000c4b1100000)]
  0x000002894ce94000 JavaThread "Cancel handler" [_thread_blocked, id=9388, stack(0x000000c4b2300000,0x000000c4b2400000)]
  0x000002894ce98800 JavaThread "Daemon worker Thread 2" [_thread_blocked, id=8024, stack(0x000000c4b2500000,0x000000c4b2600000)]
  0x000002894ce9a800 JavaThread "Asynchronous log dispatcher for DefaultDaemonConnection: socket connection from /127.0.0.1:49718 to /127.0.0.1:49730" [_thread_blocked, id=7176, stack(0x000000c4b2800000,0x000000c4b2900000)]
  0x000002894ce98000 JavaThread "Stdin handler" [_thread_blocked, id=7356, stack(0x000000c4b2900000,0x000000c4b2a00000)]
  0x000002894ce97000 JavaThread "Thread-150" [_thread_blocked, id=1448, stack(0x000000c4b2a00000,0x000000c4b2b00000)]
  0x000002894ce94800 JavaThread "Cache worker for file hash cache (C:\Users\User\AndroidStudioProjects\EisenkTest\.gradle\6.7.1\fileHashes)" [_thread_blocked, id=8568, stack(0x000000c4b2b00000,0x000000c4b2c00000)]

Other Threads:
  0x000002892e1ec000 VMThread "VM Thread" [stack: 0x000000c4b1700000,0x000000c4b1800000] [id=2340]
  0x000002894a5cd800 WatcherThread [stack: 0x000000c4b2100000,0x000000c4b2200000] [id=8368]
  0x000002892e122800 GCTaskThread "GC Thread#0" [stack: 0x000000c4b1200000,0x000000c4b1300000] [id=6956]
  0x000002894ad82800 GCTaskThread "GC Thread#1" [stack: 0x000000c4b2200000,0x000000c4b2300000] [id=8324]
  0x000002894a970000 GCTaskThread "GC Thread#2" [stack: 0x000000c4b2f00000,0x000000c4b3000000] [id=8672]
  0x000002894c19d000 GCTaskThread "GC Thread#3" [stack: 0x000000c4b3000000,0x000000c4b3100000] [id=8460]
  0x000002892e153800 ConcurrentGCThread "G1 Main Marker" [stack: 0x000000c4b1300000,0x000000c4b1400000] [id=6976]
=>0x000002892e156000 ConcurrentGCThread "G1 Conc#0" [stack: 0x000000c4b1400000,0x000000c4b1500000] [id=6672]
  0x000002892e1bb800 ConcurrentGCThread "G1 Refine#0" [stack: 0x000000c4b1500000,0x000000c4b1600000] [id=6644]
  0x000002894da5a800 ConcurrentGCThread "G1 Refine#1" [stack: 0x000000c4b0e00000,0x000000c4b0f00000] [id=9748]
  0x000002892e1bc800 ConcurrentGCThread "G1 Young RemSet Sampling" [stack: 0x000000c4b1600000,0x000000c4b1700000] [id=8768]

Threads with active compile tasks:
C2 CompilerThread0 802518 7000       4       org.gradle.internal.service.DefaultServiceRegistry$OwnServices$ProviderAnalyser::analyseType (114 bytes)

VM state:not at safepoint (normal execution)

VM Mutex/Monitor currently owned by a thread: None

Heap address: 0x0000000080000000, size: 2048 MB, Compressed Oops mode: 32-bit
Narrow klass base: 0x0000000000000000, Narrow klass shift: 3
Compressed class space size: 1073741824 Address: 0x0000000100000000

Heap:
 garbage-first heap   total 94208K, used 64917K [0x0000000080000000, 0x0000000100000000)
  region size 1024K, 3 young (3072K), 2 survivors (2048K)
 Metaspace       used 74840K, capacity 76528K, committed 76796K, reserved 1116160K
  class space    used 9409K, capacity 9985K, committed 10112K, reserved 1048576K
Heap Regions: E=young(eden), S=young(survivor), O=old, HS=humongous(starts), HC=humongous(continues), CS=collection set, F=free, A=archive, TAMS=top-at-mark-start (previous, next)
|   0|0x0000000080000000, 0x0000000080100000, 0x0000000080100000|100%| O|  |TAMS 0x0000000080100000, 0x0000000080100000| Untracked 
|   1|0x0000000080100000, 0x0000000080200000, 0x0000000080200000|100%| O|  |TAMS 0x0000000080200000, 0x0000000080200000| Untracked 
|   2|0x0000000080200000, 0x0000000080300000, 0x0000000080300000|100%| O|  |TAMS 0x0000000080300000, 0x0000000080300000| Untracked 
|   3|0x0000000080300000, 0x0000000080400000, 0x0000000080400000|100%|HS|  |TAMS 0x0000000080400000, 0x0000000080400000| Complete 
|   4|0x0000000080400000, 0x0000000080500000, 0x0000000080500000|100%|HC|  |TAMS 0x0000000080500000, 0x0000000080500000| Complete 
|   5|0x0000000080500000, 0x0000000080600000, 0x0000000080600000|100%|HC|  |TAMS 0x0000000080600000, 0x0000000080600000| Complete 
|   6|0x0000000080600000, 0x0000000080700000, 0x0000000080700000|100%| O|  |TAMS 0x0000000080700000, 0x0000000080700000| Untracked 
|   7|0x0000000080700000, 0x0000000080800000, 0x0000000080800000|100%| O|  |TAMS 0x0000000080800000, 0x0000000080800000| Untracked 
|   8|0x0000000080800000, 0x0000000080900000, 0x0000000080900000|100%| O|  |TAMS 0x0000000080900000, 0x0000000080900000| Untracked 
|   9|0x0000000080900000, 0x0000000080a00000, 0x0000000080a00000|100%| O|  |TAMS 0x0000000080a00000, 0x0000000080a00000| Untracked 
|  10|0x0000000080a00000, 0x0000000080b00000, 0x0000000080b00000|100%| O|  |TAMS 0x0000000080b00000, 0x0000000080b00000| Untracked 
|  11|0x0000000080b00000, 0x0000000080c00000, 0x0000000080c00000|100%| O|  |TAMS 0x0000000080c00000, 0x0000000080c00000| Untracked 
|  12|0x0000000080c00000, 0x0000000080d00000, 0x0000000080d00000|100%| O|  |TAMS 0x0000000080d00000, 0x0000000080d00000| Untracked 
|  13|0x0000000080d00000, 0x0000000080e00000, 0x0000000080e00000|100%| O|  |TAMS 0x0000000080e00000, 0x0000000080e00000| Untracked 
|  14|0x0000000080e00000, 0x0000000080f00000, 0x0000000080f00000|100%| O|  |TAMS 0x0000000080f00000, 0x0000000080f00000| Untracked 
|  15|0x0000000080f00000, 0x0000000081000000, 0x0000000081000000|100%| O|  |TAMS 0x0000000081000000, 0x0000000081000000| Untracked 
|  16|0x0000000081000000, 0x0000000081100000, 0x0000000081100000|100%|HS|  |TAMS 0x0000000081100000, 0x0000000081100000| Complete 
|  17|0x0000000081100000, 0x0000000081200000, 0x0000000081200000|100%|HC|  |TAMS 0x0000000081200000, 0x0000000081200000| Complete 
|  18|0x0000000081200000, 0x0000000081300000, 0x0000000081300000|100%|HS|  |TAMS 0x0000000081300000, 0x0000000081300000| Complete 
|  19|0x0000000081300000, 0x0000000081400000, 0x0000000081400000|100%|HC|  |TAMS 0x0000000081400000, 0x0000000081400000| Complete 
|  20|0x0000000081400000, 0x0000000081500000, 0x0000000081500000|100%|HC|  |TAMS 0x0000000081500000, 0x0000000081500000| Complete 
|  21|0x0000000081500000, 0x0000000081600000, 0x0000000081600000|100%| O|  |TAMS 0x0000000081600000, 0x0000000081600000| Untracked 
|  22|0x0000000081600000, 0x0000000081700000, 0x0000000081700000|100%| O|  |TAMS 0x0000000081700000, 0x0000000081700000| Untracked 
|  23|0x0000000081700000, 0x0000000081800000, 0x0000000081800000|100%| O|  |TAMS 0x0000000081800000, 0x0000000081800000| Untracked 
|  24|0x0000000081800000, 0x0000000081900000, 0x0000000081900000|100%| O|  |TAMS 0x0000000081900000, 0x0000000081900000| Untracked 
|  25|0x0000000081900000, 0x0000000081a00000, 0x0000000081a00000|100%| O|  |TAMS 0x0000000081a00000, 0x0000000081a00000| Untracked 
|  26|0x0000000081a00000, 0x0000000081b00000, 0x0000000081b00000|100%| O|  |TAMS 0x0000000081b00000, 0x0000000081b00000| Untracked 
|  27|0x0000000081b00000, 0x0000000081c00000, 0x0000000081c00000|100%| O|  |TAMS 0x0000000081c00000, 0x0000000081c00000| Untracked 
|  28|0x0000000081c00000, 0x0000000081d00000, 0x0000000081d00000|100%| O|  |TAMS 0x0000000081d00000, 0x0000000081d00000| Untracked 
|  29|0x0000000081d00000, 0x0000000081e00000, 0x0000000081e00000|100%| O|  |TAMS 0x0000000081e00000, 0x0000000081e00000| Untracked 
|  30|0x0000000081e00000, 0x0000000081f00000, 0x0000000081f00000|100%|HS|  |TAMS 0x0000000081f00000, 0x0000000081f00000| Complete 
|  31|0x0000000081f00000, 0x0000000082000000, 0x0000000082000000|100%|HS|  |TAMS 0x0000000082000000, 0x0000000082000000| Complete 
|  32|0x0000000082000000, 0x0000000082100000, 0x0000000082100000|100%|HC|  |TAMS 0x0000000082100000, 0x0000000082100000| Complete 
|  33|0x0000000082100000, 0x0000000082200000, 0x0000000082200000|100%|HC|  |TAMS 0x0000000082200000, 0x0000000082200000| Complete 
|  34|0x0000000082200000, 0x0000000082300000, 0x0000000082300000|100%|HS|  |TAMS 0x0000000082300000, 0x0000000082300000| Complete 
|  35|0x0000000082300000, 0x0000000082400000, 0x0000000082400000|100%|HC|  |TAMS 0x0000000082400000, 0x0000000082400000| Complete 
|  36|0x0000000082400000, 0x0000000082500000, 0x0000000082500000|100%| O|  |TAMS 0x0000000082500000, 0x0000000082500000| Untracked 
|  37|0x0000000082500000, 0x0000000082600000, 0x0000000082600000|100%| O|  |TAMS 0x0000000082600000, 0x0000000082600000| Untracked 
|  38|0x0000000082600000, 0x0000000082700000, 0x0000000082700000|100%| O|  |TAMS 0x0000000082700000, 0x0000000082700000| Untracked 
|  39|0x0000000082700000, 0x0000000082800000, 0x0000000082800000|100%| O|  |TAMS 0x0000000082800000, 0x0000000082800000| Untracked 
|  40|0x0000000082800000, 0x0000000082900000, 0x0000000082900000|100%| O|  |TAMS 0x0000000082900000, 0x0000000082900000| Untracked 
|  41|0x0000000082900000, 0x0000000082a00000, 0x0000000082a00000|100%| O|  |TAMS 0x0000000082a00000, 0x0000000082a00000| Untracked 
|  42|0x0000000082a00000, 0x0000000082b00000, 0x0000000082b00000|100%| O|  |TAMS 0x0000000082b00000, 0x0000000082b00000| Untracked 
|  43|0x0000000082b00000, 0x0000000082c00000, 0x0000000082c00000|100%| O|  |TAMS 0x0000000082c00000, 0x0000000082c00000| Untracked 
|  44|0x0000000082c00000, 0x0000000082d00000, 0x0000000082d00000|100%| O|  |TAMS 0x0000000082d00000, 0x0000000082d00000| Untracked 
|  45|0x0000000082d00000, 0x0000000082e00000, 0x0000000082e00000|100%| O|  |TAMS 0x0000000082e00000, 0x0000000082e00000| Untracked 
|  46|0x0000000082e00000, 0x0000000082f00000, 0x0000000082f00000|100%| O|  |TAMS 0x0000000082f00000, 0x0000000082f00000| Untracked 
|  47|0x0000000082f00000, 0x0000000083000000, 0x0000000083000000|100%| O|  |TAMS 0x0000000083000000, 0x0000000083000000| Untracked 
|  48|0x0000000083000000, 0x0000000083100000, 0x0000000083100000|100%| O|  |TAMS 0x0000000083100000, 0x0000000083100000| Untracked 
|  49|0x0000000083100000, 0x0000000083200000, 0x0000000083200000|100%| O|  |TAMS 0x0000000083200000, 0x0000000083200000| Untracked 
|  50|0x0000000083200000, 0x0000000083300000, 0x0000000083300000|100%| O|  |TAMS 0x0000000083300000, 0x0000000083300000| Untracked 
|  51|0x0000000083300000, 0x0000000083400000, 0x0000000083400000|100%| O|  |TAMS 0x0000000083400000, 0x0000000083400000| Untracked 
|  52|0x0000000083400000, 0x0000000083500000, 0x0000000083500000|100%| O|  |TAMS 0x0000000083500000, 0x0000000083500000| Untracked 
|  53|0x0000000083500000, 0x0000000083600000, 0x0000000083600000|100%| O|  |TAMS 0x0000000083600000, 0x0000000083600000| Untracked 
|  54|0x0000000083600000, 0x0000000083700000, 0x0000000083700000|100%| O|  |TAMS 0x0000000083700000, 0x0000000083700000| Untracked 
|  55|0x0000000083700000, 0x0000000083800000, 0x0000000083800000|100%| O|  |TAMS 0x0000000083800000, 0x0000000083800000| Untracked 
|  56|0x0000000083800000, 0x0000000083900000, 0x0000000083900000|100%| O|  |TAMS 0x0000000083900000, 0x0000000083900000| Untracked 
|  57|0x0000000083900000, 0x0000000083a00000, 0x0000000083a00000|100%| O|  |TAMS 0x0000000083a00000, 0x0000000083a00000| Untracked 
|  58|0x0000000083a00000, 0x0000000083b00000, 0x0000000083b00000|100%| O|  |TAMS 0x0000000083b00000, 0x0000000083b00000| Untracked 
|  59|0x0000000083b00000, 0x0000000083c00000, 0x0000000083c00000|100%| O|  |TAMS 0x0000000083c00000, 0x0000000083c00000| Untracked 
|  60|0x0000000083c00000, 0x0000000083d00000, 0x0000000083d00000|100%| O|  |TAMS 0x0000000083cf0600, 0x0000000083d00000| Untracked 
|  61|0x0000000083d00000, 0x0000000083dfa200, 0x0000000083e00000| 97%| O|  |TAMS 0x0000000083d00000, 0x0000000083dfa200| Untracked 
|  62|0x0000000083e00000, 0x0000000083e00000, 0x0000000083f00000|  0%| F|  |TAMS 0x0000000083e00000, 0x0000000083e00000| Untracked 
|  63|0x0000000083f00000, 0x0000000083f00000, 0x0000000084000000|  0%| F|  |TAMS 0x0000000083f00000, 0x0000000083f00000| Untracked 
|  64|0x0000000084000000, 0x0000000084000000, 0x0000000084100000|  0%| F|  |TAMS 0x0000000084000000, 0x0000000084000000| Untracked 
|  65|0x0000000084100000, 0x0000000084100000, 0x0000000084200000|  0%| F|  |TAMS 0x0000000084100000, 0x0000000084100000| Untracked 
|  66|0x0000000084200000, 0x0000000084200000, 0x0000000084300000|  0%| F|  |TAMS 0x0000000084200000, 0x0000000084200000| Untracked 
|  67|0x0000000084300000, 0x0000000084300000, 0x0000000084400000|  0%| F|  |TAMS 0x0000000084300000, 0x0000000084300000| Untracked 
|  68|0x0000000084400000, 0x0000000084400000, 0x0000000084500000|  0%| F|  |TAMS 0x0000000084400000, 0x0000000084400000| Untracked 
|  69|0x0000000084500000, 0x0000000084500000, 0x0000000084600000|  0%| F|  |TAMS 0x0000000084500000, 0x0000000084500000| Untracked 
|  70|0x0000000084600000, 0x0000000084600000, 0x0000000084700000|  0%| F|  |TAMS 0x0000000084600000, 0x0000000084600000| Untracked 
|  71|0x0000000084700000, 0x0000000084700000, 0x0000000084800000|  0%| F|  |TAMS 0x0000000084700000, 0x0000000084700000| Untracked 
|  72|0x0000000084800000, 0x0000000084800000, 0x0000000084900000|  0%| F|  |TAMS 0x0000000084800000, 0x0000000084800000| Untracked 
|  73|0x0000000084900000, 0x0000000084900000, 0x0000000084a00000|  0%| F|  |TAMS 0x0000000084900000, 0x0000000084900000| Untracked 
|  74|0x0000000084a00000, 0x0000000084a00000, 0x0000000084b00000|  0%| F|  |TAMS 0x0000000084a00000, 0x0000000084a00000| Untracked 
|  75|0x0000000084b00000, 0x0000000084b6b500, 0x0000000084c00000| 41%| S|CS|TAMS 0x0000000084b00000, 0x0000000084b00000| Complete 
|  76|0x0000000084c00000, 0x0000000084c00000, 0x0000000084d00000|  0%| F|  |TAMS 0x0000000084c00000, 0x0000000084c00000| Untracked 
|  77|0x0000000084d00000, 0x0000000084e00000, 0x0000000084e00000|100%| S|CS|TAMS 0x0000000084d00000, 0x0000000084d00000| Complete 
|  78|0x0000000084e00000, 0x0000000084e00000, 0x0000000084f00000|  0%| F|  |TAMS 0x0000000084e00000, 0x0000000084e00000| Untracked 
|  79|0x0000000084f00000, 0x0000000084f00000, 0x0000000085000000|  0%| F|  |TAMS 0x0000000084f00000, 0x0000000084f00000| Untracked 
|  80|0x0000000085000000, 0x0000000085000000, 0x0000000085100000|  0%| F|  |TAMS 0x0000000085000000, 0x0000000085000000| Untracked 
|  81|0x0000000085100000, 0x0000000085100000, 0x0000000085200000|  0%| F|  |TAMS 0x0000000085100000, 0x0000000085100000| Untracked 
|  82|0x0000000085200000, 0x0000000085200000, 0x0000000085300000|  0%| F|  |TAMS 0x0000000085200000, 0x0000000085200000| Untracked 
|  83|0x0000000085300000, 0x0000000085300000, 0x0000000085400000|  0%| F|  |TAMS 0x0000000085300000, 0x0000000085300000| Untracked 
|  84|0x0000000085400000, 0x0000000085400000, 0x0000000085500000|  0%| F|  |TAMS 0x0000000085400000, 0x0000000085400000| Untracked 
|  85|0x0000000085500000, 0x0000000085500000, 0x0000000085600000|  0%| F|  |TAMS 0x0000000085500000, 0x0000000085500000| Untracked 
|  86|0x0000000085600000, 0x0000000085600000, 0x0000000085700000|  0%| F|  |TAMS 0x0000000085600000, 0x0000000085600000| Untracked 
|  87|0x0000000085700000, 0x0000000085700000, 0x0000000085800000|  0%| F|  |TAMS 0x0000000085700000, 0x0000000085700000| Untracked 
|  88|0x0000000085800000, 0x0000000085800000, 0x0000000085900000|  0%| F|  |TAMS 0x0000000085800000, 0x0000000085800000| Untracked 
|  89|0x0000000085900000, 0x0000000085900000, 0x0000000085a00000|  0%| F|  |TAMS 0x0000000085900000, 0x0000000085900000| Untracked 
|  90|0x0000000085a00000, 0x0000000085a00000, 0x0000000085b00000|  0%| F|  |TAMS 0x0000000085a00000, 0x0000000085a00000| Untracked 
|  91|0x0000000085b00000, 0x0000000085b15910, 0x0000000085c00000|  8%| E|  |TAMS 0x0000000085b00000, 0x0000000085b00000| Complete 

Card table byte_map: [0x0000028942c90000,0x0000028943090000] _byte_map_base: 0x0000028942890000

Marking Bits (Prev, Next): (CMBitMap*) 0x000002892e14acd0, (CMBitMap*) 0x000002892e14ac98
 Prev Bits: [0x0000028945490000, 0x0000028947490000)
 Next Bits: [0x0000028943490000, 0x0000028945490000)

Polling page: 0x000002892e1f0000

Metaspace:

Usage:
  Non-class:     64.98 MB capacity,    63.90 MB ( 98%) used,   951.30 KB (  1%) free+waste,   160.69 KB ( <1%) overhead. 
      Class:      9.75 MB capacity,     9.19 MB ( 94%) used,   501.28 KB (  5%) free+waste,    73.88 KB ( <1%) overhead. 
       Both:     74.73 MB capacity,    73.09 MB ( 98%) used,     1.42 MB (  2%) free+waste,   234.56 KB ( <1%) overhead. 

Virtual space:
  Non-class space:       66.00 MB reserved,      65.12 MB ( 99%) committed 
      Class space:        1.00 GB reserved,       9.88 MB ( <1%) committed 
             Both:        1.06 GB reserved,      75.00 MB (  7%) committed 

Chunk freelists:
   Non-Class:  13.00 KB
       Class:  0 bytes
        Both:  13.00 KB

MaxMetaspaceSize: 17179869184.00 GB
CompressedClassSpaceSize: 1.00 GB

CodeHeap 'non-profiled nmethods': size=120064Kb used=4575Kb max_used=4575Kb free=115488Kb
 bounds [0x000002893ad30000, 0x000002893b1b0000, 0x0000028942270000]
CodeHeap 'profiled nmethods': size=120000Kb used=14502Kb max_used=14502Kb free=105497Kb
 bounds [0x0000028933800000, 0x0000028934630000, 0x000002893ad30000]
CodeHeap 'non-nmethods': size=5696Kb used=2232Kb max_used=2282Kb free=3463Kb
 bounds [0x0000028933270000, 0x00000289334e0000, 0x0000028933800000]
 total_blobs=7588 nmethods=6760 adapters=740
 compilation: enabled
              stopped_count=0, restarted_count=0
 full_count=0

Compilation events (20 events):
Event: 802.303 Thread 0x000002894a4ad000 6996       3       java.util.Formatter$FormatSpecifier::checkBadFlags (49 bytes)
Event: 802.303 Thread 0x000002894a4ad000 nmethod 6996 0x000002893461ef90 code [0x000002893461f180, 0x000002893461f5d8]
Event: 802.304 Thread 0x000002894a4ad000 6997       3       org.gradle.internal.concurrent.CompositeStoppable::add (35 bytes)
Event: 802.304 Thread 0x000002894a4ad000 nmethod 6997 0x000002893461f810 code [0x000002893461fa00, 0x000002893461fed8]
Event: 802.304 Thread 0x000002894a4ad000 6998       3       org.gradle.internal.concurrent.CompositeStoppable::stoppable (12 bytes)
Event: 802.304 Thread 0x000002894a4ad000 nmethod 6998 0x0000028934620110 code [0x0000028934620340, 0x0000028934620c38]
Event: 802.317 Thread 0x0000028949ad3000 nmethod 6977% 0x000002893b1a6a90 code [0x000002893b1a6c40, 0x000002893b1a7878]
Event: 802.322 Thread 0x000002894a4ad000 6999       1       org.gradle.internal.service.DefaultServiceRegistry::access$300 (5 bytes)
Event: 802.322 Thread 0x000002894a4ad000 nmethod 6999 0x000002893b1a7b90 code [0x000002893b1a7d40, 0x000002893b1a7dd8]
Event: 802.323 Thread 0x0000028949ad3000 7000       4       org.gradle.internal.service.DefaultServiceRegistry$OwnServices$ProviderAnalyser::analyseType (114 bytes)
Event: 802.326 Thread 0x000002894a4ad000 7001       3       org.gradle.internal.service.DefaultServiceRegistry::findProviderMethods (203 bytes)
Event: 802.329 Thread 0x000002894a4ad000 nmethod 7001 0x0000028934620f90 code [0x0000028934621580, 0x0000028934624b38]
Event: 802.329 Thread 0x000002894a4ad000 7002       3       org.gradle.internal.service.RelevantMethods::getMethods (35 bytes)
Event: 802.329 Thread 0x000002894a4ad000 nmethod 7002 0x0000028934625c90 code [0x0000028934625ee0, 0x00000289346264c8]
Event: 802.329 Thread 0x000002894a4ad000 7003       3       org.gradle.internal.event.DefaultListenerManager$EventBroadcast$ListenerDispatch::<init> (16 bytes)
Event: 802.330 Thread 0x000002894a4ad000 nmethod 7003 0x0000028934626710 code [0x00000289346268e0, 0x0000028934626b58]
Event: 802.330 Thread 0x000002894a4ad000 7004       3       org.gradle.internal.event.DefaultListenerManager::assertCanBroadcast (101 bytes)
Event: 802.332 Thread 0x000002894a4ad000 nmethod 7004 0x0000028934626c90 code [0x00000289346271a0, 0x0000028934629b18]
Event: 802.332 Thread 0x000002894a4ad000 7005       3       sun.security.provider.SHA2::implCompress0 (322 bytes)
Event: 802.333 Thread 0x000002894a4ad000 nmethod 7005 0x000002893462a910 code [0x000002893462aba0, 0x000002893462b978]

GC Heap History (20 events):
Event: 24.389 GC heap before
{Heap before GC invocations=22 (full 0):
 garbage-first heap   total 94208K, used 73120K [0x0000000080000000, 0x0000000100000000)
  region size 1024K, 19 young (19456K), 2 survivors (2048K)
 Metaspace       used 60177K, capacity 61671K, committed 61820K, reserved 1103872K
  class space    used 7620K, capacity 8129K, committed 8192K, reserved 1048576K
}
Event: 24.393 GC heap after
{Heap after GC invocations=23 (full 0):
 garbage-first heap   total 94208K, used 56219K [0x0000000080000000, 0x0000000100000000)
  region size 1024K, 1 young (1024K), 1 survivors (1024K)
 Metaspace       used 60177K, capacity 61671K, committed 61820K, reserved 1103872K
  class space    used 7620K, capacity 8129K, committed 8192K, reserved 1048576K
}
Event: 25.655 GC heap before
{Heap before GC invocations=23 (full 0):
 garbage-first heap   total 94208K, used 73627K [0x0000000080000000, 0x0000000100000000)
  region size 1024K, 18 young (18432K), 1 survivors (1024K)
 Metaspace       used 61274K, capacity 62716K, committed 62972K, reserved 1103872K
  class space    used 7746K, capacity 8262K, committed 8320K, reserved 1048576K
}
Event: 25.660 GC heap after
{Heap after GC invocations=24 (full 0):
 garbage-first heap   total 94208K, used 57311K [0x0000000080000000, 0x0000000100000000)
  region size 1024K, 2 young (2048K), 2 survivors (2048K)
 Metaspace       used 61274K, capacity 62716K, committed 62972K, reserved 1103872K
  class space    used 7746K, capacity 8262K, committed 8320K, reserved 1048576K
}
Event: 27.048 GC heap before
{Heap before GC invocations=25 (full 0):
 garbage-first heap   total 94208K, used 74719K [0x0000000080000000, 0x0000000100000000)
  region size 1024K, 19 young (19456K), 2 survivors (2048K)
 Metaspace       used 61444K, capacity 62980K, committed 63100K, reserved 1103872K
  class space    used 7783K, capacity 8330K, committed 8448K, reserved 1048576K
}
Event: 27.058 GC heap after
{Heap after GC invocations=26 (full 0):
 garbage-first heap   total 94208K, used 59524K [0x0000000080000000, 0x0000000100000000)
  region size 1024K, 3 young (3072K), 3 survivors (3072K)
 Metaspace       used 61444K, capacity 62980K, committed 63100K, reserved 1103872K
  class space    used 7783K, capacity 8330K, committed 8448K, reserved 1048576K
}
Event: 28.007 GC heap before
{Heap before GC invocations=26 (full 0):
 garbage-first heap   total 94208K, used 74884K [0x0000000080000000, 0x0000000100000000)
  region size 1024K, 19 young (19456K), 3 survivors (3072K)
 Metaspace       used 63154K, capacity 64787K, committed 65020K, reserved 1105920K
  class space    used 7992K, capacity 8526K, committed 8576K, reserved 1048576K
}
Event: 28.014 GC heap after
{Heap after GC invocations=27 (full 0):
 garbage-first heap   total 94208K, used 60814K [0x0000000080000000, 0x0000000100000000)
  region size 1024K, 2 young (2048K), 2 survivors (2048K)
 Metaspace       used 63154K, capacity 64787K, committed 65020K, reserved 1105920K
  class space    used 7992K, capacity 8526K, committed 8576K, reserved 1048576K
}
Event: 28.552 GC heap before
{Heap before GC invocations=28 (full 0):
 garbage-first heap   total 94208K, used 76174K [0x0000000080000000, 0x0000000100000000)
  region size 1024K, 17 young (17408K), 2 survivors (2048K)
 Metaspace       used 65201K, capacity 66814K, committed 66940K, reserved 1107968K
  class space    used 8397K, capacity 8947K, committed 8960K, reserved 1048576K
}
Event: 28.567 GC heap after
{Heap after GC invocations=29 (full 0):
 garbage-first heap   total 94208K, used 61180K [0x0000000080000000, 0x0000000100000000)
  region size 1024K, 2 young (2048K), 2 survivors (2048K)
 Metaspace       used 65201K, capacity 66814K, committed 66940K, reserved 1107968K
  class space    used 8397K, capacity 8947K, committed 8960K, reserved 1048576K
}
Event: 28.896 GC heap before
{Heap before GC invocations=29 (full 0):
 garbage-first heap   total 94208K, used 76540K [0x0000000080000000, 0x0000000100000000)
  region size 1024K, 17 young (17408K), 2 survivors (2048K)
 Metaspace       used 66767K, capacity 68349K, committed 68476K, reserved 1107968K
  class space    used 8623K, capacity 9157K, committed 9216K, reserved 1048576K
}
Event: 28.904 GC heap after
{Heap after GC invocations=30 (full 0):
 garbage-first heap   total 94208K, used 62368K [0x0000000080000000, 0x0000000100000000)
  region size 1024K, 2 young (2048K), 2 survivors (2048K)
 Metaspace       used 66767K, capacity 68349K, committed 68476K, reserved 1107968K
  class space    used 8623K, capacity 9157K, committed 9216K, reserved 1048576K
}
Event: 29.322 GC heap before
{Heap before GC invocations=31 (full 0):
 garbage-first heap   total 94208K, used 76704K [0x0000000080000000, 0x0000000100000000)
  region size 1024K, 17 young (17408K), 2 survivors (2048K)
 Metaspace       used 69670K, capacity 71312K, committed 71420K, reserved 1112064K
  class space    used 8961K, capacity 9539K, committed 9600K, reserved 1048576K
}
Event: 29.327 GC heap after
{Heap after GC invocations=32 (full 0):
 garbage-first heap   total 94208K, used 63801K [0x0000000080000000, 0x0000000100000000)
  region size 1024K, 3 young (3072K), 3 survivors (3072K)
 Metaspace       used 69670K, capacity 71312K, committed 71420K, reserved 1112064K
  class space    used 8961K, capacity 9539K, committed 9600K, reserved 1048576K
}
Event: 29.534 GC heap before
{Heap before GC invocations=32 (full 0):
 garbage-first heap   total 94208K, used 77113K [0x0000000080000000, 0x0000000100000000)
  region size 1024K, 17 young (17408K), 3 survivors (3072K)
 Metaspace       used 71859K, capacity 73549K, committed 73724K, reserved 1114112K
  class space    used 9171K, capacity 9772K, committed 9856K, reserved 1048576K
}
Event: 29.538 GC heap after
{Heap after GC invocations=33 (full 0):
 garbage-first heap   total 94208K, used 64331K [0x0000000080000000, 0x0000000100000000)
  region size 1024K, 2 young (2048K), 2 survivors (2048K)
 Metaspace       used 71859K, capacity 73549K, committed 73724K, reserved 1114112K
  class space    used 9171K, capacity 9772K, committed 9856K, reserved 1048576K
}
Event: 196.437 GC heap before
{Heap before GC invocations=34 (full 0):
 garbage-first heap   total 94208K, used 77643K [0x0000000080000000, 0x0000000100000000)
  region size 1024K, 16 young (16384K), 2 survivors (2048K)
 Metaspace       used 74469K, capacity 76137K, committed 76412K, reserved 1116160K
  class space    used 9373K, capacity 9947K, committed 9984K, reserved 1048576K
}
Event: 196.448 GC heap after
{Heap after GC invocations=35 (full 0):
 garbage-first heap   total 94208K, used 64658K [0x0000000080000000, 0x0000000100000000)
  region size 1024K, 2 young (2048K), 2 survivors (2048K)
 Metaspace       used 74469K, capacity 76137K, committed 76412K, reserved 1116160K
  class space    used 9373K, capacity 9947K, committed 9984K, reserved 1048576K
}
Event: 802.399 GC heap before
{Heap before GC invocations=35 (full 0):
 garbage-first heap   total 94208K, used 78994K [0x0000000080000000, 0x0000000100000000)
  region size 1024K, 16 young (16384K), 2 survivors (2048K)
 Metaspace       used 74828K, capacity 76519K, committed 76668K, reserved 1116160K
  class space    used 9408K, capacity 9983K, committed 9984K, reserved 1048576K
}
Event: 802.405 GC heap after
{Heap after GC invocations=36 (full 0):
 garbage-first heap   total 94208K, used 64917K [0x0000000080000000, 0x0000000100000000)
  region size 1024K, 2 young (2048K), 2 survivors (2048K)
 Metaspace       used 74828K, capacity 76519K, committed 76668K, reserved 1116160K
  class space    used 9408K, capacity 9983K, committed 9984K, reserved 1048576K
}

Deoptimization events (20 events):
Event: 802.290 Thread 0x000002894ce95800 Uncommon trap: trap_request=0xffffff4d fr.pc=0x000002893af101d0 relative=0x0000000000000570
Event: 802.290 Thread 0x000002894ce95800 Uncommon trap: reason=unstable_if action=reinterpret pc=0x000002893af101d0 method=com.esotericsoftware.kryo.io.Input.readUtf8(I)V @ 79 c2
Event: 802.290 Thread 0x000002894ce95800 DEOPT PACKING pc=0x000002893af101d0 sp=0x000000c4b10febd0
Event: 802.290 Thread 0x000002894ce95800 DEOPT UNPACKING pc=0x00000289332968a9 sp=0x000000c4b10feb68 mode 2
Event: 802.302 Thread 0x000002894ce98800 Uncommon trap: trap_request=0xffffffde fr.pc=0x000002893b183dbc relative=0x00000000000014fc
Event: 802.302 Thread 0x000002894ce98800 Uncommon trap: reason=class_check action=maybe_recompile pc=0x000002893b183dbc method=sun.management.spi.PlatformMBeanProvider$PlatformComponent.getMBeans(Ljava/lang/Class;)Ljava/util/List; @ 26 c2
Event: 802.302 Thread 0x000002894ce98800 DEOPT PACKING pc=0x000002893b183dbc sp=0x000000c4b25fe110
Event: 802.302 Thread 0x000002894ce98800 DEOPT UNPACKING pc=0x00000289332968a9 sp=0x000000c4b25fe0d8 mode 2
Event: 802.325 Thread 0x000002894ce98800 Uncommon trap: trap_request=0xffffffde fr.pc=0x000002893b183dbc relative=0x00000000000014fc
Event: 802.325 Thread 0x000002894ce98800 Uncommon trap: reason=class_check action=maybe_recompile pc=0x000002893b183dbc method=sun.management.spi.PlatformMBeanProvider$PlatformComponent.getMBeans(Ljava/lang/Class;)Ljava/util/List; @ 26 c2
Event: 802.325 Thread 0x000002894ce98800 DEOPT PACKING pc=0x000002893b183dbc sp=0x000000c4b25faee0
Event: 802.325 Thread 0x000002894ce98800 DEOPT UNPACKING pc=0x00000289332968a9 sp=0x000000c4b25faeb8 mode 2
Event: 802.334 Thread 0x000002894ce98800 Uncommon trap: trap_request=0xffffffde fr.pc=0x000002893ae05128 relative=0x00000000000002e8
Event: 802.334 Thread 0x000002894ce98800 Uncommon trap: reason=class_check action=maybe_recompile pc=0x000002893ae05128 method=java.util.Collections$SetFromMap.remove(Ljava/lang/Object;)Z @ 5 c2
Event: 802.334 Thread 0x000002894ce98800 DEOPT PACKING pc=0x000002893ae05128 sp=0x000000c4b25fc430
Event: 802.334 Thread 0x000002894ce98800 DEOPT UNPACKING pc=0x00000289332968a9 sp=0x000000c4b25fc428 mode 2
Event: 802.334 Thread 0x000002894ce98800 Uncommon trap: trap_request=0xffffffde fr.pc=0x000002893ae05128 relative=0x00000000000002e8
Event: 802.334 Thread 0x000002894ce98800 Uncommon trap: reason=class_check action=maybe_recompile pc=0x000002893ae05128 method=java.util.Collections$SetFromMap.remove(Ljava/lang/Object;)Z @ 5 c2
Event: 802.334 Thread 0x000002894ce98800 DEOPT PACKING pc=0x000002893ae05128 sp=0x000000c4b25fc3b0
Event: 802.334 Thread 0x000002894ce98800 DEOPT UNPACKING pc=0x00000289332968a9 sp=0x000000c4b25fc3a8 mode 2

Classes redefined (0 events):
No events

Internal exceptions (20 events):
Event: 27.552 Thread 0x000002894c782000 Exception <a 'java/lang/ClassNotFoundException'{0x00000000859e5d90}: com/android/build/gradle/internal/dsl/BuildFeaturesImplCustomizer> (0x00000000859e5d90) thrown at [./src/hotspot/share/classfile/systemDictionary.cpp, line 231]
Event: 27.552 Thread 0x000002894c782000 Exception <a 'java/lang/ClassNotFoundException'{0x000000008580b8c0}: com/android/build/gradle/internal/dsl/ApplicationBuildFeaturesImplCustomizer> (0x000000008580b8c0) thrown at [./src/hotspot/share/classfile/systemDictionary.cpp, line 231]
Event: 27.555 Thread 0x000002894c782000 Exception <a 'java/lang/ClassNotFoundException'{0x000000008582cc98}: com/android/build/gradle/internal/dsl/ApplicationBuildFeaturesImpl_DecoratedCustomizer> (0x000000008582cc98) thrown at [./src/hotspot/share/classfile/systemDictionary.cpp, line 231]
Event: 28.862 Thread 0x000002894c782000 Exception <a 'java/lang/ClassNotFoundException'{0x0000000084e61c20}: com/android/build/gradle/internal/api/ApkVariantOutputImpl_DecoratedBeanInfo> (0x0000000084e61c20) thrown at [./src/hotspot/share/classfile/systemDictionary.cpp, line 231]
Event: 28.863 Thread 0x000002894c782000 Exception <a 'java/lang/ClassNotFoundException'{0x0000000084e78408}: com/android/build/gradle/internal/api/ApkVariantOutputImplBeanInfo> (0x0000000084e78408) thrown at [./src/hotspot/share/classfile/systemDictionary.cpp, line 231]
Event: 28.863 Thread 0x000002894c782000 Exception <a 'java/lang/ClassNotFoundException'{0x0000000084e8f2e8}: com/android/build/gradle/internal/api/BaseVariantOutputImplBeanInfo> (0x0000000084e8f2e8) thrown at [./src/hotspot/share/classfile/systemDictionary.cpp, line 231]
Event: 28.863 Thread 0x000002894c782000 Exception <a 'java/lang/ClassNotFoundException'{0x0000000084ea6470}: com/android/build/gradle/internal/api/BaseVariantOutputImplCustomizer> (0x0000000084ea6470) thrown at [./src/hotspot/share/classfile/systemDictionary.cpp, line 231]
Event: 28.865 Thread 0x000002894c782000 Exception <a 'java/lang/ClassNotFoundException'{0x0000000084ecfa50}: com/android/build/gradle/internal/api/ApkVariantOutputImplCustomizer> (0x0000000084ecfa50) thrown at [./src/hotspot/share/classfile/systemDictionary.cpp, line 231]
Event: 28.866 Thread 0x000002894c782000 Exception <a 'java/lang/ClassNotFoundException'{0x0000000084ef5308}: com/android/build/gradle/internal/api/ApkVariantOutputImpl_DecoratedCustomizer> (0x0000000084ef5308) thrown at [./src/hotspot/share/classfile/systemDictionary.cpp, line 231]
Event: 28.911 Thread 0x000002894c782000 Exception <a 'java/lang/ClassNotFoundException'{0x0000000085b57b28}: com/android/build/gradle/internal/api/ReadOnlyBuildTypeBeanInfo> (0x0000000085b57b28) thrown at [./src/hotspot/share/classfile/systemDictionary.cpp, line 231]
Event: 28.911 Thread 0x000002894c782000 Exception <a 'java/lang/ClassNotFoundException'{0x0000000085b6dba0}: com/android/build/gradle/internal/api/ReadOnlyBaseConfigBeanInfo> (0x0000000085b6dba0) thrown at [./src/hotspot/share/classfile/systemDictionary.cpp, line 231]
Event: 28.911 Thread 0x000002894c782000 Exception <a 'java/lang/ClassNotFoundException'{0x0000000085b84350}: com/android/build/gradle/internal/api/ReadOnlyBaseConfigCustomizer> (0x0000000085b84350) thrown at [./src/hotspot/share/classfile/systemDictionary.cpp, line 231]
Event: 28.913 Thread 0x000002894c782000 Exception <a 'java/lang/ClassNotFoundException'{0x0000000085bab5e0}: com/android/build/gradle/internal/api/ReadOnlyBuildTypeCustomizer> (0x0000000085bab5e0) thrown at [./src/hotspot/share/classfile/systemDictionary.cpp, line 231]
Event: 29.305 Thread 0x000002894c782000 Exception <a 'java/lang/NoSuchMethodError'{0x0000000084e96040}: <clinit>> (0x0000000084e96040) thrown at [./src/hotspot/share/prims/jni.cpp, line 1362]
Event: 29.539 Thread 0x000002894c782000 Exception <a 'java/lang/NoSuchMethodError'{0x0000000085b09800}: 'java.lang.Object java.lang.invoke.DirectMethodHandle$Holder.invokeSpecial(java.lang.Object, java.lang.Object, java.lang.Object, int, int, java.lang.Object, java.lang.Object)'> (0x0000000085b09800) thrown at [./src/hotspot/share/interpreter/linkResolver.cpp, line 773]
Event: 29.539 Thread 0x000002894c782000 Exception <a 'java/lang/NoSuchMethodError'{0x0000000085b12968}: 'java.lang.Object java.lang.invoke.DirectMethodHandle$Holder.invokeStatic(java.lang.Object, java.lang.Object, java.lang.Object, int, int, java.lang.Object)'> (0x0000000085b12968) thrown at [./src/hotspot/share/interpreter/linkResolver.cpp, line 773]
Event: 29.540 Thread 0x000002894c782000 Exception <a 'java/lang/NoSuchMethodError'{0x0000000085b16688}: 'java.lang.Object java.lang.invoke.DirectMethodHandle$Holder.invokeSpecial(java.lang.Object, java.lang.Object, java.lang.Object, java.lang.Object, int, int, java.lang.Object)'> (0x0000000085b16688) thrown at [./src/hotspot/share/interpreter/linkResolver.cpp, line 773]
Event: 29.540 Thread 0x000002894c782000 Exception <a 'java/lang/NoSuchMethodError'{0x0000000085b19ba8}: 'java.lang.Object java.lang.invoke.Invokers$Holder.linkToTargetMethod(java.lang.Object, java.lang.Object, int, int, java.lang.Object, java.lang.Object)'> (0x0000000085b19ba8) thrown at [./src/hotspot/share/interpreter/linkResolver.cpp, line 773]
Event: 802.286 Thread 0x000002894ce95800 Exception <a 'java/lang/NoSuchMethodError'{0x00000000851a18f8}: <clinit>> (0x00000000851a18f8) thrown at [./src/hotspot/share/prims/jni.cpp, line 1362]
Event: 802.289 Thread 0x000002894ce95800 Exception <a 'java/lang/NoSuchMethodError'{0x00000000851c26b8}: <clinit>> (0x00000000851c26b8) thrown at [./src/hotspot/share/prims/jni.cpp, line 1362]

Events (20 events):
Event: 802.332 loading class org/gradle/api/internal/tasks/testing/operations/ExecuteTestBuildOperationType$Details done
Event: 802.333 Executing VM operation: RevokeBias
Event: 802.333 Executing VM operation: RevokeBias done
Event: 802.333 Executing VM operation: RevokeBias
Event: 802.333 Executing VM operation: RevokeBias done
Event: 802.334 loading class org/gradle/api/internal/tasks/compile/CompileJavaBuildOperationType$Result
Event: 802.334 loading class org/gradle/api/internal/tasks/compile/CompileJavaBuildOperationType$Result done
Event: 802.386 loading class org/gradle/api/internal/tasks/testing/operations/ExecuteTestBuildOperationType$Result
Event: 802.386 loading class org/gradle/api/internal/tasks/testing/operations/ExecuteTestBuildOperationType$Result done
Event: 802.398 loading class org/gradle/tooling/internal/provider/runner/BuildModelActionRunner$BuildResultAdapter
Event: 802.398 loading class org/gradle/tooling/internal/provider/runner/BuildModelActionRunner$BuildResultAdapter done
Event: 802.399 Executing VM operation: G1CollectForAllocation
Event: 802.405 Executing VM operation: G1CollectForAllocation done
Event: 802.406 loading class org/gradle/api/internal/GradleInternal
Event: 802.406 loading class org/gradle/api/internal/GradleInternal done
Event: 802.406 loading class org/gradle/api/Action
Event: 802.406 loading class org/gradle/api/Action done
Event: 802.407 Executing VM operation: RevokeBias
Event: 802.409 Executing VM operation: RevokeBias done
Event: 802.448 Executing VM operation: RevokeBias


Dynamic libraries:
0x00007ff767e40000 - 0x00007ff767e4a000 	C:\Program Files\Android\Android Studio\jre\bin\java.exe
0x00007ffff7e90000 - 0x00007ffff8085000 	C:\Windows\SYSTEM32\ntdll.dll
0x00007ffff7130000 - 0x00007ffff71ed000 	C:\Windows\System32\KERNEL32.DLL
0x00007ffff56d0000 - 0x00007ffff5999000 	C:\Windows\System32\KERNELBASE.dll
0x00007ffff5c20000 - 0x00007ffff5d20000 	C:\Windows\System32\ucrtbase.dll
0x00007ffff22c0000 - 0x00007ffff22d9000 	C:\Program Files\Android\Android Studio\jre\bin\jli.dll
0x00007ffff72d0000 - 0x00007ffff7470000 	C:\Windows\System32\USER32.dll
0x00007ffff59a0000 - 0x00007ffff59c2000 	C:\Windows\System32\win32u.dll
0x00007ffff60e0000 - 0x00007ffff610a000 	C:\Windows\System32\GDI32.dll
0x00007ffff55c0000 - 0x00007ffff56cb000 	C:\Windows\System32\gdi32full.dll
0x00007ffff5b30000 - 0x00007ffff5bcd000 	C:\Windows\System32\msvcp_win.dll
0x00007ffff4a50000 - 0x00007ffff4cea000 	C:\Windows\WinSxS\amd64_microsoft.windows.common-controls_6595b64144ccf1df_6.0.19041.1110_none_60b5254171f9507e\COMCTL32.dll
0x00007ffff7d50000 - 0x00007ffff7dee000 	C:\Windows\System32\msvcrt.dll
0x00007ffff22a0000 - 0x00007ffff22b7000 	C:\Program Files\Android\Android Studio\jre\bin\VCRUNTIME140.dll
0x00007ffff6c80000 - 0x00007ffff6cb0000 	C:\Windows\System32\IMM32.DLL
0x00007fffd5640000 - 0x00007fffd56dd000 	C:\Program Files\Android\Android Studio\jre\bin\msvcp140.dll
0x00007fffb4240000 - 0x00007fffb4cfc000 	C:\Program Files\Android\Android Studio\jre\bin\server\jvm.dll
0x00007ffff7080000 - 0x00007ffff712c000 	C:\Windows\System32\ADVAPI32.dll
0x00007ffff7a00000 - 0x00007ffff7a9b000 	C:\Windows\System32\sechost.dll
0x00007ffff62e0000 - 0x00007ffff640a000 	C:\Windows\System32\RPCRT4.dll
0x00007ffff7aa0000 - 0x00007ffff7aa8000 	C:\Windows\System32\PSAPI.DLL
0x00007fffd31a0000 - 0x00007fffd31a9000 	C:\Windows\SYSTEM32\WSOCK32.dll
0x00007ffff7010000 - 0x00007ffff707b000 	C:\Windows\System32\WS2_32.dll
0x00007fffc7710000 - 0x00007fffc7737000 	C:\Windows\SYSTEM32\WINMM.dll
0x00007fffeee50000 - 0x00007fffeee5a000 	C:\Windows\SYSTEM32\VERSION.dll
0x00007ffff2820000 - 0x00007ffff2832000 	C:\Windows\SYSTEM32\kernel.appcore.dll
0x00007fffcb920000 - 0x00007fffcb931000 	C:\Program Files\Android\Android Studio\jre\bin\verify.dll
0x00007ffff4ee0000 - 0x00007ffff50c4000 	C:\Windows\SYSTEM32\DBGHELP.DLL
0x00007ffff4eb0000 - 0x00007ffff4edc000 	C:\Windows\SYSTEM32\dbgcore.DLL
0x00007ffff5e00000 - 0x00007ffff5e83000 	C:\Windows\System32\bcryptPrimitives.dll
0x00007fffc6a00000 - 0x00007fffc6a29000 	C:\Program Files\Android\Android Studio\jre\bin\java.dll
0x00007fffea510000 - 0x00007fffea51b000 	C:\Program Files\Android\Android Studio\jre\bin\jimage.dll
0x00007fffcb130000 - 0x00007fffcb148000 	C:\Program Files\Android\Android Studio\jre\bin\zip.dll
0x00007ffff6540000 - 0x00007ffff6c7f000 	C:\Windows\System32\SHELL32.dll
0x00007ffff30a0000 - 0x00007ffff3830000 	C:\Windows\SYSTEM32\windows.storage.dll
0x00007ffff6cb0000 - 0x00007ffff7005000 	C:\Windows\System32\combase.dll
0x00007ffff47a0000 - 0x00007ffff47cc000 	C:\Windows\SYSTEM32\Wldp.dll
0x00007ffff78f0000 - 0x00007ffff799e000 	C:\Windows\System32\SHCORE.dll
0x00007ffff6080000 - 0x00007ffff60d5000 	C:\Windows\System32\shlwapi.dll
0x00007ffff5500000 - 0x00007ffff551f000 	C:\Windows\SYSTEM32\profapi.dll
0x00007fffc69e0000 - 0x00007fffc69fa000 	C:\Program Files\Android\Android Studio\jre\bin\net.dll
0x00007fffe36f0000 - 0x00007fffe37f8000 	C:\Windows\SYSTEM32\WINHTTP.dll
0x00007ffff4610000 - 0x00007ffff467a000 	C:\Windows\system32\mswsock.dll
0x00007fffc69c0000 - 0x00007fffc69d4000 	C:\Program Files\Android\Android Studio\jre\bin\nio.dll
0x00007ffff2310000 - 0x00007ffff2337000 	C:\Users\User\.gradle\native\fdc75f09e3144964f2cf3f50f0aa648679c211496f362492102eb8c894070792\windows-amd64\native-platform.dll
0x00007fffd5290000 - 0x00007fffd5426000 	C:\Users\User\.gradle\native\12488b8bf47d2d4c9fbf2f6322a914ad602e24e48041cd04a747c6da556b65c4\windows-amd64\native-platform-file-events.dll
0x00007fffcd8b0000 - 0x00007fffcd8ba000 	C:\Program Files\Android\Android Studio\jre\bin\management.dll
0x00007fffcd380000 - 0x00007fffcd38c000 	C:\Program Files\Android\Android Studio\jre\bin\management_ext.dll
0x00007ffff5270000 - 0x00007ffff5288000 	C:\Windows\SYSTEM32\CRYPTSP.dll
0x00007ffff3fd0000 - 0x00007ffff4004000 	C:\Windows\system32\rsaenh.dll
0x00007ffff5dd0000 - 0x00007ffff5df7000 	C:\Windows\System32\bcrypt.dll
0x00007ffff54c0000 - 0x00007ffff54ee000 	C:\Windows\SYSTEM32\USERENV.dll
0x00007ffff4850000 - 0x00007ffff485c000 	C:\Windows\SYSTEM32\CRYPTBASE.dll
0x00007ffff4320000 - 0x00007ffff435b000 	C:\Windows\SYSTEM32\IPHLPAPI.DLL
0x00007ffff7ac0000 - 0x00007ffff7ac8000 	C:\Windows\System32\NSI.dll
0x00007fffedbf0000 - 0x00007fffedc07000 	C:\Windows\SYSTEM32\dhcpcsvc6.DLL
0x00007fffee2d0000 - 0x00007fffee2ed000 	C:\Windows\SYSTEM32\dhcpcsvc.DLL
0x00007ffff4360000 - 0x00007ffff442c000 	C:\Windows\SYSTEM32\DNSAPI.dll
0x00007fffee5c0000 - 0x00007fffee5cb000 	C:\Windows\SYSTEM32\WINNSI.DLL

dbghelp: loaded successfully - version: 4.0.5 - missing functions: none
symbol engine: initialized successfully - sym options: 0x614 - pdb path: .;C:\Program Files\Android\Android Studio\jre\bin;C:\Windows\SYSTEM32;C:\Windows\WinSxS\amd64_microsoft.windows.common-controls_6595b64144ccf1df_6.0.19041.1110_none_60b5254171f9507e;C:\Program Files\Android\Android Studio\jre\bin\server;C:\Users\User\.gradle\native\fdc75f09e3144964f2cf3f50f0aa648679c211496f362492102eb8c894070792\windows-amd64;C:\Users\User\.gradle\native\12488b8bf47d2d4c9fbf2f6322a914ad602e24e48041cd04a747c6da556b65c4\windows-amd64

VM Arguments:
jvm_args: --add-opens=java.base/java.util=ALL-UNNAMED --add-opens=java.base/java.lang=ALL-UNNAMED --add-opens=java.base/java.lang.invoke=ALL-UNNAMED --add-opens=java.prefs/java.util.prefs=ALL-UNNAMED -Xmx2048m -Dfile.encoding=UTF-8 -Duser.country=RU -Duser.language=ru -Duser.variant 
java_command: org.gradle.launcher.daemon.bootstrap.GradleDaemon 6.7.1
java_class_path (initial): C:\Users\User\.gradle\wrapper\dists\gradle-6.7.1-bin\bwlcbys1h7rz3272sye1xwiv6\gradle-6.7.1\lib\gradle-launcher-6.7.1.jar
Launcher Type: SUN_STANDARD

[Global flags]
     intx CICompilerCount                          = 3                                         {product} {ergonomic}
     uint ConcGCThreads                            = 1                                         {product} {ergonomic}
     uint G1ConcRefinementThreads                  = 4                                         {product} {ergonomic}
   size_t G1HeapRegionSize                         = 1048576                                   {product} {ergonomic}
    uintx GCDrainStackTargetSize                   = 64                                        {product} {ergonomic}
   size_t InitialHeapSize                          = 96468992                                  {product} {ergonomic}
   size_t MarkStackSize                            = 4194304                                   {product} {ergonomic}
   size_t MaxHeapSize                              = 2147483648                                {product} {command line}
   size_t MaxNewSize                               = 1287651328                                {product} {ergonomic}
   size_t MinHeapDeltaBytes                        = 1048576                                   {product} {ergonomic}
    uintx NonNMethodCodeHeapSize                   = 5830732                                {pd product} {ergonomic}
    uintx NonProfiledCodeHeapSize                  = 122913754                              {pd product} {ergonomic}
    uintx ProfiledCodeHeapSize                     = 122913754                              {pd product} {ergonomic}
    uintx ReservedCodeCacheSize                    = 251658240                              {pd product} {ergonomic}
     bool SegmentedCodeCache                       = true                                      {product} {ergonomic}
     bool UseCompressedClassPointers               = true                                 {lp64_product} {ergonomic}
     bool UseCompressedOops                        = true                                 {lp64_product} {ergonomic}
     bool UseG1GC                                  = true                                      {product} {ergonomic}
     bool UseLargePagesIndividualAllocation        = false                                  {pd product} {ergonomic}

Logging:
Log output configuration:
 #0: stdout all=warning uptime,level,tags
 #1: stderr all=off uptime,level,tags

Environment Variables:
PATH=C:\Program Files (x86)\Intel\Intel(R) Management Engine Components\iCLS\;C:\Program Files\Intel\Intel(R) Management Engine Components\iCLS\;C:\Windows\system32;C:\Windows;C:\Windows\System32\Wbem;C:\Windows\System32\WindowsPowerShell\v1.0\;C:\Windows\System32\OpenSSH\;C:\Program Files (x86)\Intel\Intel(R) Management Engine Components\DAL;C:\Program Files\Intel\Intel(R) Management Engine Components\DAL;C:\Program Files (x86)\Intel\Intel(R) Management Engine Components\IPT;C:\Program Files\Intel\Intel(R) Management Engine Components\IPT;C:\Program Files\Git\cmd;C:\Users\User\AppData\Local\Microsoft\WindowsApps;
USERNAME=User
OS=Windows_NT
PROCESSOR_IDENTIFIER=Intel64 Family 6 Model 158 Stepping 10, GenuineIntel



---------------  S Y S T E M  ---------------

OS: Windows 10 , 64 bit Build 19041 (10.0.19041.1151)
OS uptime: 0 days 0:14 hours

CPU:total 4 (initial active 4) (2 cores per cpu, 2 threads per core) family 6 model 158 stepping 10, cmov, cx8, fxsr, mmx, sse, sse2, sse3, ssse3, sse4.1, sse4.2, popcnt, aes, clmul, erms, 3dnowpref, lzcnt, ht, tsc, tscinvbit

Memory: 4k page, system-wide physical 5853M (1345M free)
TotalPageFile size 8157M (AvailPageFile size 3472M)
current process WorkingSet (physical memory assigned to process): 276M, peak: 300M
current process commit charge ("private bytes"): 313M, peak: 336M

vm_info: OpenJDK 64-Bit Server VM (11.0.8+10-b944.6842174) for windows-amd64 JRE (11.0.8+10-b944.6842174), built on Sep 19 2020 01:11:42 by "builder" with MS VC++ 14.0 (VS2015)

END.
